[0.192s] DEBUG:colcon:Command line arguments: ['/usr/bin/colcon', 'build']
[0.192s] DEBUG:colcon:Parsed command line arguments: Namespace(log_base=None, log_level=None, verb_name='build', build_base='build', install_base='install', merge_install=False, symlink_install=False, test_result_base=None, continue_on_error=False, executor='parallel', parallel_workers=12, event_handlers=None, ignore_user_meta=False, metas=['./colcon.meta'], base_paths=['.'], packages_ignore=None, packages_ignore_regex=None, paths=None, packages_up_to=None, packages_up_to_regex=None, packages_above=None, packages_above_and_dependencies=None, packages_above_depth=None, packages_select_by_dep=None, packages_skip_by_dep=None, packages_skip_up_to=None, packages_select_build_failed=False, packages_skip_build_finished=False, packages_select_test_failures=False, packages_skip_test_passed=False, packages_select=None, packages_skip=None, packages_select_regex=None, packages_skip_regex=None, packages_start=None, packages_end=None, allow_overriding=[], cmake_args=None, cmake_target=None, cmake_target_skip_unavailable=False, cmake_clean_cache=False, cmake_clean_first=False, cmake_force_configure=False, ament_cmake_args=None, catkin_cmake_args=None, catkin_skip_building_tests=False, mixin_files=None, mixin=None, verb_parser=<colcon_mixin.mixin.mixin_argument.MixinArgumentDecorator object at 0x7070f5e76d40>, verb_extension=<colcon_core.verb.build.BuildVerb object at 0x7070f5e76350>, main=<bound method BuildVerb.main of <colcon_core.verb.build.BuildVerb object at 0x7070f5e76350>>, mixin_verb=('build',))
[0.436s] Level 1:colcon.colcon_core.package_discovery:discover_packages(colcon_meta) check parameters
[0.436s] Level 1:colcon.colcon_core.package_discovery:discover_packages(recursive) check parameters
[0.436s] Level 1:colcon.colcon_core.package_discovery:discover_packages(ignore) check parameters
[0.436s] Level 1:colcon.colcon_core.package_discovery:discover_packages(path) check parameters
[0.436s] Level 1:colcon.colcon_core.package_discovery:discover_packages(colcon_meta) discover
[0.436s] Level 1:colcon.colcon_core.package_discovery:discover_packages(recursive) discover
[0.437s] INFO:colcon.colcon_core.package_discovery:Crawling recursively for packages in '/home/ammar/Robotics/Graduation_Project/ACSAR_ws'
[0.437s] Level 1:colcon.colcon_core.package_identification:_identify(.) by extensions ['ignore', 'ignore_ament_install']
[0.437s] Level 1:colcon.colcon_core.package_identification:_identify(.) by extension 'ignore'
[0.437s] Level 1:colcon.colcon_core.package_identification:_identify(.) by extension 'ignore_ament_install'
[0.437s] Level 1:colcon.colcon_core.package_identification:_identify(.) by extensions ['colcon_pkg']
[0.437s] Level 1:colcon.colcon_core.package_identification:_identify(.) by extension 'colcon_pkg'
[0.437s] Level 1:colcon.colcon_core.package_identification:_identify(.) by extensions ['colcon_meta']
[0.437s] Level 1:colcon.colcon_core.package_identification:_identify(.) by extension 'colcon_meta'
[0.437s] Level 1:colcon.colcon_core.package_identification:_identify(.) by extensions ['ros']
[0.437s] Level 1:colcon.colcon_core.package_identification:_identify(.) by extension 'ros'
[0.459s] Level 1:colcon.colcon_core.package_identification:_identify(.) by extensions ['cmake', 'python']
[0.459s] Level 1:colcon.colcon_core.package_identification:_identify(.) by extension 'cmake'
[0.459s] Level 1:colcon.colcon_core.package_identification:_identify(.) by extension 'python'
[0.460s] Level 1:colcon.colcon_core.package_identification:_identify(.) by extensions ['python_setup_py']
[0.460s] Level 1:colcon.colcon_core.package_identification:_identify(.) by extension 'python_setup_py'
[0.460s] Level 1:colcon.colcon_core.package_identification:_identify(build) by extensions ['ignore', 'ignore_ament_install']
[0.460s] Level 1:colcon.colcon_core.package_identification:_identify(build) by extension 'ignore'
[0.460s] Level 1:colcon.colcon_core.package_identification:_identify(build) ignored
[0.460s] Level 1:colcon.colcon_core.package_identification:_identify(customer_recordings) by extensions ['ignore', 'ignore_ament_install']
[0.460s] Level 1:colcon.colcon_core.package_identification:_identify(customer_recordings) by extension 'ignore'
[0.460s] Level 1:colcon.colcon_core.package_identification:_identify(customer_recordings) by extension 'ignore_ament_install'
[0.460s] Level 1:colcon.colcon_core.package_identification:_identify(customer_recordings) by extensions ['colcon_pkg']
[0.460s] Level 1:colcon.colcon_core.package_identification:_identify(customer_recordings) by extension 'colcon_pkg'
[0.461s] Level 1:colcon.colcon_core.package_identification:_identify(customer_recordings) by extensions ['colcon_meta']
[0.461s] Level 1:colcon.colcon_core.package_identification:_identify(customer_recordings) by extension 'colcon_meta'
[0.461s] Level 1:colcon.colcon_core.package_identification:_identify(customer_recordings) by extensions ['ros']
[0.461s] Level 1:colcon.colcon_core.package_identification:_identify(customer_recordings) by extension 'ros'
[0.461s] Level 1:colcon.colcon_core.package_identification:_identify(customer_recordings) by extensions ['cmake', 'python']
[0.461s] Level 1:colcon.colcon_core.package_identification:_identify(customer_recordings) by extension 'cmake'
[0.461s] Level 1:colcon.colcon_core.package_identification:_identify(customer_recordings) by extension 'python'
[0.461s] Level 1:colcon.colcon_core.package_identification:_identify(customer_recordings) by extensions ['python_setup_py']
[0.461s] Level 1:colcon.colcon_core.package_identification:_identify(customer_recordings) by extension 'python_setup_py'
[0.461s] Level 1:colcon.colcon_core.package_identification:_identify(install) by extensions ['ignore', 'ignore_ament_install']
[0.461s] Level 1:colcon.colcon_core.package_identification:_identify(install) by extension 'ignore'
[0.461s] Level 1:colcon.colcon_core.package_identification:_identify(install) ignored
[0.461s] Level 1:colcon.colcon_core.package_identification:_identify(log) by extensions ['ignore', 'ignore_ament_install']
[0.462s] Level 1:colcon.colcon_core.package_identification:_identify(log) by extension 'ignore'
[0.462s] Level 1:colcon.colcon_core.package_identification:_identify(log) ignored
[0.462s] Level 1:colcon.colcon_core.package_identification:_identify(models) by extensions ['ignore', 'ignore_ament_install']
[0.462s] Level 1:colcon.colcon_core.package_identification:_identify(models) by extension 'ignore'
[0.462s] Level 1:colcon.colcon_core.package_identification:_identify(models) by extension 'ignore_ament_install'
[0.462s] Level 1:colcon.colcon_core.package_identification:_identify(models) by extensions ['colcon_pkg']
[0.462s] Level 1:colcon.colcon_core.package_identification:_identify(models) by extension 'colcon_pkg'
[0.462s] Level 1:colcon.colcon_core.package_identification:_identify(models) by extensions ['colcon_meta']
[0.462s] Level 1:colcon.colcon_core.package_identification:_identify(models) by extension 'colcon_meta'
[0.462s] Level 1:colcon.colcon_core.package_identification:_identify(models) by extensions ['ros']
[0.462s] Level 1:colcon.colcon_core.package_identification:_identify(models) by extension 'ros'
[0.462s] Level 1:colcon.colcon_core.package_identification:_identify(models) by extensions ['cmake', 'python']
[0.462s] Level 1:colcon.colcon_core.package_identification:_identify(models) by extension 'cmake'
[0.462s] Level 1:colcon.colcon_core.package_identification:_identify(models) by extension 'python'
[0.462s] Level 1:colcon.colcon_core.package_identification:_identify(models) by extensions ['python_setup_py']
[0.462s] Level 1:colcon.colcon_core.package_identification:_identify(models) by extension 'python_setup_py'
[0.462s] Level 1:colcon.colcon_core.package_identification:_identify(node_modules) by extensions ['ignore', 'ignore_ament_install']
[0.463s] Level 1:colcon.colcon_core.package_identification:_identify(node_modules) by extension 'ignore'
[0.463s] Level 1:colcon.colcon_core.package_identification:_identify(node_modules) by extension 'ignore_ament_install'
[0.463s] Level 1:colcon.colcon_core.package_identification:_identify(node_modules) by extensions ['colcon_pkg']
[0.463s] Level 1:colcon.colcon_core.package_identification:_identify(node_modules) by extension 'colcon_pkg'
[0.463s] Level 1:colcon.colcon_core.package_identification:_identify(node_modules) by extensions ['colcon_meta']
[0.463s] Level 1:colcon.colcon_core.package_identification:_identify(node_modules) by extension 'colcon_meta'
[0.463s] Level 1:colcon.colcon_core.package_identification:_identify(node_modules) by extensions ['ros']
[0.463s] Level 1:colcon.colcon_core.package_identification:_identify(node_modules) by extension 'ros'
[0.463s] Level 1:colcon.colcon_core.package_identification:_identify(node_modules) by extensions ['cmake', 'python']
[0.463s] Level 1:colcon.colcon_core.package_identification:_identify(node_modules) by extension 'cmake'
[0.463s] Level 1:colcon.colcon_core.package_identification:_identify(node_modules) by extension 'python'
[0.463s] Level 1:colcon.colcon_core.package_identification:_identify(node_modules) by extensions ['python_setup_py']
[0.463s] Level 1:colcon.colcon_core.package_identification:_identify(node_modules) by extension 'python_setup_py'
[0.463s] Level 1:colcon.colcon_core.package_identification:_identify(node_modules/ws) by extensions ['ignore', 'ignore_ament_install']
[0.463s] Level 1:colcon.colcon_core.package_identification:_identify(node_modules/ws) by extension 'ignore'
[0.463s] Level 1:colcon.colcon_core.package_identification:_identify(node_modules/ws) by extension 'ignore_ament_install'
[0.463s] Level 1:colcon.colcon_core.package_identification:_identify(node_modules/ws) by extensions ['colcon_pkg']
[0.463s] Level 1:colcon.colcon_core.package_identification:_identify(node_modules/ws) by extension 'colcon_pkg'
[0.463s] Level 1:colcon.colcon_core.package_identification:_identify(node_modules/ws) by extensions ['colcon_meta']
[0.463s] Level 1:colcon.colcon_core.package_identification:_identify(node_modules/ws) by extension 'colcon_meta'
[0.464s] Level 1:colcon.colcon_core.package_identification:_identify(node_modules/ws) by extensions ['ros']
[0.464s] Level 1:colcon.colcon_core.package_identification:_identify(node_modules/ws) by extension 'ros'
[0.464s] Level 1:colcon.colcon_core.package_identification:_identify(node_modules/ws) by extensions ['cmake', 'python']
[0.464s] Level 1:colcon.colcon_core.package_identification:_identify(node_modules/ws) by extension 'cmake'
[0.464s] Level 1:colcon.colcon_core.package_identification:_identify(node_modules/ws) by extension 'python'
[0.464s] Level 1:colcon.colcon_core.package_identification:_identify(node_modules/ws) by extensions ['python_setup_py']
[0.464s] Level 1:colcon.colcon_core.package_identification:_identify(node_modules/ws) by extension 'python_setup_py'
[0.464s] Level 1:colcon.colcon_core.package_identification:_identify(node_modules/ws/lib) by extensions ['ignore', 'ignore_ament_install']
[0.464s] Level 1:colcon.colcon_core.package_identification:_identify(node_modules/ws/lib) by extension 'ignore'
[0.464s] Level 1:colcon.colcon_core.package_identification:_identify(node_modules/ws/lib) by extension 'ignore_ament_install'
[0.464s] Level 1:colcon.colcon_core.package_identification:_identify(node_modules/ws/lib) by extensions ['colcon_pkg']
[0.464s] Level 1:colcon.colcon_core.package_identification:_identify(node_modules/ws/lib) by extension 'colcon_pkg'
[0.464s] Level 1:colcon.colcon_core.package_identification:_identify(node_modules/ws/lib) by extensions ['colcon_meta']
[0.464s] Level 1:colcon.colcon_core.package_identification:_identify(node_modules/ws/lib) by extension 'colcon_meta'
[0.464s] Level 1:colcon.colcon_core.package_identification:_identify(node_modules/ws/lib) by extensions ['ros']
[0.464s] Level 1:colcon.colcon_core.package_identification:_identify(node_modules/ws/lib) by extension 'ros'
[0.464s] Level 1:colcon.colcon_core.package_identification:_identify(node_modules/ws/lib) by extensions ['cmake', 'python']
[0.464s] Level 1:colcon.colcon_core.package_identification:_identify(node_modules/ws/lib) by extension 'cmake'
[0.464s] Level 1:colcon.colcon_core.package_identification:_identify(node_modules/ws/lib) by extension 'python'
[0.464s] Level 1:colcon.colcon_core.package_identification:_identify(node_modules/ws/lib) by extensions ['python_setup_py']
[0.465s] Level 1:colcon.colcon_core.package_identification:_identify(node_modules/ws/lib) by extension 'python_setup_py'
[0.465s] Level 1:colcon.colcon_core.package_identification:_identify(src) by extensions ['ignore', 'ignore_ament_install']
[0.465s] Level 1:colcon.colcon_core.package_identification:_identify(src) by extension 'ignore'
[0.465s] Level 1:colcon.colcon_core.package_identification:_identify(src) by extension 'ignore_ament_install'
[0.465s] Level 1:colcon.colcon_core.package_identification:_identify(src) by extensions ['colcon_pkg']
[0.465s] Level 1:colcon.colcon_core.package_identification:_identify(src) by extension 'colcon_pkg'
[0.465s] Level 1:colcon.colcon_core.package_identification:_identify(src) by extensions ['colcon_meta']
[0.465s] Level 1:colcon.colcon_core.package_identification:_identify(src) by extension 'colcon_meta'
[0.465s] Level 1:colcon.colcon_core.package_identification:_identify(src) by extensions ['ros']
[0.465s] Level 1:colcon.colcon_core.package_identification:_identify(src) by extension 'ros'
[0.465s] Level 1:colcon.colcon_core.package_identification:_identify(src) by extensions ['cmake', 'python']
[0.465s] Level 1:colcon.colcon_core.package_identification:_identify(src) by extension 'cmake'
[0.465s] Level 1:colcon.colcon_core.package_identification:_identify(src) by extension 'python'
[0.465s] Level 1:colcon.colcon_core.package_identification:_identify(src) by extensions ['python_setup_py']
[0.465s] Level 1:colcon.colcon_core.package_identification:_identify(src) by extension 'python_setup_py'
[0.465s] Level 1:colcon.colcon_core.package_identification:_identify(src/build) by extensions ['ignore', 'ignore_ament_install']
[0.466s] Level 1:colcon.colcon_core.package_identification:_identify(src/build) by extension 'ignore'
[0.466s] Level 1:colcon.colcon_core.package_identification:_identify(src/build) ignored
[0.466s] Level 1:colcon.colcon_core.package_identification:_identify(src/install) by extensions ['ignore', 'ignore_ament_install']
[0.466s] Level 1:colcon.colcon_core.package_identification:_identify(src/install) by extension 'ignore'
[0.466s] Level 1:colcon.colcon_core.package_identification:_identify(src/install) ignored
[0.466s] Level 1:colcon.colcon_core.package_identification:_identify(src/log) by extensions ['ignore', 'ignore_ament_install']
[0.466s] Level 1:colcon.colcon_core.package_identification:_identify(src/log) by extension 'ignore'
[0.466s] Level 1:colcon.colcon_core.package_identification:_identify(src/log) ignored
[0.466s] Level 1:colcon.colcon_core.package_identification:_identify(src/robot_control) by extensions ['ignore', 'ignore_ament_install']
[0.466s] Level 1:colcon.colcon_core.package_identification:_identify(src/robot_control) by extension 'ignore'
[0.466s] Level 1:colcon.colcon_core.package_identification:_identify(src/robot_control) by extension 'ignore_ament_install'
[0.467s] Level 1:colcon.colcon_core.package_identification:_identify(src/robot_control) by extensions ['colcon_pkg']
[0.467s] Level 1:colcon.colcon_core.package_identification:_identify(src/robot_control) by extension 'colcon_pkg'
[0.467s] Level 1:colcon.colcon_core.package_identification:_identify(src/robot_control) by extensions ['colcon_meta']
[0.467s] Level 1:colcon.colcon_core.package_identification:_identify(src/robot_control) by extension 'colcon_meta'
[0.467s] Level 1:colcon.colcon_core.package_identification:_identify(src/robot_control) by extensions ['ros']
[0.467s] Level 1:colcon.colcon_core.package_identification:_identify(src/robot_control) by extension 'ros'
[0.472s] DEBUG:colcon.colcon_core.package_identification:Package 'src/robot_control' with type 'ros.ament_cmake' and name 'robot_control'
[0.472s] Level 1:colcon.colcon_core.package_identification:_identify(src/robot_model) by extensions ['ignore', 'ignore_ament_install']
[0.472s] Level 1:colcon.colcon_core.package_identification:_identify(src/robot_model) by extension 'ignore'
[0.472s] Level 1:colcon.colcon_core.package_identification:_identify(src/robot_model) by extension 'ignore_ament_install'
[0.472s] Level 1:colcon.colcon_core.package_identification:_identify(src/robot_model) by extensions ['colcon_pkg']
[0.472s] Level 1:colcon.colcon_core.package_identification:_identify(src/robot_model) by extension 'colcon_pkg'
[0.472s] Level 1:colcon.colcon_core.package_identification:_identify(src/robot_model) by extensions ['colcon_meta']
[0.472s] Level 1:colcon.colcon_core.package_identification:_identify(src/robot_model) by extension 'colcon_meta'
[0.472s] Level 1:colcon.colcon_core.package_identification:_identify(src/robot_model) by extensions ['ros']
[0.472s] Level 1:colcon.colcon_core.package_identification:_identify(src/robot_model) by extension 'ros'
[0.473s] DEBUG:colcon.colcon_core.package_identification:Package 'src/robot_model' with type 'ros.ament_cmake' and name 'robot_model'
[0.473s] Level 1:colcon.colcon_core.package_identification:_identify(src/robot_nav) by extensions ['ignore', 'ignore_ament_install']
[0.473s] Level 1:colcon.colcon_core.package_identification:_identify(src/robot_nav) by extension 'ignore'
[0.473s] Level 1:colcon.colcon_core.package_identification:_identify(src/robot_nav) by extension 'ignore_ament_install'
[0.473s] Level 1:colcon.colcon_core.package_identification:_identify(src/robot_nav) by extensions ['colcon_pkg']
[0.473s] Level 1:colcon.colcon_core.package_identification:_identify(src/robot_nav) by extension 'colcon_pkg'
[0.473s] Level 1:colcon.colcon_core.package_identification:_identify(src/robot_nav) by extensions ['colcon_meta']
[0.474s] Level 1:colcon.colcon_core.package_identification:_identify(src/robot_nav) by extension 'colcon_meta'
[0.474s] Level 1:colcon.colcon_core.package_identification:_identify(src/robot_nav) by extensions ['ros']
[0.474s] Level 1:colcon.colcon_core.package_identification:_identify(src/robot_nav) by extension 'ros'
[0.476s] DEBUG:colcon.colcon_core.package_identification:Package 'src/robot_nav' with type 'ros.ament_cmake' and name 'robot_nav'
[0.476s] Level 1:colcon.colcon_core.package_identification:_identify(src/robot_perception) by extensions ['ignore', 'ignore_ament_install']
[0.476s] Level 1:colcon.colcon_core.package_identification:_identify(src/robot_perception) by extension 'ignore'
[0.476s] Level 1:colcon.colcon_core.package_identification:_identify(src/robot_perception) by extension 'ignore_ament_install'
[0.476s] Level 1:colcon.colcon_core.package_identification:_identify(src/robot_perception) by extensions ['colcon_pkg']
[0.476s] Level 1:colcon.colcon_core.package_identification:_identify(src/robot_perception) by extension 'colcon_pkg'
[0.476s] Level 1:colcon.colcon_core.package_identification:_identify(src/robot_perception) by extensions ['colcon_meta']
[0.476s] Level 1:colcon.colcon_core.package_identification:_identify(src/robot_perception) by extension 'colcon_meta'
[0.477s] Level 1:colcon.colcon_core.package_identification:_identify(src/robot_perception) by extensions ['ros']
[0.477s] Level 1:colcon.colcon_core.package_identification:_identify(src/robot_perception) by extension 'ros'
[0.478s] DEBUG:colcon.colcon_core.package_identification:Package 'src/robot_perception' with type 'ros.ament_cmake' and name 'robot_perception'
[0.478s] Level 1:colcon.colcon_core.package_identification:_identify(src/rplidar_ros2) by extensions ['ignore', 'ignore_ament_install']
[0.478s] Level 1:colcon.colcon_core.package_identification:_identify(src/rplidar_ros2) by extension 'ignore'
[0.478s] Level 1:colcon.colcon_core.package_identification:_identify(src/rplidar_ros2) by extension 'ignore_ament_install'
[0.478s] Level 1:colcon.colcon_core.package_identification:_identify(src/rplidar_ros2) by extensions ['colcon_pkg']
[0.478s] Level 1:colcon.colcon_core.package_identification:_identify(src/rplidar_ros2) by extension 'colcon_pkg'
[0.478s] Level 1:colcon.colcon_core.package_identification:_identify(src/rplidar_ros2) by extensions ['colcon_meta']
[0.478s] Level 1:colcon.colcon_core.package_identification:_identify(src/rplidar_ros2) by extension 'colcon_meta'
[0.478s] Level 1:colcon.colcon_core.package_identification:_identify(src/rplidar_ros2) by extensions ['ros']
[0.478s] Level 1:colcon.colcon_core.package_identification:_identify(src/rplidar_ros2) by extension 'ros'
[0.479s] DEBUG:colcon.colcon_core.package_identification:Package 'src/rplidar_ros2' with type 'ros.ament_cmake' and name 'rplidar_ros'
[0.479s] Level 1:colcon.colcon_core.package_identification:_identify(src/service_robot_localization) by extensions ['ignore', 'ignore_ament_install']
[0.479s] Level 1:colcon.colcon_core.package_identification:_identify(src/service_robot_localization) by extension 'ignore'
[0.479s] Level 1:colcon.colcon_core.package_identification:_identify(src/service_robot_localization) by extension 'ignore_ament_install'
[0.480s] Level 1:colcon.colcon_core.package_identification:_identify(src/service_robot_localization) by extensions ['colcon_pkg']
[0.480s] Level 1:colcon.colcon_core.package_identification:_identify(src/service_robot_localization) by extension 'colcon_pkg'
[0.480s] Level 1:colcon.colcon_core.package_identification:_identify(src/service_robot_localization) by extensions ['colcon_meta']
[0.480s] Level 1:colcon.colcon_core.package_identification:_identify(src/service_robot_localization) by extension 'colcon_meta'
[0.480s] Level 1:colcon.colcon_core.package_identification:_identify(src/service_robot_localization) by extensions ['ros']
[0.480s] Level 1:colcon.colcon_core.package_identification:_identify(src/service_robot_localization) by extension 'ros'
[0.481s] DEBUG:colcon.colcon_core.package_identification:Package 'src/service_robot_localization' with type 'ros.ament_cmake' and name 'service_robot_localization'
[0.481s] Level 1:colcon.colcon_core.package_identification:_identify(vosk-model-small-en-us) by extensions ['ignore', 'ignore_ament_install']
[0.481s] Level 1:colcon.colcon_core.package_identification:_identify(vosk-model-small-en-us) by extension 'ignore'
[0.481s] Level 1:colcon.colcon_core.package_identification:_identify(vosk-model-small-en-us) by extension 'ignore_ament_install'
[0.481s] Level 1:colcon.colcon_core.package_identification:_identify(vosk-model-small-en-us) by extensions ['colcon_pkg']
[0.481s] Level 1:colcon.colcon_core.package_identification:_identify(vosk-model-small-en-us) by extension 'colcon_pkg'
[0.481s] Level 1:colcon.colcon_core.package_identification:_identify(vosk-model-small-en-us) by extensions ['colcon_meta']
[0.481s] Level 1:colcon.colcon_core.package_identification:_identify(vosk-model-small-en-us) by extension 'colcon_meta'
[0.481s] Level 1:colcon.colcon_core.package_identification:_identify(vosk-model-small-en-us) by extensions ['ros']
[0.481s] Level 1:colcon.colcon_core.package_identification:_identify(vosk-model-small-en-us) by extension 'ros'
[0.481s] Level 1:colcon.colcon_core.package_identification:_identify(vosk-model-small-en-us) by extensions ['cmake', 'python']
[0.481s] Level 1:colcon.colcon_core.package_identification:_identify(vosk-model-small-en-us) by extension 'cmake'
[0.481s] Level 1:colcon.colcon_core.package_identification:_identify(vosk-model-small-en-us) by extension 'python'
[0.481s] Level 1:colcon.colcon_core.package_identification:_identify(vosk-model-small-en-us) by extensions ['python_setup_py']
[0.481s] Level 1:colcon.colcon_core.package_identification:_identify(vosk-model-small-en-us) by extension 'python_setup_py'
[0.482s] Level 1:colcon.colcon_core.package_identification:_identify(vosk-model-small-en-us/am) by extensions ['ignore', 'ignore_ament_install']
[0.482s] Level 1:colcon.colcon_core.package_identification:_identify(vosk-model-small-en-us/am) by extension 'ignore'
[0.482s] Level 1:colcon.colcon_core.package_identification:_identify(vosk-model-small-en-us/am) by extension 'ignore_ament_install'
[0.482s] Level 1:colcon.colcon_core.package_identification:_identify(vosk-model-small-en-us/am) by extensions ['colcon_pkg']
[0.482s] Level 1:colcon.colcon_core.package_identification:_identify(vosk-model-small-en-us/am) by extension 'colcon_pkg'
[0.482s] Level 1:colcon.colcon_core.package_identification:_identify(vosk-model-small-en-us/am) by extensions ['colcon_meta']
[0.482s] Level 1:colcon.colcon_core.package_identification:_identify(vosk-model-small-en-us/am) by extension 'colcon_meta'
[0.482s] Level 1:colcon.colcon_core.package_identification:_identify(vosk-model-small-en-us/am) by extensions ['ros']
[0.482s] Level 1:colcon.colcon_core.package_identification:_identify(vosk-model-small-en-us/am) by extension 'ros'
[0.482s] Level 1:colcon.colcon_core.package_identification:_identify(vosk-model-small-en-us/am) by extensions ['cmake', 'python']
[0.482s] Level 1:colcon.colcon_core.package_identification:_identify(vosk-model-small-en-us/am) by extension 'cmake'
[0.482s] Level 1:colcon.colcon_core.package_identification:_identify(vosk-model-small-en-us/am) by extension 'python'
[0.482s] Level 1:colcon.colcon_core.package_identification:_identify(vosk-model-small-en-us/am) by extensions ['python_setup_py']
[0.482s] Level 1:colcon.colcon_core.package_identification:_identify(vosk-model-small-en-us/am) by extension 'python_setup_py'
[0.483s] Level 1:colcon.colcon_core.package_identification:_identify(vosk-model-small-en-us/conf) by extensions ['ignore', 'ignore_ament_install']
[0.483s] Level 1:colcon.colcon_core.package_identification:_identify(vosk-model-small-en-us/conf) by extension 'ignore'
[0.483s] Level 1:colcon.colcon_core.package_identification:_identify(vosk-model-small-en-us/conf) by extension 'ignore_ament_install'
[0.483s] Level 1:colcon.colcon_core.package_identification:_identify(vosk-model-small-en-us/conf) by extensions ['colcon_pkg']
[0.483s] Level 1:colcon.colcon_core.package_identification:_identify(vosk-model-small-en-us/conf) by extension 'colcon_pkg'
[0.483s] Level 1:colcon.colcon_core.package_identification:_identify(vosk-model-small-en-us/conf) by extensions ['colcon_meta']
[0.483s] Level 1:colcon.colcon_core.package_identification:_identify(vosk-model-small-en-us/conf) by extension 'colcon_meta'
[0.483s] Level 1:colcon.colcon_core.package_identification:_identify(vosk-model-small-en-us/conf) by extensions ['ros']
[0.483s] Level 1:colcon.colcon_core.package_identification:_identify(vosk-model-small-en-us/conf) by extension 'ros'
[0.483s] Level 1:colcon.colcon_core.package_identification:_identify(vosk-model-small-en-us/conf) by extensions ['cmake', 'python']
[0.483s] Level 1:colcon.colcon_core.package_identification:_identify(vosk-model-small-en-us/conf) by extension 'cmake'
[0.483s] Level 1:colcon.colcon_core.package_identification:_identify(vosk-model-small-en-us/conf) by extension 'python'
[0.483s] Level 1:colcon.colcon_core.package_identification:_identify(vosk-model-small-en-us/conf) by extensions ['python_setup_py']
[0.484s] Level 1:colcon.colcon_core.package_identification:_identify(vosk-model-small-en-us/conf) by extension 'python_setup_py'
[0.484s] Level 1:colcon.colcon_core.package_identification:_identify(vosk-model-small-en-us/graph) by extensions ['ignore', 'ignore_ament_install']
[0.484s] Level 1:colcon.colcon_core.package_identification:_identify(vosk-model-small-en-us/graph) by extension 'ignore'
[0.484s] Level 1:colcon.colcon_core.package_identification:_identify(vosk-model-small-en-us/graph) by extension 'ignore_ament_install'
[0.484s] Level 1:colcon.colcon_core.package_identification:_identify(vosk-model-small-en-us/graph) by extensions ['colcon_pkg']
[0.484s] Level 1:colcon.colcon_core.package_identification:_identify(vosk-model-small-en-us/graph) by extension 'colcon_pkg'
[0.484s] Level 1:colcon.colcon_core.package_identification:_identify(vosk-model-small-en-us/graph) by extensions ['colcon_meta']
[0.484s] Level 1:colcon.colcon_core.package_identification:_identify(vosk-model-small-en-us/graph) by extension 'colcon_meta'
[0.484s] Level 1:colcon.colcon_core.package_identification:_identify(vosk-model-small-en-us/graph) by extensions ['ros']
[0.484s] Level 1:colcon.colcon_core.package_identification:_identify(vosk-model-small-en-us/graph) by extension 'ros'
[0.484s] Level 1:colcon.colcon_core.package_identification:_identify(vosk-model-small-en-us/graph) by extensions ['cmake', 'python']
[0.484s] Level 1:colcon.colcon_core.package_identification:_identify(vosk-model-small-en-us/graph) by extension 'cmake'
[0.484s] Level 1:colcon.colcon_core.package_identification:_identify(vosk-model-small-en-us/graph) by extension 'python'
[0.484s] Level 1:colcon.colcon_core.package_identification:_identify(vosk-model-small-en-us/graph) by extensions ['python_setup_py']
[0.484s] Level 1:colcon.colcon_core.package_identification:_identify(vosk-model-small-en-us/graph) by extension 'python_setup_py'
[0.485s] Level 1:colcon.colcon_core.package_identification:_identify(vosk-model-small-en-us/graph/phones) by extensions ['ignore', 'ignore_ament_install']
[0.485s] Level 1:colcon.colcon_core.package_identification:_identify(vosk-model-small-en-us/graph/phones) by extension 'ignore'
[0.485s] Level 1:colcon.colcon_core.package_identification:_identify(vosk-model-small-en-us/graph/phones) by extension 'ignore_ament_install'
[0.485s] Level 1:colcon.colcon_core.package_identification:_identify(vosk-model-small-en-us/graph/phones) by extensions ['colcon_pkg']
[0.485s] Level 1:colcon.colcon_core.package_identification:_identify(vosk-model-small-en-us/graph/phones) by extension 'colcon_pkg'
[0.485s] Level 1:colcon.colcon_core.package_identification:_identify(vosk-model-small-en-us/graph/phones) by extensions ['colcon_meta']
[0.485s] Level 1:colcon.colcon_core.package_identification:_identify(vosk-model-small-en-us/graph/phones) by extension 'colcon_meta'
[0.485s] Level 1:colcon.colcon_core.package_identification:_identify(vosk-model-small-en-us/graph/phones) by extensions ['ros']
[0.485s] Level 1:colcon.colcon_core.package_identification:_identify(vosk-model-small-en-us/graph/phones) by extension 'ros'
[0.485s] Level 1:colcon.colcon_core.package_identification:_identify(vosk-model-small-en-us/graph/phones) by extensions ['cmake', 'python']
[0.485s] Level 1:colcon.colcon_core.package_identification:_identify(vosk-model-small-en-us/graph/phones) by extension 'cmake'
[0.485s] Level 1:colcon.colcon_core.package_identification:_identify(vosk-model-small-en-us/graph/phones) by extension 'python'
[0.485s] Level 1:colcon.colcon_core.package_identification:_identify(vosk-model-small-en-us/graph/phones) by extensions ['python_setup_py']
[0.485s] Level 1:colcon.colcon_core.package_identification:_identify(vosk-model-small-en-us/graph/phones) by extension 'python_setup_py'
[0.485s] Level 1:colcon.colcon_core.package_identification:_identify(vosk-model-small-en-us/ivector) by extensions ['ignore', 'ignore_ament_install']
[0.485s] Level 1:colcon.colcon_core.package_identification:_identify(vosk-model-small-en-us/ivector) by extension 'ignore'
[0.486s] Level 1:colcon.colcon_core.package_identification:_identify(vosk-model-small-en-us/ivector) by extension 'ignore_ament_install'
[0.486s] Level 1:colcon.colcon_core.package_identification:_identify(vosk-model-small-en-us/ivector) by extensions ['colcon_pkg']
[0.486s] Level 1:colcon.colcon_core.package_identification:_identify(vosk-model-small-en-us/ivector) by extension 'colcon_pkg'
[0.486s] Level 1:colcon.colcon_core.package_identification:_identify(vosk-model-small-en-us/ivector) by extensions ['colcon_meta']
[0.486s] Level 1:colcon.colcon_core.package_identification:_identify(vosk-model-small-en-us/ivector) by extension 'colcon_meta'
[0.486s] Level 1:colcon.colcon_core.package_identification:_identify(vosk-model-small-en-us/ivector) by extensions ['ros']
[0.486s] Level 1:colcon.colcon_core.package_identification:_identify(vosk-model-small-en-us/ivector) by extension 'ros'
[0.486s] Level 1:colcon.colcon_core.package_identification:_identify(vosk-model-small-en-us/ivector) by extensions ['cmake', 'python']
[0.486s] Level 1:colcon.colcon_core.package_identification:_identify(vosk-model-small-en-us/ivector) by extension 'cmake'
[0.486s] Level 1:colcon.colcon_core.package_identification:_identify(vosk-model-small-en-us/ivector) by extension 'python'
[0.486s] Level 1:colcon.colcon_core.package_identification:_identify(vosk-model-small-en-us/ivector) by extensions ['python_setup_py']
[0.486s] Level 1:colcon.colcon_core.package_identification:_identify(vosk-model-small-en-us/ivector) by extension 'python_setup_py'
[0.486s] Level 1:colcon.colcon_core.package_discovery:discover_packages(recursive) using defaults
[0.486s] Level 1:colcon.colcon_core.package_discovery:discover_packages(ignore) discover
[0.486s] Level 1:colcon.colcon_core.package_discovery:discover_packages(ignore) using defaults
[0.486s] Level 1:colcon.colcon_core.package_discovery:discover_packages(path) discover
[0.486s] Level 1:colcon.colcon_core.package_discovery:discover_packages(path) using defaults
[0.508s] Level 1:colcon.colcon_core.package_discovery:discover_packages(prefix_path) check parameters
[0.508s] Level 1:colcon.colcon_core.package_discovery:discover_packages(prefix_path) discover
[0.511s] DEBUG:colcon.colcon_installed_package_information.package_discovery:Found 7 installed packages in /home/ammar/Robotics/Graduation_Project/ACSAR_ws/install
[0.512s] DEBUG:colcon.colcon_installed_package_information.package_discovery:Found 351 installed packages in /opt/ros/humble
[0.515s] Level 1:colcon.colcon_core.package_discovery:discover_packages(prefix_path) using defaults
[0.561s] Level 5:colcon.colcon_core.verb:set package 'robot_control' build argument 'cmake_args' from command line to 'None'
[0.561s] Level 5:colcon.colcon_core.verb:set package 'robot_control' build argument 'cmake_target' from command line to 'None'
[0.561s] Level 5:colcon.colcon_core.verb:set package 'robot_control' build argument 'cmake_target_skip_unavailable' from command line to 'False'
[0.561s] Level 5:colcon.colcon_core.verb:set package 'robot_control' build argument 'cmake_clean_cache' from command line to 'False'
[0.561s] Level 5:colcon.colcon_core.verb:set package 'robot_control' build argument 'cmake_clean_first' from command line to 'False'
[0.561s] Level 5:colcon.colcon_core.verb:set package 'robot_control' build argument 'cmake_force_configure' from command line to 'False'
[0.561s] Level 5:colcon.colcon_core.verb:set package 'robot_control' build argument 'ament_cmake_args' from command line to 'None'
[0.561s] Level 5:colcon.colcon_core.verb:set package 'robot_control' build argument 'catkin_cmake_args' from command line to 'None'
[0.561s] Level 5:colcon.colcon_core.verb:set package 'robot_control' build argument 'catkin_skip_building_tests' from command line to 'False'
[0.561s] DEBUG:colcon.colcon_core.verb:Building package 'robot_control' with the following arguments: {'ament_cmake_args': None, 'build_base': '/home/ammar/Robotics/Graduation_Project/ACSAR_ws/build/robot_control', 'catkin_cmake_args': None, 'catkin_skip_building_tests': False, 'cmake_args': None, 'cmake_clean_cache': False, 'cmake_clean_first': False, 'cmake_force_configure': False, 'cmake_target': None, 'cmake_target_skip_unavailable': False, 'install_base': '/home/ammar/Robotics/Graduation_Project/ACSAR_ws/install/robot_control', 'merge_install': False, 'path': '/home/ammar/Robotics/Graduation_Project/ACSAR_ws/src/robot_control', 'symlink_install': False, 'test_result_base': None}
[0.561s] Level 5:colcon.colcon_core.verb:set package 'robot_model' build argument 'cmake_args' from command line to 'None'
[0.562s] Level 5:colcon.colcon_core.verb:set package 'robot_model' build argument 'cmake_target' from command line to 'None'
[0.562s] Level 5:colcon.colcon_core.verb:set package 'robot_model' build argument 'cmake_target_skip_unavailable' from command line to 'False'
[0.562s] Level 5:colcon.colcon_core.verb:set package 'robot_model' build argument 'cmake_clean_cache' from command line to 'False'
[0.562s] Level 5:colcon.colcon_core.verb:set package 'robot_model' build argument 'cmake_clean_first' from command line to 'False'
[0.562s] Level 5:colcon.colcon_core.verb:set package 'robot_model' build argument 'cmake_force_configure' from command line to 'False'
[0.562s] Level 5:colcon.colcon_core.verb:set package 'robot_model' build argument 'ament_cmake_args' from command line to 'None'
[0.562s] Level 5:colcon.colcon_core.verb:set package 'robot_model' build argument 'catkin_cmake_args' from command line to 'None'
[0.562s] Level 5:colcon.colcon_core.verb:set package 'robot_model' build argument 'catkin_skip_building_tests' from command line to 'False'
[0.562s] DEBUG:colcon.colcon_core.verb:Building package 'robot_model' with the following arguments: {'ament_cmake_args': None, 'build_base': '/home/ammar/Robotics/Graduation_Project/ACSAR_ws/build/robot_model', 'catkin_cmake_args': None, 'catkin_skip_building_tests': False, 'cmake_args': None, 'cmake_clean_cache': False, 'cmake_clean_first': False, 'cmake_force_configure': False, 'cmake_target': None, 'cmake_target_skip_unavailable': False, 'install_base': '/home/ammar/Robotics/Graduation_Project/ACSAR_ws/install/robot_model', 'merge_install': False, 'path': '/home/ammar/Robotics/Graduation_Project/ACSAR_ws/src/robot_model', 'symlink_install': False, 'test_result_base': None}
[0.562s] Level 5:colcon.colcon_core.verb:set package 'robot_nav' build argument 'cmake_args' from command line to 'None'
[0.562s] Level 5:colcon.colcon_core.verb:set package 'robot_nav' build argument 'cmake_target' from command line to 'None'
[0.562s] Level 5:colcon.colcon_core.verb:set package 'robot_nav' build argument 'cmake_target_skip_unavailable' from command line to 'False'
[0.562s] Level 5:colcon.colcon_core.verb:set package 'robot_nav' build argument 'cmake_clean_cache' from command line to 'False'
[0.562s] Level 5:colcon.colcon_core.verb:set package 'robot_nav' build argument 'cmake_clean_first' from command line to 'False'
[0.562s] Level 5:colcon.colcon_core.verb:set package 'robot_nav' build argument 'cmake_force_configure' from command line to 'False'
[0.562s] Level 5:colcon.colcon_core.verb:set package 'robot_nav' build argument 'ament_cmake_args' from command line to 'None'
[0.562s] Level 5:colcon.colcon_core.verb:set package 'robot_nav' build argument 'catkin_cmake_args' from command line to 'None'
[0.562s] Level 5:colcon.colcon_core.verb:set package 'robot_nav' build argument 'catkin_skip_building_tests' from command line to 'False'
[0.563s] DEBUG:colcon.colcon_core.verb:Building package 'robot_nav' with the following arguments: {'ament_cmake_args': None, 'build_base': '/home/ammar/Robotics/Graduation_Project/ACSAR_ws/build/robot_nav', 'catkin_cmake_args': None, 'catkin_skip_building_tests': False, 'cmake_args': None, 'cmake_clean_cache': False, 'cmake_clean_first': False, 'cmake_force_configure': False, 'cmake_target': None, 'cmake_target_skip_unavailable': False, 'install_base': '/home/ammar/Robotics/Graduation_Project/ACSAR_ws/install/robot_nav', 'merge_install': False, 'path': '/home/ammar/Robotics/Graduation_Project/ACSAR_ws/src/robot_nav', 'symlink_install': False, 'test_result_base': None}
[0.563s] Level 5:colcon.colcon_core.verb:set package 'robot_perception' build argument 'cmake_args' from command line to 'None'
[0.563s] Level 5:colcon.colcon_core.verb:set package 'robot_perception' build argument 'cmake_target' from command line to 'None'
[0.563s] Level 5:colcon.colcon_core.verb:set package 'robot_perception' build argument 'cmake_target_skip_unavailable' from command line to 'False'
[0.563s] Level 5:colcon.colcon_core.verb:set package 'robot_perception' build argument 'cmake_clean_cache' from command line to 'False'
[0.563s] Level 5:colcon.colcon_core.verb:set package 'robot_perception' build argument 'cmake_clean_first' from command line to 'False'
[0.563s] Level 5:colcon.colcon_core.verb:set package 'robot_perception' build argument 'cmake_force_configure' from command line to 'False'
[0.563s] Level 5:colcon.colcon_core.verb:set package 'robot_perception' build argument 'ament_cmake_args' from command line to 'None'
[0.563s] Level 5:colcon.colcon_core.verb:set package 'robot_perception' build argument 'catkin_cmake_args' from command line to 'None'
[0.563s] Level 5:colcon.colcon_core.verb:set package 'robot_perception' build argument 'catkin_skip_building_tests' from command line to 'False'
[0.563s] DEBUG:colcon.colcon_core.verb:Building package 'robot_perception' with the following arguments: {'ament_cmake_args': None, 'build_base': '/home/ammar/Robotics/Graduation_Project/ACSAR_ws/build/robot_perception', 'catkin_cmake_args': None, 'catkin_skip_building_tests': False, 'cmake_args': None, 'cmake_clean_cache': False, 'cmake_clean_first': False, 'cmake_force_configure': False, 'cmake_target': None, 'cmake_target_skip_unavailable': False, 'install_base': '/home/ammar/Robotics/Graduation_Project/ACSAR_ws/install/robot_perception', 'merge_install': False, 'path': '/home/ammar/Robotics/Graduation_Project/ACSAR_ws/src/robot_perception', 'symlink_install': False, 'test_result_base': None}
[0.564s] Level 5:colcon.colcon_core.verb:set package 'rplidar_ros' build argument 'cmake_args' from command line to 'None'
[0.564s] Level 5:colcon.colcon_core.verb:set package 'rplidar_ros' build argument 'cmake_target' from command line to 'None'
[0.564s] Level 5:colcon.colcon_core.verb:set package 'rplidar_ros' build argument 'cmake_target_skip_unavailable' from command line to 'False'
[0.564s] Level 5:colcon.colcon_core.verb:set package 'rplidar_ros' build argument 'cmake_clean_cache' from command line to 'False'
[0.564s] Level 5:colcon.colcon_core.verb:set package 'rplidar_ros' build argument 'cmake_clean_first' from command line to 'False'
[0.564s] Level 5:colcon.colcon_core.verb:set package 'rplidar_ros' build argument 'cmake_force_configure' from command line to 'False'
[0.564s] Level 5:colcon.colcon_core.verb:set package 'rplidar_ros' build argument 'ament_cmake_args' from command line to 'None'
[0.564s] Level 5:colcon.colcon_core.verb:set package 'rplidar_ros' build argument 'catkin_cmake_args' from command line to 'None'
[0.564s] Level 5:colcon.colcon_core.verb:set package 'rplidar_ros' build argument 'catkin_skip_building_tests' from command line to 'False'
[0.564s] DEBUG:colcon.colcon_core.verb:Building package 'rplidar_ros' with the following arguments: {'ament_cmake_args': None, 'build_base': '/home/ammar/Robotics/Graduation_Project/ACSAR_ws/build/rplidar_ros', 'catkin_cmake_args': None, 'catkin_skip_building_tests': False, 'cmake_args': None, 'cmake_clean_cache': False, 'cmake_clean_first': False, 'cmake_force_configure': False, 'cmake_target': None, 'cmake_target_skip_unavailable': False, 'install_base': '/home/ammar/Robotics/Graduation_Project/ACSAR_ws/install/rplidar_ros', 'merge_install': False, 'path': '/home/ammar/Robotics/Graduation_Project/ACSAR_ws/src/rplidar_ros2', 'symlink_install': False, 'test_result_base': None}
[0.564s] Level 5:colcon.colcon_core.verb:set package 'service_robot_localization' build argument 'cmake_args' from command line to 'None'
[0.564s] Level 5:colcon.colcon_core.verb:set package 'service_robot_localization' build argument 'cmake_target' from command line to 'None'
[0.564s] Level 5:colcon.colcon_core.verb:set package 'service_robot_localization' build argument 'cmake_target_skip_unavailable' from command line to 'False'
[0.564s] Level 5:colcon.colcon_core.verb:set package 'service_robot_localization' build argument 'cmake_clean_cache' from command line to 'False'
[0.564s] Level 5:colcon.colcon_core.verb:set package 'service_robot_localization' build argument 'cmake_clean_first' from command line to 'False'
[0.564s] Level 5:colcon.colcon_core.verb:set package 'service_robot_localization' build argument 'cmake_force_configure' from command line to 'False'
[0.565s] Level 5:colcon.colcon_core.verb:set package 'service_robot_localization' build argument 'ament_cmake_args' from command line to 'None'
[0.565s] Level 5:colcon.colcon_core.verb:set package 'service_robot_localization' build argument 'catkin_cmake_args' from command line to 'None'
[0.565s] Level 5:colcon.colcon_core.verb:set package 'service_robot_localization' build argument 'catkin_skip_building_tests' from command line to 'False'
[0.565s] DEBUG:colcon.colcon_core.verb:Building package 'service_robot_localization' with the following arguments: {'ament_cmake_args': None, 'build_base': '/home/ammar/Robotics/Graduation_Project/ACSAR_ws/build/service_robot_localization', 'catkin_cmake_args': None, 'catkin_skip_building_tests': False, 'cmake_args': None, 'cmake_clean_cache': False, 'cmake_clean_first': False, 'cmake_force_configure': False, 'cmake_target': None, 'cmake_target_skip_unavailable': False, 'install_base': '/home/ammar/Robotics/Graduation_Project/ACSAR_ws/install/service_robot_localization', 'merge_install': False, 'path': '/home/ammar/Robotics/Graduation_Project/ACSAR_ws/src/service_robot_localization', 'symlink_install': False, 'test_result_base': None}
[0.565s] INFO:colcon.colcon_core.executor:Executing jobs using 'parallel' executor
[0.566s] DEBUG:colcon.colcon_parallel_executor.executor.parallel:run_until_complete
[0.566s] INFO:colcon.colcon_ros.task.ament_cmake.build:Building ROS package in '/home/ammar/Robotics/Graduation_Project/ACSAR_ws/src/robot_control' with build type 'ament_cmake'
[0.567s] INFO:colcon.colcon_cmake.task.cmake.build:Building CMake package in '/home/ammar/Robotics/Graduation_Project/ACSAR_ws/src/robot_control'
[0.569s] INFO:colcon.colcon_core.plugin_system:Skipping extension 'colcon_core.shell.bat': Not used on non-Windows systems
[0.570s] INFO:colcon.colcon_core.shell:Skip shell extension 'powershell' for command environment: Not usable outside of PowerShell
[0.570s] DEBUG:colcon.colcon_core.shell:Skip shell extension 'dsv' for command environment
[0.573s] INFO:colcon.colcon_ros.task.ament_cmake.build:Building ROS package in '/home/ammar/Robotics/Graduation_Project/ACSAR_ws/src/robot_model' with build type 'ament_cmake'
[0.573s] INFO:colcon.colcon_cmake.task.cmake.build:Building CMake package in '/home/ammar/Robotics/Graduation_Project/ACSAR_ws/src/robot_model'
[0.574s] INFO:colcon.colcon_core.shell:Skip shell extension 'powershell' for command environment: Not usable outside of PowerShell
[0.574s] DEBUG:colcon.colcon_core.shell:Skip shell extension 'dsv' for command environment
[0.579s] INFO:colcon.colcon_ros.task.ament_cmake.build:Building ROS package in '/home/ammar/Robotics/Graduation_Project/ACSAR_ws/src/robot_nav' with build type 'ament_cmake'
[0.579s] INFO:colcon.colcon_cmake.task.cmake.build:Building CMake package in '/home/ammar/Robotics/Graduation_Project/ACSAR_ws/src/robot_nav'
[0.580s] INFO:colcon.colcon_core.shell:Skip shell extension 'powershell' for command environment: Not usable outside of PowerShell
[0.580s] DEBUG:colcon.colcon_core.shell:Skip shell extension 'dsv' for command environment
[0.584s] INFO:colcon.colcon_ros.task.ament_cmake.build:Building ROS package in '/home/ammar/Robotics/Graduation_Project/ACSAR_ws/src/robot_perception' with build type 'ament_cmake'
[0.584s] INFO:colcon.colcon_cmake.task.cmake.build:Building CMake package in '/home/ammar/Robotics/Graduation_Project/ACSAR_ws/src/robot_perception'
[0.584s] INFO:colcon.colcon_core.shell:Skip shell extension 'powershell' for command environment: Not usable outside of PowerShell
[0.584s] DEBUG:colcon.colcon_core.shell:Skip shell extension 'dsv' for command environment
[0.588s] INFO:colcon.colcon_ros.task.ament_cmake.build:Building ROS package in '/home/ammar/Robotics/Graduation_Project/ACSAR_ws/src/rplidar_ros2' with build type 'ament_cmake'
[0.588s] INFO:colcon.colcon_cmake.task.cmake.build:Building CMake package in '/home/ammar/Robotics/Graduation_Project/ACSAR_ws/src/rplidar_ros2'
[0.589s] INFO:colcon.colcon_core.shell:Skip shell extension 'powershell' for command environment: Not usable outside of PowerShell
[0.589s] DEBUG:colcon.colcon_core.shell:Skip shell extension 'dsv' for command environment
[0.592s] INFO:colcon.colcon_ros.task.ament_cmake.build:Building ROS package in '/home/ammar/Robotics/Graduation_Project/ACSAR_ws/src/service_robot_localization' with build type 'ament_cmake'
[0.593s] INFO:colcon.colcon_cmake.task.cmake.build:Building CMake package in '/home/ammar/Robotics/Graduation_Project/ACSAR_ws/src/service_robot_localization'
[0.593s] INFO:colcon.colcon_core.shell:Skip shell extension 'powershell' for command environment: Not usable outside of PowerShell
[0.593s] DEBUG:colcon.colcon_core.shell:Skip shell extension 'dsv' for command environment
[0.605s] DEBUG:colcon.colcon_core.event_handler.log_command:Invoking command in '/home/ammar/Robotics/Graduation_Project/ACSAR_ws/build/robot_control': CMAKE_PREFIX_PATH=${CMAKE_PREFIX_PATH}:/opt/ros/humble /usr/bin/cmake --build /home/ammar/Robotics/Graduation_Project/ACSAR_ws/build/robot_control -- -j12 -l12
[0.609s] DEBUG:colcon.colcon_core.event_handler.log_command:Invoking command in '/home/ammar/Robotics/Graduation_Project/ACSAR_ws/build/robot_model': CMAKE_PREFIX_PATH=${CMAKE_PREFIX_PATH}:/opt/ros/humble /usr/bin/cmake --build /home/ammar/Robotics/Graduation_Project/ACSAR_ws/build/robot_model -- -j12 -l12
[0.612s] DEBUG:colcon.colcon_core.event_handler.log_command:Invoking command in '/home/ammar/Robotics/Graduation_Project/ACSAR_ws/build/robot_nav': CMAKE_PREFIX_PATH=${CMAKE_PREFIX_PATH}:/opt/ros/humble /usr/bin/cmake --build /home/ammar/Robotics/Graduation_Project/ACSAR_ws/build/robot_nav -- -j12 -l12
[0.616s] DEBUG:colcon.colcon_core.event_handler.log_command:Invoking command in '/home/ammar/Robotics/Graduation_Project/ACSAR_ws/build/robot_perception': CMAKE_PREFIX_PATH=${CMAKE_PREFIX_PATH}:/opt/ros/humble /usr/bin/cmake --build /home/ammar/Robotics/Graduation_Project/ACSAR_ws/build/robot_perception -- -j12 -l12
[0.621s] DEBUG:colcon.colcon_core.event_handler.log_command:Invoking command in '/home/ammar/Robotics/Graduation_Project/ACSAR_ws/build/rplidar_ros': CMAKE_PREFIX_PATH=${CMAKE_PREFIX_PATH}:/opt/ros/humble /usr/bin/cmake --build /home/ammar/Robotics/Graduation_Project/ACSAR_ws/build/rplidar_ros -- -j12 -l12
[0.630s] DEBUG:colcon.colcon_core.event_handler.log_command:Invoking command in '/home/ammar/Robotics/Graduation_Project/ACSAR_ws/build/service_robot_localization': CMAKE_PREFIX_PATH=${CMAKE_PREFIX_PATH}:/opt/ros/humble /usr/bin/cmake --build /home/ammar/Robotics/Graduation_Project/ACSAR_ws/build/service_robot_localization -- -j12 -l12
[0.651s] DEBUG:colcon.colcon_core.event_handler.log_command:Invoked command in '/home/ammar/Robotics/Graduation_Project/ACSAR_ws/build/robot_model' returned '0': CMAKE_PREFIX_PATH=${CMAKE_PREFIX_PATH}:/opt/ros/humble /usr/bin/cmake --build /home/ammar/Robotics/Graduation_Project/ACSAR_ws/build/robot_model -- -j12 -l12
[0.665s] DEBUG:colcon.colcon_core.event_handler.log_command:Invoking command in '/home/ammar/Robotics/Graduation_Project/ACSAR_ws/build/robot_model': CMAKE_PREFIX_PATH=${CMAKE_PREFIX_PATH}:/opt/ros/humble /usr/bin/cmake --install /home/ammar/Robotics/Graduation_Project/ACSAR_ws/build/robot_model
[0.668s] DEBUG:colcon.colcon_core.event_handler.log_command:Invoked command in '/home/ammar/Robotics/Graduation_Project/ACSAR_ws/build/robot_perception' returned '0': CMAKE_PREFIX_PATH=${CMAKE_PREFIX_PATH}:/opt/ros/humble /usr/bin/cmake --build /home/ammar/Robotics/Graduation_Project/ACSAR_ws/build/robot_perception -- -j12 -l12
[0.671s] DEBUG:colcon.colcon_core.event_handler.log_command:Invoking command in '/home/ammar/Robotics/Graduation_Project/ACSAR_ws/build/robot_perception': CMAKE_PREFIX_PATH=${CMAKE_PREFIX_PATH}:/opt/ros/humble /usr/bin/cmake --install /home/ammar/Robotics/Graduation_Project/ACSAR_ws/build/robot_perception
[0.671s] DEBUG:colcon.colcon_core.event_handler.log_command:Invoked command in '/home/ammar/Robotics/Graduation_Project/ACSAR_ws/build/robot_nav' returned '0': CMAKE_PREFIX_PATH=${CMAKE_PREFIX_PATH}:/opt/ros/humble /usr/bin/cmake --build /home/ammar/Robotics/Graduation_Project/ACSAR_ws/build/robot_nav -- -j12 -l12
[0.674s] DEBUG:colcon.colcon_core.event_handler.log_command:Invoking command in '/home/ammar/Robotics/Graduation_Project/ACSAR_ws/build/robot_nav': CMAKE_PREFIX_PATH=${CMAKE_PREFIX_PATH}:/opt/ros/humble /usr/bin/cmake --install /home/ammar/Robotics/Graduation_Project/ACSAR_ws/build/robot_nav
[0.679s] Level 1:colcon.colcon_core.environment:create_environment_scripts_only(robot_model)
[0.685s] DEBUG:colcon.colcon_core.event_handler.log_command:Invoked command in '/home/ammar/Robotics/Graduation_Project/ACSAR_ws/build/robot_model' returned '0': CMAKE_PREFIX_PATH=${CMAKE_PREFIX_PATH}:/opt/ros/humble /usr/bin/cmake --install /home/ammar/Robotics/Graduation_Project/ACSAR_ws/build/robot_model
[0.692s] Level 1:colcon.colcon_core.environment:checking '/home/ammar/Robotics/Graduation_Project/ACSAR_ws/install/robot_model' for CMake module files
[0.693s] Level 1:colcon.colcon_core.environment:checking '/home/ammar/Robotics/Graduation_Project/ACSAR_ws/install/robot_model' for CMake config files
[0.693s] Level 1:colcon.colcon_core.shell:create_environment_hook('robot_model', 'cmake_prefix_path')
[0.693s] INFO:colcon.colcon_core.shell:Creating environment hook '/home/ammar/Robotics/Graduation_Project/ACSAR_ws/install/robot_model/share/robot_model/hook/cmake_prefix_path.ps1'
[0.694s] INFO:colcon.colcon_core.shell:Creating environment descriptor '/home/ammar/Robotics/Graduation_Project/ACSAR_ws/install/robot_model/share/robot_model/hook/cmake_prefix_path.dsv'
[0.695s] INFO:colcon.colcon_core.shell:Creating environment hook '/home/ammar/Robotics/Graduation_Project/ACSAR_ws/install/robot_model/share/robot_model/hook/cmake_prefix_path.sh'
[0.696s] Level 1:colcon.colcon_core.environment:checking '/home/ammar/Robotics/Graduation_Project/ACSAR_ws/install/robot_model/bin'
[0.696s] Level 1:colcon.colcon_core.environment:checking '/home/ammar/Robotics/Graduation_Project/ACSAR_ws/install/robot_model/lib/pkgconfig/robot_model.pc'
[0.696s] Level 1:colcon.colcon_core.environment:checking '/home/ammar/Robotics/Graduation_Project/ACSAR_ws/install/robot_model/lib/python3.10/site-packages'
[0.696s] Level 1:colcon.colcon_core.environment:checking '/home/ammar/Robotics/Graduation_Project/ACSAR_ws/install/robot_model/bin'
[0.697s] INFO:colcon.colcon_core.shell:Creating package script '/home/ammar/Robotics/Graduation_Project/ACSAR_ws/install/robot_model/share/robot_model/package.ps1'
[0.698s] INFO:colcon.colcon_core.shell:Creating package descriptor '/home/ammar/Robotics/Graduation_Project/ACSAR_ws/install/robot_model/share/robot_model/package.dsv'
[0.699s] INFO:colcon.colcon_core.shell:Creating package script '/home/ammar/Robotics/Graduation_Project/ACSAR_ws/install/robot_model/share/robot_model/package.sh'
[0.700s] INFO:colcon.colcon_core.shell:Creating package script '/home/ammar/Robotics/Graduation_Project/ACSAR_ws/install/robot_model/share/robot_model/package.bash'
[0.701s] INFO:colcon.colcon_core.shell:Creating package script '/home/ammar/Robotics/Graduation_Project/ACSAR_ws/install/robot_model/share/robot_model/package.zsh'
[0.702s] Level 1:colcon.colcon_core.environment:create_file_with_runtime_dependencies(/home/ammar/Robotics/Graduation_Project/ACSAR_ws/install/robot_model/share/colcon-core/packages/robot_model)
[0.703s] Level 1:colcon.colcon_core.environment:create_environment_scripts_only(robot_model)
[0.703s] Level 1:colcon.colcon_core.environment:checking '/home/ammar/Robotics/Graduation_Project/ACSAR_ws/install/robot_model' for CMake module files
[0.703s] Level 1:colcon.colcon_core.environment:checking '/home/ammar/Robotics/Graduation_Project/ACSAR_ws/install/robot_model' for CMake config files
[0.703s] Level 1:colcon.colcon_core.shell:create_environment_hook('robot_model', 'cmake_prefix_path')
[0.704s] INFO:colcon.colcon_core.shell:Creating environment hook '/home/ammar/Robotics/Graduation_Project/ACSAR_ws/install/robot_model/share/robot_model/hook/cmake_prefix_path.ps1'
[0.704s] INFO:colcon.colcon_core.shell:Creating environment descriptor '/home/ammar/Robotics/Graduation_Project/ACSAR_ws/install/robot_model/share/robot_model/hook/cmake_prefix_path.dsv'
[0.705s] INFO:colcon.colcon_core.shell:Creating environment hook '/home/ammar/Robotics/Graduation_Project/ACSAR_ws/install/robot_model/share/robot_model/hook/cmake_prefix_path.sh'
[0.705s] Level 1:colcon.colcon_core.environment:checking '/home/ammar/Robotics/Graduation_Project/ACSAR_ws/install/robot_model/bin'
[0.705s] Level 1:colcon.colcon_core.environment:checking '/home/ammar/Robotics/Graduation_Project/ACSAR_ws/install/robot_model/lib/pkgconfig/robot_model.pc'
[0.706s] Level 1:colcon.colcon_core.environment:checking '/home/ammar/Robotics/Graduation_Project/ACSAR_ws/install/robot_model/lib/python3.10/site-packages'
[0.706s] Level 1:colcon.colcon_core.environment:checking '/home/ammar/Robotics/Graduation_Project/ACSAR_ws/install/robot_model/bin'
[0.706s] INFO:colcon.colcon_core.shell:Creating package script '/home/ammar/Robotics/Graduation_Project/ACSAR_ws/install/robot_model/share/robot_model/package.ps1'
[0.707s] INFO:colcon.colcon_core.shell:Creating package descriptor '/home/ammar/Robotics/Graduation_Project/ACSAR_ws/install/robot_model/share/robot_model/package.dsv'
[0.707s] INFO:colcon.colcon_core.shell:Creating package script '/home/ammar/Robotics/Graduation_Project/ACSAR_ws/install/robot_model/share/robot_model/package.sh'
[0.708s] INFO:colcon.colcon_core.shell:Creating package script '/home/ammar/Robotics/Graduation_Project/ACSAR_ws/install/robot_model/share/robot_model/package.bash'
[0.708s] INFO:colcon.colcon_core.shell:Creating package script '/home/ammar/Robotics/Graduation_Project/ACSAR_ws/install/robot_model/share/robot_model/package.zsh'
[0.709s] Level 1:colcon.colcon_core.environment:create_file_with_runtime_dependencies(/home/ammar/Robotics/Graduation_Project/ACSAR_ws/install/robot_model/share/colcon-core/packages/robot_model)
[0.710s] Level 1:colcon.colcon_core.environment:create_environment_scripts_only(robot_perception)
[0.711s] Level 1:colcon.colcon_core.environment:checking '/home/ammar/Robotics/Graduation_Project/ACSAR_ws/install/robot_perception' for CMake module files
[0.712s] DEBUG:colcon.colcon_core.event_handler.log_command:Invoked command in '/home/ammar/Robotics/Graduation_Project/ACSAR_ws/build/robot_perception' returned '0': CMAKE_PREFIX_PATH=${CMAKE_PREFIX_PATH}:/opt/ros/humble /usr/bin/cmake --install /home/ammar/Robotics/Graduation_Project/ACSAR_ws/build/robot_perception
[0.712s] Level 1:colcon.colcon_core.environment:checking '/home/ammar/Robotics/Graduation_Project/ACSAR_ws/install/robot_perception' for CMake config files
[0.713s] Level 1:colcon.colcon_core.shell:create_environment_hook('robot_perception', 'cmake_prefix_path')
[0.713s] INFO:colcon.colcon_core.shell:Creating environment hook '/home/ammar/Robotics/Graduation_Project/ACSAR_ws/install/robot_perception/share/robot_perception/hook/cmake_prefix_path.ps1'
[0.713s] INFO:colcon.colcon_core.shell:Creating environment descriptor '/home/ammar/Robotics/Graduation_Project/ACSAR_ws/install/robot_perception/share/robot_perception/hook/cmake_prefix_path.dsv'
[0.714s] INFO:colcon.colcon_core.shell:Creating environment hook '/home/ammar/Robotics/Graduation_Project/ACSAR_ws/install/robot_perception/share/robot_perception/hook/cmake_prefix_path.sh'
[0.714s] Level 1:colcon.colcon_core.environment:checking '/home/ammar/Robotics/Graduation_Project/ACSAR_ws/install/robot_perception/lib'
[0.715s] Level 1:colcon.colcon_core.environment:checking '/home/ammar/Robotics/Graduation_Project/ACSAR_ws/install/robot_perception/bin'
[0.715s] Level 1:colcon.colcon_core.environment:checking '/home/ammar/Robotics/Graduation_Project/ACSAR_ws/install/robot_perception/lib/pkgconfig/robot_perception.pc'
[0.715s] Level 1:colcon.colcon_core.environment:checking '/home/ammar/Robotics/Graduation_Project/ACSAR_ws/install/robot_perception/lib/python3.10/site-packages'
[0.715s] Level 1:colcon.colcon_core.environment:checking '/home/ammar/Robotics/Graduation_Project/ACSAR_ws/install/robot_perception/bin'
[0.716s] INFO:colcon.colcon_core.shell:Creating package script '/home/ammar/Robotics/Graduation_Project/ACSAR_ws/install/robot_perception/share/robot_perception/package.ps1'
[0.716s] INFO:colcon.colcon_core.shell:Creating package descriptor '/home/ammar/Robotics/Graduation_Project/ACSAR_ws/install/robot_perception/share/robot_perception/package.dsv'
[0.717s] INFO:colcon.colcon_core.shell:Creating package script '/home/ammar/Robotics/Graduation_Project/ACSAR_ws/install/robot_perception/share/robot_perception/package.sh'
[0.717s] INFO:colcon.colcon_core.shell:Creating package script '/home/ammar/Robotics/Graduation_Project/ACSAR_ws/install/robot_perception/share/robot_perception/package.bash'
[0.718s] INFO:colcon.colcon_core.shell:Creating package script '/home/ammar/Robotics/Graduation_Project/ACSAR_ws/install/robot_perception/share/robot_perception/package.zsh'
[0.718s] Level 1:colcon.colcon_core.environment:create_file_with_runtime_dependencies(/home/ammar/Robotics/Graduation_Project/ACSAR_ws/install/robot_perception/share/colcon-core/packages/robot_perception)
[0.719s] Level 1:colcon.colcon_core.environment:create_environment_scripts_only(robot_perception)
[0.719s] Level 1:colcon.colcon_core.environment:checking '/home/ammar/Robotics/Graduation_Project/ACSAR_ws/install/robot_perception' for CMake module files
[0.720s] Level 1:colcon.colcon_core.environment:checking '/home/ammar/Robotics/Graduation_Project/ACSAR_ws/install/robot_perception' for CMake config files
[0.720s] Level 1:colcon.colcon_core.shell:create_environment_hook('robot_perception', 'cmake_prefix_path')
[0.721s] INFO:colcon.colcon_core.shell:Creating environment hook '/home/ammar/Robotics/Graduation_Project/ACSAR_ws/install/robot_perception/share/robot_perception/hook/cmake_prefix_path.ps1'
[0.721s] INFO:colcon.colcon_core.shell:Creating environment descriptor '/home/ammar/Robotics/Graduation_Project/ACSAR_ws/install/robot_perception/share/robot_perception/hook/cmake_prefix_path.dsv'
[0.721s] INFO:colcon.colcon_core.shell:Creating environment hook '/home/ammar/Robotics/Graduation_Project/ACSAR_ws/install/robot_perception/share/robot_perception/hook/cmake_prefix_path.sh'
[0.722s] Level 1:colcon.colcon_core.environment:checking '/home/ammar/Robotics/Graduation_Project/ACSAR_ws/install/robot_perception/lib'
[0.722s] Level 1:colcon.colcon_core.environment:checking '/home/ammar/Robotics/Graduation_Project/ACSAR_ws/install/robot_perception/bin'
[0.722s] Level 1:colcon.colcon_core.environment:checking '/home/ammar/Robotics/Graduation_Project/ACSAR_ws/install/robot_perception/lib/pkgconfig/robot_perception.pc'
[0.722s] Level 1:colcon.colcon_core.environment:checking '/home/ammar/Robotics/Graduation_Project/ACSAR_ws/install/robot_perception/lib/python3.10/site-packages'
[0.723s] Level 1:colcon.colcon_core.environment:checking '/home/ammar/Robotics/Graduation_Project/ACSAR_ws/install/robot_perception/bin'
[0.723s] INFO:colcon.colcon_core.shell:Creating package script '/home/ammar/Robotics/Graduation_Project/ACSAR_ws/install/robot_perception/share/robot_perception/package.ps1'
[0.724s] INFO:colcon.colcon_core.shell:Creating package descriptor '/home/ammar/Robotics/Graduation_Project/ACSAR_ws/install/robot_perception/share/robot_perception/package.dsv'
[0.724s] INFO:colcon.colcon_core.shell:Creating package script '/home/ammar/Robotics/Graduation_Project/ACSAR_ws/install/robot_perception/share/robot_perception/package.sh'
[0.725s] INFO:colcon.colcon_core.shell:Creating package script '/home/ammar/Robotics/Graduation_Project/ACSAR_ws/install/robot_perception/share/robot_perception/package.bash'
[0.725s] INFO:colcon.colcon_core.shell:Creating package script '/home/ammar/Robotics/Graduation_Project/ACSAR_ws/install/robot_perception/share/robot_perception/package.zsh'
[0.726s] Level 1:colcon.colcon_core.environment:create_file_with_runtime_dependencies(/home/ammar/Robotics/Graduation_Project/ACSAR_ws/install/robot_perception/share/colcon-core/packages/robot_perception)
[0.728s] DEBUG:colcon.colcon_core.event_handler.log_command:Invoked command in '/home/ammar/Robotics/Graduation_Project/ACSAR_ws/build/service_robot_localization' returned '0': CMAKE_PREFIX_PATH=${CMAKE_PREFIX_PATH}:/opt/ros/humble /usr/bin/cmake --build /home/ammar/Robotics/Graduation_Project/ACSAR_ws/build/service_robot_localization -- -j12 -l12
[0.729s] DEBUG:colcon.colcon_core.event_handler.log_command:Invoking command in '/home/ammar/Robotics/Graduation_Project/ACSAR_ws/build/service_robot_localization': CMAKE_PREFIX_PATH=${CMAKE_PREFIX_PATH}:/opt/ros/humble /usr/bin/cmake --install /home/ammar/Robotics/Graduation_Project/ACSAR_ws/build/service_robot_localization
[0.729s] Level 1:colcon.colcon_core.environment:create_environment_scripts_only(robot_nav)
[0.730s] Level 1:colcon.colcon_core.environment:checking '/home/ammar/Robotics/Graduation_Project/ACSAR_ws/install/robot_nav' for CMake module files
[0.731s] DEBUG:colcon.colcon_core.event_handler.log_command:Invoked command in '/home/ammar/Robotics/Graduation_Project/ACSAR_ws/build/robot_nav' returned '0': CMAKE_PREFIX_PATH=${CMAKE_PREFIX_PATH}:/opt/ros/humble /usr/bin/cmake --install /home/ammar/Robotics/Graduation_Project/ACSAR_ws/build/robot_nav
[0.731s] Level 1:colcon.colcon_core.environment:checking '/home/ammar/Robotics/Graduation_Project/ACSAR_ws/install/robot_nav' for CMake config files
[0.731s] Level 1:colcon.colcon_core.shell:create_environment_hook('robot_nav', 'cmake_prefix_path')
[0.731s] INFO:colcon.colcon_core.shell:Creating environment hook '/home/ammar/Robotics/Graduation_Project/ACSAR_ws/install/robot_nav/share/robot_nav/hook/cmake_prefix_path.ps1'
[0.732s] INFO:colcon.colcon_core.shell:Creating environment descriptor '/home/ammar/Robotics/Graduation_Project/ACSAR_ws/install/robot_nav/share/robot_nav/hook/cmake_prefix_path.dsv'
[0.732s] INFO:colcon.colcon_core.shell:Creating environment hook '/home/ammar/Robotics/Graduation_Project/ACSAR_ws/install/robot_nav/share/robot_nav/hook/cmake_prefix_path.sh'
[0.733s] Level 1:colcon.colcon_core.environment:checking '/home/ammar/Robotics/Graduation_Project/ACSAR_ws/install/robot_nav/lib'
[0.733s] Level 1:colcon.colcon_core.environment:checking '/home/ammar/Robotics/Graduation_Project/ACSAR_ws/install/robot_nav/bin'
[0.733s] Level 1:colcon.colcon_core.environment:checking '/home/ammar/Robotics/Graduation_Project/ACSAR_ws/install/robot_nav/lib/pkgconfig/robot_nav.pc'
[0.734s] Level 1:colcon.colcon_core.environment:checking '/home/ammar/Robotics/Graduation_Project/ACSAR_ws/install/robot_nav/lib/python3.10/site-packages'
[0.734s] Level 1:colcon.colcon_core.environment:checking '/home/ammar/Robotics/Graduation_Project/ACSAR_ws/install/robot_nav/bin'
[0.734s] INFO:colcon.colcon_core.shell:Creating package script '/home/ammar/Robotics/Graduation_Project/ACSAR_ws/install/robot_nav/share/robot_nav/package.ps1'
[0.735s] INFO:colcon.colcon_core.shell:Creating package descriptor '/home/ammar/Robotics/Graduation_Project/ACSAR_ws/install/robot_nav/share/robot_nav/package.dsv'
[0.736s] INFO:colcon.colcon_core.shell:Creating package script '/home/ammar/Robotics/Graduation_Project/ACSAR_ws/install/robot_nav/share/robot_nav/package.sh'
[0.736s] INFO:colcon.colcon_core.shell:Creating package script '/home/ammar/Robotics/Graduation_Project/ACSAR_ws/install/robot_nav/share/robot_nav/package.bash'
[0.737s] INFO:colcon.colcon_core.shell:Creating package script '/home/ammar/Robotics/Graduation_Project/ACSAR_ws/install/robot_nav/share/robot_nav/package.zsh'
[0.737s] Level 1:colcon.colcon_core.environment:create_file_with_runtime_dependencies(/home/ammar/Robotics/Graduation_Project/ACSAR_ws/install/robot_nav/share/colcon-core/packages/robot_nav)
[0.738s] Level 1:colcon.colcon_core.environment:create_environment_scripts_only(robot_nav)
[0.738s] Level 1:colcon.colcon_core.environment:checking '/home/ammar/Robotics/Graduation_Project/ACSAR_ws/install/robot_nav' for CMake module files
[0.738s] Level 1:colcon.colcon_core.environment:checking '/home/ammar/Robotics/Graduation_Project/ACSAR_ws/install/robot_nav' for CMake config files
[0.738s] Level 1:colcon.colcon_core.shell:create_environment_hook('robot_nav', 'cmake_prefix_path')
[0.739s] INFO:colcon.colcon_core.shell:Creating environment hook '/home/ammar/Robotics/Graduation_Project/ACSAR_ws/install/robot_nav/share/robot_nav/hook/cmake_prefix_path.ps1'
[0.739s] INFO:colcon.colcon_core.shell:Creating environment descriptor '/home/ammar/Robotics/Graduation_Project/ACSAR_ws/install/robot_nav/share/robot_nav/hook/cmake_prefix_path.dsv'
[0.740s] INFO:colcon.colcon_core.shell:Creating environment hook '/home/ammar/Robotics/Graduation_Project/ACSAR_ws/install/robot_nav/share/robot_nav/hook/cmake_prefix_path.sh'
[0.740s] Level 1:colcon.colcon_core.environment:checking '/home/ammar/Robotics/Graduation_Project/ACSAR_ws/install/robot_nav/lib'
[0.741s] Level 1:colcon.colcon_core.environment:checking '/home/ammar/Robotics/Graduation_Project/ACSAR_ws/install/robot_nav/bin'
[0.741s] Level 1:colcon.colcon_core.environment:checking '/home/ammar/Robotics/Graduation_Project/ACSAR_ws/install/robot_nav/lib/pkgconfig/robot_nav.pc'
[0.741s] Level 1:colcon.colcon_core.environment:checking '/home/ammar/Robotics/Graduation_Project/ACSAR_ws/install/robot_nav/lib/python3.10/site-packages'
[0.741s] Level 1:colcon.colcon_core.environment:checking '/home/ammar/Robotics/Graduation_Project/ACSAR_ws/install/robot_nav/bin'
[0.741s] INFO:colcon.colcon_core.shell:Creating package script '/home/ammar/Robotics/Graduation_Project/ACSAR_ws/install/robot_nav/share/robot_nav/package.ps1'
[0.742s] INFO:colcon.colcon_core.shell:Creating package descriptor '/home/ammar/Robotics/Graduation_Project/ACSAR_ws/install/robot_nav/share/robot_nav/package.dsv'
[0.743s] INFO:colcon.colcon_core.shell:Creating package script '/home/ammar/Robotics/Graduation_Project/ACSAR_ws/install/robot_nav/share/robot_nav/package.sh'
[0.743s] INFO:colcon.colcon_core.shell:Creating package script '/home/ammar/Robotics/Graduation_Project/ACSAR_ws/install/robot_nav/share/robot_nav/package.bash'
[0.744s] INFO:colcon.colcon_core.shell:Creating package script '/home/ammar/Robotics/Graduation_Project/ACSAR_ws/install/robot_nav/share/robot_nav/package.zsh'
[0.744s] Level 1:colcon.colcon_core.environment:create_file_with_runtime_dependencies(/home/ammar/Robotics/Graduation_Project/ACSAR_ws/install/robot_nav/share/colcon-core/packages/robot_nav)
[0.750s] DEBUG:colcon.colcon_core.event_handler.log_command:Invoked command in '/home/ammar/Robotics/Graduation_Project/ACSAR_ws/build/rplidar_ros' returned '0': CMAKE_PREFIX_PATH=${CMAKE_PREFIX_PATH}:/opt/ros/humble /usr/bin/cmake --build /home/ammar/Robotics/Graduation_Project/ACSAR_ws/build/rplidar_ros -- -j12 -l12
[0.751s] Level 1:colcon.colcon_core.environment:create_environment_scripts_only(service_robot_localization)
[0.752s] Level 1:colcon.colcon_core.environment:checking '/home/ammar/Robotics/Graduation_Project/ACSAR_ws/install/service_robot_localization' for CMake module files
[0.752s] DEBUG:colcon.colcon_core.event_handler.log_command:Invoking command in '/home/ammar/Robotics/Graduation_Project/ACSAR_ws/build/rplidar_ros': CMAKE_PREFIX_PATH=${CMAKE_PREFIX_PATH}:/opt/ros/humble /usr/bin/cmake --install /home/ammar/Robotics/Graduation_Project/ACSAR_ws/build/rplidar_ros
[0.753s] DEBUG:colcon.colcon_core.event_handler.log_command:Invoked command in '/home/ammar/Robotics/Graduation_Project/ACSAR_ws/build/service_robot_localization' returned '0': CMAKE_PREFIX_PATH=${CMAKE_PREFIX_PATH}:/opt/ros/humble /usr/bin/cmake --install /home/ammar/Robotics/Graduation_Project/ACSAR_ws/build/service_robot_localization
[0.753s] Level 1:colcon.colcon_core.environment:checking '/home/ammar/Robotics/Graduation_Project/ACSAR_ws/install/service_robot_localization' for CMake config files
[0.753s] Level 1:colcon.colcon_core.shell:create_environment_hook('service_robot_localization', 'cmake_prefix_path')
[0.754s] INFO:colcon.colcon_core.shell:Creating environment hook '/home/ammar/Robotics/Graduation_Project/ACSAR_ws/install/service_robot_localization/share/service_robot_localization/hook/cmake_prefix_path.ps1'
[0.754s] INFO:colcon.colcon_core.shell:Creating environment descriptor '/home/ammar/Robotics/Graduation_Project/ACSAR_ws/install/service_robot_localization/share/service_robot_localization/hook/cmake_prefix_path.dsv'
[0.755s] INFO:colcon.colcon_core.shell:Creating environment hook '/home/ammar/Robotics/Graduation_Project/ACSAR_ws/install/service_robot_localization/share/service_robot_localization/hook/cmake_prefix_path.sh'
[0.755s] Level 1:colcon.colcon_core.environment:checking '/home/ammar/Robotics/Graduation_Project/ACSAR_ws/install/service_robot_localization/lib'
[0.756s] Level 1:colcon.colcon_core.environment:checking '/home/ammar/Robotics/Graduation_Project/ACSAR_ws/install/service_robot_localization/bin'
[0.756s] Level 1:colcon.colcon_core.environment:checking '/home/ammar/Robotics/Graduation_Project/ACSAR_ws/install/service_robot_localization/lib/pkgconfig/service_robot_localization.pc'
[0.756s] Level 1:colcon.colcon_core.environment:checking '/home/ammar/Robotics/Graduation_Project/ACSAR_ws/install/service_robot_localization/lib/python3.10/site-packages'
[0.756s] Level 1:colcon.colcon_core.environment:checking '/home/ammar/Robotics/Graduation_Project/ACSAR_ws/install/service_robot_localization/bin'
[0.757s] INFO:colcon.colcon_core.shell:Creating package script '/home/ammar/Robotics/Graduation_Project/ACSAR_ws/install/service_robot_localization/share/service_robot_localization/package.ps1'
[0.757s] INFO:colcon.colcon_core.shell:Creating package descriptor '/home/ammar/Robotics/Graduation_Project/ACSAR_ws/install/service_robot_localization/share/service_robot_localization/package.dsv'
[0.758s] INFO:colcon.colcon_core.shell:Creating package script '/home/ammar/Robotics/Graduation_Project/ACSAR_ws/install/service_robot_localization/share/service_robot_localization/package.sh'
[0.758s] INFO:colcon.colcon_core.shell:Creating package script '/home/ammar/Robotics/Graduation_Project/ACSAR_ws/install/service_robot_localization/share/service_robot_localization/package.bash'
[0.759s] INFO:colcon.colcon_core.shell:Creating package script '/home/ammar/Robotics/Graduation_Project/ACSAR_ws/install/service_robot_localization/share/service_robot_localization/package.zsh'
[0.760s] Level 1:colcon.colcon_core.environment:create_file_with_runtime_dependencies(/home/ammar/Robotics/Graduation_Project/ACSAR_ws/install/service_robot_localization/share/colcon-core/packages/service_robot_localization)
[0.763s] Level 1:colcon.colcon_core.environment:create_environment_scripts_only(service_robot_localization)
[0.764s] Level 1:colcon.colcon_core.environment:checking '/home/ammar/Robotics/Graduation_Project/ACSAR_ws/install/service_robot_localization' for CMake module files
[0.765s] Level 1:colcon.colcon_core.environment:checking '/home/ammar/Robotics/Graduation_Project/ACSAR_ws/install/service_robot_localization' for CMake config files
[0.766s] Level 1:colcon.colcon_core.shell:create_environment_hook('service_robot_localization', 'cmake_prefix_path')
[0.766s] INFO:colcon.colcon_core.shell:Creating environment hook '/home/ammar/Robotics/Graduation_Project/ACSAR_ws/install/service_robot_localization/share/service_robot_localization/hook/cmake_prefix_path.ps1'
[0.767s] INFO:colcon.colcon_core.shell:Creating environment descriptor '/home/ammar/Robotics/Graduation_Project/ACSAR_ws/install/service_robot_localization/share/service_robot_localization/hook/cmake_prefix_path.dsv'
[0.767s] INFO:colcon.colcon_core.shell:Creating environment hook '/home/ammar/Robotics/Graduation_Project/ACSAR_ws/install/service_robot_localization/share/service_robot_localization/hook/cmake_prefix_path.sh'
[0.768s] Level 1:colcon.colcon_core.environment:checking '/home/ammar/Robotics/Graduation_Project/ACSAR_ws/install/service_robot_localization/lib'
[0.769s] Level 1:colcon.colcon_core.environment:checking '/home/ammar/Robotics/Graduation_Project/ACSAR_ws/install/service_robot_localization/bin'
[0.769s] Level 1:colcon.colcon_core.environment:checking '/home/ammar/Robotics/Graduation_Project/ACSAR_ws/install/service_robot_localization/lib/pkgconfig/service_robot_localization.pc'
[0.769s] Level 1:colcon.colcon_core.environment:checking '/home/ammar/Robotics/Graduation_Project/ACSAR_ws/install/service_robot_localization/lib/python3.10/site-packages'
[0.769s] Level 1:colcon.colcon_core.environment:checking '/home/ammar/Robotics/Graduation_Project/ACSAR_ws/install/service_robot_localization/bin'
[0.770s] INFO:colcon.colcon_core.shell:Creating package script '/home/ammar/Robotics/Graduation_Project/ACSAR_ws/install/service_robot_localization/share/service_robot_localization/package.ps1'
[0.771s] INFO:colcon.colcon_core.shell:Creating package descriptor '/home/ammar/Robotics/Graduation_Project/ACSAR_ws/install/service_robot_localization/share/service_robot_localization/package.dsv'
[0.771s] INFO:colcon.colcon_core.shell:Creating package script '/home/ammar/Robotics/Graduation_Project/ACSAR_ws/install/service_robot_localization/share/service_robot_localization/package.sh'
[0.772s] INFO:colcon.colcon_core.shell:Creating package script '/home/ammar/Robotics/Graduation_Project/ACSAR_ws/install/service_robot_localization/share/service_robot_localization/package.bash'
[0.773s] INFO:colcon.colcon_core.shell:Creating package script '/home/ammar/Robotics/Graduation_Project/ACSAR_ws/install/service_robot_localization/share/service_robot_localization/package.zsh'
[0.773s] Level 1:colcon.colcon_core.environment:create_file_with_runtime_dependencies(/home/ammar/Robotics/Graduation_Project/ACSAR_ws/install/service_robot_localization/share/colcon-core/packages/service_robot_localization)
[0.774s] Level 1:colcon.colcon_core.environment:create_environment_scripts_only(rplidar_ros)
[0.775s] Level 1:colcon.colcon_core.environment:checking '/home/ammar/Robotics/Graduation_Project/ACSAR_ws/install/rplidar_ros' for CMake module files
[0.776s] DEBUG:colcon.colcon_core.event_handler.log_command:Invoked command in '/home/ammar/Robotics/Graduation_Project/ACSAR_ws/build/rplidar_ros' returned '0': CMAKE_PREFIX_PATH=${CMAKE_PREFIX_PATH}:/opt/ros/humble /usr/bin/cmake --install /home/ammar/Robotics/Graduation_Project/ACSAR_ws/build/rplidar_ros
[0.777s] Level 1:colcon.colcon_core.environment:checking '/home/ammar/Robotics/Graduation_Project/ACSAR_ws/install/rplidar_ros' for CMake config files
[0.777s] Level 1:colcon.colcon_core.shell:create_environment_hook('rplidar_ros', 'cmake_prefix_path')
[0.777s] INFO:colcon.colcon_core.shell:Creating environment hook '/home/ammar/Robotics/Graduation_Project/ACSAR_ws/install/rplidar_ros/share/rplidar_ros/hook/cmake_prefix_path.ps1'
[0.778s] INFO:colcon.colcon_core.shell:Creating environment descriptor '/home/ammar/Robotics/Graduation_Project/ACSAR_ws/install/rplidar_ros/share/rplidar_ros/hook/cmake_prefix_path.dsv'
[0.779s] INFO:colcon.colcon_core.shell:Creating environment hook '/home/ammar/Robotics/Graduation_Project/ACSAR_ws/install/rplidar_ros/share/rplidar_ros/hook/cmake_prefix_path.sh'
[0.780s] Level 1:colcon.colcon_core.environment:checking '/home/ammar/Robotics/Graduation_Project/ACSAR_ws/install/rplidar_ros/lib'
[0.780s] Level 1:colcon.colcon_core.shell:create_environment_hook('rplidar_ros', 'ld_library_path_lib')
[0.780s] INFO:colcon.colcon_core.shell:Creating environment hook '/home/ammar/Robotics/Graduation_Project/ACSAR_ws/install/rplidar_ros/share/rplidar_ros/hook/ld_library_path_lib.ps1'
[0.781s] INFO:colcon.colcon_core.shell:Creating environment descriptor '/home/ammar/Robotics/Graduation_Project/ACSAR_ws/install/rplidar_ros/share/rplidar_ros/hook/ld_library_path_lib.dsv'
[0.782s] INFO:colcon.colcon_core.shell:Creating environment hook '/home/ammar/Robotics/Graduation_Project/ACSAR_ws/install/rplidar_ros/share/rplidar_ros/hook/ld_library_path_lib.sh'
[0.782s] Level 1:colcon.colcon_core.environment:checking '/home/ammar/Robotics/Graduation_Project/ACSAR_ws/install/rplidar_ros/bin'
[0.783s] Level 1:colcon.colcon_core.environment:checking '/home/ammar/Robotics/Graduation_Project/ACSAR_ws/install/rplidar_ros/lib/pkgconfig/rplidar_ros.pc'
[0.783s] Level 1:colcon.colcon_core.environment:checking '/home/ammar/Robotics/Graduation_Project/ACSAR_ws/install/rplidar_ros/lib/python3.10/site-packages'
[0.784s] Level 1:colcon.colcon_core.environment:checking '/home/ammar/Robotics/Graduation_Project/ACSAR_ws/install/rplidar_ros/bin'
[0.784s] INFO:colcon.colcon_core.shell:Creating package script '/home/ammar/Robotics/Graduation_Project/ACSAR_ws/install/rplidar_ros/share/rplidar_ros/package.ps1'
[0.786s] INFO:colcon.colcon_core.shell:Creating package descriptor '/home/ammar/Robotics/Graduation_Project/ACSAR_ws/install/rplidar_ros/share/rplidar_ros/package.dsv'
[0.786s] INFO:colcon.colcon_core.shell:Creating package script '/home/ammar/Robotics/Graduation_Project/ACSAR_ws/install/rplidar_ros/share/rplidar_ros/package.sh'
[0.787s] INFO:colcon.colcon_core.shell:Creating package script '/home/ammar/Robotics/Graduation_Project/ACSAR_ws/install/rplidar_ros/share/rplidar_ros/package.bash'
[0.788s] INFO:colcon.colcon_core.shell:Creating package script '/home/ammar/Robotics/Graduation_Project/ACSAR_ws/install/rplidar_ros/share/rplidar_ros/package.zsh'
[0.789s] Level 1:colcon.colcon_core.environment:create_file_with_runtime_dependencies(/home/ammar/Robotics/Graduation_Project/ACSAR_ws/install/rplidar_ros/share/colcon-core/packages/rplidar_ros)
[0.790s] Level 1:colcon.colcon_core.environment:create_environment_scripts_only(rplidar_ros)
[0.790s] Level 1:colcon.colcon_core.environment:checking '/home/ammar/Robotics/Graduation_Project/ACSAR_ws/install/rplidar_ros' for CMake module files
[0.791s] Level 1:colcon.colcon_core.environment:checking '/home/ammar/Robotics/Graduation_Project/ACSAR_ws/install/rplidar_ros' for CMake config files
[0.792s] Level 1:colcon.colcon_core.shell:create_environment_hook('rplidar_ros', 'cmake_prefix_path')
[0.792s] INFO:colcon.colcon_core.shell:Creating environment hook '/home/ammar/Robotics/Graduation_Project/ACSAR_ws/install/rplidar_ros/share/rplidar_ros/hook/cmake_prefix_path.ps1'
[0.794s] INFO:colcon.colcon_core.shell:Creating environment descriptor '/home/ammar/Robotics/Graduation_Project/ACSAR_ws/install/rplidar_ros/share/rplidar_ros/hook/cmake_prefix_path.dsv'
[0.794s] INFO:colcon.colcon_core.shell:Creating environment hook '/home/ammar/Robotics/Graduation_Project/ACSAR_ws/install/rplidar_ros/share/rplidar_ros/hook/cmake_prefix_path.sh'
[0.796s] Level 1:colcon.colcon_core.environment:checking '/home/ammar/Robotics/Graduation_Project/ACSAR_ws/install/rplidar_ros/lib'
[0.796s] Level 1:colcon.colcon_core.shell:create_environment_hook('rplidar_ros', 'ld_library_path_lib')
[0.796s] INFO:colcon.colcon_core.shell:Creating environment hook '/home/ammar/Robotics/Graduation_Project/ACSAR_ws/install/rplidar_ros/share/rplidar_ros/hook/ld_library_path_lib.ps1'
[0.797s] INFO:colcon.colcon_core.shell:Creating environment descriptor '/home/ammar/Robotics/Graduation_Project/ACSAR_ws/install/rplidar_ros/share/rplidar_ros/hook/ld_library_path_lib.dsv'
[0.798s] INFO:colcon.colcon_core.shell:Creating environment hook '/home/ammar/Robotics/Graduation_Project/ACSAR_ws/install/rplidar_ros/share/rplidar_ros/hook/ld_library_path_lib.sh'
[0.798s] Level 1:colcon.colcon_core.environment:checking '/home/ammar/Robotics/Graduation_Project/ACSAR_ws/install/rplidar_ros/bin'
[0.798s] Level 1:colcon.colcon_core.environment:checking '/home/ammar/Robotics/Graduation_Project/ACSAR_ws/install/rplidar_ros/lib/pkgconfig/rplidar_ros.pc'
[0.799s] Level 1:colcon.colcon_core.environment:checking '/home/ammar/Robotics/Graduation_Project/ACSAR_ws/install/rplidar_ros/lib/python3.10/site-packages'
[0.799s] Level 1:colcon.colcon_core.environment:checking '/home/ammar/Robotics/Graduation_Project/ACSAR_ws/install/rplidar_ros/bin'
[0.800s] INFO:colcon.colcon_core.shell:Creating package script '/home/ammar/Robotics/Graduation_Project/ACSAR_ws/install/rplidar_ros/share/rplidar_ros/package.ps1'
[0.802s] INFO:colcon.colcon_core.shell:Creating package descriptor '/home/ammar/Robotics/Graduation_Project/ACSAR_ws/install/rplidar_ros/share/rplidar_ros/package.dsv'
[0.803s] INFO:colcon.colcon_core.shell:Creating package script '/home/ammar/Robotics/Graduation_Project/ACSAR_ws/install/rplidar_ros/share/rplidar_ros/package.sh'
[0.804s] INFO:colcon.colcon_core.shell:Creating package script '/home/ammar/Robotics/Graduation_Project/ACSAR_ws/install/rplidar_ros/share/rplidar_ros/package.bash'
[0.804s] INFO:colcon.colcon_core.shell:Creating package script '/home/ammar/Robotics/Graduation_Project/ACSAR_ws/install/rplidar_ros/share/rplidar_ros/package.zsh'
[0.805s] Level 1:colcon.colcon_core.environment:create_file_with_runtime_dependencies(/home/ammar/Robotics/Graduation_Project/ACSAR_ws/install/rplidar_ros/share/colcon-core/packages/rplidar_ros)
[1.979s] DEBUG:colcon.colcon_core.event_handler.log_command:Invoked command in '/home/ammar/Robotics/Graduation_Project/ACSAR_ws/build/robot_control' returned '2': CMAKE_PREFIX_PATH=${CMAKE_PREFIX_PATH}:/opt/ros/humble /usr/bin/cmake --build /home/ammar/Robotics/Graduation_Project/ACSAR_ws/build/robot_control -- -j12 -l12
[1.979s] Level 1:colcon.colcon_core.environment:create_environment_scripts_only(robot_control)
[1.979s] Level 1:colcon.colcon_core.environment:checking '/home/ammar/Robotics/Graduation_Project/ACSAR_ws/install/robot_control' for CMake module files
[1.980s] Level 1:colcon.colcon_core.environment:checking '/home/ammar/Robotics/Graduation_Project/ACSAR_ws/install/robot_control' for CMake config files
[1.980s] Level 1:colcon.colcon_core.shell:create_environment_hook('robot_control', 'cmake_prefix_path')
[1.980s] INFO:colcon.colcon_core.shell:Creating environment hook '/home/ammar/Robotics/Graduation_Project/ACSAR_ws/install/robot_control/share/robot_control/hook/cmake_prefix_path.ps1'
[1.981s] INFO:colcon.colcon_core.shell:Creating environment descriptor '/home/ammar/Robotics/Graduation_Project/ACSAR_ws/install/robot_control/share/robot_control/hook/cmake_prefix_path.dsv'
[1.981s] INFO:colcon.colcon_core.shell:Creating environment hook '/home/ammar/Robotics/Graduation_Project/ACSAR_ws/install/robot_control/share/robot_control/hook/cmake_prefix_path.sh'
[1.982s] Level 1:colcon.colcon_core.environment:checking '/home/ammar/Robotics/Graduation_Project/ACSAR_ws/install/robot_control/lib'
[1.982s] Level 1:colcon.colcon_core.shell:create_environment_hook('robot_control', 'ld_library_path_lib')
[1.982s] INFO:colcon.colcon_core.shell:Creating environment hook '/home/ammar/Robotics/Graduation_Project/ACSAR_ws/install/robot_control/share/robot_control/hook/ld_library_path_lib.ps1'
[1.983s] INFO:colcon.colcon_core.shell:Creating environment descriptor '/home/ammar/Robotics/Graduation_Project/ACSAR_ws/install/robot_control/share/robot_control/hook/ld_library_path_lib.dsv'
[1.983s] INFO:colcon.colcon_core.shell:Creating environment hook '/home/ammar/Robotics/Graduation_Project/ACSAR_ws/install/robot_control/share/robot_control/hook/ld_library_path_lib.sh'
[1.984s] Level 1:colcon.colcon_core.environment:checking '/home/ammar/Robotics/Graduation_Project/ACSAR_ws/install/robot_control/bin'
[1.984s] Level 1:colcon.colcon_core.environment:checking '/home/ammar/Robotics/Graduation_Project/ACSAR_ws/install/robot_control/lib/pkgconfig/robot_control.pc'
[1.984s] Level 1:colcon.colcon_core.environment:checking '/home/ammar/Robotics/Graduation_Project/ACSAR_ws/install/robot_control/lib/python3.10/site-packages'
[1.985s] Level 1:colcon.colcon_core.environment:checking '/home/ammar/Robotics/Graduation_Project/ACSAR_ws/install/robot_control/bin'
[1.985s] INFO:colcon.colcon_core.shell:Creating package script '/home/ammar/Robotics/Graduation_Project/ACSAR_ws/install/robot_control/share/robot_control/package.ps1'
[1.986s] INFO:colcon.colcon_core.shell:Creating package descriptor '/home/ammar/Robotics/Graduation_Project/ACSAR_ws/install/robot_control/share/robot_control/package.dsv'
[1.986s] INFO:colcon.colcon_core.shell:Creating package script '/home/ammar/Robotics/Graduation_Project/ACSAR_ws/install/robot_control/share/robot_control/package.sh'
[1.987s] INFO:colcon.colcon_core.shell:Creating package script '/home/ammar/Robotics/Graduation_Project/ACSAR_ws/install/robot_control/share/robot_control/package.bash'
[1.987s] INFO:colcon.colcon_core.shell:Creating package script '/home/ammar/Robotics/Graduation_Project/ACSAR_ws/install/robot_control/share/robot_control/package.zsh'
[1.988s] Level 1:colcon.colcon_core.environment:create_file_with_runtime_dependencies(/home/ammar/Robotics/Graduation_Project/ACSAR_ws/install/robot_control/share/colcon-core/packages/robot_control)
[1.998s] DEBUG:colcon.colcon_parallel_executor.executor.parallel:closing loop
[1.998s] DEBUG:colcon.colcon_parallel_executor.executor.parallel:loop closed
[1.998s] DEBUG:colcon.colcon_parallel_executor.executor.parallel:run_until_complete finished with '2'
[1.999s] DEBUG:colcon.colcon_core.event_reactor:joining thread
[2.006s] INFO:colcon.colcon_core.plugin_system:Skipping extension 'colcon_notification.desktop_notification.terminal_notifier': Not used on non-Darwin systems
[2.006s] INFO:colcon.colcon_core.plugin_system:Skipping extension 'colcon_notification.desktop_notification.win32': Not used on non-Windows systems
[2.006s] INFO:colcon.colcon_notification.desktop_notification:Sending desktop notification using 'notify2'
[2.018s] DEBUG:colcon.colcon_core.event_reactor:joined thread
[2.018s] INFO:colcon.colcon_core.shell:Creating prefix script '/home/ammar/Robotics/Graduation_Project/ACSAR_ws/install/local_setup.ps1'
[2.019s] INFO:colcon.colcon_core.shell:Creating prefix util module '/home/ammar/Robotics/Graduation_Project/ACSAR_ws/install/_local_setup_util_ps1.py'
[2.021s] INFO:colcon.colcon_core.shell:Creating prefix chain script '/home/ammar/Robotics/Graduation_Project/ACSAR_ws/install/setup.ps1'
[2.022s] INFO:colcon.colcon_core.shell:Creating prefix script '/home/ammar/Robotics/Graduation_Project/ACSAR_ws/install/local_setup.sh'
[2.023s] INFO:colcon.colcon_core.shell:Creating prefix util module '/home/ammar/Robotics/Graduation_Project/ACSAR_ws/install/_local_setup_util_sh.py'
[2.024s] INFO:colcon.colcon_core.shell:Creating prefix chain script '/home/ammar/Robotics/Graduation_Project/ACSAR_ws/install/setup.sh'
[2.025s] INFO:colcon.colcon_core.shell:Creating prefix script '/home/ammar/Robotics/Graduation_Project/ACSAR_ws/install/local_setup.bash'
[2.026s] INFO:colcon.colcon_core.shell:Creating prefix chain script '/home/ammar/Robotics/Graduation_Project/ACSAR_ws/install/setup.bash'
[2.027s] INFO:colcon.colcon_core.shell:Creating prefix script '/home/ammar/Robotics/Graduation_Project/ACSAR_ws/install/local_setup.zsh'
[2.028s] INFO:colcon.colcon_core.shell:Creating prefix chain script '/home/ammar/Robotics/Graduation_Project/ACSAR_ws/install/setup.zsh'
