[0.073s] Invoking command in '/home/ammar/Robotics/Graduation_Project/ACSAR_ws/build/robot_nav': CMAKE_PREFIX_PATH=${CMAKE_PREFIX_PATH}:/opt/ros/humble /usr/bin/cmake --build /home/ammar/Robotics/Graduation_Project/ACSAR_ws/build/robot_nav -- -j12 -l12
[0.162s] Invoked command in '/home/ammar/Robotics/Graduation_Project/ACSAR_ws/build/robot_nav' returned '0': CMAKE_PREFIX_PATH=${CMAKE_PREFIX_PATH}:/opt/ros/humble /usr/bin/cmake --build /home/ammar/Robotics/Graduation_Project/ACSAR_ws/build/robot_nav -- -j12 -l12
[0.186s] Invoking command in '/home/ammar/Robotics/Graduation_Project/ACSAR_ws/build/robot_nav': CMAKE_PREFIX_PATH=${CMAKE_PREFIX_PATH}:/opt/ros/humble /usr/bin/cmake --install /home/ammar/Robotics/Graduation_Project/ACSAR_ws/build/robot_nav
[0.197s] -- Install configuration: ""
[0.198s] -- Up-to-date: /home/ammar/Robotics/Graduation_Project/ACSAR_ws/install/robot_nav/lib/robot_nav/Autonomous_navigation.py
[0.198s] -- Up-to-date: /home/ammar/Robotics/Graduation_Project/ACSAR_ws/install/robot_nav/lib/robot_nav/Speach_recorder.py
[0.198s] -- Up-to-date: /home/ammar/Robotics/Graduation_Project/ACSAR_ws/install/robot_nav/lib/robot_nav/test_speech.py
[0.198s] -- Up-to-date: /home/ammar/Robotics/Graduation_Project/ACSAR_ws/install/robot_nav/share/robot_nav/launch
[0.198s] -- Up-to-date: /home/ammar/Robotics/Graduation_Project/ACSAR_ws/install/robot_nav/share/robot_nav/launch/Navigation_system.launch.py
[0.198s] -- Installing: /home/ammar/Robotics/Graduation_Project/ACSAR_ws/install/robot_nav/share/robot_nav/launch/Navigation_system_sim.launch.py
[0.198s] -- Up-to-date: /home/ammar/Robotics/Graduation_Project/ACSAR_ws/install/robot_nav/share/robot_nav/launch/nodes.launch.py
[0.199s] -- Up-to-date: /home/ammar/Robotics/Graduation_Project/ACSAR_ws/install/robot_nav/share/robot_nav/launch/nav.launch.py
[0.199s] -- Up-to-date: /home/ammar/Robotics/Graduation_Project/ACSAR_ws/install/robot_nav/share/robot_nav/launch/nav_sim.launch.py
[0.199s] -- Up-to-date: /home/ammar/Robotics/Graduation_Project/ACSAR_ws/install/robot_nav/share/robot_nav/config
[0.199s] -- Up-to-date: /home/ammar/Robotics/Graduation_Project/ACSAR_ws/install/robot_nav/share/robot_nav/config/nav2_params.yaml
[0.199s] -- Up-to-date: /home/ammar/Robotics/Graduation_Project/ACSAR_ws/install/robot_nav/share/ament_index/resource_index/package_run_dependencies/robot_nav
[0.200s] -- Up-to-date: /home/ammar/Robotics/Graduation_Project/ACSAR_ws/install/robot_nav/share/ament_index/resource_index/parent_prefix_path/robot_nav
[0.200s] -- Up-to-date: /home/ammar/Robotics/Graduation_Project/ACSAR_ws/install/robot_nav/share/robot_nav/environment/ament_prefix_path.sh
[0.200s] -- Up-to-date: /home/ammar/Robotics/Graduation_Project/ACSAR_ws/install/robot_nav/share/robot_nav/environment/ament_prefix_path.dsv
[0.200s] -- Up-to-date: /home/ammar/Robotics/Graduation_Project/ACSAR_ws/install/robot_nav/share/robot_nav/environment/path.sh
[0.200s] -- Up-to-date: /home/ammar/Robotics/Graduation_Project/ACSAR_ws/install/robot_nav/share/robot_nav/environment/path.dsv
[0.201s] -- Up-to-date: /home/ammar/Robotics/Graduation_Project/ACSAR_ws/install/robot_nav/share/robot_nav/local_setup.bash
[0.201s] -- Up-to-date: /home/ammar/Robotics/Graduation_Project/ACSAR_ws/install/robot_nav/share/robot_nav/local_setup.sh
[0.202s] -- Up-to-date: /home/ammar/Robotics/Graduation_Project/ACSAR_ws/install/robot_nav/share/robot_nav/local_setup.zsh
[0.204s] -- Up-to-date: /home/ammar/Robotics/Graduation_Project/ACSAR_ws/install/robot_nav/share/robot_nav/local_setup.dsv
[0.207s] -- Installing: /home/ammar/Robotics/Graduation_Project/ACSAR_ws/install/robot_nav/share/robot_nav/package.dsv
[0.208s] -- Up-to-date: /home/ammar/Robotics/Graduation_Project/ACSAR_ws/install/robot_nav/share/ament_index/resource_index/packages/robot_nav
[0.208s] -- Up-to-date: /home/ammar/Robotics/Graduation_Project/ACSAR_ws/install/robot_nav/share/robot_nav/cmake/robot_navConfig.cmake
[0.209s] -- Up-to-date: /home/ammar/Robotics/Graduation_Project/ACSAR_ws/install/robot_nav/share/robot_nav/cmake/robot_navConfig-version.cmake
[0.210s] -- Up-to-date: /home/ammar/Robotics/Graduation_Project/ACSAR_ws/install/robot_nav/share/robot_nav/package.xml
[0.213s] Invoked command in '/home/ammar/Robotics/Graduation_Project/ACSAR_ws/build/robot_nav' returned '0': CMAKE_PREFIX_PATH=${CMAKE_PREFIX_PATH}:/opt/ros/humble /usr/bin/cmake --install /home/ammar/Robotics/Graduation_Project/ACSAR_ws/build/robot_nav
