[0.019s] Invoking command in '/home/ammar/Robotics/Graduation_Project/ACSAR_ws/build/robot_perception': CMAKE_PREFIX_PATH=${CMAKE_PREFIX_PATH}:/opt/ros/humble /usr/bin/cmake /home/ammar/Robotics/Graduation_Project/ACSAR_ws/src/robot_perception -DCMAKE_INSTALL_PREFIX=/home/ammar/Robotics/Graduation_Project/ACSAR_ws/install/robot_perception
[0.068s] -- The C compiler identification is GNU 11.4.0
[0.125s] -- The CXX compiler identification is GNU 11.4.0
[0.134s] -- Detecting C compiler ABI info
[0.197s] -- Detecting C compiler ABI info - done
[0.204s] -- Check for working C compiler: /usr/bin/cc - skipped
[0.205s] -- Detecting C compile features
[0.205s] -- Detecting C compile features - done
[0.208s] -- Detecting CXX compiler ABI info
[0.278s] -- Detecting CXX compiler ABI info - done
[0.293s] -- Check for working CXX compiler: /usr/bin/c++ - skipped
[0.293s] -- Detecting CXX compile features
[0.294s] -- Detecting CXX compile features - done
[0.296s] -- Found ament_cmake: 1.3.11 (/opt/ros/humble/share/ament_cmake/cmake)
[0.481s] -- Found Python3: /usr/bin/python3 (found version "3.10.12") found components: Interpreter 
[0.565s] -- Found rclcpp: 16.0.11 (/opt/ros/humble/share/rclcpp/cmake)
[0.604s] -- Found rosidl_generator_c: 3.1.6 (/opt/ros/humble/share/rosidl_generator_c/cmake)
[0.608s] -- Found rosidl_adapter: 3.1.6 (/opt/ros/humble/share/rosidl_adapter/cmake)
[0.616s] -- Found rosidl_generator_cpp: 3.1.6 (/opt/ros/humble/share/rosidl_generator_cpp/cmake)
[0.627s] -- Using all available rosidl_typesupport_c: rosidl_typesupport_fastrtps_c;rosidl_typesupport_introspection_c
[0.642s] -- Using all available rosidl_typesupport_cpp: rosidl_typesupport_fastrtps_cpp;rosidl_typesupport_introspection_cpp
[0.683s] -- Found rmw_implementation_cmake: 6.1.2 (/opt/ros/humble/share/rmw_implementation_cmake/cmake)
[0.685s] -- Found rmw_fastrtps_cpp: 6.2.7 (/opt/ros/humble/share/rmw_fastrtps_cpp/cmake)
[0.761s] -- Found OpenSSL: /usr/lib/x86_64-linux-gnu/libcrypto.so (found version "3.0.2")  
[0.794s] -- Found FastRTPS: /opt/ros/humble/include  
[0.845s] -- Using RMW implementation 'rmw_fastrtps_cpp' as default
[0.856s] -- Looking for pthread.h
[0.920s] -- Looking for pthread.h - found
[0.921s] -- Performing Test CMAKE_HAVE_LIBC_PTHREAD
[0.987s] -- Performing Test CMAKE_HAVE_LIBC_PTHREAD - Success
[0.989s] -- Found Threads: TRUE  
[1.073s] -- Found rclpy: 3.3.15 (/opt/ros/humble/share/rclpy/cmake)
[1.075s] -- Found sensor_msgs: 4.2.4 (/opt/ros/humble/share/sensor_msgs/cmake)
[1.125s] -- Found cv_bridge: 3.2.1 (/opt/ros/humble/share/cv_bridge/cmake)
[1.140s] -- Found OpenCV: /usr (found version "4.5.4") 
[1.203s] -- Configuring done
[1.207s] -- Generating done
[1.209s] -- Build files have been written to: /home/ammar/Robotics/Graduation_Project/ACSAR_ws/build/robot_perception
[1.218s] Invoked command in '/home/ammar/Robotics/Graduation_Project/ACSAR_ws/build/robot_perception' returned '0': CMAKE_PREFIX_PATH=${CMAKE_PREFIX_PATH}:/opt/ros/humble /usr/bin/cmake /home/ammar/Robotics/Graduation_Project/ACSAR_ws/src/robot_perception -DCMAKE_INSTALL_PREFIX=/home/ammar/Robotics/Graduation_Project/ACSAR_ws/install/robot_perception
[1.220s] Invoking command in '/home/ammar/Robotics/Graduation_Project/ACSAR_ws/build/robot_perception': CMAKE_PREFIX_PATH=${CMAKE_PREFIX_PATH}:/opt/ros/humble /usr/bin/cmake --build /home/ammar/Robotics/Graduation_Project/ACSAR_ws/build/robot_perception -- -j12 -l12
[1.253s] Invoked command in '/home/ammar/Robotics/Graduation_Project/ACSAR_ws/build/robot_perception' returned '0': CMAKE_PREFIX_PATH=${CMAKE_PREFIX_PATH}:/opt/ros/humble /usr/bin/cmake --build /home/ammar/Robotics/Graduation_Project/ACSAR_ws/build/robot_perception -- -j12 -l12
[1.254s] Invoking command in '/home/ammar/Robotics/Graduation_Project/ACSAR_ws/build/robot_perception': CMAKE_PREFIX_PATH=${CMAKE_PREFIX_PATH}:/opt/ros/humble /usr/bin/cmake --install /home/ammar/Robotics/Graduation_Project/ACSAR_ws/build/robot_perception
[1.261s] -- Install configuration: ""
[1.261s] -- Installing: /home/ammar/Robotics/Graduation_Project/ACSAR_ws/install/robot_perception/lib/robot_perception/perception.py
[1.261s] -- Installing: /home/ammar/Robotics/Graduation_Project/ACSAR_ws/install/robot_perception/share/ament_index/resource_index/package_run_dependencies/robot_perception
[1.261s] -- Installing: /home/ammar/Robotics/Graduation_Project/ACSAR_ws/install/robot_perception/share/ament_index/resource_index/parent_prefix_path/robot_perception
[1.261s] -- Installing: /home/ammar/Robotics/Graduation_Project/ACSAR_ws/install/robot_perception/share/robot_perception/environment/ament_prefix_path.sh
[1.261s] -- Installing: /home/ammar/Robotics/Graduation_Project/ACSAR_ws/install/robot_perception/share/robot_perception/environment/ament_prefix_path.dsv
[1.261s] -- Installing: /home/ammar/Robotics/Graduation_Project/ACSAR_ws/install/robot_perception/share/robot_perception/environment/path.sh
[1.262s] -- Installing: /home/ammar/Robotics/Graduation_Project/ACSAR_ws/install/robot_perception/share/robot_perception/environment/path.dsv
[1.262s] -- Installing: /home/ammar/Robotics/Graduation_Project/ACSAR_ws/install/robot_perception/share/robot_perception/local_setup.bash
[1.262s] -- Installing: /home/ammar/Robotics/Graduation_Project/ACSAR_ws/install/robot_perception/share/robot_perception/local_setup.sh
[1.262s] -- Installing: /home/ammar/Robotics/Graduation_Project/ACSAR_ws/install/robot_perception/share/robot_perception/local_setup.zsh
[1.262s] -- Installing: /home/ammar/Robotics/Graduation_Project/ACSAR_ws/install/robot_perception/share/robot_perception/local_setup.dsv
[1.262s] -- Installing: /home/ammar/Robotics/Graduation_Project/ACSAR_ws/install/robot_perception/share/robot_perception/package.dsv
[1.263s] -- Installing: /home/ammar/Robotics/Graduation_Project/ACSAR_ws/install/robot_perception/share/ament_index/resource_index/packages/robot_perception
[1.263s] -- Installing: /home/ammar/Robotics/Graduation_Project/ACSAR_ws/install/robot_perception/share/robot_perception/cmake/robot_perceptionConfig.cmake
[1.263s] -- Installing: /home/ammar/Robotics/Graduation_Project/ACSAR_ws/install/robot_perception/share/robot_perception/cmake/robot_perceptionConfig-version.cmake
[1.263s] -- Installing: /home/ammar/Robotics/Graduation_Project/ACSAR_ws/install/robot_perception/share/robot_perception/package.xml
[1.265s] Invoked command in '/home/ammar/Robotics/Graduation_Project/ACSAR_ws/build/robot_perception' returned '0': CMAKE_PREFIX_PATH=${CMAKE_PREFIX_PATH}:/opt/ros/humble /usr/bin/cmake --install /home/ammar/Robotics/Graduation_Project/ACSAR_ws/build/robot_perception
