[0.023s] Invoking command in '/home/ammar/Robotics/Graduation_Project/ACSAR_ws/build/robot_nav': CMAKE_PREFIX_PATH=${CMAKE_PREFIX_PATH}:/opt/ros/humble /usr/bin/cmake --build /home/ammar/Robotics/Graduation_Project/ACSAR_ws/build/robot_nav -- -j12 -l12
[0.047s] -- Found ament_cmake: 1.3.11 (/opt/ros/humble/share/ament_cmake/cmake)
[0.171s] -- Found rclcpp: 16.0.11 (/opt/ros/humble/share/rclcpp/cmake)
[0.200s] -- Found rosidl_generator_c: 3.1.6 (/opt/ros/humble/share/rosidl_generator_c/cmake)
[0.202s] -- Found rosidl_adapter: 3.1.6 (/opt/ros/humble/share/rosidl_adapter/cmake)
[0.207s] -- Found rosidl_generator_cpp: 3.1.6 (/opt/ros/humble/share/rosidl_generator_cpp/cmake)
[0.217s] -- Using all available rosidl_typesupport_c: rosidl_typesupport_fastrtps_c;rosidl_typesupport_introspection_c
[0.229s] -- Using all available rosidl_typesupport_cpp: rosidl_typesupport_fastrtps_cpp;rosidl_typesupport_introspection_cpp
[0.262s] -- Found rmw_implementation_cmake: 6.1.2 (/opt/ros/humble/share/rmw_implementation_cmake/cmake)
[0.263s] -- Found rmw_fastrtps_cpp: 6.2.7 (/opt/ros/humble/share/rmw_fastrtps_cpp/cmake)
[0.371s] -- Using RMW implementation 'rmw_fastrtps_cpp' as default
[0.419s] -- Found geometry_msgs: 4.2.4 (/opt/ros/humble/share/geometry_msgs/cmake)
[0.432s] -- Found sensor_msgs: 4.2.4 (/opt/ros/humble/share/sensor_msgs/cmake)
[0.450s] -- Found nav2_msgs: 1.1.18 (/opt/ros/humble/share/nav2_msgs/cmake)
[0.535s] -- Found tf2_ros: 0.25.12 (/opt/ros/humble/share/tf2_ros/cmake)
[0.613s] -- Found tf2_geometry_msgs: 0.25.12 (/opt/ros/humble/share/tf2_geometry_msgs/cmake)
[0.618s] -- Found eigen3_cmake_module: 0.1.1 (/opt/ros/humble/share/eigen3_cmake_module/cmake)
[0.620s] -- Ensuring Eigen3 include directory is part of orocos-kdl CMake target
[0.622s] -- Found nav2_common: 1.1.18 (/opt/ros/humble/share/nav2_common/cmake)
[0.622s] -- Found nav2_core: 1.1.18 (/opt/ros/humble/share/nav2_core/cmake)
[0.810s] -- Found nav2_behavior_tree: 1.1.18 (/opt/ros/humble/share/nav2_behavior_tree/cmake)
[0.891s] -- Configuring done
[0.896s] -- Generating done
[0.899s] -- Build files have been written to: /home/ammar/Robotics/Graduation_Project/ACSAR_ws/build/robot_nav
[0.921s] Invoked command in '/home/ammar/Robotics/Graduation_Project/ACSAR_ws/build/robot_nav' returned '0': CMAKE_PREFIX_PATH=${CMAKE_PREFIX_PATH}:/opt/ros/humble /usr/bin/cmake --build /home/ammar/Robotics/Graduation_Project/ACSAR_ws/build/robot_nav -- -j12 -l12
[0.922s] Invoking command in '/home/ammar/Robotics/Graduation_Project/ACSAR_ws/build/robot_nav': CMAKE_PREFIX_PATH=${CMAKE_PREFIX_PATH}:/opt/ros/humble /usr/bin/cmake --install /home/ammar/Robotics/Graduation_Project/ACSAR_ws/build/robot_nav
[0.929s] -- Install configuration: ""
[0.929s] -- Up-to-date: /home/ammar/Robotics/Graduation_Project/ACSAR_ws/install/robot_nav/lib/robot_nav/Autonomous_navigation.py
[0.929s] -- Up-to-date: /home/ammar/Robotics/Graduation_Project/ACSAR_ws/install/robot_nav/lib/robot_nav/Speach_recorder.py
[0.929s] -- Up-to-date: /home/ammar/Robotics/Graduation_Project/ACSAR_ws/install/robot_nav/lib/robot_nav/test_speech.py
[0.929s] -- Up-to-date: /home/ammar/Robotics/Graduation_Project/ACSAR_ws/install/robot_nav/share/robot_nav/launch
[0.929s] -- Installing: /home/ammar/Robotics/Graduation_Project/ACSAR_ws/install/robot_nav/share/robot_nav/launch/Navigation_system.launch.py
[0.929s] -- Installing: /home/ammar/Robotics/Graduation_Project/ACSAR_ws/install/robot_nav/share/robot_nav/launch/nodes.launch.py
[0.929s] -- Up-to-date: /home/ammar/Robotics/Graduation_Project/ACSAR_ws/install/robot_nav/share/robot_nav/launch/nav.launch.py
[0.929s] -- Up-to-date: /home/ammar/Robotics/Graduation_Project/ACSAR_ws/install/robot_nav/share/robot_nav/launch/nav_sim.launch.py
[0.929s] -- Up-to-date: /home/ammar/Robotics/Graduation_Project/ACSAR_ws/install/robot_nav/share/robot_nav/config
[0.930s] -- Up-to-date: /home/ammar/Robotics/Graduation_Project/ACSAR_ws/install/robot_nav/share/robot_nav/config/nav2_params.yaml
[0.930s] -- Up-to-date: /home/ammar/Robotics/Graduation_Project/ACSAR_ws/install/robot_nav/share/ament_index/resource_index/package_run_dependencies/robot_nav
[0.930s] -- Installing: /home/ammar/Robotics/Graduation_Project/ACSAR_ws/install/robot_nav/share/ament_index/resource_index/parent_prefix_path/robot_nav
[0.930s] -- Up-to-date: /home/ammar/Robotics/Graduation_Project/ACSAR_ws/install/robot_nav/share/robot_nav/environment/ament_prefix_path.sh
[0.930s] -- Installing: /home/ammar/Robotics/Graduation_Project/ACSAR_ws/install/robot_nav/share/robot_nav/environment/ament_prefix_path.dsv
[0.930s] -- Up-to-date: /home/ammar/Robotics/Graduation_Project/ACSAR_ws/install/robot_nav/share/robot_nav/environment/path.sh
[0.930s] -- Installing: /home/ammar/Robotics/Graduation_Project/ACSAR_ws/install/robot_nav/share/robot_nav/environment/path.dsv
[0.930s] -- Up-to-date: /home/ammar/Robotics/Graduation_Project/ACSAR_ws/install/robot_nav/share/robot_nav/local_setup.bash
[0.930s] -- Up-to-date: /home/ammar/Robotics/Graduation_Project/ACSAR_ws/install/robot_nav/share/robot_nav/local_setup.sh
[0.930s] -- Up-to-date: /home/ammar/Robotics/Graduation_Project/ACSAR_ws/install/robot_nav/share/robot_nav/local_setup.zsh
[0.930s] -- Installing: /home/ammar/Robotics/Graduation_Project/ACSAR_ws/install/robot_nav/share/robot_nav/local_setup.dsv
[0.930s] -- Installing: /home/ammar/Robotics/Graduation_Project/ACSAR_ws/install/robot_nav/share/robot_nav/package.dsv
[0.930s] -- Up-to-date: /home/ammar/Robotics/Graduation_Project/ACSAR_ws/install/robot_nav/share/ament_index/resource_index/packages/robot_nav
[0.930s] -- Up-to-date: /home/ammar/Robotics/Graduation_Project/ACSAR_ws/install/robot_nav/share/robot_nav/cmake/robot_navConfig.cmake
[0.931s] -- Up-to-date: /home/ammar/Robotics/Graduation_Project/ACSAR_ws/install/robot_nav/share/robot_nav/cmake/robot_navConfig-version.cmake
[0.931s] -- Up-to-date: /home/ammar/Robotics/Graduation_Project/ACSAR_ws/install/robot_nav/share/robot_nav/package.xml
[0.932s] Invoked command in '/home/ammar/Robotics/Graduation_Project/ACSAR_ws/build/robot_nav' returned '0': CMAKE_PREFIX_PATH=${CMAKE_PREFIX_PATH}:/opt/ros/humble /usr/bin/cmake --install /home/ammar/Robotics/Graduation_Project/ACSAR_ws/build/robot_nav
