[0.014s] Invoking command in '/home/ammar/Robotics/Graduation_Project/ACSAR_ws/build/robot_control': CMAKE_PREFIX_PATH=${CMAKE_PREFIX_PATH}:/opt/ros/humble /usr/bin/cmake --build /home/ammar/Robotics/Graduation_Project/ACSAR_ws/build/robot_control -- -j12 -l12
[0.031s] -- Found ament_cmake: 1.3.10 (/opt/ros/humble/share/ament_cmake/cmake)
[0.140s] -- Found rclpy: 3.3.14 (/opt/ros/humble/share/rclpy/cmake)
[0.140s] -- Found rclcpp: 16.0.10 (/opt/ros/humble/share/rclcpp/cmake)
[0.168s] -- Found rosidl_generator_c: 3.1.5 (/opt/ros/humble/share/rosidl_generator_c/cmake)
[0.170s] -- Found rosidl_adapter: 3.1.5 (/opt/ros/humble/share/rosidl_adapter/cmake)
[0.175s] -- Found rosidl_generator_cpp: 3.1.5 (/opt/ros/humble/share/rosidl_generator_cpp/cmake)
[0.184s] -- Using all available rosidl_typesupport_c: rosidl_typesupport_fastrtps_c;rosidl_typesupport_introspection_c
[0.195s] -- Using all available rosidl_typesupport_cpp: rosidl_typesupport_fastrtps_cpp;rosidl_typesupport_introspection_cpp
[0.226s] -- Found rmw_implementation_cmake: 6.1.2 (/opt/ros/humble/share/rmw_implementation_cmake/cmake)
[0.227s] -- Found rmw_fastrtps_cpp: 6.2.7 (/opt/ros/humble/share/rmw_fastrtps_cpp/cmake)
[0.320s] -- Using RMW implementation 'rmw_fastrtps_cpp' as default
[0.369s] -- Found geometry_msgs: 4.2.4 (/opt/ros/humble/share/geometry_msgs/cmake)
[0.382s] -- Found ament_lint_auto: 0.12.11 (/opt/ros/humble/share/ament_lint_auto/cmake)
[0.443s] -- Added test 'cppcheck' to perform static code analysis on C / C++ code
[0.443s] -- Configured cppcheck include dirs: /home/ammar/Robotics/Graduation_Project/ACSAR_ws/src/robot_control/include
[0.443s] -- Configured cppcheck exclude dirs and/or files: 
[0.443s] -- Added test 'flake8' to check Python code syntax and style conventions
[0.444s] -- Added test 'lint_cmake' to check CMake code style
[0.444s] -- Added test 'pep257' to check Python code against some of the docstring style conventions in PEP 257
[0.445s] -- Added test 'uncrustify' to check C / C++ code style
[0.445s] -- Configured uncrustify additional arguments: 
[0.445s] -- Added test 'xmllint' to check XML markup files
[0.446s] -- Configuring done
[0.454s] -- Generating done
[0.455s] -- Build files have been written to: /home/ammar/Robotics/Graduation_Project/ACSAR_ws/build/robot_control
[0.474s] [35m[1mConsolidate compiler generated dependencies of target speed_controller[0m
[0.488s] [ 50%] [32mBuilding CXX object CMakeFiles/speed_controller.dir/src/speed_controller.cpp.o[0m
[2.939s] In file included from [01m[K/home/ammar/Robotics/Graduation_Project/ACSAR_ws/src/robot_control/src/speed_controller.cpp:1[m[K:
[2.939s] [01m[K/home/ammar/Robotics/Graduation_Project/ACSAR_ws/src/robot_control/include/robot_control/speed_controller.hpp:23:44:[m[K [01;35m[Kwarning: [m[Kextra ‘[01m[K;[m[K’ [[01;35m[K]8;;https://gcc.gnu.org/onlinedocs/gcc/Warning-Options.html#index-Wpedantic-Wpedantic]8;;[m[K]
[2.939s]    23 |     Eigen::MatrixXd transformation_matrix_;[01;35m[K;[m[K
[2.939s]       |                                            [01;35m[K^[m[K
[2.939s]       |                                            [31m[K-[m[K
[8.739s] [100%] [32m[1mLinking CXX executable speed_controller[0m
[9.096s] [100%] Built target speed_controller
[9.104s] Invoked command in '/home/ammar/Robotics/Graduation_Project/ACSAR_ws/build/robot_control' returned '0': CMAKE_PREFIX_PATH=${CMAKE_PREFIX_PATH}:/opt/ros/humble /usr/bin/cmake --build /home/ammar/Robotics/Graduation_Project/ACSAR_ws/build/robot_control -- -j12 -l12
[9.121s] Invoking command in '/home/ammar/Robotics/Graduation_Project/ACSAR_ws/build/robot_control': CMAKE_PREFIX_PATH=${CMAKE_PREFIX_PATH}:/opt/ros/humble /usr/bin/cmake --install /home/ammar/Robotics/Graduation_Project/ACSAR_ws/build/robot_control
[9.126s] -- Install configuration: ""
[9.126s] -- Installing: /home/ammar/Robotics/Graduation_Project/ACSAR_ws/install/robot_control/lib/robot_control/speed_controller
[9.129s] -- Set runtime path of "/home/ammar/Robotics/Graduation_Project/ACSAR_ws/install/robot_control/lib/robot_control/speed_controller" to ""
[9.129s] -- Installing: /home/ammar/Robotics/Graduation_Project/ACSAR_ws/install/robot_control/include/include
[9.129s] -- Installing: /home/ammar/Robotics/Graduation_Project/ACSAR_ws/install/robot_control/include/include/robot_control
[9.130s] -- Installing: /home/ammar/Robotics/Graduation_Project/ACSAR_ws/install/robot_control/include/include/robot_control/speed_controller.hpp
[9.130s] -- Up-to-date: /home/ammar/Robotics/Graduation_Project/ACSAR_ws/install/robot_control/share/robot_control/config
[9.130s] -- Up-to-date: /home/ammar/Robotics/Graduation_Project/ACSAR_ws/install/robot_control/share/robot_control/config/robot_controllers.yaml
[9.130s] -- Up-to-date: /home/ammar/Robotics/Graduation_Project/ACSAR_ws/install/robot_control/share/robot_control/launch
[9.130s] -- Up-to-date: /home/ammar/Robotics/Graduation_Project/ACSAR_ws/install/robot_control/share/robot_control/launch/controller.launch.py
[9.130s] -- Installing: /home/ammar/Robotics/Graduation_Project/ACSAR_ws/install/robot_control/share/ament_index/resource_index/package_run_dependencies/robot_control
[9.130s] -- Installing: /home/ammar/Robotics/Graduation_Project/ACSAR_ws/install/robot_control/share/ament_index/resource_index/parent_prefix_path/robot_control
[9.130s] -- Up-to-date: /home/ammar/Robotics/Graduation_Project/ACSAR_ws/install/robot_control/share/robot_control/environment/ament_prefix_path.sh
[9.130s] -- Installing: /home/ammar/Robotics/Graduation_Project/ACSAR_ws/install/robot_control/share/robot_control/environment/ament_prefix_path.dsv
[9.130s] -- Up-to-date: /home/ammar/Robotics/Graduation_Project/ACSAR_ws/install/robot_control/share/robot_control/environment/path.sh
[9.130s] -- Installing: /home/ammar/Robotics/Graduation_Project/ACSAR_ws/install/robot_control/share/robot_control/environment/path.dsv
[9.130s] -- Up-to-date: /home/ammar/Robotics/Graduation_Project/ACSAR_ws/install/robot_control/share/robot_control/local_setup.bash
[9.131s] -- Up-to-date: /home/ammar/Robotics/Graduation_Project/ACSAR_ws/install/robot_control/share/robot_control/local_setup.sh
[9.131s] -- Up-to-date: /home/ammar/Robotics/Graduation_Project/ACSAR_ws/install/robot_control/share/robot_control/local_setup.zsh
[9.131s] -- Installing: /home/ammar/Robotics/Graduation_Project/ACSAR_ws/install/robot_control/share/robot_control/local_setup.dsv
[9.131s] -- Installing: /home/ammar/Robotics/Graduation_Project/ACSAR_ws/install/robot_control/share/robot_control/package.dsv
[9.131s] -- Up-to-date: /home/ammar/Robotics/Graduation_Project/ACSAR_ws/install/robot_control/share/ament_index/resource_index/packages/robot_control
[9.131s] -- Up-to-date: /home/ammar/Robotics/Graduation_Project/ACSAR_ws/install/robot_control/share/robot_control/cmake/robot_controlConfig.cmake
[9.131s] -- Up-to-date: /home/ammar/Robotics/Graduation_Project/ACSAR_ws/install/robot_control/share/robot_control/cmake/robot_controlConfig-version.cmake
[9.131s] -- Installing: /home/ammar/Robotics/Graduation_Project/ACSAR_ws/install/robot_control/share/robot_control/package.xml
[9.132s] Invoked command in '/home/ammar/Robotics/Graduation_Project/ACSAR_ws/build/robot_control' returned '0': CMAKE_PREFIX_PATH=${CMAKE_PREFIX_PATH}:/opt/ros/humble /usr/bin/cmake --install /home/ammar/Robotics/Graduation_Project/ACSAR_ws/build/robot_control
