[0.019s] Invoking command in '/home/ammar/Robotics/Graduation_Project/ACSAR_ws/build/robot_nav': CMAKE_PREFIX_PATH=${CMAKE_PREFIX_PATH}:/opt/ros/humble /usr/bin/cmake /home/ammar/Robotics/Graduation_Project/ACSAR_ws/src/robot_nav -DCMAKE_INSTALL_PREFIX=/home/ammar/Robotics/Graduation_Project/ACSAR_ws/install/robot_nav
[0.067s] -- The C compiler identification is GNU 11.4.0
[0.118s] -- The CXX compiler identification is GNU 11.4.0
[0.125s] -- Detecting C compiler ABI info
[0.183s] -- Detecting C compiler ABI info - done
[0.196s] -- Check for working C compiler: /usr/bin/cc - skipped
[0.197s] -- Detecting C compile features
[0.197s] -- Detecting C compile features - done
[0.202s] -- Detecting CXX compiler ABI info
[0.279s] -- Detecting CXX compiler ABI info - done
[0.287s] -- Check for working CXX compiler: /usr/bin/c++ - skipped
[0.288s] -- Detecting CXX compile features
[0.288s] -- Detecting CXX compile features - done
[0.290s] -- Found ament_cmake: 1.3.11 (/opt/ros/humble/share/ament_cmake/cmake)
[0.475s] -- Found Python3: /usr/bin/python3 (found version "3.10.12") found components: Interpreter 
[0.568s] -- Found rclcpp: 16.0.11 (/opt/ros/humble/share/rclcpp/cmake)
[0.606s] -- Found rosidl_generator_c: 3.1.6 (/opt/ros/humble/share/rosidl_generator_c/cmake)
[0.610s] -- Found rosidl_adapter: 3.1.6 (/opt/ros/humble/share/rosidl_adapter/cmake)
[0.618s] -- Found rosidl_generator_cpp: 3.1.6 (/opt/ros/humble/share/rosidl_generator_cpp/cmake)
[0.629s] -- Using all available rosidl_typesupport_c: rosidl_typesupport_fastrtps_c;rosidl_typesupport_introspection_c
[0.645s] -- Using all available rosidl_typesupport_cpp: rosidl_typesupport_fastrtps_cpp;rosidl_typesupport_introspection_cpp
[0.690s] -- Found rmw_implementation_cmake: 6.1.2 (/opt/ros/humble/share/rmw_implementation_cmake/cmake)
[0.692s] -- Found rmw_fastrtps_cpp: 6.2.7 (/opt/ros/humble/share/rmw_fastrtps_cpp/cmake)
[0.771s] -- Found OpenSSL: /usr/lib/x86_64-linux-gnu/libcrypto.so (found version "3.0.2")  
[0.807s] -- Found FastRTPS: /opt/ros/humble/include  
[0.849s] -- Using RMW implementation 'rmw_fastrtps_cpp' as default
[0.857s] -- Looking for pthread.h
[0.926s] -- Looking for pthread.h - found
[0.926s] -- Performing Test CMAKE_HAVE_LIBC_PTHREAD
[0.994s] -- Performing Test CMAKE_HAVE_LIBC_PTHREAD - Success
[0.995s] -- Found Threads: TRUE  
[1.067s] -- Found geometry_msgs: 4.2.4 (/opt/ros/humble/share/geometry_msgs/cmake)
[1.090s] -- Found sensor_msgs: 4.2.4 (/opt/ros/humble/share/sensor_msgs/cmake)
[1.121s] -- Found nav2_msgs: 1.1.17 (/opt/ros/humble/share/nav2_msgs/cmake)
[1.189s] -- Found tf2_ros: 0.25.9 (/opt/ros/humble/share/tf2_ros/cmake)
[1.268s] -- Found tf2_geometry_msgs: 0.25.9 (/opt/ros/humble/share/tf2_geometry_msgs/cmake)
[1.289s] -- Found eigen3_cmake_module: 0.1.1 (/opt/ros/humble/share/eigen3_cmake_module/cmake)
[1.290s] -- Found Eigen3: TRUE (found version "3.4.0") 
[1.290s] -- Ensuring Eigen3 include directory is part of orocos-kdl CMake target
[1.294s] -- Found nav2_common: 1.1.17 (/opt/ros/humble/share/nav2_common/cmake)
[1.296s] -- Found nav2_core: 1.1.17 (/opt/ros/humble/share/nav2_core/cmake)
[1.548s] -- Found nav2_behavior_tree: 1.1.17 (/opt/ros/humble/share/nav2_behavior_tree/cmake)
[1.684s] -- Configuring done
[1.693s] -- Generating done
[1.697s] -- Build files have been written to: /home/ammar/Robotics/Graduation_Project/ACSAR_ws/build/robot_nav
[1.718s] Invoked command in '/home/ammar/Robotics/Graduation_Project/ACSAR_ws/build/robot_nav' returned '0': CMAKE_PREFIX_PATH=${CMAKE_PREFIX_PATH}:/opt/ros/humble /usr/bin/cmake /home/ammar/Robotics/Graduation_Project/ACSAR_ws/src/robot_nav -DCMAKE_INSTALL_PREFIX=/home/ammar/Robotics/Graduation_Project/ACSAR_ws/install/robot_nav
[1.720s] Invoking command in '/home/ammar/Robotics/Graduation_Project/ACSAR_ws/build/robot_nav': CMAKE_PREFIX_PATH=${CMAKE_PREFIX_PATH}:/opt/ros/humble /usr/bin/cmake --build /home/ammar/Robotics/Graduation_Project/ACSAR_ws/build/robot_nav -- -j12 -l12
[1.780s] Invoked command in '/home/ammar/Robotics/Graduation_Project/ACSAR_ws/build/robot_nav' returned '0': CMAKE_PREFIX_PATH=${CMAKE_PREFIX_PATH}:/opt/ros/humble /usr/bin/cmake --build /home/ammar/Robotics/Graduation_Project/ACSAR_ws/build/robot_nav -- -j12 -l12
[1.783s] Invoking command in '/home/ammar/Robotics/Graduation_Project/ACSAR_ws/build/robot_nav': CMAKE_PREFIX_PATH=${CMAKE_PREFIX_PATH}:/opt/ros/humble /usr/bin/cmake --install /home/ammar/Robotics/Graduation_Project/ACSAR_ws/build/robot_nav
[1.793s] -- Install configuration: ""
[1.795s] -- Installing: /home/ammar/Robotics/Graduation_Project/ACSAR_ws/install/robot_nav/lib/robot_nav/Autonomous_navigation.py
[1.795s] -- Installing: /home/ammar/Robotics/Graduation_Project/ACSAR_ws/install/robot_nav/lib/robot_nav/Speach_recorder.py
[1.795s] -- Installing: /home/ammar/Robotics/Graduation_Project/ACSAR_ws/install/robot_nav/share/robot_nav/launch
[1.795s] -- Installing: /home/ammar/Robotics/Graduation_Project/ACSAR_ws/install/robot_nav/share/robot_nav/launch/nodes.launch.py
[1.795s] -- Installing: /home/ammar/Robotics/Graduation_Project/ACSAR_ws/install/robot_nav/share/robot_nav/launch/nav.launch.py
[1.796s] -- Installing: /home/ammar/Robotics/Graduation_Project/ACSAR_ws/install/robot_nav/share/robot_nav/config
[1.796s] -- Installing: /home/ammar/Robotics/Graduation_Project/ACSAR_ws/install/robot_nav/share/robot_nav/config/nav2_params.yaml
[1.797s] -- Installing: /home/ammar/Robotics/Graduation_Project/ACSAR_ws/install/robot_nav/share/ament_index/resource_index/package_run_dependencies/robot_nav
[1.797s] -- Installing: /home/ammar/Robotics/Graduation_Project/ACSAR_ws/install/robot_nav/share/ament_index/resource_index/parent_prefix_path/robot_nav
[1.797s] -- Installing: /home/ammar/Robotics/Graduation_Project/ACSAR_ws/install/robot_nav/share/robot_nav/environment/ament_prefix_path.sh
[1.798s] -- Installing: /home/ammar/Robotics/Graduation_Project/ACSAR_ws/install/robot_nav/share/robot_nav/environment/ament_prefix_path.dsv
[1.798s] -- Installing: /home/ammar/Robotics/Graduation_Project/ACSAR_ws/install/robot_nav/share/robot_nav/environment/path.sh
[1.798s] -- Installing: /home/ammar/Robotics/Graduation_Project/ACSAR_ws/install/robot_nav/share/robot_nav/environment/path.dsv
[1.798s] -- Installing: /home/ammar/Robotics/Graduation_Project/ACSAR_ws/install/robot_nav/share/robot_nav/local_setup.bash
[1.798s] -- Installing: /home/ammar/Robotics/Graduation_Project/ACSAR_ws/install/robot_nav/share/robot_nav/local_setup.sh
[1.799s] -- Installing: /home/ammar/Robotics/Graduation_Project/ACSAR_ws/install/robot_nav/share/robot_nav/local_setup.zsh
[1.799s] -- Installing: /home/ammar/Robotics/Graduation_Project/ACSAR_ws/install/robot_nav/share/robot_nav/local_setup.dsv
[1.799s] -- Installing: /home/ammar/Robotics/Graduation_Project/ACSAR_ws/install/robot_nav/share/robot_nav/package.dsv
[1.799s] -- Installing: /home/ammar/Robotics/Graduation_Project/ACSAR_ws/install/robot_nav/share/ament_index/resource_index/packages/robot_nav
[1.799s] -- Installing: /home/ammar/Robotics/Graduation_Project/ACSAR_ws/install/robot_nav/share/robot_nav/cmake/robot_navConfig.cmake
[1.799s] -- Installing: /home/ammar/Robotics/Graduation_Project/ACSAR_ws/install/robot_nav/share/robot_nav/cmake/robot_navConfig-version.cmake
[1.799s] -- Installing: /home/ammar/Robotics/Graduation_Project/ACSAR_ws/install/robot_nav/share/robot_nav/package.xml
[1.804s] Invoked command in '/home/ammar/Robotics/Graduation_Project/ACSAR_ws/build/robot_nav' returned '0': CMAKE_PREFIX_PATH=${CMAKE_PREFIX_PATH}:/opt/ros/humble /usr/bin/cmake --install /home/ammar/Robotics/Graduation_Project/ACSAR_ws/build/robot_nav
