[0.031s] Invoking command in '/home/ammar/Robotics/Graduation_Project/ACSAR_ws/build/robot_control': CMAKE_PREFIX_PATH=${CMAKE_PREFIX_PATH}:/opt/ros/humble /usr/bin/cmake --build /home/ammar/Robotics/Graduation_Project/ACSAR_ws/build/robot_control -- -j12 -l12
[0.103s] -- Found ament_cmake: 1.3.11 (/opt/ros/humble/share/ament_cmake/cmake)
[0.265s] -- Found rclcpp: 16.0.11 (/opt/ros/humble/share/rclcpp/cmake)
[0.311s] -- Found rosidl_generator_c: 3.1.6 (/opt/ros/humble/share/rosidl_generator_c/cmake)
[0.314s] -- Found rosidl_adapter: 3.1.6 (/opt/ros/humble/share/rosidl_adapter/cmake)
[0.324s] -- Found rosidl_generator_cpp: 3.1.6 (/opt/ros/humble/share/rosidl_generator_cpp/cmake)
[0.340s] -- Using all available rosidl_typesupport_c: rosidl_typesupport_fastrtps_c;rosidl_typesupport_introspection_c
[0.360s] -- Using all available rosidl_typesupport_cpp: rosidl_typesupport_fastrtps_cpp;rosidl_typesupport_introspection_cpp
[0.414s] -- Found rmw_implementation_cmake: 6.1.2 (/opt/ros/humble/share/rmw_implementation_cmake/cmake)
[0.417s] -- Found rmw_fastrtps_cpp: 6.2.7 (/opt/ros/humble/share/rmw_fastrtps_cpp/cmake)
[0.532s] -- Using RMW implementation 'rmw_fastrtps_cpp' as default
[0.603s] -- Found rclpy: 3.3.15 (/opt/ros/humble/share/rclpy/cmake)
[0.603s] -- Found sensor_msgs: 4.2.4 (/opt/ros/humble/share/sensor_msgs/cmake)
[0.642s] -- Found hardware_interface: 2.48.0 (/opt/ros/humble/share/hardware_interface/cmake)
[0.773s] -- Checking for module 'libserial'
[0.775s] --   No package 'libserial' found
[0.776s] [31mCMake Error at /usr/share/cmake-3.22/Modules/FindPkgConfig.cmake:603 (message):
[0.776s]   A required package was not found
[0.776s] Call Stack (most recent call first):
[0.776s]   /usr/share/cmake-3.22/Modules/FindPkgConfig.cmake:825 (_pkg_check_modules_internal)
[0.776s]   CMakeLists.txt:19 (pkg_check_modules)
[0.776s] 
[0.776s] [0m
[0.776s] -- Configuring incomplete, errors occurred!
[0.776s] See also "/home/ammar/Robotics/Graduation_Project/ACSAR_ws/build/robot_control/CMakeFiles/CMakeOutput.log".
[0.784s] gmake: *** [Makefile:267: cmake_check_build_system] Error 1
[0.786s] Invoked command in '/home/ammar/Robotics/Graduation_Project/ACSAR_ws/build/robot_control' returned '2': CMAKE_PREFIX_PATH=${CMAKE_PREFIX_PATH}:/opt/ros/humble /usr/bin/cmake --build /home/ammar/Robotics/Graduation_Project/ACSAR_ws/build/robot_control -- -j12 -l12
