[0.025s] Invoking command in '/home/ammar/Robotics/Graduation_Project/ACSAR_ws/src/build/rplidar_ros': CMAKE_PREFIX_PATH=${CMAKE_PREFIX_PATH}:/opt/ros/humble /usr/bin/cmake --build /home/ammar/Robotics/Graduation_Project/ACSAR_ws/src/build/rplidar_ros -- -j12 -l12
[0.059s] [35m[1mConsolidate compiler generated dependencies of target rplidar_composition_node[0m
[0.076s] [ 77%] Built target rplidar_composition_node
[0.085s] [35m[1mConsolidate compiler generated dependencies of target rplidar_composition[0m
[0.100s] [100%] Built target rplidar_composition
[0.112s] Invoked command in '/home/ammar/Robotics/Graduation_Project/ACSAR_ws/src/build/rplidar_ros' returned '0': CMAKE_PREFIX_PATH=${CMAKE_PREFIX_PATH}:/opt/ros/humble /usr/bin/cmake --build /home/ammar/Robotics/Graduation_Project/ACSAR_ws/src/build/rplidar_ros -- -j12 -l12
[0.113s] Invoking command in '/home/ammar/Robotics/Graduation_Project/ACSAR_ws/src/build/rplidar_ros': CMAKE_PREFIX_PATH=${CMAKE_PREFIX_PATH}:/opt/ros/humble /usr/bin/cmake --install /home/ammar/Robotics/Graduation_Project/ACSAR_ws/src/build/rplidar_ros
[0.121s] -- Install configuration: ""
[0.121s] -- Installing: /home/ammar/Robotics/Graduation_Project/ACSAR_ws/src/install/rplidar_ros/lib/rplidar_ros/rplidar_composition
[0.121s] -- Set runtime path of "/home/ammar/Robotics/Graduation_Project/ACSAR_ws/src/install/rplidar_ros/lib/rplidar_ros/rplidar_composition" to ""
[0.122s] -- Installing: /home/ammar/Robotics/Graduation_Project/ACSAR_ws/src/install/rplidar_ros/share/rplidar_ros/launch
[0.122s] -- Installing: /home/ammar/Robotics/Graduation_Project/ACSAR_ws/src/install/rplidar_ros/share/rplidar_ros/launch/view_rplidar_s1_tcp.launch.py
[0.122s] -- Installing: /home/ammar/Robotics/Graduation_Project/ACSAR_ws/src/install/rplidar_ros/share/rplidar_ros/launch/view_rplidar_a3.launch.py
[0.122s] -- Installing: /home/ammar/Robotics/Graduation_Project/ACSAR_ws/src/install/rplidar_ros/share/rplidar_ros/launch/rplidar_s1_tcp.launch.py
[0.122s] -- Installing: /home/ammar/Robotics/Graduation_Project/ACSAR_ws/src/install/rplidar_ros/share/rplidar_ros/launch/rplidar_a3.launch.py
[0.123s] -- Installing: /home/ammar/Robotics/Graduation_Project/ACSAR_ws/src/install/rplidar_ros/share/rplidar_ros/launch/test_rplidar_a3.launch.py
[0.123s] -- Installing: /home/ammar/Robotics/Graduation_Project/ACSAR_ws/src/install/rplidar_ros/share/rplidar_ros/launch/view_rplidar_s1.launch.py
[0.123s] -- Installing: /home/ammar/Robotics/Graduation_Project/ACSAR_ws/src/install/rplidar_ros/share/rplidar_ros/launch/rplidar_s1.launch.py
[0.124s] -- Installing: /home/ammar/Robotics/Graduation_Project/ACSAR_ws/src/install/rplidar_ros/share/rplidar_ros/launch/rplidar.launch.py
[0.124s] -- Installing: /home/ammar/Robotics/Graduation_Project/ACSAR_ws/src/install/rplidar_ros/share/rplidar_ros/launch/view_rplidar.launch.py
[0.124s] -- Installing: /home/ammar/Robotics/Graduation_Project/ACSAR_ws/src/install/rplidar_ros/share/rplidar_ros/rviz
[0.124s] -- Installing: /home/ammar/Robotics/Graduation_Project/ACSAR_ws/src/install/rplidar_ros/share/rplidar_ros/rviz/rplidar.rviz
[0.125s] -- Installing: /home/ammar/Robotics/Graduation_Project/ACSAR_ws/src/install/rplidar_ros/lib/librplidar_composition_node.so
[0.127s] -- Set runtime path of "/home/ammar/Robotics/Graduation_Project/ACSAR_ws/src/install/rplidar_ros/lib/librplidar_composition_node.so" to ""
[0.127s] -- Installing: /home/ammar/Robotics/Graduation_Project/ACSAR_ws/src/install/rplidar_ros/include
[0.128s] -- Installing: /home/ammar/Robotics/Graduation_Project/ACSAR_ws/src/install/rplidar_ros/include/visibility.h
[0.128s] -- Installing: /home/ammar/Robotics/Graduation_Project/ACSAR_ws/src/install/rplidar_ros/include/rplidar_node.hpp
[0.128s] -- Up-to-date: /home/ammar/Robotics/Graduation_Project/ACSAR_ws/src/install/rplidar_ros/lib/rplidar_ros/rplidar_composition
[0.129s] -- Installing: /home/ammar/Robotics/Graduation_Project/ACSAR_ws/src/install/rplidar_ros/share/ament_index/resource_index/package_run_dependencies/rplidar_ros
[0.129s] -- Installing: /home/ammar/Robotics/Graduation_Project/ACSAR_ws/src/install/rplidar_ros/share/ament_index/resource_index/parent_prefix_path/rplidar_ros
[0.129s] -- Installing: /home/ammar/Robotics/Graduation_Project/ACSAR_ws/src/install/rplidar_ros/share/rplidar_ros/environment/ament_prefix_path.sh
[0.130s] -- Installing: /home/ammar/Robotics/Graduation_Project/ACSAR_ws/src/install/rplidar_ros/share/rplidar_ros/environment/ament_prefix_path.dsv
[0.130s] -- Installing: /home/ammar/Robotics/Graduation_Project/ACSAR_ws/src/install/rplidar_ros/share/rplidar_ros/environment/path.sh
[0.130s] -- Installing: /home/ammar/Robotics/Graduation_Project/ACSAR_ws/src/install/rplidar_ros/share/rplidar_ros/environment/path.dsv
[0.131s] -- Installing: /home/ammar/Robotics/Graduation_Project/ACSAR_ws/src/install/rplidar_ros/share/rplidar_ros/local_setup.bash
[0.131s] -- Installing: /home/ammar/Robotics/Graduation_Project/ACSAR_ws/src/install/rplidar_ros/share/rplidar_ros/local_setup.sh
[0.131s] -- Installing: /home/ammar/Robotics/Graduation_Project/ACSAR_ws/src/install/rplidar_ros/share/rplidar_ros/local_setup.zsh
[0.131s] -- Installing: /home/ammar/Robotics/Graduation_Project/ACSAR_ws/src/install/rplidar_ros/share/rplidar_ros/local_setup.dsv
[0.131s] -- Installing: /home/ammar/Robotics/Graduation_Project/ACSAR_ws/src/install/rplidar_ros/share/rplidar_ros/package.dsv
[0.131s] -- Installing: /home/ammar/Robotics/Graduation_Project/ACSAR_ws/src/install/rplidar_ros/share/ament_index/resource_index/packages/rplidar_ros
[0.132s] -- Installing: /home/ammar/Robotics/Graduation_Project/ACSAR_ws/src/install/rplidar_ros/share/ament_index/resource_index/rclcpp_components/rplidar_ros
[0.132s] -- Installing: /home/ammar/Robotics/Graduation_Project/ACSAR_ws/src/install/rplidar_ros/share/rplidar_ros/cmake/ament_cmake_export_dependencies-extras.cmake
[0.132s] -- Installing: /home/ammar/Robotics/Graduation_Project/ACSAR_ws/src/install/rplidar_ros/share/rplidar_ros/cmake/ament_cmake_export_include_directories-extras.cmake
[0.132s] -- Installing: /home/ammar/Robotics/Graduation_Project/ACSAR_ws/src/install/rplidar_ros/share/rplidar_ros/cmake/rplidar_rosConfig.cmake
[0.132s] -- Installing: /home/ammar/Robotics/Graduation_Project/ACSAR_ws/src/install/rplidar_ros/share/rplidar_ros/cmake/rplidar_rosConfig-version.cmake
[0.132s] -- Installing: /home/ammar/Robotics/Graduation_Project/ACSAR_ws/src/install/rplidar_ros/share/rplidar_ros/package.xml
[0.141s] Invoked command in '/home/ammar/Robotics/Graduation_Project/ACSAR_ws/src/build/rplidar_ros' returned '0': CMAKE_PREFIX_PATH=${CMAKE_PREFIX_PATH}:/opt/ros/humble /usr/bin/cmake --install /home/ammar/Robotics/Graduation_Project/ACSAR_ws/src/build/rplidar_ros
