[0.020s] Invoking command in '/home/ammar/Robotics/Graduation_Project/ACSAR_ws/src/build/robot_perception': CMAKE_PREFIX_PATH=${CMAKE_PREFIX_PATH}:/opt/ros/humble /usr/bin/cmake /home/ammar/Robotics/Graduation_Project/ACSAR_ws/src/robot_perception -DCMAKE_INSTALL_PREFIX=/home/ammar/Robotics/Graduation_Project/ACSAR_ws/src/install/robot_perception
[0.068s] -- The C compiler identification is GNU 11.4.0
[0.119s] -- The CXX compiler identification is GNU 11.4.0
[0.126s] -- Detecting C compiler ABI info
[0.184s] -- Detecting C compiler ABI info - done
[0.193s] -- Check for working C compiler: /usr/bin/cc - skipped
[0.193s] -- Detecting C compile features
[0.194s] -- Detecting C compile features - done
[0.197s] -- Detecting CXX compiler ABI info
[0.265s] -- Detecting CXX compiler ABI info - done
[0.277s] -- Check for working CXX compiler: /usr/bin/c++ - skipped
[0.278s] -- Detecting CXX compile features
[0.278s] -- Detecting CXX compile features - done
[0.282s] -- Found ament_cmake: 1.3.11 (/opt/ros/humble/share/ament_cmake/cmake)
[0.455s] -- Found Python3: /usr/bin/python3 (found version "3.10.12") found components: Interpreter 
[0.571s] -- Found rclcpp: 16.0.11 (/opt/ros/humble/share/rclcpp/cmake)
[0.613s] -- Found rosidl_generator_c: 3.1.6 (/opt/ros/humble/share/rosidl_generator_c/cmake)
[0.619s] -- Found rosidl_adapter: 3.1.6 (/opt/ros/humble/share/rosidl_adapter/cmake)
[0.627s] -- Found rosidl_generator_cpp: 3.1.6 (/opt/ros/humble/share/rosidl_generator_cpp/cmake)
[0.639s] -- Using all available rosidl_typesupport_c: rosidl_typesupport_fastrtps_c;rosidl_typesupport_introspection_c
[0.655s] -- Using all available rosidl_typesupport_cpp: rosidl_typesupport_fastrtps_cpp;rosidl_typesupport_introspection_cpp
[0.700s] -- Found rmw_implementation_cmake: 6.1.2 (/opt/ros/humble/share/rmw_implementation_cmake/cmake)
[0.704s] -- Found rmw_fastrtps_cpp: 6.2.7 (/opt/ros/humble/share/rmw_fastrtps_cpp/cmake)
[0.790s] -- Found OpenSSL: /usr/lib/x86_64-linux-gnu/libcrypto.so (found version "3.0.2")  
[0.826s] -- Found FastRTPS: /opt/ros/humble/include  
[0.876s] -- Using RMW implementation 'rmw_fastrtps_cpp' as default
[0.888s] -- Looking for pthread.h
[0.951s] -- Looking for pthread.h - found
[0.951s] -- Performing Test CMAKE_HAVE_LIBC_PTHREAD
[1.014s] -- Performing Test CMAKE_HAVE_LIBC_PTHREAD - Success
[1.015s] -- Found Threads: TRUE  
[1.089s] -- Found rclpy: 3.3.15 (/opt/ros/humble/share/rclpy/cmake)
[1.091s] -- Found sensor_msgs: 4.2.4 (/opt/ros/humble/share/sensor_msgs/cmake)
[1.123s] -- Found cv_bridge: 3.2.1 (/opt/ros/humble/share/cv_bridge/cmake)
[1.138s] -- Found OpenCV: /usr (found version "4.5.4") 
[1.200s] -- Configuring done
[1.206s] -- Generating done
[1.209s] -- Build files have been written to: /home/ammar/Robotics/Graduation_Project/ACSAR_ws/src/build/robot_perception
[1.225s] Invoked command in '/home/ammar/Robotics/Graduation_Project/ACSAR_ws/src/build/robot_perception' returned '0': CMAKE_PREFIX_PATH=${CMAKE_PREFIX_PATH}:/opt/ros/humble /usr/bin/cmake /home/ammar/Robotics/Graduation_Project/ACSAR_ws/src/robot_perception -DCMAKE_INSTALL_PREFIX=/home/ammar/Robotics/Graduation_Project/ACSAR_ws/src/install/robot_perception
[1.227s] Invoking command in '/home/ammar/Robotics/Graduation_Project/ACSAR_ws/src/build/robot_perception': CMAKE_PREFIX_PATH=${CMAKE_PREFIX_PATH}:/opt/ros/humble /usr/bin/cmake --build /home/ammar/Robotics/Graduation_Project/ACSAR_ws/src/build/robot_perception -- -j12 -l12
[1.260s] Invoked command in '/home/ammar/Robotics/Graduation_Project/ACSAR_ws/src/build/robot_perception' returned '0': CMAKE_PREFIX_PATH=${CMAKE_PREFIX_PATH}:/opt/ros/humble /usr/bin/cmake --build /home/ammar/Robotics/Graduation_Project/ACSAR_ws/src/build/robot_perception -- -j12 -l12
[1.262s] Invoking command in '/home/ammar/Robotics/Graduation_Project/ACSAR_ws/src/build/robot_perception': CMAKE_PREFIX_PATH=${CMAKE_PREFIX_PATH}:/opt/ros/humble /usr/bin/cmake --install /home/ammar/Robotics/Graduation_Project/ACSAR_ws/src/build/robot_perception
[1.268s] -- Install configuration: ""
[1.268s] -- Installing: /home/ammar/Robotics/Graduation_Project/ACSAR_ws/src/install/robot_perception/lib/robot_perception/perception.py
[1.269s] -- Installing: /home/ammar/Robotics/Graduation_Project/ACSAR_ws/src/install/robot_perception/share/ament_index/resource_index/package_run_dependencies/robot_perception
[1.269s] -- Installing: /home/ammar/Robotics/Graduation_Project/ACSAR_ws/src/install/robot_perception/share/ament_index/resource_index/parent_prefix_path/robot_perception
[1.269s] -- Installing: /home/ammar/Robotics/Graduation_Project/ACSAR_ws/src/install/robot_perception/share/robot_perception/environment/ament_prefix_path.sh
[1.269s] -- Installing: /home/ammar/Robotics/Graduation_Project/ACSAR_ws/src/install/robot_perception/share/robot_perception/environment/ament_prefix_path.dsv
[1.269s] -- Installing: /home/ammar/Robotics/Graduation_Project/ACSAR_ws/src/install/robot_perception/share/robot_perception/environment/path.sh
[1.270s] -- Installing: /home/ammar/Robotics/Graduation_Project/ACSAR_ws/src/install/robot_perception/share/robot_perception/environment/path.dsv
[1.270s] -- Installing: /home/ammar/Robotics/Graduation_Project/ACSAR_ws/src/install/robot_perception/share/robot_perception/local_setup.bash
[1.270s] -- Installing: /home/ammar/Robotics/Graduation_Project/ACSAR_ws/src/install/robot_perception/share/robot_perception/local_setup.sh
[1.270s] -- Installing: /home/ammar/Robotics/Graduation_Project/ACSAR_ws/src/install/robot_perception/share/robot_perception/local_setup.zsh
[1.270s] -- Installing: /home/ammar/Robotics/Graduation_Project/ACSAR_ws/src/install/robot_perception/share/robot_perception/local_setup.dsv
[1.271s] -- Installing: /home/ammar/Robotics/Graduation_Project/ACSAR_ws/src/install/robot_perception/share/robot_perception/package.dsv
[1.271s] -- Installing: /home/ammar/Robotics/Graduation_Project/ACSAR_ws/src/install/robot_perception/share/ament_index/resource_index/packages/robot_perception
[1.271s] -- Installing: /home/ammar/Robotics/Graduation_Project/ACSAR_ws/src/install/robot_perception/share/robot_perception/cmake/robot_perceptionConfig.cmake
[1.271s] -- Installing: /home/ammar/Robotics/Graduation_Project/ACSAR_ws/src/install/robot_perception/share/robot_perception/cmake/robot_perceptionConfig-version.cmake
[1.271s] -- Installing: /home/ammar/Robotics/Graduation_Project/ACSAR_ws/src/install/robot_perception/share/robot_perception/package.xml
[1.274s] Invoked command in '/home/ammar/Robotics/Graduation_Project/ACSAR_ws/src/build/robot_perception' returned '0': CMAKE_PREFIX_PATH=${CMAKE_PREFIX_PATH}:/opt/ros/humble /usr/bin/cmake --install /home/ammar/Robotics/Graduation_Project/ACSAR_ws/src/build/robot_perception
