[0.014s] Invoking command in '/home/ammar/Robotics/Graduation_Project/ACSAR_ws/build/robot_control': CMAKE_PREFIX_PATH=${CMAKE_PREFIX_PATH}:/opt/ros/humble /usr/bin/cmake --build /home/ammar/Robotics/Graduation_Project/ACSAR_ws/build/robot_control -- -j12 -l12
[0.031s] -- Found ament_cmake: 1.3.10 (/opt/ros/humble/share/ament_cmake/cmake)
[0.142s] -- Found ament_lint_auto: 0.12.11 (/opt/ros/humble/share/ament_lint_auto/cmake)
[0.203s] -- Added test 'flake8' to check Python code syntax and style conventions
[0.204s] -- Added test 'lint_cmake' to check CMake code style
[0.204s] -- Added test 'pep257' to check Python code against some of the docstring style conventions in PEP 257
[0.205s] -- Added test 'xmllint' to check XML markup files
[0.205s] -- Configuring done
[0.207s] -- Generating done
[0.208s] -- Build files have been written to: /home/ammar/Robotics/Graduation_Project/ACSAR_ws/build/robot_control
[0.223s] Invoked command in '/home/ammar/Robotics/Graduation_Project/ACSAR_ws/build/robot_control' returned '0': CMAKE_PREFIX_PATH=${CMAKE_PREFIX_PATH}:/opt/ros/humble /usr/bin/cmake --build /home/ammar/Robotics/Graduation_Project/ACSAR_ws/build/robot_control -- -j12 -l12
[0.240s] Invoking command in '/home/ammar/Robotics/Graduation_Project/ACSAR_ws/build/robot_control': CMAKE_PREFIX_PATH=${CMAKE_PREFIX_PATH}:/opt/ros/humble /usr/bin/cmake --install /home/ammar/Robotics/Graduation_Project/ACSAR_ws/build/robot_control
[0.245s] -- Install configuration: ""
[0.245s] -- Up-to-date: /home/ammar/Robotics/Graduation_Project/ACSAR_ws/install/robot_control/share/robot_control/config
[0.245s] -- Up-to-date: /home/ammar/Robotics/Graduation_Project/ACSAR_ws/install/robot_control/share/robot_control/config/robot_controllers.yaml
[0.245s] -- Up-to-date: /home/ammar/Robotics/Graduation_Project/ACSAR_ws/install/robot_control/share/robot_control/launch
[0.245s] -- Up-to-date: /home/ammar/Robotics/Graduation_Project/ACSAR_ws/install/robot_control/share/robot_control/launch/controller.launch.py
[0.245s] -- Installing: /home/ammar/Robotics/Graduation_Project/ACSAR_ws/install/robot_control/share/ament_index/resource_index/package_run_dependencies/robot_control
[0.246s] -- Installing: /home/ammar/Robotics/Graduation_Project/ACSAR_ws/install/robot_control/share/ament_index/resource_index/parent_prefix_path/robot_control
[0.246s] -- Up-to-date: /home/ammar/Robotics/Graduation_Project/ACSAR_ws/install/robot_control/share/robot_control/environment/ament_prefix_path.sh
[0.246s] -- Installing: /home/ammar/Robotics/Graduation_Project/ACSAR_ws/install/robot_control/share/robot_control/environment/ament_prefix_path.dsv
[0.246s] -- Up-to-date: /home/ammar/Robotics/Graduation_Project/ACSAR_ws/install/robot_control/share/robot_control/environment/path.sh
[0.246s] -- Installing: /home/ammar/Robotics/Graduation_Project/ACSAR_ws/install/robot_control/share/robot_control/environment/path.dsv
[0.246s] -- Up-to-date: /home/ammar/Robotics/Graduation_Project/ACSAR_ws/install/robot_control/share/robot_control/local_setup.bash
[0.246s] -- Up-to-date: /home/ammar/Robotics/Graduation_Project/ACSAR_ws/install/robot_control/share/robot_control/local_setup.sh
[0.246s] -- Up-to-date: /home/ammar/Robotics/Graduation_Project/ACSAR_ws/install/robot_control/share/robot_control/local_setup.zsh
[0.246s] -- Installing: /home/ammar/Robotics/Graduation_Project/ACSAR_ws/install/robot_control/share/robot_control/local_setup.dsv
[0.246s] -- Installing: /home/ammar/Robotics/Graduation_Project/ACSAR_ws/install/robot_control/share/robot_control/package.dsv
[0.246s] -- Up-to-date: /home/ammar/Robotics/Graduation_Project/ACSAR_ws/install/robot_control/share/ament_index/resource_index/packages/robot_control
[0.246s] -- Up-to-date: /home/ammar/Robotics/Graduation_Project/ACSAR_ws/install/robot_control/share/robot_control/cmake/robot_controlConfig.cmake
[0.246s] -- Up-to-date: /home/ammar/Robotics/Graduation_Project/ACSAR_ws/install/robot_control/share/robot_control/cmake/robot_controlConfig-version.cmake
[0.246s] -- Installing: /home/ammar/Robotics/Graduation_Project/ACSAR_ws/install/robot_control/share/robot_control/package.xml
[0.248s] Invoked command in '/home/ammar/Robotics/Graduation_Project/ACSAR_ws/build/robot_control' returned '0': CMAKE_PREFIX_PATH=${CMAKE_PREFIX_PATH}:/opt/ros/humble /usr/bin/cmake --install /home/ammar/Robotics/Graduation_Project/ACSAR_ws/build/robot_control
