[0.034s] Invoking command in '/home/ammar/Robotics/Graduation_Project/ACSAR_ws/build/robot_control': CMAKE_PREFIX_PATH=${CMAKE_PREFIX_PATH}:/opt/ros/humble /usr/bin/cmake --build /home/ammar/Robotics/Graduation_Project/ACSAR_ws/build/robot_control -- -j12 -l12
[0.074s] [35m[1mConsolidate compiler generated dependencies of target robot_control[0m
[0.090s] [100%] Built target robot_control
[0.154s] Invoked command in '/home/ammar/Robotics/Graduation_Project/ACSAR_ws/build/robot_control' returned '0': CMAKE_PREFIX_PATH=${CMAKE_PREFIX_PATH}:/opt/ros/humble /usr/bin/cmake --build /home/ammar/Robotics/Graduation_Project/ACSAR_ws/build/robot_control -- -j12 -l12
[0.155s] Invoking command in '/home/ammar/Robotics/Graduation_Project/ACSAR_ws/build/robot_control': CMAKE_PREFIX_PATH=${CMAKE_PREFIX_PATH}:/opt/ros/humble /usr/bin/cmake --install /home/ammar/Robotics/Graduation_Project/ACSAR_ws/build/robot_control
[0.163s] -- Install configuration: ""
[0.163s] -- Up-to-date: /home/ammar/Robotics/Graduation_Project/ACSAR_ws/install/robot_control/share/robot_control/src/lifecycle_hardware_interface.xml
[0.163s] -- Up-to-date: /home/ammar/Robotics/Graduation_Project/ACSAR_ws/install/robot_control/lib/librobot_control.so
[0.163s] -- Up-to-date: /home/ammar/Robotics/Graduation_Project/ACSAR_ws/install/robot_control/include
[0.164s] -- Up-to-date: /home/ammar/Robotics/Graduation_Project/ACSAR_ws/install/robot_control/include/robot_control
[0.164s] -- Up-to-date: /home/ammar/Robotics/Graduation_Project/ACSAR_ws/install/robot_control/include/robot_control/speed_controller.hpp
[0.164s] -- Up-to-date: /home/ammar/Robotics/Graduation_Project/ACSAR_ws/install/robot_control/include/robot_control/Hardware_Interface.hpp
[0.164s] -- Up-to-date: /home/ammar/Robotics/Graduation_Project/ACSAR_ws/install/robot_control/include/robot_control/noisy_controller.hpp
[0.164s] -- Up-to-date: /home/ammar/Robotics/Graduation_Project/ACSAR_ws/install/robot_control/share/robot_control/config
[0.164s] -- Up-to-date: /home/ammar/Robotics/Graduation_Project/ACSAR_ws/install/robot_control/share/robot_control/config/diff_controller_sim.yaml
[0.164s] -- Up-to-date: /home/ammar/Robotics/Graduation_Project/ACSAR_ws/install/robot_control/share/robot_control/config/robot_controllers.yaml
[0.164s] -- Up-to-date: /home/ammar/Robotics/Graduation_Project/ACSAR_ws/install/robot_control/share/robot_control/config/diff_controller.yaml
[0.165s] -- Up-to-date: /home/ammar/Robotics/Graduation_Project/ACSAR_ws/install/robot_control/share/robot_control/launch
[0.165s] -- Up-to-date: /home/ammar/Robotics/Graduation_Project/ACSAR_ws/install/robot_control/share/robot_control/launch/diff_controller_sim.launch.py
[0.165s] -- Up-to-date: /home/ammar/Robotics/Graduation_Project/ACSAR_ws/install/robot_control/share/robot_control/launch/controller.launch.py
[0.165s] -- Up-to-date: /home/ammar/Robotics/Graduation_Project/ACSAR_ws/install/robot_control/share/robot_control/launch/diff_controller.launch.py
[0.165s] -- Up-to-date: /home/ammar/Robotics/Graduation_Project/ACSAR_ws/install/robot_control/share/robot_control/environment/library_path.sh
[0.165s] -- Up-to-date: /home/ammar/Robotics/Graduation_Project/ACSAR_ws/install/robot_control/share/robot_control/environment/library_path.dsv
[0.165s] -- Up-to-date: /home/ammar/Robotics/Graduation_Project/ACSAR_ws/install/robot_control/share/ament_index/resource_index/package_run_dependencies/robot_control
[0.166s] -- Up-to-date: /home/ammar/Robotics/Graduation_Project/ACSAR_ws/install/robot_control/share/ament_index/resource_index/parent_prefix_path/robot_control
[0.167s] -- Up-to-date: /home/ammar/Robotics/Graduation_Project/ACSAR_ws/install/robot_control/share/robot_control/environment/ament_prefix_path.sh
[0.168s] -- Up-to-date: /home/ammar/Robotics/Graduation_Project/ACSAR_ws/install/robot_control/share/robot_control/environment/ament_prefix_path.dsv
[0.168s] -- Up-to-date: /home/ammar/Robotics/Graduation_Project/ACSAR_ws/install/robot_control/share/robot_control/environment/path.sh
[0.168s] -- Up-to-date: /home/ammar/Robotics/Graduation_Project/ACSAR_ws/install/robot_control/share/robot_control/environment/path.dsv
[0.169s] -- Up-to-date: /home/ammar/Robotics/Graduation_Project/ACSAR_ws/install/robot_control/share/robot_control/local_setup.bash
[0.170s] -- Up-to-date: /home/ammar/Robotics/Graduation_Project/ACSAR_ws/install/robot_control/share/robot_control/local_setup.sh
[0.170s] -- Up-to-date: /home/ammar/Robotics/Graduation_Project/ACSAR_ws/install/robot_control/share/robot_control/local_setup.zsh
[0.171s] -- Up-to-date: /home/ammar/Robotics/Graduation_Project/ACSAR_ws/install/robot_control/share/robot_control/local_setup.dsv
[0.171s] -- Installing: /home/ammar/Robotics/Graduation_Project/ACSAR_ws/install/robot_control/share/robot_control/package.dsv
[0.172s] -- Up-to-date: /home/ammar/Robotics/Graduation_Project/ACSAR_ws/install/robot_control/share/ament_index/resource_index/packages/robot_control
[0.172s] -- Up-to-date: /home/ammar/Robotics/Graduation_Project/ACSAR_ws/install/robot_control/share/ament_index/resource_index/hardware_interface__pluginlib__plugin/robot_control
[0.173s] -- Up-to-date: /home/ammar/Robotics/Graduation_Project/ACSAR_ws/install/robot_control/share/robot_control/cmake/ament_cmake_export_include_directories-extras.cmake
[0.173s] -- Up-to-date: /home/ammar/Robotics/Graduation_Project/ACSAR_ws/install/robot_control/share/robot_control/cmake/ament_cmake_export_libraries-extras.cmake
[0.173s] -- Up-to-date: /home/ammar/Robotics/Graduation_Project/ACSAR_ws/install/robot_control/share/robot_control/cmake/ament_cmake_export_dependencies-extras.cmake
[0.173s] -- Up-to-date: /home/ammar/Robotics/Graduation_Project/ACSAR_ws/install/robot_control/share/robot_control/cmake/robot_controlConfig.cmake
[0.174s] -- Up-to-date: /home/ammar/Robotics/Graduation_Project/ACSAR_ws/install/robot_control/share/robot_control/cmake/robot_controlConfig-version.cmake
[0.175s] -- Up-to-date: /home/ammar/Robotics/Graduation_Project/ACSAR_ws/install/robot_control/share/robot_control/package.xml
[0.176s] Invoked command in '/home/ammar/Robotics/Graduation_Project/ACSAR_ws/build/robot_control' returned '0': CMAKE_PREFIX_PATH=${CMAKE_PREFIX_PATH}:/opt/ros/humble /usr/bin/cmake --install /home/ammar/Robotics/Graduation_Project/ACSAR_ws/build/robot_control
