-- Install configuration: ""
-- Up-to-date: /home/ammar/Robotics/Graduation_Project/ACSAR_ws/install/robot_model/share/robot_model/urdf
-- Up-to-date: /home/ammar/Robotics/Graduation_Project/ACSAR_ws/install/robot_model/share/robot_model/urdf/service_robot.urdf.xml
-- Installing: /home/ammar/Robotics/Graduation_Project/ACSAR_ws/install/robot_model/share/robot_model/urdf/service_robot_real.urdf.xacro
-- Up-to-date: /home/ammar/Robotics/Graduation_Project/ACSAR_ws/install/robot_model/share/robot_model/launch
-- Up-to-date: /home/ammar/Robotics/Graduation_Project/ACSAR_ws/install/robot_model/share/robot_model/launch/real_robot.launch.py
-- Up-to-date: /home/ammar/Robotics/Graduation_Project/ACSAR_ws/install/robot_model/share/robot_model/launch/simulation.launch.py
-- Up-to-date: /home/ammar/Robotics/Graduation_Project/ACSAR_ws/install/robot_model/share/robot_model/launch/gazebo.launch.py
-- Up-to-date: /home/ammar/Robotics/Graduation_Project/ACSAR_ws/install/robot_model/share/ament_index/resource_index/package_run_dependencies/robot_model
-- Up-to-date: /home/ammar/Robotics/Graduation_Project/ACSAR_ws/install/robot_model/share/ament_index/resource_index/parent_prefix_path/robot_model
-- Up-to-date: /home/ammar/Robotics/Graduation_Project/ACSAR_ws/install/robot_model/share/robot_model/environment/ament_prefix_path.sh
-- Up-to-date: /home/ammar/Robotics/Graduation_Project/ACSAR_ws/install/robot_model/share/robot_model/environment/ament_prefix_path.dsv
-- Up-to-date: /home/ammar/Robotics/Graduation_Project/ACSAR_ws/install/robot_model/share/robot_model/environment/path.sh
-- Up-to-date: /home/ammar/Robotics/Graduation_Project/ACSAR_ws/install/robot_model/share/robot_model/environment/path.dsv
-- Up-to-date: /home/ammar/Robotics/Graduation_Project/ACSAR_ws/install/robot_model/share/robot_model/local_setup.bash
-- Up-to-date: /home/ammar/Robotics/Graduation_Project/ACSAR_ws/install/robot_model/share/robot_model/local_setup.sh
-- Up-to-date: /home/ammar/Robotics/Graduation_Project/ACSAR_ws/install/robot_model/share/robot_model/local_setup.zsh
-- Up-to-date: /home/ammar/Robotics/Graduation_Project/ACSAR_ws/install/robot_model/share/robot_model/local_setup.dsv
-- Installing: /home/ammar/Robotics/Graduation_Project/ACSAR_ws/install/robot_model/share/robot_model/package.dsv
-- Up-to-date: /home/ammar/Robotics/Graduation_Project/ACSAR_ws/install/robot_model/share/ament_index/resource_index/packages/robot_model
-- Up-to-date: /home/ammar/Robotics/Graduation_Project/ACSAR_ws/install/robot_model/share/robot_model/cmake/robot_modelConfig.cmake
-- Up-to-date: /home/ammar/Robotics/Graduation_Project/ACSAR_ws/install/robot_model/share/robot_model/cmake/robot_modelConfig-version.cmake
-- Up-to-date: /home/ammar/Robotics/Graduation_Project/ACSAR_ws/install/robot_model/share/robot_model/package.xml
