[0.011s] Invoking command in '/home/ammar/Robotics/Graduation_Project/ACSAR_ws/build/robot_model': /usr/bin/cmake --build /home/ammar/Robotics/Graduation_Project/ACSAR_ws/build/robot_model -- -j12 -l12
[0.028s] -- Found ament_cmake: 1.3.10 (/opt/ros/humble/share/ament_cmake/cmake)
[0.149s] -- Found ament_lint_auto: 0.12.11 (/opt/ros/humble/share/ament_lint_auto/cmake)
[0.214s] -- Added test 'lint_cmake' to check CMake code style
[0.215s] -- Added test 'xmllint' to check XML markup files
[0.216s] -- Configuring done
[0.218s] -- Generating done
[0.219s] -- Build files have been written to: /home/ammar/Robotics/Graduation_Project/ACSAR_ws/build/robot_model
[0.234s] Invoked command in '/home/ammar/Robotics/Graduation_Project/ACSAR_ws/build/robot_model' returned '0': /usr/bin/cmake --build /home/ammar/Robotics/Graduation_Project/ACSAR_ws/build/robot_model -- -j12 -l12
[0.258s] Invoking command in '/home/ammar/Robotics/Graduation_Project/ACSAR_ws/build/robot_model': /usr/bin/cmake --install /home/ammar/Robotics/Graduation_Project/ACSAR_ws/build/robot_model
[0.264s] -- Install configuration: ""
[0.264s] -- Installing: /home/ammar/Robotics/Graduation_Project/ACSAR_ws/install/robot_model/share/robot_model/urdf
[0.264s] -- Installing: /home/ammar/Robotics/Graduation_Project/ACSAR_ws/install/robot_model/share/robot_model/urdf/service_robot.urdf.xml
[0.264s] -- Up-to-date: /home/ammar/Robotics/Graduation_Project/ACSAR_ws/install/robot_model/share/ament_index/resource_index/package_run_dependencies/robot_model
[0.264s] -- Up-to-date: /home/ammar/Robotics/Graduation_Project/ACSAR_ws/install/robot_model/share/ament_index/resource_index/parent_prefix_path/robot_model
[0.264s] -- Up-to-date: /home/ammar/Robotics/Graduation_Project/ACSAR_ws/install/robot_model/share/robot_model/environment/ament_prefix_path.sh
[0.264s] -- Installing: /home/ammar/Robotics/Graduation_Project/ACSAR_ws/install/robot_model/share/robot_model/environment/ament_prefix_path.dsv
[0.264s] -- Up-to-date: /home/ammar/Robotics/Graduation_Project/ACSAR_ws/install/robot_model/share/robot_model/environment/path.sh
[0.264s] -- Installing: /home/ammar/Robotics/Graduation_Project/ACSAR_ws/install/robot_model/share/robot_model/environment/path.dsv
[0.264s] -- Up-to-date: /home/ammar/Robotics/Graduation_Project/ACSAR_ws/install/robot_model/share/robot_model/local_setup.bash
[0.264s] -- Up-to-date: /home/ammar/Robotics/Graduation_Project/ACSAR_ws/install/robot_model/share/robot_model/local_setup.sh
[0.265s] -- Up-to-date: /home/ammar/Robotics/Graduation_Project/ACSAR_ws/install/robot_model/share/robot_model/local_setup.zsh
[0.265s] -- Installing: /home/ammar/Robotics/Graduation_Project/ACSAR_ws/install/robot_model/share/robot_model/local_setup.dsv
[0.265s] -- Installing: /home/ammar/Robotics/Graduation_Project/ACSAR_ws/install/robot_model/share/robot_model/package.dsv
[0.265s] -- Up-to-date: /home/ammar/Robotics/Graduation_Project/ACSAR_ws/install/robot_model/share/ament_index/resource_index/packages/robot_model
[0.265s] -- Up-to-date: /home/ammar/Robotics/Graduation_Project/ACSAR_ws/install/robot_model/share/robot_model/cmake/robot_modelConfig.cmake
[0.265s] -- Up-to-date: /home/ammar/Robotics/Graduation_Project/ACSAR_ws/install/robot_model/share/robot_model/cmake/robot_modelConfig-version.cmake
[0.265s] -- Up-to-date: /home/ammar/Robotics/Graduation_Project/ACSAR_ws/install/robot_model/share/robot_model/package.xml
[0.267s] Invoked command in '/home/ammar/Robotics/Graduation_Project/ACSAR_ws/build/robot_model' returned '0': /usr/bin/cmake --install /home/ammar/Robotics/Graduation_Project/ACSAR_ws/build/robot_model
