[0.025s] Invoking command in '/home/ammar/Robotics/Graduation_Project/ACSAR_ws/build/robot_perception': CMAKE_PREFIX_PATH=${CMAKE_PREFIX_PATH}:/opt/ros/humble /usr/bin/cmake --build /home/ammar/Robotics/Graduation_Project/ACSAR_ws/build/robot_perception -- -j12 -l12
[0.110s] -- Found ament_cmake: 1.3.11 (/opt/ros/humble/share/ament_cmake/cmake)
[0.272s] -- Found rclcpp: 16.0.11 (/opt/ros/humble/share/rclcpp/cmake)
[0.317s] -- Found rosidl_generator_c: 3.1.6 (/opt/ros/humble/share/rosidl_generator_c/cmake)
[0.320s] -- Found rosidl_adapter: 3.1.6 (/opt/ros/humble/share/rosidl_adapter/cmake)
[0.332s] -- Found rosidl_generator_cpp: 3.1.6 (/opt/ros/humble/share/rosidl_generator_cpp/cmake)
[0.345s] -- Using all available rosidl_typesupport_c: rosidl_typesupport_fastrtps_c;rosidl_typesupport_introspection_c
[0.361s] -- Using all available rosidl_typesupport_cpp: rosidl_typesupport_fastrtps_cpp;rosidl_typesupport_introspection_cpp
[0.416s] -- Found rmw_implementation_cmake: 6.1.2 (/opt/ros/humble/share/rmw_implementation_cmake/cmake)
[0.423s] -- Found rmw_fastrtps_cpp: 6.2.7 (/opt/ros/humble/share/rmw_fastrtps_cpp/cmake)
[0.562s] -- Using RMW implementation 'rmw_fastrtps_cpp' as default
[0.641s] -- Found rclpy: 3.3.15 (/opt/ros/humble/share/rclpy/cmake)
[0.642s] -- Found sensor_msgs: 4.2.4 (/opt/ros/humble/share/sensor_msgs/cmake)
[0.679s] -- Found cv_bridge: 3.2.1 (/opt/ros/humble/share/cv_bridge/cmake)
[0.755s] -- Configuring done
[0.760s] -- Generating done
[0.763s] -- Build files have been written to: /home/ammar/Robotics/Graduation_Project/ACSAR_ws/build/robot_perception
[0.784s] Invoked command in '/home/ammar/Robotics/Graduation_Project/ACSAR_ws/build/robot_perception' returned '0': CMAKE_PREFIX_PATH=${CMAKE_PREFIX_PATH}:/opt/ros/humble /usr/bin/cmake --build /home/ammar/Robotics/Graduation_Project/ACSAR_ws/build/robot_perception -- -j12 -l12
[0.785s] Invoking command in '/home/ammar/Robotics/Graduation_Project/ACSAR_ws/build/robot_perception': CMAKE_PREFIX_PATH=${CMAKE_PREFIX_PATH}:/opt/ros/humble /usr/bin/cmake --install /home/ammar/Robotics/Graduation_Project/ACSAR_ws/build/robot_perception
[0.790s] -- Install configuration: ""
[0.790s] -- Up-to-date: /home/ammar/Robotics/Graduation_Project/ACSAR_ws/install/robot_perception/lib/robot_perception/perception.py
[0.790s] -- Up-to-date: /home/ammar/Robotics/Graduation_Project/ACSAR_ws/install/robot_perception/share/robot_perception/config
[0.790s] -- Up-to-date: /home/ammar/Robotics/Graduation_Project/ACSAR_ws/install/robot_perception/share/robot_perception/config/detector_params.yaml
[0.790s] -- Installing: /home/ammar/Robotics/Graduation_Project/ACSAR_ws/install/robot_perception/share/robot_perception/launch
[0.790s] -- Installing: /home/ammar/Robotics/Graduation_Project/ACSAR_ws/install/robot_perception/share/robot_perception/launch/Perception_system_sim.launch.py
[0.790s] -- Installing: /home/ammar/Robotics/Graduation_Project/ACSAR_ws/install/robot_perception/share/robot_perception/launch/Perception_system_real.launch.py
[0.790s] -- Up-to-date: /home/ammar/Robotics/Graduation_Project/ACSAR_ws/install/robot_perception/share/ament_index/resource_index/package_run_dependencies/robot_perception
[0.790s] -- Up-to-date: /home/ammar/Robotics/Graduation_Project/ACSAR_ws/install/robot_perception/share/ament_index/resource_index/parent_prefix_path/robot_perception
[0.790s] -- Up-to-date: /home/ammar/Robotics/Graduation_Project/ACSAR_ws/install/robot_perception/share/robot_perception/environment/ament_prefix_path.sh
[0.790s] -- Installing: /home/ammar/Robotics/Graduation_Project/ACSAR_ws/install/robot_perception/share/robot_perception/environment/ament_prefix_path.dsv
[0.790s] -- Up-to-date: /home/ammar/Robotics/Graduation_Project/ACSAR_ws/install/robot_perception/share/robot_perception/environment/path.sh
[0.791s] -- Installing: /home/ammar/Robotics/Graduation_Project/ACSAR_ws/install/robot_perception/share/robot_perception/environment/path.dsv
[0.791s] -- Up-to-date: /home/ammar/Robotics/Graduation_Project/ACSAR_ws/install/robot_perception/share/robot_perception/local_setup.bash
[0.791s] -- Up-to-date: /home/ammar/Robotics/Graduation_Project/ACSAR_ws/install/robot_perception/share/robot_perception/local_setup.sh
[0.791s] -- Up-to-date: /home/ammar/Robotics/Graduation_Project/ACSAR_ws/install/robot_perception/share/robot_perception/local_setup.zsh
[0.791s] -- Installing: /home/ammar/Robotics/Graduation_Project/ACSAR_ws/install/robot_perception/share/robot_perception/local_setup.dsv
[0.791s] -- Installing: /home/ammar/Robotics/Graduation_Project/ACSAR_ws/install/robot_perception/share/robot_perception/package.dsv
[0.791s] -- Up-to-date: /home/ammar/Robotics/Graduation_Project/ACSAR_ws/install/robot_perception/share/ament_index/resource_index/packages/robot_perception
[0.791s] -- Up-to-date: /home/ammar/Robotics/Graduation_Project/ACSAR_ws/install/robot_perception/share/robot_perception/cmake/robot_perceptionConfig.cmake
[0.791s] -- Up-to-date: /home/ammar/Robotics/Graduation_Project/ACSAR_ws/install/robot_perception/share/robot_perception/cmake/robot_perceptionConfig-version.cmake
[0.791s] -- Up-to-date: /home/ammar/Robotics/Graduation_Project/ACSAR_ws/install/robot_perception/share/robot_perception/package.xml
[0.792s] Invoked command in '/home/ammar/Robotics/Graduation_Project/ACSAR_ws/build/robot_perception' returned '0': CMAKE_PREFIX_PATH=${CMAKE_PREFIX_PATH}:/opt/ros/humble /usr/bin/cmake --install /home/ammar/Robotics/Graduation_Project/ACSAR_ws/build/robot_perception
