In file included from [01m[K/home/ammar/Robotics/Graduation_Project/ACSAR_ws/src/robot_control/src/speed_controller.cpp:1[m[K:
[01m[K/home/ammar/Robotics/Graduation_Project/ACSAR_ws/src/robot_control/include/robot_control/speed_controller.hpp:17:21:[m[K [01;31m[Kerror: [m[Kextra qualification ‘[01m[KSpeedController::[m[K’ on member ‘[01m[KcalculateSpeedTransformationMatrix[m[K’ [[01;31m[K]8;;https://gcc.gnu.org/onlinedocs/gcc/Warning-Options.html#index-fpermissive-fpermissive]8;;[m[K]
   17 |     Eigen::Matrix4d [01;31m[KSpeedController[m[K::calculateSpeedTransformationMatrix(double wheel_radius, double wheel_width);
      |                     [01;31m[K^~~~~~~~~~~~~~~[m[K
In file included from [01m[K/usr/include/eigen3/Eigen/Core:164[m[K,
                 from [01m[K/home/ammar/Robotics/Graduation_Project/ACSAR_ws/src/robot_control/include/robot_control/speed_controller.hpp:7[m[K,
                 from [01m[K/home/ammar/Robotics/Graduation_Project/ACSAR_ws/src/robot_control/src/speed_controller.cpp:1[m[K:
/usr/include/eigen3/Eigen/src/Core/PlainObjectBase.h: In instantiation of ‘[01m[KEigen::PlainObjectBase<Derived>::PlainObjectBase(const Scalar&, const Scalar&, const Scalar&, const Scalar&, const ArgTypes& ...) [with ArgTypes = {double, double, double, double}; Derived = Eigen::Matrix<double, 4, 4>; Eigen::PlainObjectBase<Derived>::Scalar = double][m[K’:
[01m[K/usr/include/eigen3/Eigen/src/Core/Matrix.h:297:37:[m[K   required from ‘[01m[KEigen::Matrix<_Scalar, _Rows, _Cols, _Options, _MaxRows, _MaxCols>::Matrix(const Scalar&, const Scalar&, const Scalar&, const Scalar&, const ArgTypes& ...) [with ArgTypes = {double, double, double, double}; _Scalar = double; int _Rows = 4; int _Cols = 4; int _Options = 0; int _MaxRows = 4; int _MaxCols = 4; Eigen::Matrix<_Scalar, _Rows, _Cols, _Options, _MaxRows, _MaxCols>::Scalar = double][m[K’
[01m[K/home/ammar/Robotics/Graduation_Project/ACSAR_ws/src/robot_control/src/speed_controller.cpp:35:5:[m[K   required from here
[01m[K/usr/include/eigen3/Eigen/src/Core/util/StaticAssert.h:158:51:[m[K [01;31m[Kerror: [m[Kstatic assertion failed: THIS_METHOD_IS_ONLY_FOR_VECTORS_OF_A_SPECIFIC_SIZE
  158 |   EIGEN_STATIC_ASSERT(TYPE::IsVectorAtCompileTime && TYPE::SizeAtCompileTime==SIZE, \
[01m[K/usr/include/eigen3/Eigen/src/Core/util/StaticAssert.h:33:54:[m[K [01;36m[Knote: [m[Kin definition of macro ‘[01m[KEIGEN_STATIC_ASSERT[m[K’
   33 |     #define EIGEN_STATIC_ASSERT(X,MSG) static_assert([01;36m[KX[m[K,#MSG);
      |                                                      [01;36m[K^[m[K
[01m[K/usr/include/eigen3/Eigen/src/Core/PlainObjectBase.h:538:7:[m[K [01;36m[Knote: [m[Kin expansion of macro ‘[01m[KEIGEN_STATIC_ASSERT_VECTOR_SPECIFIC_SIZE[m[K’
  538 |       [01;36m[KEIGEN_STATIC_ASSERT_VECTOR_SPECIFIC_SIZE[m[K(PlainObjectBase, sizeof...(args) + 4);
      |       [01;36m[K^~~~~~~~~~~~~~~~~~~~~~~~~~~~~~~~~~~~~~~~[m[K
[01m[K/usr/include/eigen3/Eigen/src/Core/util/StaticAssert.h:158:51:[m[K [01;36m[Knote: [m[K‘[01m[Kfalse[m[K’ evaluates to false
  158 |   EIGEN_STATIC_ASSERT(TYPE::IsVectorAtCompileTime && TYPE::SizeAtCompileTime==SIZE, \
[01m[K/usr/include/eigen3/Eigen/src/Core/util/StaticAssert.h:33:54:[m[K [01;36m[Knote: [m[Kin definition of macro ‘[01m[KEIGEN_STATIC_ASSERT[m[K’
   33 |     #define EIGEN_STATIC_ASSERT(X,MSG) static_assert([01;36m[KX[m[K,#MSG);
      |                                                      [01;36m[K^[m[K
[01m[K/usr/include/eigen3/Eigen/src/Core/PlainObjectBase.h:538:7:[m[K [01;36m[Knote: [m[Kin expansion of macro ‘[01m[KEIGEN_STATIC_ASSERT_VECTOR_SPECIFIC_SIZE[m[K’
  538 |       [01;36m[KEIGEN_STATIC_ASSERT_VECTOR_SPECIFIC_SIZE[m[K(PlainObjectBase, sizeof...(args) + 4);
      |       [01;36m[K^~~~~~~~~~~~~~~~~~~~~~~~~~~~~~~~~~~~~~~~[m[K
/usr/include/eigen3/Eigen/src/Core/PlainObjectBase.h: In instantiation of ‘[01m[Kvoid Eigen::PlainObjectBase<Derived>::_init2(Eigen::Index, Eigen::Index, typename Eigen::internal::enable_if<(typename Eigen::internal::dense_xpr_base<Derived>::type::SizeAtCompileTime != 2), T0>::type*) [with T0 = double; T1 = double; Derived = Eigen::Matrix<double, 2, 2>; Eigen::Index = long int; typename Eigen::internal::enable_if<(typename Eigen::internal::dense_xpr_base<Derived>::type::SizeAtCompileTime != 2), T0>::type = double; typename Eigen::internal::dense_xpr_base<Derived>::type = Eigen::MatrixBase<Eigen::Matrix<double, 2, 2> >; typename Eigen::internal::traits<T>::XprKind = Eigen::MatrixXpr][m[K’:
[01m[K/usr/include/eigen3/Eigen/src/Core/Matrix.h:340:35:[m[K   required from ‘[01m[KEigen::Matrix<_Scalar, _Rows, _Cols, _Options, _MaxRows, _MaxCols>::Matrix(const T0&, const T1&) [with T0 = double; T1 = double; _Scalar = double; int _Rows = 2; int _Cols = 2; int _Options = 0; int _MaxRows = 2; int _MaxCols = 2][m[K’
[01m[K/home/ammar/Robotics/Graduation_Project/ACSAR_ws/src/robot_control/src/speed_controller.cpp:40:77:[m[K   required from here
[01m[K/usr/include/eigen3/Eigen/src/Core/PlainObjectBase.h:807:27:[m[K [01;31m[Kerror: [m[Kstatic assertion failed: FLOATING_POINT_ARGUMENT_PASSED__INTEGER_WAS_EXPECTED
  807 |       EIGEN_STATIC_ASSERT([01;31m[Kt0_is_integer_alike[m[K &&
      |                           [01;31m[K^~~~~~~~~~~~~~~~~~~[m[K
[01m[K/usr/include/eigen3/Eigen/src/Core/util/StaticAssert.h:33:54:[m[K [01;36m[Knote: [m[Kin definition of macro ‘[01m[KEIGEN_STATIC_ASSERT[m[K’
   33 |     #define EIGEN_STATIC_ASSERT(X,MSG) static_assert([01;36m[KX[m[K,#MSG);
      |                                                      [01;36m[K^[m[K
[01m[K/usr/include/eigen3/Eigen/src/Core/PlainObjectBase.h:807:27:[m[K [01;36m[Knote: [m[K‘[01m[Kt0_is_integer_alike[m[K’ evaluates to false
  807 |       EIGEN_STATIC_ASSERT([01;36m[Kt0_is_integer_alike[m[K &&
      |                           [01;36m[K^~~~~~~~~~~~~~~~~~~[m[K
[01m[K/usr/include/eigen3/Eigen/src/Core/util/StaticAssert.h:33:54:[m[K [01;36m[Knote: [m[Kin definition of macro ‘[01m[KEIGEN_STATIC_ASSERT[m[K’
   33 |     #define EIGEN_STATIC_ASSERT(X,MSG) static_assert([01;36m[KX[m[K,#MSG);
      |                                                      [01;36m[K^[m[K
/usr/include/eigen3/Eigen/src/Core/AssignEvaluator.h: In instantiation of ‘[01m[Kvoid Eigen::internal::call_assignment_no_alias(Dst&, const Src&, const Func&) [with Dst = Eigen::Matrix<double, 2, 2>; Src = Eigen::Matrix<double, 4, 4>; Func = Eigen::internal::assign_op<double, double>][m[K’:
[01m[K/usr/include/eigen3/Eigen/src/Core/AssignEvaluator.h:858:27:[m[K   required from ‘[01m[Kvoid Eigen::internal::call_assignment(Dst&, const Src&, const Func&, typename Eigen::internal::enable_if<(! Eigen::internal::evaluator_assume_aliasing<Src>::value), void*>::type) [with Dst = Eigen::Matrix<double, 2, 2>; Src = Eigen::Matrix<double, 4, 4>; Func = Eigen::internal::assign_op<double, double>; typename Eigen::internal::enable_if<(! Eigen::internal::evaluator_assume_aliasing<Src>::value), void*>::type = void*; typename Eigen::internal::evaluator_traits<SrcXprType>::Shape = Eigen::DenseShape][m[K’
[01m[K/usr/include/eigen3/Eigen/src/Core/AssignEvaluator.h:836:18:[m[K   required from ‘[01m[Kvoid Eigen::internal::call_assignment(Dst&, const Src&) [with Dst = Eigen::Matrix<double, 2, 2>; Src = Eigen::Matrix<double, 4, 4>][m[K’
[01m[K/usr/include/eigen3/Eigen/src/Core/PlainObjectBase.h:779:32:[m[K   required from ‘[01m[KDerived& Eigen::PlainObjectBase<Derived>::_set(const Eigen::DenseBase<OtherDerived>&) [with OtherDerived = Eigen::Matrix<double, 4, 4>; Derived = Eigen::Matrix<double, 2, 2>][m[K’
[01m[K/usr/include/eigen3/Eigen/src/Core/Matrix.h:225:24:[m[K   required from ‘[01m[KEigen::Matrix<_Scalar, _Rows, _Cols, _Options, _MaxRows, _MaxCols>& Eigen::Matrix<_Scalar, _Rows, _Cols, _Options, _MaxRows, _MaxCols>::operator=(const Eigen::DenseBase<OtherDerived>&) [with OtherDerived = Eigen::Matrix<double, 4, 4>; _Scalar = double; int _Rows = 2; int _Cols = 2; int _Options = 0; int _MaxRows = 2; int _MaxCols = 2][m[K’
[01m[K/home/ammar/Robotics/Graduation_Project/ACSAR_ws/src/robot_control/src/speed_controller.cpp:21:109:[m[K   required from here
[01m[K/usr/include/eigen3/Eigen/src/Core/util/StaticAssert.h:177:5:[m[K [01;31m[Kerror: [m[Kstatic assertion failed: YOU_MIXED_MATRICES_OF_DIFFERENT_SIZES
  175 |      [01;31m[K( \[m[K
      |      [01;31m[K~~~[m[K
  176 | [01;31m[K        (int(Eigen::internal::size_of_xpr_at_compile_time<TYPE0>::ret)==0 && int(Eigen::internal::size_of_xpr_at_compile_time<TYPE1>::ret)==0) \[m[K
      |         [01;31m[K~~~~~~~~~~~~~~~~~~~~~~~~~~~~~~~~~~~~~~~~~~~~~~~~~~~~~~~~~~~~~~~~~~~~~~~~~~~~~~~~~~~~~~~~~~~~~~~~~~~~~~~~~~~~~~~~~~~~~~~~~~~~~~~~~~~~~~~~[m[K
  177 | [01;31m[K    || (\[m[K
      |     [01;31m[K^~~~~[m[K
  178 | [01;31m[K          (int(TYPE0::RowsAtCompileTime)==Eigen::Dynamic \[m[K
      |           [01;31m[K~~~~~~~~~~~~~~~~~~~~~~~~~~~~~~~~~~~~~~~~~~~~~~~~[m[K
  179 | [01;31m[K        || int(TYPE1::RowsAtCompileTime)==Eigen::Dynamic \[m[K
      |         [01;31m[K~~~~~~~~~~~~~~~~~~~~~~~~~~~~~~~~~~~~~~~~~~~~~~~~~~[m[K
  180 | [01;31m[K        || int(TYPE0::RowsAtCompileTime)==int(TYPE1::RowsAtCompileTime)) \[m[K
      |         [01;31m[K~~~~~~~~~~~~~~~~~~~~~~~~~~~~~~~~~~~~~~~~~~~~~~~~~~~~~~~~~~~~~~~~~~[m[K
  181 | [01;31m[K      &&  (int(TYPE0::ColsAtCompileTime)==Eigen::Dynamic \[m[K
      |       [01;31m[K~~~~~~~~~~~~~~~~~~~~~~~~~~~~~~~~~~~~~~~~~~~~~~~~~~~~[m[K
  182 | [01;31m[K        || int(TYPE1::ColsAtCompileTime)==Eigen::Dynamic \[m[K
      |         [01;31m[K~~~~~~~~~~~~~~~~~~~~~~~~~~~~~~~~~~~~~~~~~~~~~~~~~~[m[K
  183 | [01;31m[K        || int(TYPE0::ColsAtCompileTime)==int(TYPE1::ColsAtCompileTime))\[m[K
      |         [01;31m[K~~~~~~~~~~~~~~~~~~~~~~~~~~~~~~~~~~~~~~~~~~~~~~~~~~~~~~~~~~~~~~~~~[m[K
  184 | [01;31m[K       ) \[m[K
      |        [01;31m[K~~~[m[K
  185 | [01;31m[K     )[m[K
      |      [01;31m[K~[m[K
[01m[K/usr/include/eigen3/Eigen/src/Core/util/StaticAssert.h:33:54:[m[K [01;36m[Knote: [m[Kin definition of macro ‘[01m[KEIGEN_STATIC_ASSERT[m[K’
   33 |     #define EIGEN_STATIC_ASSERT(X,MSG) static_assert([01;36m[KX[m[K,#MSG);
      |                                                      [01;36m[K^[m[K
[01m[K/usr/include/eigen3/Eigen/src/Core/util/StaticAssert.h:194:6:[m[K [01;36m[Knote: [m[Kin expansion of macro ‘[01m[KEIGEN_PREDICATE_SAME_MATRIX_SIZE[m[K’
  194 |      [01;36m[KEIGEN_PREDICATE_SAME_MATRIX_SIZE[m[K(TYPE0,TYPE1),\
      |      [01;36m[K^~~~~~~~~~~~~~~~~~~~~~~~~~~~~~~~[m[K
[01m[K/usr/include/eigen3/Eigen/src/Core/AssignEvaluator.h:887:3:[m[K [01;36m[Knote: [m[Kin expansion of macro ‘[01m[KEIGEN_STATIC_ASSERT_SAME_MATRIX_SIZE[m[K’
  887 |   [01;36m[KEIGEN_STATIC_ASSERT_SAME_MATRIX_SIZE[m[K(ActualDstTypeCleaned,Src)
      |   [01;36m[K^~~~~~~~~~~~~~~~~~~~~~~~~~~~~~~~~~~~[m[K
[01m[K/usr/include/eigen3/Eigen/src/Core/util/StaticAssert.h:177:5:[m[K [01;36m[Knote: [m[K‘[01m[K(((((int)Eigen::internal::size_of_xpr_at_compile_time<Eigen::Matrix<double, 2, 2> >::ret) == 0) && (((int)Eigen::internal::size_of_xpr_at_compile_time<Eigen::Matrix<double, 4, 4> >::ret) == 0)) || ((((((int)Eigen::Matrix<double, 2, 2>::RowsAtCompileTime) == ((int)Eigen::Dynamic)) || (((int)Eigen::Matrix<double, 4, 4>::RowsAtCompileTime) == ((int)Eigen::Dynamic))) || (((int)Eigen::Matrix<double, 2, 2>::RowsAtCompileTime) == ((int)Eigen::Matrix<double, 4, 4>::RowsAtCompileTime))) && (((((int)Eigen::Matrix<double, 2, 2>::ColsAtCompileTime) == ((int)Eigen::Dynamic)) || (((int)Eigen::Matrix<double, 4, 4>::ColsAtCompileTime) == ((int)Eigen::Dynamic))) || (((int)Eigen::Matrix<double, 2, 2>::ColsAtCompileTime) == ((int)Eigen::Matrix<double, 4, 4>::ColsAtCompileTime)))))[m[K’ evaluates to false
  175 |      [01;36m[K( \[m[K
      |      [01;36m[K~~~[m[K
  176 | [01;36m[K        (int(Eigen::internal::size_of_xpr_at_compile_time<TYPE0>::ret)==0 && int(Eigen::internal::size_of_xpr_at_compile_time<TYPE1>::ret)==0) \[m[K
      |         [01;36m[K~~~~~~~~~~~~~~~~~~~~~~~~~~~~~~~~~~~~~~~~~~~~~~~~~~~~~~~~~~~~~~~~~~~~~~~~~~~~~~~~~~~~~~~~~~~~~~~~~~~~~~~~~~~~~~~~~~~~~~~~~~~~~~~~~~~~~~~~[m[K
  177 | [01;36m[K    || (\[m[K
      |     [01;36m[K^~~~~[m[K
  178 | [01;36m[K          (int(TYPE0::RowsAtCompileTime)==Eigen::Dynamic \[m[K
      |           [01;36m[K~~~~~~~~~~~~~~~~~~~~~~~~~~~~~~~~~~~~~~~~~~~~~~~~[m[K
  179 | [01;36m[K        || int(TYPE1::RowsAtCompileTime)==Eigen::Dynamic \[m[K
      |         [01;36m[K~~~~~~~~~~~~~~~~~~~~~~~~~~~~~~~~~~~~~~~~~~~~~~~~~~[m[K
  180 | [01;36m[K        || int(TYPE0::RowsAtCompileTime)==int(TYPE1::RowsAtCompileTime)) \[m[K
      |         [01;36m[K~~~~~~~~~~~~~~~~~~~~~~~~~~~~~~~~~~~~~~~~~~~~~~~~~~~~~~~~~~~~~~~~~~[m[K
  181 | [01;36m[K      &&  (int(TYPE0::ColsAtCompileTime)==Eigen::Dynamic \[m[K
      |       [01;36m[K~~~~~~~~~~~~~~~~~~~~~~~~~~~~~~~~~~~~~~~~~~~~~~~~~~~~[m[K
  182 | [01;36m[K        || int(TYPE1::ColsAtCompileTime)==Eigen::Dynamic \[m[K
      |         [01;36m[K~~~~~~~~~~~~~~~~~~~~~~~~~~~~~~~~~~~~~~~~~~~~~~~~~~[m[K
  183 | [01;36m[K        || int(TYPE0::ColsAtCompileTime)==int(TYPE1::ColsAtCompileTime))\[m[K
      |         [01;36m[K~~~~~~~~~~~~~~~~~~~~~~~~~~~~~~~~~~~~~~~~~~~~~~~~~~~~~~~~~~~~~~~~~[m[K
  184 | [01;36m[K       ) \[m[K
      |        [01;36m[K~~~[m[K
  185 | [01;36m[K     )[m[K
      |      [01;36m[K~[m[K
[01m[K/usr/include/eigen3/Eigen/src/Core/util/StaticAssert.h:33:54:[m[K [01;36m[Knote: [m[Kin definition of macro ‘[01m[KEIGEN_STATIC_ASSERT[m[K’
   33 |     #define EIGEN_STATIC_ASSERT(X,MSG) static_assert([01;36m[KX[m[K,#MSG);
      |                                                      [01;36m[K^[m[K
[01m[K/usr/include/eigen3/Eigen/src/Core/util/StaticAssert.h:194:6:[m[K [01;36m[Knote: [m[Kin expansion of macro ‘[01m[KEIGEN_PREDICATE_SAME_MATRIX_SIZE[m[K’
  194 |      [01;36m[KEIGEN_PREDICATE_SAME_MATRIX_SIZE[m[K(TYPE0,TYPE1),\
      |      [01;36m[K^~~~~~~~~~~~~~~~~~~~~~~~~~~~~~~~[m[K
[01m[K/usr/include/eigen3/Eigen/src/Core/AssignEvaluator.h:887:3:[m[K [01;36m[Knote: [m[Kin expansion of macro ‘[01m[KEIGEN_STATIC_ASSERT_SAME_MATRIX_SIZE[m[K’
  887 |   [01;36m[KEIGEN_STATIC_ASSERT_SAME_MATRIX_SIZE[m[K(ActualDstTypeCleaned,Src)
      |   [01;36m[K^~~~~~~~~~~~~~~~~~~~~~~~~~~~~~~~~~~~[m[K
In file included from [01m[K/usr/include/eigen3/Eigen/Core:273[m[K,
                 from [01m[K/home/ammar/Robotics/Graduation_Project/ACSAR_ws/src/robot_control/include/robot_control/speed_controller.hpp:7[m[K,
                 from [01m[K/home/ammar/Robotics/Graduation_Project/ACSAR_ws/src/robot_control/src/speed_controller.cpp:1[m[K:
[01m[K/usr/include/eigen3/Eigen/src/Core/MatrixBase.h:332:35:[m[K [01;35m[Kwarning: [m[Kinline function ‘[01m[Kconst Eigen::Inverse<Derived> Eigen::MatrixBase<Derived>::inverse() const [with Derived = Eigen::Block<Eigen::Matrix<double, 2, 2>, 2, 2, false>][m[K’ used but never defined
  332 |     inline const Inverse<Derived> [01;35m[Kinverse[m[K() const;
      |                                   [01;35m[K^~~~~~~[m[K
gmake[2]: *** [CMakeFiles/speed_controller.dir/build.make:76: CMakeFiles/speed_controller.dir/src/speed_controller.cpp.o] Error 1
gmake[1]: *** [CMakeFiles/Makefile2:137: CMakeFiles/speed_controller.dir/all] Error 2
gmake: *** [Makefile:146: all] Error 2
