[0.022s] Invoking command in '/home/ammar/Robotics/Graduation_Project/ACSAR_ws/src/build/robot_model': CMAKE_PREFIX_PATH=${CMAKE_PREFIX_PATH}:/opt/ros/humble /usr/bin/cmake /home/ammar/Robotics/Graduation_Project/ACSAR_ws/src/robot_model -DCMAKE_INSTALL_PREFIX=/home/ammar/Robotics/Graduation_Project/ACSAR_ws/src/install/robot_model
[0.076s] -- The C compiler identification is GNU 11.4.0
[0.132s] -- The CXX compiler identification is GNU 11.4.0
[0.142s] -- Detecting C compiler ABI info
[0.202s] -- Detecting C compiler ABI info - done
[0.215s] -- Check for working C compiler: /usr/bin/cc - skipped
[0.215s] -- Detecting C compile features
[0.216s] -- Detecting C compile features - done
[0.220s] -- Detecting CXX compiler ABI info
[0.303s] -- Detecting CXX compiler ABI info - done
[0.317s] -- Check for working CXX compiler: /usr/bin/c++ - skipped
[0.317s] -- Detecting CXX compile features
[0.318s] -- Detecting CXX compile features - done
[0.322s] -- Found ament_cmake: 1.3.11 (/opt/ros/humble/share/ament_cmake/cmake)
[0.502s] -- Found Python3: /usr/bin/python3 (found version "3.10.12") found components: Interpreter 
[0.590s] -- Found ament_lint_auto: 0.12.11 (/opt/ros/humble/share/ament_lint_auto/cmake)
[0.666s] -- Added test 'flake8' to check Python code syntax and style conventions
[0.667s] -- Added test 'lint_cmake' to check CMake code style
[0.667s] -- Added test 'pep257' to check Python code against some of the docstring style conventions in PEP 257
[0.668s] -- Added test 'xmllint' to check XML markup files
[0.669s] -- Configuring done
[0.672s] -- Generating done
[0.673s] -- Build files have been written to: /home/ammar/Robotics/Graduation_Project/ACSAR_ws/src/build/robot_model
[0.676s] Invoked command in '/home/ammar/Robotics/Graduation_Project/ACSAR_ws/src/build/robot_model' returned '0': CMAKE_PREFIX_PATH=${CMAKE_PREFIX_PATH}:/opt/ros/humble /usr/bin/cmake /home/ammar/Robotics/Graduation_Project/ACSAR_ws/src/robot_model -DCMAKE_INSTALL_PREFIX=/home/ammar/Robotics/Graduation_Project/ACSAR_ws/src/install/robot_model
[0.678s] Invoking command in '/home/ammar/Robotics/Graduation_Project/ACSAR_ws/src/build/robot_model': CMAKE_PREFIX_PATH=${CMAKE_PREFIX_PATH}:/opt/ros/humble /usr/bin/cmake --build /home/ammar/Robotics/Graduation_Project/ACSAR_ws/src/build/robot_model -- -j12 -l12
[0.708s] Invoked command in '/home/ammar/Robotics/Graduation_Project/ACSAR_ws/src/build/robot_model' returned '0': CMAKE_PREFIX_PATH=${CMAKE_PREFIX_PATH}:/opt/ros/humble /usr/bin/cmake --build /home/ammar/Robotics/Graduation_Project/ACSAR_ws/src/build/robot_model -- -j12 -l12
[0.717s] Invoking command in '/home/ammar/Robotics/Graduation_Project/ACSAR_ws/src/build/robot_model': CMAKE_PREFIX_PATH=${CMAKE_PREFIX_PATH}:/opt/ros/humble /usr/bin/cmake --install /home/ammar/Robotics/Graduation_Project/ACSAR_ws/src/build/robot_model
[0.724s] -- Install configuration: ""
[0.725s] -- Installing: /home/ammar/Robotics/Graduation_Project/ACSAR_ws/src/install/robot_model/share/robot_model/urdf
[0.725s] -- Installing: /home/ammar/Robotics/Graduation_Project/ACSAR_ws/src/install/robot_model/share/robot_model/urdf/service_robot_real.urdf.xml
[0.725s] -- Installing: /home/ammar/Robotics/Graduation_Project/ACSAR_ws/src/install/robot_model/share/robot_model/urdf/service_robot.urdf.xml
[0.725s] -- Installing: /home/ammar/Robotics/Graduation_Project/ACSAR_ws/src/install/robot_model/share/robot_model/launch
[0.725s] -- Installing: /home/ammar/Robotics/Graduation_Project/ACSAR_ws/src/install/robot_model/share/robot_model/launch/real_robot.launch.py
[0.725s] -- Installing: /home/ammar/Robotics/Graduation_Project/ACSAR_ws/src/install/robot_model/share/robot_model/launch/simulation.launch.py
[0.725s] -- Installing: /home/ammar/Robotics/Graduation_Project/ACSAR_ws/src/install/robot_model/share/robot_model/launch/gazebo.launch.py
[0.726s] -- Installing: /home/ammar/Robotics/Graduation_Project/ACSAR_ws/src/install/robot_model/share/ament_index/resource_index/package_run_dependencies/robot_model
[0.726s] -- Installing: /home/ammar/Robotics/Graduation_Project/ACSAR_ws/src/install/robot_model/share/ament_index/resource_index/parent_prefix_path/robot_model
[0.726s] -- Installing: /home/ammar/Robotics/Graduation_Project/ACSAR_ws/src/install/robot_model/share/robot_model/environment/ament_prefix_path.sh
[0.726s] -- Installing: /home/ammar/Robotics/Graduation_Project/ACSAR_ws/src/install/robot_model/share/robot_model/environment/ament_prefix_path.dsv
[0.726s] -- Installing: /home/ammar/Robotics/Graduation_Project/ACSAR_ws/src/install/robot_model/share/robot_model/environment/path.sh
[0.727s] -- Installing: /home/ammar/Robotics/Graduation_Project/ACSAR_ws/src/install/robot_model/share/robot_model/environment/path.dsv
[0.727s] -- Installing: /home/ammar/Robotics/Graduation_Project/ACSAR_ws/src/install/robot_model/share/robot_model/local_setup.bash
[0.727s] -- Installing: /home/ammar/Robotics/Graduation_Project/ACSAR_ws/src/install/robot_model/share/robot_model/local_setup.sh
[0.727s] -- Installing: /home/ammar/Robotics/Graduation_Project/ACSAR_ws/src/install/robot_model/share/robot_model/local_setup.zsh
[0.727s] -- Installing: /home/ammar/Robotics/Graduation_Project/ACSAR_ws/src/install/robot_model/share/robot_model/local_setup.dsv
[0.727s] -- Installing: /home/ammar/Robotics/Graduation_Project/ACSAR_ws/src/install/robot_model/share/robot_model/package.dsv
[0.727s] -- Installing: /home/ammar/Robotics/Graduation_Project/ACSAR_ws/src/install/robot_model/share/ament_index/resource_index/packages/robot_model
[0.727s] -- Installing: /home/ammar/Robotics/Graduation_Project/ACSAR_ws/src/install/robot_model/share/robot_model/cmake/robot_modelConfig.cmake
[0.728s] -- Installing: /home/ammar/Robotics/Graduation_Project/ACSAR_ws/src/install/robot_model/share/robot_model/cmake/robot_modelConfig-version.cmake
[0.728s] -- Installing: /home/ammar/Robotics/Graduation_Project/ACSAR_ws/src/install/robot_model/share/robot_model/package.xml
[0.730s] Invoked command in '/home/ammar/Robotics/Graduation_Project/ACSAR_ws/src/build/robot_model' returned '0': CMAKE_PREFIX_PATH=${CMAKE_PREFIX_PATH}:/opt/ros/humble /usr/bin/cmake --install /home/ammar/Robotics/Graduation_Project/ACSAR_ws/src/build/robot_model
