[0.011s] Invoking command in '/home/ammar/Robotics/Graduation_Project/ACSAR_ws/build/robot_model': /usr/bin/cmake --build /home/ammar/Robotics/Graduation_Project/ACSAR_ws/build/robot_model -- -j12 -l12
[0.028s] -- Found ament_cmake: 1.3.10 (/opt/ros/humble/share/ament_cmake/cmake)
[0.138s] -- Found ament_lint_auto: 0.12.11 (/opt/ros/humble/share/ament_lint_auto/cmake)
[0.200s] -- Added test 'flake8' to check Python code syntax and style conventions
[0.200s] -- Added test 'lint_cmake' to check CMake code style
[0.201s] -- Added test 'pep257' to check Python code against some of the docstring style conventions in PEP 257
[0.202s] -- Added test 'xmllint' to check XML markup files
[0.203s] -- Configuring done
[0.205s] -- Generating done
[0.206s] -- Build files have been written to: /home/ammar/Robotics/Graduation_Project/ACSAR_ws/build/robot_model
[0.221s] Invoked command in '/home/ammar/Robotics/Graduation_Project/ACSAR_ws/build/robot_model' returned '0': /usr/bin/cmake --build /home/ammar/Robotics/Graduation_Project/ACSAR_ws/build/robot_model -- -j12 -l12
[0.243s] Invoking command in '/home/ammar/Robotics/Graduation_Project/ACSAR_ws/build/robot_model': /usr/bin/cmake --install /home/ammar/Robotics/Graduation_Project/ACSAR_ws/build/robot_model
[0.249s] -- Install configuration: ""
[0.249s] -- Up-to-date: /home/ammar/Robotics/Graduation_Project/ACSAR_ws/install/robot_model/share/robot_model/urdf
[0.249s] -- Installing: /home/ammar/Robotics/Graduation_Project/ACSAR_ws/install/robot_model/share/robot_model/urdf/service_robot.urdf.xml
[0.249s] -- Up-to-date: /home/ammar/Robotics/Graduation_Project/ACSAR_ws/install/robot_model/share/robot_model/launch
[0.249s] -- Installing: /home/ammar/Robotics/Graduation_Project/ACSAR_ws/install/robot_model/share/robot_model/launch/display.launch.py
[0.249s] -- Installing: /home/ammar/Robotics/Graduation_Project/ACSAR_ws/install/robot_model/share/robot_model/launch/gazebo.launch.py
[0.249s] -- Up-to-date: /home/ammar/Robotics/Graduation_Project/ACSAR_ws/install/robot_model/share/robot_model/rviz
[0.250s] -- Up-to-date: /home/ammar/Robotics/Graduation_Project/ACSAR_ws/install/robot_model/share/robot_model/rviz/display.rviz
[0.250s] -- Installing: /home/ammar/Robotics/Graduation_Project/ACSAR_ws/install/robot_model/share/robot_model/models
[0.250s] -- Installing: /home/ammar/Robotics/Graduation_Project/ACSAR_ws/install/robot_model/share/robot_model/models/models
[0.250s] -- Installing: /home/ammar/Robotics/Graduation_Project/ACSAR_ws/install/robot_model/share/robot_model/models/models/ground_plane
[0.250s] -- Installing: /home/ammar/Robotics/Graduation_Project/ACSAR_ws/install/robot_model/share/robot_model/models/models/ground_plane/model-1_4.sdf
[0.250s] -- Installing: /home/ammar/Robotics/Graduation_Project/ACSAR_ws/install/robot_model/share/robot_model/models/models/ground_plane/model.config
[0.250s] -- Installing: /home/ammar/Robotics/Graduation_Project/ACSAR_ws/install/robot_model/share/robot_model/models/models/ground_plane/model.sdf
[0.250s] -- Installing: /home/ammar/Robotics/Graduation_Project/ACSAR_ws/install/robot_model/share/robot_model/models/models/ground_plane/model-1_3.sdf
[0.251s] -- Installing: /home/ammar/Robotics/Graduation_Project/ACSAR_ws/install/robot_model/share/robot_model/models/models/ground_plane/model-1_2.sdf
[0.251s] -- Installing: /home/ammar/Robotics/Graduation_Project/ACSAR_ws/install/robot_model/share/robot_model/models/models/sun
[0.251s] -- Installing: /home/ammar/Robotics/Graduation_Project/ACSAR_ws/install/robot_model/share/robot_model/models/models/sun/model-1_4.sdf
[0.251s] -- Installing: /home/ammar/Robotics/Graduation_Project/ACSAR_ws/install/robot_model/share/robot_model/models/models/sun/model.config
[0.251s] -- Installing: /home/ammar/Robotics/Graduation_Project/ACSAR_ws/install/robot_model/share/robot_model/models/models/sun/model.sdf
[0.251s] -- Installing: /home/ammar/Robotics/Graduation_Project/ACSAR_ws/install/robot_model/share/robot_model/models/models/sun/model-1_3.sdf
[0.251s] -- Installing: /home/ammar/Robotics/Graduation_Project/ACSAR_ws/install/robot_model/share/robot_model/models/models/sun/model-1_2.sdf
[0.251s] -- Up-to-date: /home/ammar/Robotics/Graduation_Project/ACSAR_ws/install/robot_model/share/ament_index/resource_index/package_run_dependencies/robot_model
[0.251s] -- Up-to-date: /home/ammar/Robotics/Graduation_Project/ACSAR_ws/install/robot_model/share/ament_index/resource_index/parent_prefix_path/robot_model
[0.252s] -- Up-to-date: /home/ammar/Robotics/Graduation_Project/ACSAR_ws/install/robot_model/share/robot_model/environment/ament_prefix_path.sh
[0.252s] -- Installing: /home/ammar/Robotics/Graduation_Project/ACSAR_ws/install/robot_model/share/robot_model/environment/ament_prefix_path.dsv
[0.252s] -- Up-to-date: /home/ammar/Robotics/Graduation_Project/ACSAR_ws/install/robot_model/share/robot_model/environment/path.sh
[0.252s] -- Installing: /home/ammar/Robotics/Graduation_Project/ACSAR_ws/install/robot_model/share/robot_model/environment/path.dsv
[0.253s] -- Up-to-date: /home/ammar/Robotics/Graduation_Project/ACSAR_ws/install/robot_model/share/robot_model/local_setup.bash
[0.253s] -- Up-to-date: /home/ammar/Robotics/Graduation_Project/ACSAR_ws/install/robot_model/share/robot_model/local_setup.sh
[0.254s] -- Up-to-date: /home/ammar/Robotics/Graduation_Project/ACSAR_ws/install/robot_model/share/robot_model/local_setup.zsh
[0.254s] -- Installing: /home/ammar/Robotics/Graduation_Project/ACSAR_ws/install/robot_model/share/robot_model/local_setup.dsv
[0.254s] -- Installing: /home/ammar/Robotics/Graduation_Project/ACSAR_ws/install/robot_model/share/robot_model/package.dsv
[0.255s] -- Up-to-date: /home/ammar/Robotics/Graduation_Project/ACSAR_ws/install/robot_model/share/ament_index/resource_index/packages/robot_model
[0.255s] -- Up-to-date: /home/ammar/Robotics/Graduation_Project/ACSAR_ws/install/robot_model/share/robot_model/cmake/robot_modelConfig.cmake
[0.255s] -- Up-to-date: /home/ammar/Robotics/Graduation_Project/ACSAR_ws/install/robot_model/share/robot_model/cmake/robot_modelConfig-version.cmake
[0.256s] -- Up-to-date: /home/ammar/Robotics/Graduation_Project/ACSAR_ws/install/robot_model/share/robot_model/package.xml
[0.256s] Invoked command in '/home/ammar/Robotics/Graduation_Project/ACSAR_ws/build/robot_model' returned '0': /usr/bin/cmake --install /home/ammar/Robotics/Graduation_Project/ACSAR_ws/build/robot_model
