-- Found ament_cmake: 1.3.11 (/opt/ros/humble/share/ament_cmake/cmake)
-- Found rclcpp: 16.0.11 (/opt/ros/humble/share/rclcpp/cmake)
-- Found rosidl_generator_c: 3.1.6 (/opt/ros/humble/share/rosidl_generator_c/cmake)
-- Found rosidl_adapter: 3.1.6 (/opt/ros/humble/share/rosidl_adapter/cmake)
-- Found rosidl_generator_cpp: 3.1.6 (/opt/ros/humble/share/rosidl_generator_cpp/cmake)
-- Using all available rosidl_typesupport_c: rosidl_typesupport_fastrtps_c;rosidl_typesupport_introspection_c
-- Using all available rosidl_typesupport_cpp: rosidl_typesupport_fastrtps_cpp;rosidl_typesupport_introspection_cpp
-- Found rmw_implementation_cmake: 6.1.2 (/opt/ros/humble/share/rmw_implementation_cmake/cmake)
-- Found rmw_fastrtps_cpp: 6.2.7 (/opt/ros/humble/share/rmw_fastrtps_cpp/cmake)
-- Using RMW implementation 'rmw_fastrtps_cpp' as default
-- Found rclpy: 3.3.15 (/opt/ros/humble/share/rclpy/cmake)
-- Found sensor_msgs: 4.2.4 (/opt/ros/humble/share/sensor_msgs/cmake)
-- Found hardware_interface: 2.48.0 (/opt/ros/humble/share/hardware_interface/cmake)
-- Checking for module 'libserial'
--   Found libserial, version 1.0.0
-- Found ament_lint_auto: 0.12.11 (/opt/ros/humble/share/ament_lint_auto/cmake)
-- Added test 'cppcheck' to perform static code analysis on C / C++ code
-- Configured cppcheck include dirs: /home/ammar/Robotics/Graduation_Project/ACSAR_ws/src/robot_control/include;$<BUILD_INTERFACE:/home/ammar/Robotics/Graduation_Project/ACSAR_ws/src/robot_control/include>
-- Configured cppcheck exclude dirs and/or files: 
-- Added test 'flake8' to check Python code syntax and style conventions
-- Added test 'lint_cmake' to check CMake code style
-- Added test 'pep257' to check Python code against some of the docstring style conventions in PEP 257
-- Added test 'uncrustify' to check C / C++ code style
-- Configured uncrustify additional arguments: 
-- Added test 'xmllint' to check XML markup files
-- Configuring done
-- Generating done
-- Build files have been written to: /home/ammar/Robotics/Graduation_Project/ACSAR_ws/build/robot_control
[35m[1mConsolidate compiler generated dependencies of target robot_control[0m
[ 50%] [32mBuilding CXX object CMakeFiles/robot_control.dir/src/Hardware_Interface.cpp.o[0m
[01m[K/home/ammar/Robotics/Graduation_Project/ACSAR_ws/src/robot_control/src/Hardware_Interface.cpp:[m[K In destructor ‘[01m[Kvirtual ACSAR_firmware::ACSARInterface::~ACSARInterface()[m[K’:
[01m[K/home/ammar/Robotics/Graduation_Project/ACSAR_ws/src/robot_control/src/Hardware_Interface.cpp:12:18:[m[K [01;31m[Kerror: [m[K‘[01m[Kclass LibSerial::SerialPort[m[K’ has no member named ‘[01m[KisOpen[m[K’; did you mean ‘[01m[KIsOpen[m[K’?
   12 |         if (AVR_.[01;31m[KisOpen[m[K())
      |                  [01;31m[K^~~~~~[m[K
      |                  [32m[KIsOpen[m[K
[01m[K/home/ammar/Robotics/Graduation_Project/ACSAR_ws/src/robot_control/src/Hardware_Interface.cpp:14:16:[m[K [01;31m[Kerror: [m[Kexpected ‘[01m[K{[m[K’ before ‘[01m[K:[m[K’ token
   14 |             try[01;31m[K:[m[K
      |                [01;31m[K^[m[K
[01m[K/home/ammar/Robotics/Graduation_Project/ACSAR_ws/src/robot_control/src/Hardware_Interface.cpp:14:16:[m[K [01;31m[Kerror: [m[Kexpected ‘[01m[Kcatch[m[K’ before ‘[01m[K:[m[K’ token
[01m[K/home/ammar/Robotics/Graduation_Project/ACSAR_ws/src/robot_control/src/Hardware_Interface.cpp:14:16:[m[K [01;31m[Kerror: [m[Kexpected ‘[01m[K([m[K’ before ‘[01m[K:[m[K’ token
   14 |             try[01;31m[K:[m[K
      |                [01;31m[K^[m[K
      |                [32m[K([m[K
[01m[K/home/ammar/Robotics/Graduation_Project/ACSAR_ws/src/robot_control/src/Hardware_Interface.cpp:14:16:[m[K [01;31m[Kerror: [m[Kexpected type-specifier before ‘[01m[K:[m[K’ token
[01m[K/home/ammar/Robotics/Graduation_Project/ACSAR_ws/src/robot_control/src/Hardware_Interface.cpp:14:16:[m[K [01;31m[Kerror: [m[Kexpected ‘[01m[K)[m[K’ before ‘[01m[K:[m[K’ token
   14 |             try[01;31m[K:[m[K
      |                [01;31m[K^[m[K
      |                [32m[K)[m[K
[01m[K/home/ammar/Robotics/Graduation_Project/ACSAR_ws/src/robot_control/src/Hardware_Interface.cpp:14:16:[m[K [01;31m[Kerror: [m[Kexpected ‘[01m[K{[m[K’ before ‘[01m[K:[m[K’ token
[01m[K/home/ammar/Robotics/Graduation_Project/ACSAR_ws/src/robot_control/src/Hardware_Interface.cpp:14:16:[m[K [01;31m[Kerror: [m[Kexpected primary-expression before ‘[01m[K:[m[K’ token
[01m[K/home/ammar/Robotics/Graduation_Project/ACSAR_ws/src/robot_control/src/Hardware_Interface.cpp:18:13:[m[K [01;31m[Kerror: [m[Kexpected primary-expression before ‘[01m[Kcatch[m[K’
   18 |             [01;31m[Kcatch[m[K (const LibSerial::SerialPortError &e)
      |             [01;31m[K^~~~~[m[K
[01m[K/home/ammar/Robotics/Graduation_Project/ACSAR_ws/src/robot_control/src/Hardware_Interface.cpp:[m[K At global scope:
[01m[K/home/ammar/Robotics/Graduation_Project/ACSAR_ws/src/robot_control/src/Hardware_Interface.cpp:25:5:[m[K [01;31m[Kerror: [m[K‘[01m[KCallbackReturn[m[K’ does not name a type
   25 |     [01;31m[KCallbackReturn[m[K ACSARInterface::on_init(const hardware_interface::HardwareInfo & info)
      |     [01;31m[K^~~~~~~~~~~~~~[m[K
[01m[K/home/ammar/Robotics/Graduation_Project/ACSAR_ws/src/robot_control/src/Hardware_Interface.cpp:[m[K In member function ‘[01m[Kvirtual std::vector<hardware_interface::StateInterface> ACSAR_firmware::ACSARInterface::export_state_interfaces()[m[K’:
[01m[K/home/ammar/Robotics/Graduation_Project/ACSAR_ws/src/robot_control/src/Hardware_Interface.cpp:74:59:[m[K [01;31m[Kerror: [m[K‘[01m[KHW_IF_POSITION[m[K’ is not a member of ‘[01m[Khardware_interface[m[K’
   74 |           info_.joints[i].name, hardware_interface::[01;31m[KHW_IF_POSITION[m[K, &position_states_[i]));
      |                                                     [01;31m[K^~~~~~~~~~~~~~[m[K

[01m[K/home/ammar/Robotics/Graduation_Project/ACSAR_ws/src/robot_control/src/Hardware_Interface.cpp:77:59:[m[K [01;31m[Kerror: [m[K‘[01m[KHW_IF_VELOCITY[m[K’ is not a member of ‘[01m[Khardware_interface[m[K’
   77 |           info_.joints[i].name, hardware_interface::[01;31m[KHW_IF_VELOCITY[m[K, &velocity_states_[i]));
      |                                                     [01;31m[K^~~~~~~~~~~~~~[m[K

[01m[K/home/ammar/Robotics/Graduation_Project/ACSAR_ws/src/robot_control/src/Hardware_Interface.cpp:[m[K In member function ‘[01m[Kvirtual std::vector<hardware_interface::CommandInterface> ACSAR_firmware::ACSARInterface::export_command_interfaces()[m[K’:
[01m[K/home/ammar/Robotics/Graduation_Project/ACSAR_ws/src/robot_control/src/Hardware_Interface.cpp:89:59:[m[K [01;31m[Kerror: [m[K‘[01m[KHW_IF_VELOCITY[m[K’ is not a member of ‘[01m[Khardware_interface[m[K’
   89 |           info_.joints[i].name, hardware_interface::[01;31m[KHW_IF_VELOCITY[m[K, &velocity_commands_[i]));
      |                                                     [01;31m[K^~~~~~~~~~~~~~[m[K

[01m[K/home/ammar/Robotics/Graduation_Project/ACSAR_ws/src/robot_control/src/Hardware_Interface.cpp:[m[K At global scope:
[01m[K/home/ammar/Robotics/Graduation_Project/ACSAR_ws/src/robot_control/src/Hardware_Interface.cpp:94:5:[m[K [01;31m[Kerror: [m[K‘[01m[KCallbackReturn[m[K’ does not name a type
   94 |     [01;31m[KCallbackReturn[m[K ACSARInterface::on_activate(const rclccp_lifecycle::State &previous_state)
      |     [01;31m[K^~~~~~~~~~~~~~[m[K
[01m[K/home/ammar/Robotics/Graduation_Project/ACSAR_ws/src/robot_control/src/Hardware_Interface.cpp:148:5:[m[K [01;31m[Kerror: [m[K‘[01m[KCallbackReturn[m[K’ does not name a type
  148 |     [01;31m[KCallbackReturn[m[K ACSARInterface::on_deactivate(const rclcpp_lifecycle::State &previous_state)
      |     [01;31m[K^~~~~~~~~~~~~~[m[K
[01m[K/home/ammar/Robotics/Graduation_Project/ACSAR_ws/src/robot_control/src/Hardware_Interface.cpp:[m[K In member function ‘[01m[Kvirtual hardware_interface::return_type ACSAR_firmware::ACSARInterface::read(const rclcpp::Time&, const rclcpp::Duration&)[m[K’:
[01m[K/home/ammar/Robotics/Graduation_Project/ACSAR_ws/src/robot_control/src/Hardware_Interface.cpp:177:46:[m[K [01;31m[Kerror: [m[Kcannot call member function ‘[01m[Krclcpp::Time rclcpp::Clock::now()[m[K’ without object
  177 |                 auto dt = ([01;31m[Krclcpp::Clock::now()[m[K - last_read_time_).seconds();
      |                            [01;31m[K~~~~~~~~~~~~~~~~~~^~[m[K
[01m[K/home/ammar/Robotics/Graduation_Project/ACSAR_ws/src/robot_control/src/Hardware_Interface.cpp:181:17:[m[K [01;31m[Kerror: [m[K‘[01m[Kmessage[m[K’ was not declared in this scope; did you mean ‘[01m[Kmesaage[m[K’?
  181 |                 [01;31m[Kmessage[m[K.erase(std::remove(message.begin(), message.end(), '\r'), message.end());
      |                 [01;31m[K^~~~~~~[m[K
      |                 [32m[Kmesaage[m[K
[01m[K/home/ammar/Robotics/Graduation_Project/ACSAR_ws/src/robot_control/src/Hardware_Interface.cpp:210:31:[m[K [01;31m[Kerror: [m[Kno match for ‘[01m[Koperator<[m[K’ (operand types are ‘[01m[Kint[m[K’ and ‘[01m[Kstd::vector<hardware_interface::ComponentInfo>[m[K’)
  210 |                         if ([32m[K0[m[K [01;31m[K<[m[K [34m[Kinfo_.joints[m[K,size())
      |                             [32m[K~[m[K [01;31m[K^[m[K [34m[K~~~~~~~~~~~~[m[K
      |                             [32m[K|[m[K         [34m[K|[m[K
      |                             [32m[Kint[m[K       [34m[Kstd::vector<hardware_interface::ComponentInfo>[m[K
In file included from [01m[K/usr/include/c++/11/bits/stl_algobase.h:67[m[K,
                 from [01m[K/usr/include/c++/11/bits/char_traits.h:39[m[K,
                 from [01m[K/usr/include/c++/11/string:40[m[K,
                 from [01m[K/opt/ros/humble/include/hardware_interface/handle.hpp:18[m[K,
                 from [01m[K/home/ammar/Robotics/Graduation_Project/ACSAR_ws/src/robot_control/include/robot_control/Hardware_Interface.hpp:4[m[K,
                 from [01m[K/home/ammar/Robotics/Graduation_Project/ACSAR_ws/src/robot_control/src/Hardware_Interface.cpp:1[m[K:
[01m[K/usr/include/c++/11/bits/stl_iterator.h:1187:5:[m[K [01;36m[Knote: [m[Kcandidate: ‘[01m[Ktemplate<class _IteratorL, class _IteratorR, class _Container> bool __gnu_cxx::operator<(const __gnu_cxx::__normal_iterator<_IteratorL, _Container>&, const __gnu_cxx::__normal_iterator<_IteratorR, _Container>&)[m[K’
 1187 |     [01;36m[Koperator[m[K<(const __normal_iterator<_IteratorL, _Container>& __lhs,
      |     [01;36m[K^~~~~~~~[m[K
[01m[K/usr/include/c++/11/bits/stl_iterator.h:1187:5:[m[K [01;36m[Knote: [m[K  template argument deduction/substitution failed:
[01m[K/home/ammar/Robotics/Graduation_Project/ACSAR_ws/src/robot_control/src/Hardware_Interface.cpp:210:39:[m[K [01;36m[Knote: [m[K  mismatched types ‘[01m[Kconst __gnu_cxx::__normal_iterator<_IteratorL, _Container>[m[K’ and ‘[01m[Kint[m[K’
  210 |                         if (0 < info_.[01;36m[Kjoints[m[K,size())
      |                                       [01;36m[K^~~~~~[m[K
In file included from [01m[K/usr/include/c++/11/bits/stl_algobase.h:67[m[K,
                 from [01m[K/usr/include/c++/11/bits/char_traits.h:39[m[K,
                 from [01m[K/usr/include/c++/11/string:40[m[K,
                 from [01m[K/opt/ros/humble/include/hardware_interface/handle.hpp:18[m[K,
                 from [01m[K/home/ammar/Robotics/Graduation_Project/ACSAR_ws/src/robot_control/include/robot_control/Hardware_Interface.hpp:4[m[K,
                 from [01m[K/home/ammar/Robotics/Graduation_Project/ACSAR_ws/src/robot_control/src/Hardware_Interface.cpp:1[m[K:
[01m[K/usr/include/c++/11/bits/stl_iterator.h:1195:5:[m[K [01;36m[Knote: [m[Kcandidate: ‘[01m[Ktemplate<class _Iterator, class _Container> bool __gnu_cxx::operator<(const __gnu_cxx::__normal_iterator<_Iterator, _Container>&, const __gnu_cxx::__normal_iterator<_Iterator, _Container>&)[m[K’
 1195 |     [01;36m[Koperator[m[K<(const __normal_iterator<_Iterator, _Container>& __lhs,
      |     [01;36m[K^~~~~~~~[m[K
[01m[K/usr/include/c++/11/bits/stl_iterator.h:1195:5:[m[K [01;36m[Knote: [m[K  template argument deduction/substitution failed:
[01m[K/home/ammar/Robotics/Graduation_Project/ACSAR_ws/src/robot_control/src/Hardware_Interface.cpp:210:39:[m[K [01;36m[Knote: [m[K  mismatched types ‘[01m[Kconst __gnu_cxx::__normal_iterator<_Iterator, _Container>[m[K’ and ‘[01m[Kint[m[K’
  210 |                         if (0 < info_.[01;36m[Kjoints[m[K,size())
      |                                       [01;36m[K^~~~~~[m[K
In file included from [01m[K/usr/include/c++/11/bits/stl_algobase.h:64[m[K,
                 from [01m[K/usr/include/c++/11/bits/char_traits.h:39[m[K,
                 from [01m[K/usr/include/c++/11/string:40[m[K,
                 from [01m[K/opt/ros/humble/include/hardware_interface/handle.hpp:18[m[K,
                 from [01m[K/home/ammar/Robotics/Graduation_Project/ACSAR_ws/src/robot_control/include/robot_control/Hardware_Interface.hpp:4[m[K,
                 from [01m[K/home/ammar/Robotics/Graduation_Project/ACSAR_ws/src/robot_control/src/Hardware_Interface.cpp:1[m[K:
[01m[K/usr/include/c++/11/bits/stl_pair.h:489:5:[m[K [01;36m[Knote: [m[Kcandidate: ‘[01m[Ktemplate<class _T1, class _T2> constexpr bool std::operator<(const std::pair<_T1, _T2>&, const std::pair<_T1, _T2>&)[m[K’
  489 |     [01;36m[Koperator[m[K<(const pair<_T1, _T2>& __x, const pair<_T1, _T2>& __y)
      |     [01;36m[K^~~~~~~~[m[K
[01m[K/usr/include/c++/11/bits/stl_pair.h:489:5:[m[K [01;36m[Knote: [m[K  template argument deduction/substitution failed:
[01m[K/home/ammar/Robotics/Graduation_Project/ACSAR_ws/src/robot_control/src/Hardware_Interface.cpp:210:39:[m[K [01;36m[Knote: [m[K  mismatched types ‘[01m[Kconst std::pair<_T1, _T2>[m[K’ and ‘[01m[Kint[m[K’
  210 |                         if (0 < info_.[01;36m[Kjoints[m[K,size())
      |                                       [01;36m[K^~~~~~[m[K
In file included from [01m[K/usr/include/c++/11/bits/stl_algobase.h:67[m[K,
                 from [01m[K/usr/include/c++/11/bits/char_traits.h:39[m[K,
                 from [01m[K/usr/include/c++/11/string:40[m[K,
                 from [01m[K/opt/ros/humble/include/hardware_interface/handle.hpp:18[m[K,
                 from [01m[K/home/ammar/Robotics/Graduation_Project/ACSAR_ws/src/robot_control/include/robot_control/Hardware_Interface.hpp:4[m[K,
                 from [01m[K/home/ammar/Robotics/Graduation_Project/ACSAR_ws/src/robot_control/src/Hardware_Interface.cpp:1[m[K:
[01m[K/usr/include/c++/11/bits/stl_iterator.h:426:5:[m[K [01;36m[Knote: [m[Kcandidate: ‘[01m[Ktemplate<class _Iterator> constexpr bool std::operator<(const std::reverse_iterator<_Iterator>&, const std::reverse_iterator<_Iterator>&)[m[K’
  426 |     [01;36m[Koperator[m[K<(const reverse_iterator<_Iterator>& __x,
      |     [01;36m[K^~~~~~~~[m[K
[01m[K/usr/include/c++/11/bits/stl_iterator.h:426:5:[m[K [01;36m[Knote: [m[K  template argument deduction/substitution failed:
[01m[K/home/ammar/Robotics/Graduation_Project/ACSAR_ws/src/robot_control/src/Hardware_Interface.cpp:210:39:[m[K [01;36m[Knote: [m[K  mismatched types ‘[01m[Kconst std::reverse_iterator<_Iterator>[m[K’ and ‘[01m[Kint[m[K’
  210 |                         if (0 < info_.[01;36m[Kjoints[m[K,size())
      |                                       [01;36m[K^~~~~~[m[K
In file included from [01m[K/usr/include/c++/11/bits/stl_algobase.h:67[m[K,
                 from [01m[K/usr/include/c++/11/bits/char_traits.h:39[m[K,
                 from [01m[K/usr/include/c++/11/string:40[m[K,
                 from [01m[K/opt/ros/humble/include/hardware_interface/handle.hpp:18[m[K,
                 from [01m[K/home/ammar/Robotics/Graduation_Project/ACSAR_ws/src/robot_control/include/robot_control/Hardware_Interface.hpp:4[m[K,
                 from [01m[K/home/ammar/Robotics/Graduation_Project/ACSAR_ws/src/robot_control/src/Hardware_Interface.cpp:1[m[K:
[01m[K/usr/include/c++/11/bits/stl_iterator.h:465:5:[m[K [01;36m[Knote: [m[Kcandidate: ‘[01m[Ktemplate<class _IteratorL, class _IteratorR> constexpr bool std::operator<(const std::reverse_iterator<_Iterator>&, const std::reverse_iterator<_IteratorR>&)[m[K’
  465 |     [01;36m[Koperator[m[K<(const reverse_iterator<_IteratorL>& __x,
      |     [01;36m[K^~~~~~~~[m[K
[01m[K/usr/include/c++/11/bits/stl_iterator.h:465:5:[m[K [01;36m[Knote: [m[K  template argument deduction/substitution failed:
[01m[K/home/ammar/Robotics/Graduation_Project/ACSAR_ws/src/robot_control/src/Hardware_Interface.cpp:210:39:[m[K [01;36m[Knote: [m[K  mismatched types ‘[01m[Kconst std::reverse_iterator<_Iterator>[m[K’ and ‘[01m[Kint[m[K’
  210 |                         if (0 < info_.[01;36m[Kjoints[m[K,size())
      |                                       [01;36m[K^~~~~~[m[K
In file included from [01m[K/usr/include/c++/11/bits/stl_algobase.h:67[m[K,
                 from [01m[K/usr/include/c++/11/bits/char_traits.h:39[m[K,
                 from [01m[K/usr/include/c++/11/string:40[m[K,
                 from [01m[K/opt/ros/humble/include/hardware_interface/handle.hpp:18[m[K,
                 from [01m[K/home/ammar/Robotics/Graduation_Project/ACSAR_ws/src/robot_control/include/robot_control/Hardware_Interface.hpp:4[m[K,
                 from [01m[K/home/ammar/Robotics/Graduation_Project/ACSAR_ws/src/robot_control/src/Hardware_Interface.cpp:1[m[K:
[01m[K/usr/include/c++/11/bits/stl_iterator.h:1609:5:[m[K [01;36m[Knote: [m[Kcandidate: ‘[01m[Ktemplate<class _IteratorL, class _IteratorR> constexpr bool std::operator<(const std::move_iterator<_IteratorL>&, const std::move_iterator<_IteratorR>&)[m[K’
 1609 |     [01;36m[Koperator[m[K<(const move_iterator<_IteratorL>& __x,
      |     [01;36m[K^~~~~~~~[m[K
[01m[K/usr/include/c++/11/bits/stl_iterator.h:1609:5:[m[K [01;36m[Knote: [m[K  template argument deduction/substitution failed:
[01m[K/home/ammar/Robotics/Graduation_Project/ACSAR_ws/src/robot_control/src/Hardware_Interface.cpp:210:39:[m[K [01;36m[Knote: [m[K  mismatched types ‘[01m[Kconst std::move_iterator<_IteratorL>[m[K’ and ‘[01m[Kint[m[K’
  210 |                         if (0 < info_.[01;36m[Kjoints[m[K,size())
      |                                       [01;36m[K^~~~~~[m[K
In file included from [01m[K/usr/include/c++/11/bits/stl_algobase.h:67[m[K,
                 from [01m[K/usr/include/c++/11/bits/char_traits.h:39[m[K,
                 from [01m[K/usr/include/c++/11/string:40[m[K,
                 from [01m[K/opt/ros/humble/include/hardware_interface/handle.hpp:18[m[K,
                 from [01m[K/home/ammar/Robotics/Graduation_Project/ACSAR_ws/src/robot_control/include/robot_control/Hardware_Interface.hpp:4[m[K,
                 from [01m[K/home/ammar/Robotics/Graduation_Project/ACSAR_ws/src/robot_control/src/Hardware_Interface.cpp:1[m[K:
[01m[K/usr/include/c++/11/bits/stl_iterator.h:1667:5:[m[K [01;36m[Knote: [m[Kcandidate: ‘[01m[Ktemplate<class _Iterator> constexpr bool std::operator<(const std::move_iterator<_IteratorL>&, const std::move_iterator<_IteratorL>&)[m[K’
 1667 |     [01;36m[Koperator[m[K<(const move_iterator<_Iterator>& __x,
      |     [01;36m[K^~~~~~~~[m[K
[01m[K/usr/include/c++/11/bits/stl_iterator.h:1667:5:[m[K [01;36m[Knote: [m[K  template argument deduction/substitution failed:
[01m[K/home/ammar/Robotics/Graduation_Project/ACSAR_ws/src/robot_control/src/Hardware_Interface.cpp:210:39:[m[K [01;36m[Knote: [m[K  mismatched types ‘[01m[Kconst std::move_iterator<_IteratorL>[m[K’ and ‘[01m[Kint[m[K’
  210 |                         if (0 < info_.[01;36m[Kjoints[m[K,size())
      |                                       [01;36m[K^~~~~~[m[K
In file included from [01m[K/usr/include/c++/11/bits/basic_string.h:48[m[K,
                 from [01m[K/usr/include/c++/11/string:55[m[K,
                 from [01m[K/opt/ros/humble/include/hardware_interface/handle.hpp:18[m[K,
                 from [01m[K/home/ammar/Robotics/Graduation_Project/ACSAR_ws/src/robot_control/include/robot_control/Hardware_Interface.hpp:4[m[K,
                 from [01m[K/home/ammar/Robotics/Graduation_Project/ACSAR_ws/src/robot_control/src/Hardware_Interface.cpp:1[m[K:
[01m[K/usr/include/c++/11/string_view:589:5:[m[K [01;36m[Knote: [m[Kcandidate: ‘[01m[Ktemplate<class _CharT, class _Traits> constexpr bool std::operator<(std::basic_string_view<_CharT, _Traits>, std::basic_string_view<_CharT, _Traits>)[m[K’
  589 |     [01;36m[Koperator[m[K< (basic_string_view<_CharT, _Traits> __x,
      |     [01;36m[K^~~~~~~~[m[K
[01m[K/usr/include/c++/11/string_view:589:5:[m[K [01;36m[Knote: [m[K  template argument deduction/substitution failed:
[01m[K/home/ammar/Robotics/Graduation_Project/ACSAR_ws/src/robot_control/src/Hardware_Interface.cpp:210:39:[m[K [01;36m[Knote: [m[K  mismatched types ‘[01m[Kstd::basic_string_view<_CharT, _Traits>[m[K’ and ‘[01m[Kint[m[K’
  210 |                         if (0 < info_.[01;36m[Kjoints[m[K,size())
      |                                       [01;36m[K^~~~~~[m[K
In file included from [01m[K/usr/include/c++/11/bits/basic_string.h:48[m[K,
                 from [01m[K/usr/include/c++/11/string:55[m[K,
                 from [01m[K/opt/ros/humble/include/hardware_interface/handle.hpp:18[m[K,
                 from [01m[K/home/ammar/Robotics/Graduation_Project/ACSAR_ws/src/robot_control/include/robot_control/Hardware_Interface.hpp:4[m[K,
                 from [01m[K/home/ammar/Robotics/Graduation_Project/ACSAR_ws/src/robot_control/src/Hardware_Interface.cpp:1[m[K:
[01m[K/usr/include/c++/11/string_view:595:5:[m[K [01;36m[Knote: [m[Kcandidate: ‘[01m[Ktemplate<class _CharT, class _Traits> constexpr bool std::operator<(std::basic_string_view<_CharT, _Traits>, std::__type_identity_t<std::basic_string_view<_CharT, _Traits> >)[m[K’
  595 |     [01;36m[Koperator[m[K< (basic_string_view<_CharT, _Traits> __x,
      |     [01;36m[K^~~~~~~~[m[K
[01m[K/usr/include/c++/11/string_view:595:5:[m[K [01;36m[Knote: [m[K  template argument deduction/substitution failed:
[01m[K/home/ammar/Robotics/Graduation_Project/ACSAR_ws/src/robot_control/src/Hardware_Interface.cpp:210:39:[m[K [01;36m[Knote: [m[K  mismatched types ‘[01m[Kstd::basic_string_view<_CharT, _Traits>[m[K’ and ‘[01m[Kint[m[K’
  210 |                         if (0 < info_.[01;36m[Kjoints[m[K,size())
      |                                       [01;36m[K^~~~~~[m[K
In file included from [01m[K/usr/include/c++/11/bits/basic_string.h:48[m[K,
                 from [01m[K/usr/include/c++/11/string:55[m[K,
                 from [01m[K/opt/ros/humble/include/hardware_interface/handle.hpp:18[m[K,
                 from [01m[K/home/ammar/Robotics/Graduation_Project/ACSAR_ws/src/robot_control/include/robot_control/Hardware_Interface.hpp:4[m[K,
                 from [01m[K/home/ammar/Robotics/Graduation_Project/ACSAR_ws/src/robot_control/src/Hardware_Interface.cpp:1[m[K:
[01m[K/usr/include/c++/11/string_view:602:5:[m[K [01;36m[Knote: [m[Kcandidate: ‘[01m[Ktemplate<class _CharT, class _Traits> constexpr bool std::operator<(std::__type_identity_t<std::basic_string_view<_CharT, _Traits> >, std::basic_string_view<_CharT, _Traits>)[m[K’
  602 |     [01;36m[Koperator[m[K< (__type_identity_t<basic_string_view<_CharT, _Traits>> __x,
      |     [01;36m[K^~~~~~~~[m[K
[01m[K/usr/include/c++/11/string_view:602:5:[m[K [01;36m[Knote: [m[K  template argument deduction/substitution failed:
[01m[K/home/ammar/Robotics/Graduation_Project/ACSAR_ws/src/robot_control/src/Hardware_Interface.cpp:210:39:[m[K [01;36m[Knote: [m[K  ‘[01m[Kstd::vector<hardware_interface::ComponentInfo>[m[K’ is not derived from ‘[01m[Kstd::basic_string_view<_CharT, _Traits>[m[K’
  210 |                         if (0 < info_.[01;36m[Kjoints[m[K,size())
      |                                       [01;36m[K^~~~~~[m[K
In file included from [01m[K/usr/include/c++/11/string:55[m[K,
                 from [01m[K/opt/ros/humble/include/hardware_interface/handle.hpp:18[m[K,
                 from [01m[K/home/ammar/Robotics/Graduation_Project/ACSAR_ws/src/robot_control/include/robot_control/Hardware_Interface.hpp:4[m[K,
                 from [01m[K/home/ammar/Robotics/Graduation_Project/ACSAR_ws/src/robot_control/src/Hardware_Interface.cpp:1[m[K:
[01m[K/usr/include/c++/11/bits/basic_string.h:6340:5:[m[K [01;36m[Knote: [m[Kcandidate: ‘[01m[Ktemplate<class _CharT, class _Traits, class _Alloc> bool std::operator<(const std::__cxx11::basic_string<_CharT, _Traits, _Allocator>&, const std::__cxx11::basic_string<_CharT, _Traits, _Allocator>&)[m[K’
 6340 |     [01;36m[Koperator[m[K<(const basic_string<_CharT, _Traits, _Alloc>& __lhs,
      |     [01;36m[K^~~~~~~~[m[K
[01m[K/usr/include/c++/11/bits/basic_string.h:6340:5:[m[K [01;36m[Knote: [m[K  template argument deduction/substitution failed:
[01m[K/home/ammar/Robotics/Graduation_Project/ACSAR_ws/src/robot_control/src/Hardware_Interface.cpp:210:39:[m[K [01;36m[Knote: [m[K  mismatched types ‘[01m[Kconst std::__cxx11::basic_string<_CharT, _Traits, _Allocator>[m[K’ and ‘[01m[Kint[m[K’
  210 |                         if (0 < info_.[01;36m[Kjoints[m[K,size())
      |                                       [01;36m[K^~~~~~[m[K
In file included from [01m[K/usr/include/c++/11/string:55[m[K,
                 from [01m[K/opt/ros/humble/include/hardware_interface/handle.hpp:18[m[K,
                 from [01m[K/home/ammar/Robotics/Graduation_Project/ACSAR_ws/src/robot_control/include/robot_control/Hardware_Interface.hpp:4[m[K,
                 from [01m[K/home/ammar/Robotics/Graduation_Project/ACSAR_ws/src/robot_control/src/Hardware_Interface.cpp:1[m[K:
[01m[K/usr/include/c++/11/bits/basic_string.h:6353:5:[m[K [01;36m[Knote: [m[Kcandidate: ‘[01m[Ktemplate<class _CharT, class _Traits, class _Alloc> bool std::operator<(const std::__cxx11::basic_string<_CharT, _Traits, _Allocator>&, const _CharT*)[m[K’
 6353 |     [01;36m[Koperator[m[K<(const basic_string<_CharT, _Traits, _Alloc>& __lhs,
      |     [01;36m[K^~~~~~~~[m[K
[01m[K/usr/include/c++/11/bits/basic_string.h:6353:5:[m[K [01;36m[Knote: [m[K  template argument deduction/substitution failed:
[01m[K/home/ammar/Robotics/Graduation_Project/ACSAR_ws/src/robot_control/src/Hardware_Interface.cpp:210:39:[m[K [01;36m[Knote: [m[K  mismatched types ‘[01m[Kconst std::__cxx11::basic_string<_CharT, _Traits, _Allocator>[m[K’ and ‘[01m[Kint[m[K’
  210 |                         if (0 < info_.[01;36m[Kjoints[m[K,size())
      |                                       [01;36m[K^~~~~~[m[K
In file included from [01m[K/usr/include/c++/11/string:55[m[K,
                 from [01m[K/opt/ros/humble/include/hardware_interface/handle.hpp:18[m[K,
                 from [01m[K/home/ammar/Robotics/Graduation_Project/ACSAR_ws/src/robot_control/include/robot_control/Hardware_Interface.hpp:4[m[K,
                 from [01m[K/home/ammar/Robotics/Graduation_Project/ACSAR_ws/src/robot_control/src/Hardware_Interface.cpp:1[m[K:
[01m[K/usr/include/c++/11/bits/basic_string.h:6365:5:[m[K [01;36m[Knote: [m[Kcandidate: ‘[01m[Ktemplate<class _CharT, class _Traits, class _Alloc> bool std::operator<(const _CharT*, const std::__cxx11::basic_string<_CharT, _Traits, _Allocator>&)[m[K’
 6365 |     [01;36m[Koperator[m[K<(const _CharT* __lhs,
      |     [01;36m[K^~~~~~~~[m[K
[01m[K/usr/include/c++/11/bits/basic_string.h:6365:5:[m[K [01;36m[Knote: [m[K  template argument deduction/substitution failed:
[01m[K/home/ammar/Robotics/Graduation_Project/ACSAR_ws/src/robot_control/src/Hardware_Interface.cpp:210:39:[m[K [01;36m[Knote: [m[K  mismatched types ‘[01m[Kconst _CharT*[m[K’ and ‘[01m[Kint[m[K’
  210 |                         if (0 < info_.[01;36m[Kjoints[m[K,size())
      |                                       [01;36m[K^~~~~~[m[K
In file included from [01m[K/usr/include/c++/11/tuple:39[m[K,
                 from [01m[K/usr/include/c++/11/bits/unique_ptr.h:37[m[K,
                 from [01m[K/usr/include/c++/11/memory:76[m[K,
                 from [01m[K/opt/ros/humble/include/rcpputils/rcpputils/pointer_traits.hpp:22[m[K,
                 from [01m[K/opt/ros/humble/include/hardware_interface/macros.hpp:21[m[K,
                 from [01m[K/opt/ros/humble/include/hardware_interface/handle.hpp:21[m[K,
                 from [01m[K/home/ammar/Robotics/Graduation_Project/ACSAR_ws/src/robot_control/include/robot_control/Hardware_Interface.hpp:4[m[K,
                 from [01m[K/home/ammar/Robotics/Graduation_Project/ACSAR_ws/src/robot_control/src/Hardware_Interface.cpp:1[m[K:
[01m[K/usr/include/c++/11/array:311:5:[m[K [01;36m[Knote: [m[Kcandidate: ‘[01m[Ktemplate<class _Tp, long unsigned int _Nm> bool std::operator<(const std::array<_Tp, _Nm>&, const std::array<_Tp, _Nm>&)[m[K’
  311 |     [01;36m[Koperator[m[K<(const array<_Tp, _Nm>& __a, const array<_Tp, _Nm>& __b)
      |     [01;36m[K^~~~~~~~[m[K
[01m[K/usr/include/c++/11/array:311:5:[m[K [01;36m[Knote: [m[K  template argument deduction/substitution failed:
[01m[K/home/ammar/Robotics/Graduation_Project/ACSAR_ws/src/robot_control/src/Hardware_Interface.cpp:210:39:[m[K [01;36m[Knote: [m[K  mismatched types ‘[01m[Kconst std::array<_Tp, _Nm>[m[K’ and ‘[01m[Kint[m[K’
  210 |                         if (0 < info_.[01;36m[Kjoints[m[K,size())
      |                                       [01;36m[K^~~~~~[m[K
In file included from [01m[K/usr/include/c++/11/bits/unique_ptr.h:37[m[K,
                 from [01m[K/usr/include/c++/11/memory:76[m[K,
                 from [01m[K/opt/ros/humble/include/rcpputils/rcpputils/pointer_traits.hpp:22[m[K,
                 from [01m[K/opt/ros/humble/include/hardware_interface/macros.hpp:21[m[K,
                 from [01m[K/opt/ros/humble/include/hardware_interface/handle.hpp:21[m[K,
                 from [01m[K/home/ammar/Robotics/Graduation_Project/ACSAR_ws/src/robot_control/include/robot_control/Hardware_Interface.hpp:4[m[K,
                 from [01m[K/home/ammar/Robotics/Graduation_Project/ACSAR_ws/src/robot_control/src/Hardware_Interface.cpp:1[m[K:
[01m[K/usr/include/c++/11/tuple:1566:5:[m[K [01;36m[Knote: [m[Kcandidate: ‘[01m[Ktemplate<class ... _TElements, class ... _UElements> constexpr bool std::operator<(const std::tuple<_Tps ...>&, const std::tuple<_UTypes ...>&)[m[K’
 1566 |     [01;36m[Koperator[m[K<(const tuple<_TElements...>& __t,
      |     [01;36m[K^~~~~~~~[m[K
[01m[K/usr/include/c++/11/tuple:1566:5:[m[K [01;36m[Knote: [m[K  template argument deduction/substitution failed:
[01m[K/home/ammar/Robotics/Graduation_Project/ACSAR_ws/src/robot_control/src/Hardware_Interface.cpp:210:39:[m[K [01;36m[Knote: [m[K  mismatched types ‘[01m[Kconst std::tuple<_Tps ...>[m[K’ and ‘[01m[Kint[m[K’
  210 |                         if (0 < info_.[01;36m[Kjoints[m[K,size())
      |                                       [01;36m[K^~~~~~[m[K
In file included from [01m[K/usr/include/c++/11/memory:76[m[K,
                 from [01m[K/opt/ros/humble/include/rcpputils/rcpputils/pointer_traits.hpp:22[m[K,
                 from [01m[K/opt/ros/humble/include/hardware_interface/macros.hpp:21[m[K,
                 from [01m[K/opt/ros/humble/include/hardware_interface/handle.hpp:21[m[K,
                 from [01m[K/home/ammar/Robotics/Graduation_Project/ACSAR_ws/src/robot_control/include/robot_control/Hardware_Interface.hpp:4[m[K,
                 from [01m[K/home/ammar/Robotics/Graduation_Project/ACSAR_ws/src/robot_control/src/Hardware_Interface.cpp:1[m[K:
[01m[K/usr/include/c++/11/bits/unique_ptr.h:795:5:[m[K [01;36m[Knote: [m[Kcandidate: ‘[01m[Ktemplate<class _Tp, class _Dp, class _Up, class _Ep> bool std::operator<(const std::unique_ptr<_Tp, _Dp>&, const std::unique_ptr<_Up, _Ep>&)[m[K’
  795 |     [01;36m[Koperator[m[K<(const unique_ptr<_Tp, _Dp>& __x,
      |     [01;36m[K^~~~~~~~[m[K
[01m[K/usr/include/c++/11/bits/unique_ptr.h:795:5:[m[K [01;36m[Knote: [m[K  template argument deduction/substitution failed:
[01m[K/home/ammar/Robotics/Graduation_Project/ACSAR_ws/src/robot_control/src/Hardware_Interface.cpp:210:39:[m[K [01;36m[Knote: [m[K  mismatched types ‘[01m[Kconst std::unique_ptr<_Tp, _Dp>[m[K’ and ‘[01m[Kint[m[K’
  210 |                         if (0 < info_.[01;36m[Kjoints[m[K,size())
      |                                       [01;36m[K^~~~~~[m[K
In file included from [01m[K/usr/include/c++/11/memory:76[m[K,
                 from [01m[K/opt/ros/humble/include/rcpputils/rcpputils/pointer_traits.hpp:22[m[K,
                 from [01m[K/opt/ros/humble/include/hardware_interface/macros.hpp:21[m[K,
                 from [01m[K/opt/ros/humble/include/hardware_interface/handle.hpp:21[m[K,
                 from [01m[K/home/ammar/Robotics/Graduation_Project/ACSAR_ws/src/robot_control/include/robot_control/Hardware_Interface.hpp:4[m[K,
                 from [01m[K/home/ammar/Robotics/Graduation_Project/ACSAR_ws/src/robot_control/src/Hardware_Interface.cpp:1[m[K:
[01m[K/usr/include/c++/11/bits/unique_ptr.h:807:5:[m[K [01;36m[Knote: [m[Kcandidate: ‘[01m[Ktemplate<class _Tp, class _Dp> bool std::operator<(const std::unique_ptr<_Tp, _Dp>&, std::nullptr_t)[m[K’
  807 |     [01;36m[Koperator[m[K<(const unique_ptr<_Tp, _Dp>& __x, nullptr_t)
      |     [01;36m[K^~~~~~~~[m[K
[01m[K/usr/include/c++/11/bits/unique_ptr.h:807:5:[m[K [01;36m[Knote: [m[K  template argument deduction/substitution failed:
[01m[K/home/ammar/Robotics/Graduation_Project/ACSAR_ws/src/robot_control/src/Hardware_Interface.cpp:210:39:[m[K [01;36m[Knote: [m[K  mismatched types ‘[01m[Kconst std::unique_ptr<_Tp, _Dp>[m[K’ and ‘[01m[Kint[m[K’
  210 |                         if (0 < info_.[01;36m[Kjoints[m[K,size())
      |                                       [01;36m[K^~~~~~[m[K
In file included from [01m[K/usr/include/c++/11/memory:76[m[K,
                 from [01m[K/opt/ros/humble/include/rcpputils/rcpputils/pointer_traits.hpp:22[m[K,
                 from [01m[K/opt/ros/humble/include/hardware_interface/macros.hpp:21[m[K,
                 from [01m[K/opt/ros/humble/include/hardware_interface/handle.hpp:21[m[K,
                 from [01m[K/home/ammar/Robotics/Graduation_Project/ACSAR_ws/src/robot_control/include/robot_control/Hardware_Interface.hpp:4[m[K,
                 from [01m[K/home/ammar/Robotics/Graduation_Project/ACSAR_ws/src/robot_control/src/Hardware_Interface.cpp:1[m[K:
[01m[K/usr/include/c++/11/bits/unique_ptr.h:816:5:[m[K [01;36m[Knote: [m[Kcandidate: ‘[01m[Ktemplate<class _Tp, class _Dp> bool std::operator<(std::nullptr_t, const std::unique_ptr<_Tp, _Dp>&)[m[K’
  816 |     [01;36m[Koperator[m[K<(nullptr_t, const unique_ptr<_Tp, _Dp>& __x)
      |     [01;36m[K^~~~~~~~[m[K
[01m[K/usr/include/c++/11/bits/unique_ptr.h:816:5:[m[K [01;36m[Knote: [m[K  template argument deduction/substitution failed:
[01m[K/home/ammar/Robotics/Graduation_Project/ACSAR_ws/src/robot_control/src/Hardware_Interface.cpp:210:39:[m[K [01;36m[Knote: [m[K  ‘[01m[Kstd::vector<hardware_interface::ComponentInfo>[m[K’ is not derived from ‘[01m[Kconst std::unique_ptr<_Tp, _Dp>[m[K’
  210 |                         if (0 < info_.[01;36m[Kjoints[m[K,size())
      |                                       [01;36m[K^~~~~~[m[K
In file included from [01m[K/usr/include/c++/11/bits/shared_ptr.h:53[m[K,
                 from [01m[K/usr/include/c++/11/memory:77[m[K,
                 from [01m[K/opt/ros/humble/include/rcpputils/rcpputils/pointer_traits.hpp:22[m[K,
                 from [01m[K/opt/ros/humble/include/hardware_interface/macros.hpp:21[m[K,
                 from [01m[K/opt/ros/humble/include/hardware_interface/handle.hpp:21[m[K,
                 from [01m[K/home/ammar/Robotics/Graduation_Project/ACSAR_ws/src/robot_control/include/robot_control/Hardware_Interface.hpp:4[m[K,
                 from [01m[K/home/ammar/Robotics/Graduation_Project/ACSAR_ws/src/robot_control/src/Hardware_Interface.cpp:1[m[K:
[01m[K/usr/include/c++/11/bits/shared_ptr_base.h:1457:5:[m[K [01;36m[Knote: [m[Kcandidate: ‘[01m[Ktemplate<class _Tp, class _Up, __gnu_cxx::_Lock_policy _Lp> bool std::operator<(const std::__shared_ptr<_Tp1, _Lp>&, const std::__shared_ptr<_Tp2, _Lp>&)[m[K’
 1457 |     [01;36m[Koperator[m[K<(const __shared_ptr<_Tp, _Lp>& __a,
      |     [01;36m[K^~~~~~~~[m[K
[01m[K/usr/include/c++/11/bits/shared_ptr_base.h:1457:5:[m[K [01;36m[Knote: [m[K  template argument deduction/substitution failed:
[01m[K/home/ammar/Robotics/Graduation_Project/ACSAR_ws/src/robot_control/src/Hardware_Interface.cpp:210:39:[m[K [01;36m[Knote: [m[K  mismatched types ‘[01m[Kconst std::__shared_ptr<_Tp1, _Lp>[m[K’ and ‘[01m[Kint[m[K’
  210 |                         if (0 < info_.[01;36m[Kjoints[m[K,size())
      |                                       [01;36m[K^~~~~~[m[K
In file included from [01m[K/usr/include/c++/11/bits/shared_ptr.h:53[m[K,
                 from [01m[K/usr/include/c++/11/memory:77[m[K,
                 from [01m[K/opt/ros/humble/include/rcpputils/rcpputils/pointer_traits.hpp:22[m[K,
                 from [01m[K/opt/ros/humble/include/hardware_interface/macros.hpp:21[m[K,
                 from [01m[K/opt/ros/humble/include/hardware_interface/handle.hpp:21[m[K,
                 from [01m[K/home/ammar/Robotics/Graduation_Project/ACSAR_ws/src/robot_control/include/robot_control/Hardware_Interface.hpp:4[m[K,
                 from [01m[K/home/ammar/Robotics/Graduation_Project/ACSAR_ws/src/robot_control/src/Hardware_Interface.cpp:1[m[K:
[01m[K/usr/include/c++/11/bits/shared_ptr_base.h:1468:5:[m[K [01;36m[Knote: [m[Kcandidate: ‘[01m[Ktemplate<class _Tp, __gnu_cxx::_Lock_policy _Lp> bool std::operator<(const std::__shared_ptr<_Tp, _Lp>&, std::nullptr_t)[m[K’
 1468 |     [01;36m[Koperator[m[K<(const __shared_ptr<_Tp, _Lp>& __a, nullptr_t) noexcept
      |     [01;36m[K^~~~~~~~[m[K
[01m[K/usr/include/c++/11/bits/shared_ptr_base.h:1468:5:[m[K [01;36m[Knote: [m[K  template argument deduction/substitution failed:
[01m[K/home/ammar/Robotics/Graduation_Project/ACSAR_ws/src/robot_control/src/Hardware_Interface.cpp:210:39:[m[K [01;36m[Knote: [m[K  mismatched types ‘[01m[Kconst std::__shared_ptr<_Tp, _Lp>[m[K’ and ‘[01m[Kint[m[K’
  210 |                         if (0 < info_.[01;36m[Kjoints[m[K,size())
      |                                       [01;36m[K^~~~~~[m[K
In file included from [01m[K/usr/include/c++/11/bits/shared_ptr.h:53[m[K,
                 from [01m[K/usr/include/c++/11/memory:77[m[K,
                 from [01m[K/opt/ros/humble/include/rcpputils/rcpputils/pointer_traits.hpp:22[m[K,
                 from [01m[K/opt/ros/humble/include/hardware_interface/macros.hpp:21[m[K,
                 from [01m[K/opt/ros/humble/include/hardware_interface/handle.hpp:21[m[K,
                 from [01m[K/home/ammar/Robotics/Graduation_Project/ACSAR_ws/src/robot_control/include/robot_control/Hardware_Interface.hpp:4[m[K,
                 from [01m[K/home/ammar/Robotics/Graduation_Project/ACSAR_ws/src/robot_control/src/Hardware_Interface.cpp:1[m[K:
[01m[K/usr/include/c++/11/bits/shared_ptr_base.h:1476:5:[m[K [01;36m[Knote: [m[Kcandidate: ‘[01m[Ktemplate<class _Tp, __gnu_cxx::_Lock_policy _Lp> bool std::operator<(std::nullptr_t, const std::__shared_ptr<_Tp, _Lp>&)[m[K’
 1476 |     [01;36m[Koperator[m[K<(nullptr_t, const __shared_ptr<_Tp, _Lp>& __a) noexcept
      |     [01;36m[K^~~~~~~~[m[K
[01m[K/usr/include/c++/11/bits/shared_ptr_base.h:1476:5:[m[K [01;36m[Knote: [m[K  template argument deduction/substitution failed:
[01m[K/home/ammar/Robotics/Graduation_Project/ACSAR_ws/src/robot_control/src/Hardware_Interface.cpp:210:39:[m[K [01;36m[Knote: [m[K  ‘[01m[Kstd::vector<hardware_interface::ComponentInfo>[m[K’ is not derived from ‘[01m[Kconst std::__shared_ptr<_Tp, _Lp>[m[K’
  210 |                         if (0 < info_.[01;36m[Kjoints[m[K,size())
      |                                       [01;36m[K^~~~~~[m[K
In file included from [01m[K/usr/include/c++/11/memory:77[m[K,
                 from [01m[K/opt/ros/humble/include/rcpputils/rcpputils/pointer_traits.hpp:22[m[K,
                 from [01m[K/opt/ros/humble/include/hardware_interface/macros.hpp:21[m[K,
                 from [01m[K/opt/ros/humble/include/hardware_interface/handle.hpp:21[m[K,
                 from [01m[K/home/ammar/Robotics/Graduation_Project/ACSAR_ws/src/robot_control/include/robot_control/Hardware_Interface.hpp:4[m[K,
                 from [01m[K/home/ammar/Robotics/Graduation_Project/ACSAR_ws/src/robot_control/src/Hardware_Interface.cpp:1[m[K:
[01m[K/usr/include/c++/11/bits/shared_ptr.h:488:5:[m[K [01;36m[Knote: [m[Kcandidate: ‘[01m[Ktemplate<class _Tp, class _Up> bool std::operator<(const std::shared_ptr<_Tp>&, const std::shared_ptr<_Tp>&)[m[K’
  488 |     [01;36m[Koperator[m[K<(const shared_ptr<_Tp>& __a, const shared_ptr<_Up>& __b) noexcept
      |     [01;36m[K^~~~~~~~[m[K
[01m[K/usr/include/c++/11/bits/shared_ptr.h:488:5:[m[K [01;36m[Knote: [m[K  template argument deduction/substitution failed:
[01m[K/home/ammar/Robotics/Graduation_Project/ACSAR_ws/src/robot_control/src/Hardware_Interface.cpp:210:39:[m[K [01;36m[Knote: [m[K  mismatched types ‘[01m[Kconst std::shared_ptr<_Tp>[m[K’ and ‘[01m[Kint[m[K’
  210 |                         if (0 < info_.[01;36m[Kjoints[m[K,size())
      |                                       [01;36m[K^~~~~~[m[K
In file included from [01m[K/usr/include/c++/11/memory:77[m[K,
                 from [01m[K/opt/ros/humble/include/rcpputils/rcpputils/pointer_traits.hpp:22[m[K,
                 from [01m[K/opt/ros/humble/include/hardware_interface/macros.hpp:21[m[K,
                 from [01m[K/opt/ros/humble/include/hardware_interface/handle.hpp:21[m[K,
                 from [01m[K/home/ammar/Robotics/Graduation_Project/ACSAR_ws/src/robot_control/include/robot_control/Hardware_Interface.hpp:4[m[K,
                 from [01m[K/home/ammar/Robotics/Graduation_Project/ACSAR_ws/src/robot_control/src/Hardware_Interface.cpp:1[m[K:
[01m[K/usr/include/c++/11/bits/shared_ptr.h:499:5:[m[K [01;36m[Knote: [m[Kcandidate: ‘[01m[Ktemplate<class _Tp> bool std::operator<(const std::shared_ptr<_Tp>&, std::nullptr_t)[m[K’
  499 |     [01;36m[Koperator[m[K<(const shared_ptr<_Tp>& __a, nullptr_t) noexcept
      |     [01;36m[K^~~~~~~~[m[K
[01m[K/usr/include/c++/11/bits/shared_ptr.h:499:5:[m[K [01;36m[Knote: [m[K  template argument deduction/substitution failed:
[01m[K/home/ammar/Robotics/Graduation_Project/ACSAR_ws/src/robot_control/src/Hardware_Interface.cpp:210:39:[m[K [01;36m[Knote: [m[K  mismatched types ‘[01m[Kconst std::shared_ptr<_Tp>[m[K’ and ‘[01m[Kint[m[K’
  210 |                         if (0 < info_.[01;36m[Kjoints[m[K,size())
      |                                       [01;36m[K^~~~~~[m[K
In file included from [01m[K/usr/include/c++/11/memory:77[m[K,
                 from [01m[K/opt/ros/humble/include/rcpputils/rcpputils/pointer_traits.hpp:22[m[K,
                 from [01m[K/opt/ros/humble/include/hardware_interface/macros.hpp:21[m[K,
                 from [01m[K/opt/ros/humble/include/hardware_interface/handle.hpp:21[m[K,
                 from [01m[K/home/ammar/Robotics/Graduation_Project/ACSAR_ws/src/robot_control/include/robot_control/Hardware_Interface.hpp:4[m[K,
                 from [01m[K/home/ammar/Robotics/Graduation_Project/ACSAR_ws/src/robot_control/src/Hardware_Interface.cpp:1[m[K:
[01m[K/usr/include/c++/11/bits/shared_ptr.h:508:5:[m[K [01;36m[Knote: [m[Kcandidate: ‘[01m[Ktemplate<class _Tp> bool std::operator<(std::nullptr_t, const std::shared_ptr<_Tp>&)[m[K’
  508 |     [01;36m[Koperator[m[K<(nullptr_t, const shared_ptr<_Tp>& __a) noexcept
      |     [01;36m[K^~~~~~~~[m[K
[01m[K/usr/include/c++/11/bits/shared_ptr.h:508:5:[m[K [01;36m[Knote: [m[K  template argument deduction/substitution failed:
[01m[K/home/ammar/Robotics/Graduation_Project/ACSAR_ws/src/robot_control/src/Hardware_Interface.cpp:210:39:[m[K [01;36m[Knote: [m[K  ‘[01m[Kstd::vector<hardware_interface::ComponentInfo>[m[K’ is not derived from ‘[01m[Kconst std::shared_ptr<_Tp>[m[K’
  210 |                         if (0 < info_.[01;36m[Kjoints[m[K,size())
      |                                       [01;36m[K^~~~~~[m[K
In file included from [01m[K/usr/include/c++/11/vector:67[m[K,
                 from [01m[K/opt/ros/humble/include/hardware_interface/hardware_info.hpp:20[m[K,
                 from [01m[K/home/ammar/Robotics/Graduation_Project/ACSAR_ws/src/robot_control/include/robot_control/Hardware_Interface.hpp:5[m[K,
                 from [01m[K/home/ammar/Robotics/Graduation_Project/ACSAR_ws/src/robot_control/src/Hardware_Interface.cpp:1[m[K:
[01m[K/usr/include/c++/11/bits/stl_vector.h:1930:5:[m[K [01;36m[Knote: [m[Kcandidate: ‘[01m[Ktemplate<class _Tp, class _Alloc> bool std::operator<(const std::vector<_Tp, _Alloc>&, const std::vector<_Tp, _Alloc>&)[m[K’
 1930 |     [01;36m[Koperator[m[K<(const vector<_Tp, _Alloc>& __x, const vector<_Tp, _Alloc>& __y)
      |     [01;36m[K^~~~~~~~[m[K
[01m[K/usr/include/c++/11/bits/stl_vector.h:1930:5:[m[K [01;36m[Knote: [m[K  template argument deduction/substitution failed:
[01m[K/home/ammar/Robotics/Graduation_Project/ACSAR_ws/src/robot_control/src/Hardware_Interface.cpp:210:39:[m[K [01;36m[Knote: [m[K  mismatched types ‘[01m[Kconst std::vector<_Tp, _Alloc>[m[K’ and ‘[01m[Kint[m[K’
  210 |                         if (0 < info_.[01;36m[Kjoints[m[K,size())
      |                                       [01;36m[K^~~~~~[m[K
In file included from [01m[K/usr/include/c++/11/set:61[m[K,
                 from [01m[K/opt/ros/humble/include/rclcpp/rclcpp/executors/multi_threaded_executor.hpp:21[m[K,
                 from [01m[K/opt/ros/humble/include/rclcpp/rclcpp/executors.hpp:21[m[K,
                 from [01m[K/opt/ros/humble/include/rclcpp/rclcpp/rclcpp.hpp:155[m[K,
                 from [01m[K/home/ammar/Robotics/Graduation_Project/ACSAR_ws/src/robot_control/include/robot_control/Hardware_Interface.hpp:11[m[K,
                 from [01m[K/home/ammar/Robotics/Graduation_Project/ACSAR_ws/src/robot_control/src/Hardware_Interface.cpp:1[m[K:
[01m[K/usr/include/c++/11/bits/stl_set.h:1023:5:[m[K [01;36m[Knote: [m[Kcandidate: ‘[01m[Ktemplate<class _Key, class _Compare, class _Alloc> bool std::operator<(const std::set<_Key, _Compare, _Allocator>&, const std::set<_Key, _Compare, _Allocator>&)[m[K’
 1023 |     [01;36m[Koperator[m[K<(const set<_Key, _Compare, _Alloc>& __x,
      |     [01;36m[K^~~~~~~~[m[K
[01m[K/usr/include/c++/11/bits/stl_set.h:1023:5:[m[K [01;36m[Knote: [m[K  template argument deduction/substitution failed:
[01m[K/home/ammar/Robotics/Graduation_Project/ACSAR_ws/src/robot_control/src/Hardware_Interface.cpp:210:39:[m[K [01;36m[Knote: [m[K  mismatched types ‘[01m[Kconst std::set<_Key, _Compare, _Allocator>[m[K’ and ‘[01m[Kint[m[K’
  210 |                         if (0 < info_.[01;36m[Kjoints[m[K,size())
      |                                       [01;36m[K^~~~~~[m[K
In file included from [01m[K/usr/include/c++/11/set:62[m[K,
                 from [01m[K/opt/ros/humble/include/rclcpp/rclcpp/executors/multi_threaded_executor.hpp:21[m[K,
                 from [01m[K/opt/ros/humble/include/rclcpp/rclcpp/executors.hpp:21[m[K,
                 from [01m[K/opt/ros/humble/include/rclcpp/rclcpp/rclcpp.hpp:155[m[K,
                 from [01m[K/home/ammar/Robotics/Graduation_Project/ACSAR_ws/src/robot_control/include/robot_control/Hardware_Interface.hpp:11[m[K,
                 from [01m[K/home/ammar/Robotics/Graduation_Project/ACSAR_ws/src/robot_control/src/Hardware_Interface.cpp:1[m[K:
[01m[K/usr/include/c++/11/bits/stl_multiset.h:1009:5:[m[K [01;36m[Knote: [m[Kcandidate: ‘[01m[Ktemplate<class _Key, class _Compare, class _Alloc> bool std::operator<(const std::multiset<_Key, _Compare, _Allocator>&, const std::multiset<_Key, _Compare, _Allocator>&)[m[K’
 1009 |     [01;36m[Koperator[m[K<(const multiset<_Key, _Compare, _Alloc>& __x,
      |     [01;36m[K^~~~~~~~[m[K
[01m[K/usr/include/c++/11/bits/stl_multiset.h:1009:5:[m[K [01;36m[Knote: [m[K  template argument deduction/substitution failed:
[01m[K/home/ammar/Robotics/Graduation_Project/ACSAR_ws/src/robot_control/src/Hardware_Interface.cpp:210:39:[m[K [01;36m[Knote: [m[K  mismatched types ‘[01m[Kconst std::multiset<_Key, _Compare, _Allocator>[m[K’ and ‘[01m[Kint[m[K’
  210 |                         if (0 < info_.[01;36m[Kjoints[m[K,size())
      |                                       [01;36m[K^~~~~~[m[K
In file included from [01m[K/usr/include/c++/11/list:63[m[K,
                 from [01m[K/opt/ros/humble/include/rclcpp/rclcpp/executor.hpp:23[m[K,
                 from [01m[K/opt/ros/humble/include/rclcpp/rclcpp/executors/multi_threaded_executor.hpp:25[m[K,
                 from [01m[K/opt/ros/humble/include/rclcpp/rclcpp/executors.hpp:21[m[K,
                 from [01m[K/opt/ros/humble/include/rclcpp/rclcpp/rclcpp.hpp:155[m[K,
                 from [01m[K/home/ammar/Robotics/Graduation_Project/ACSAR_ws/src/robot_control/include/robot_control/Hardware_Interface.hpp:11[m[K,
                 from [01m[K/home/ammar/Robotics/Graduation_Project/ACSAR_ws/src/robot_control/src/Hardware_Interface.cpp:1[m[K:
[01m[K/usr/include/c++/11/bits/stl_list.h:2085:5:[m[K [01;36m[Knote: [m[Kcandidate: ‘[01m[Ktemplate<class _Tp, class _Alloc> bool std::operator<(const std::__cxx11::list<_Tp, _Alloc>&, const std::__cxx11::list<_Tp, _Alloc>&)[m[K’
 2085 |     [01;36m[Koperator[m[K<(const list<_Tp, _Alloc>& __x, const list<_Tp, _Alloc>& __y)
      |     [01;36m[K^~~~~~~~[m[K
[01m[K/usr/include/c++/11/bits/stl_list.h:2085:5:[m[K [01;36m[Knote: [m[K  template argument deduction/substitution failed:
[01m[K/home/ammar/Robotics/Graduation_Project/ACSAR_ws/src/robot_control/src/Hardware_Interface.cpp:210:39:[m[K [01;36m[Knote: [m[K  mismatched types ‘[01m[Kconst std::__cxx11::list<_Tp, _Alloc>[m[K’ and ‘[01m[Kint[m[K’
  210 |                         if (0 < info_.[01;36m[Kjoints[m[K,size())
      |                                       [01;36m[K^~~~~~[m[K
In file included from [01m[K/usr/include/c++/11/map:61[m[K,
                 from [01m[K/opt/ros/humble/include/rclcpp/rclcpp/executor.hpp:24[m[K,
                 from [01m[K/opt/ros/humble/include/rclcpp/rclcpp/executors/multi_threaded_executor.hpp:25[m[K,
                 from [01m[K/opt/ros/humble/include/rclcpp/rclcpp/executors.hpp:21[m[K,
                 from [01m[K/opt/ros/humble/include/rclcpp/rclcpp/rclcpp.hpp:155[m[K,
                 from [01m[K/home/ammar/Robotics/Graduation_Project/ACSAR_ws/src/robot_control/include/robot_control/Hardware_Interface.hpp:11[m[K,
                 from [01m[K/home/ammar/Robotics/Graduation_Project/ACSAR_ws/src/robot_control/src/Hardware_Interface.cpp:1[m[K:
[01m[K/usr/include/c++/11/bits/stl_map.h:1501:5:[m[K [01;36m[Knote: [m[Kcandidate: ‘[01m[Ktemplate<class _Key, class _Tp, class _Compare, class _Alloc> bool std::operator<(const std::map<_Key, _Tp, _Compare, _Allocator>&, const std::map<_Key, _Tp, _Compare, _Allocator>&)[m[K’
 1501 |     [01;36m[Koperator[m[K<(const map<_Key, _Tp, _Compare, _Alloc>& __x,
      |     [01;36m[K^~~~~~~~[m[K
[01m[K/usr/include/c++/11/bits/stl_map.h:1501:5:[m[K [01;36m[Knote: [m[K  template argument deduction/substitution failed:
[01m[K/home/ammar/Robotics/Graduation_Project/ACSAR_ws/src/robot_control/src/Hardware_Interface.cpp:210:39:[m[K [01;36m[Knote: [m[K  mismatched types ‘[01m[Kconst std::map<_Key, _Tp, _Compare, _Allocator>[m[K’ and ‘[01m[Kint[m[K’
  210 |                         if (0 < info_.[01;36m[Kjoints[m[K,size())
      |                                       [01;36m[K^~~~~~[m[K
In file included from [01m[K/usr/include/c++/11/map:62[m[K,
                 from [01m[K/opt/ros/humble/include/rclcpp/rclcpp/executor.hpp:24[m[K,
                 from [01m[K/opt/ros/humble/include/rclcpp/rclcpp/executors/multi_threaded_executor.hpp:25[m[K,
                 from [01m[K/opt/ros/humble/include/rclcpp/rclcpp/executors.hpp:21[m[K,
                 from [01m[K/opt/ros/humble/include/rclcpp/rclcpp/rclcpp.hpp:155[m[K,
                 from [01m[K/home/ammar/Robotics/Graduation_Project/ACSAR_ws/src/robot_control/include/robot_control/Hardware_Interface.hpp:11[m[K,
                 from [01m[K/home/ammar/Robotics/Graduation_Project/ACSAR_ws/src/robot_control/src/Hardware_Interface.cpp:1[m[K:
[01m[K/usr/include/c++/11/bits/stl_multimap.h:1166:5:[m[K [01;36m[Knote: [m[Kcandidate: ‘[01m[Ktemplate<class _Key, class _Tp, class _Compare, class _Alloc> bool std::operator<(const std::multimap<_Key, _Tp, _Compare, _Allocator>&, const std::multimap<_Key, _Tp, _Compare, _Allocator>&)[m[K’
 1166 |     [01;36m[Koperator[m[K<(const multimap<_Key, _Tp, _Compare, _Alloc>& __x,
      |     [01;36m[K^~~~~~~~[m[K
[01m[K/usr/include/c++/11/bits/stl_multimap.h:1166:5:[m[K [01;36m[Knote: [m[K  template argument deduction/substitution failed:
[01m[K/home/ammar/Robotics/Graduation_Project/ACSAR_ws/src/robot_control/src/Hardware_Interface.cpp:210:39:[m[K [01;36m[Knote: [m[K  mismatched types ‘[01m[Kconst std::multimap<_Key, _Tp, _Compare, _Allocator>[m[K’ and ‘[01m[Kint[m[K’
  210 |                         if (0 < info_.[01;36m[Kjoints[m[K,size())
      |                                       [01;36m[K^~~~~~[m[K
In file included from [01m[K/opt/ros/humble/include/rclcpp/rclcpp/client.hpp:23[m[K,
                 from [01m[K/opt/ros/humble/include/rclcpp/rclcpp/callback_group.hpp:24[m[K,
                 from [01m[K/opt/ros/humble/include/rclcpp/rclcpp/any_executable.hpp:20[m[K,
                 from [01m[K/opt/ros/humble/include/rclcpp/rclcpp/memory_strategy.hpp:25[m[K,
                 from [01m[K/opt/ros/humble/include/rclcpp/rclcpp/memory_strategies.hpp:18[m[K,
                 from [01m[K/opt/ros/humble/include/rclcpp/rclcpp/executor_options.hpp:20[m[K,
                 from [01m[K/opt/ros/humble/include/rclcpp/rclcpp/executor.hpp:37[m[K,
                 from [01m[K/opt/ros/humble/include/rclcpp/rclcpp/executors/multi_threaded_executor.hpp:25[m[K,
                 from [01m[K/opt/ros/humble/include/rclcpp/rclcpp/executors.hpp:21[m[K,
                 from [01m[K/opt/ros/humble/include/rclcpp/rclcpp/rclcpp.hpp:155[m[K,
                 from [01m[K/home/ammar/Robotics/Graduation_Project/ACSAR_ws/src/robot_control/include/robot_control/Hardware_Interface.hpp:11[m[K,
                 from [01m[K/home/ammar/Robotics/Graduation_Project/ACSAR_ws/src/robot_control/src/Hardware_Interface.cpp:1[m[K:
[01m[K/usr/include/c++/11/optional:1063:5:[m[K [01;36m[Knote: [m[Kcandidate: ‘[01m[Ktemplate<class _Tp, class _Up> constexpr std::__optional_lt_t<_Tp, _Up> std::operator<(const std::optional<_Tp>&, const std::optional<_Up>&)[m[K’
 1063 |     [01;36m[Koperator[m[K<(const optional<_Tp>& __lhs, const optional<_Up>& __rhs)
      |     [01;36m[K^~~~~~~~[m[K
[01m[K/usr/include/c++/11/optional:1063:5:[m[K [01;36m[Knote: [m[K  template argument deduction/substitution failed:
[01m[K/home/ammar/Robotics/Graduation_Project/ACSAR_ws/src/robot_control/src/Hardware_Interface.cpp:210:39:[m[K [01;36m[Knote: [m[K  mismatched types ‘[01m[Kconst std::optional<_Tp>[m[K’ and ‘[01m[Kint[m[K’
  210 |                         if (0 < info_.[01;36m[Kjoints[m[K,size())
      |                                       [01;36m[K^~~~~~[m[K
In file included from [01m[K/opt/ros/humble/include/rclcpp/rclcpp/client.hpp:23[m[K,
                 from [01m[K/opt/ros/humble/include/rclcpp/rclcpp/callback_group.hpp:24[m[K,
                 from [01m[K/opt/ros/humble/include/rclcpp/rclcpp/any_executable.hpp:20[m[K,
                 from [01m[K/opt/ros/humble/include/rclcpp/rclcpp/memory_strategy.hpp:25[m[K,
                 from [01m[K/opt/ros/humble/include/rclcpp/rclcpp/memory_strategies.hpp:18[m[K,
                 from [01m[K/opt/ros/humble/include/rclcpp/rclcpp/executor_options.hpp:20[m[K,
                 from [01m[K/opt/ros/humble/include/rclcpp/rclcpp/executor.hpp:37[m[K,
                 from [01m[K/opt/ros/humble/include/rclcpp/rclcpp/executors/multi_threaded_executor.hpp:25[m[K,
                 from [01m[K/opt/ros/humble/include/rclcpp/rclcpp/executors.hpp:21[m[K,
                 from [01m[K/opt/ros/humble/include/rclcpp/rclcpp/rclcpp.hpp:155[m[K,
                 from [01m[K/home/ammar/Robotics/Graduation_Project/ACSAR_ws/src/robot_control/include/robot_control/Hardware_Interface.hpp:11[m[K,
                 from [01m[K/home/ammar/Robotics/Graduation_Project/ACSAR_ws/src/robot_control/src/Hardware_Interface.cpp:1[m[K:
[01m[K/usr/include/c++/11/optional:1131:5:[m[K [01;36m[Knote: [m[Kcandidate: ‘[01m[Ktemplate<class _Tp> constexpr bool std::operator<(const std::optional<_Tp>&, std::nullopt_t)[m[K’
 1131 |     [01;36m[Koperator[m[K<(const optional<_Tp>& /* __lhs */, nullopt_t) noexcept
      |     [01;36m[K^~~~~~~~[m[K
[01m[K/usr/include/c++/11/optional:1131:5:[m[K [01;36m[Knote: [m[K  template argument deduction/substitution failed:
[01m[K/home/ammar/Robotics/Graduation_Project/ACSAR_ws/src/robot_control/src/Hardware_Interface.cpp:210:39:[m[K [01;36m[Knote: [m[K  mismatched types ‘[01m[Kconst std::optional<_Tp>[m[K’ and ‘[01m[Kint[m[K’
  210 |                         if (0 < info_.[01;36m[Kjoints[m[K,size())
      |                                       [01;36m[K^~~~~~[m[K
In file included from [01m[K/opt/ros/humble/include/rclcpp/rclcpp/client.hpp:23[m[K,
                 from [01m[K/opt/ros/humble/include/rclcpp/rclcpp/callback_group.hpp:24[m[K,
                 from [01m[K/opt/ros/humble/include/rclcpp/rclcpp/any_executable.hpp:20[m[K,
                 from [01m[K/opt/ros/humble/include/rclcpp/rclcpp/memory_strategy.hpp:25[m[K,
                 from [01m[K/opt/ros/humble/include/rclcpp/rclcpp/memory_strategies.hpp:18[m[K,
                 from [01m[K/opt/ros/humble/include/rclcpp/rclcpp/executor_options.hpp:20[m[K,
                 from [01m[K/opt/ros/humble/include/rclcpp/rclcpp/executor.hpp:37[m[K,
                 from [01m[K/opt/ros/humble/include/rclcpp/rclcpp/executors/multi_threaded_executor.hpp:25[m[K,
                 from [01m[K/opt/ros/humble/include/rclcpp/rclcpp/executors.hpp:21[m[K,
                 from [01m[K/opt/ros/humble/include/rclcpp/rclcpp/rclcpp.hpp:155[m[K,
                 from [01m[K/home/ammar/Robotics/Graduation_Project/ACSAR_ws/src/robot_control/include/robot_control/Hardware_Interface.hpp:11[m[K,
                 from [01m[K/home/ammar/Robotics/Graduation_Project/ACSAR_ws/src/robot_control/src/Hardware_Interface.cpp:1[m[K:
[01m[K/usr/include/c++/11/optional:1136:5:[m[K [01;36m[Knote: [m[Kcandidate: ‘[01m[Ktemplate<class _Tp> constexpr bool std::operator<(std::nullopt_t, const std::optional<_Tp>&)[m[K’
 1136 |     [01;36m[Koperator[m[K<(nullopt_t, const optional<_Tp>& __rhs) noexcept
      |     [01;36m[K^~~~~~~~[m[K
[01m[K/usr/include/c++/11/optional:1136:5:[m[K [01;36m[Knote: [m[K  template argument deduction/substitution failed:
[01m[K/home/ammar/Robotics/Graduation_Project/ACSAR_ws/src/robot_control/src/Hardware_Interface.cpp:210:39:[m[K [01;36m[Knote: [m[K  ‘[01m[Kstd::vector<hardware_interface::ComponentInfo>[m[K’ is not derived from ‘[01m[Kconst std::optional<_Tp>[m[K’
  210 |                         if (0 < info_.[01;36m[Kjoints[m[K,size())
      |                                       [01;36m[K^~~~~~[m[K
In file included from [01m[K/opt/ros/humble/include/rclcpp/rclcpp/client.hpp:23[m[K,
                 from [01m[K/opt/ros/humble/include/rclcpp/rclcpp/callback_group.hpp:24[m[K,
                 from [01m[K/opt/ros/humble/include/rclcpp/rclcpp/any_executable.hpp:20[m[K,
                 from [01m[K/opt/ros/humble/include/rclcpp/rclcpp/memory_strategy.hpp:25[m[K,
                 from [01m[K/opt/ros/humble/include/rclcpp/rclcpp/memory_strategies.hpp:18[m[K,
                 from [01m[K/opt/ros/humble/include/rclcpp/rclcpp/executor_options.hpp:20[m[K,
                 from [01m[K/opt/ros/humble/include/rclcpp/rclcpp/executor.hpp:37[m[K,
                 from [01m[K/opt/ros/humble/include/rclcpp/rclcpp/executors/multi_threaded_executor.hpp:25[m[K,
                 from [01m[K/opt/ros/humble/include/rclcpp/rclcpp/executors.hpp:21[m[K,
                 from [01m[K/opt/ros/humble/include/rclcpp/rclcpp/rclcpp.hpp:155[m[K,
                 from [01m[K/home/ammar/Robotics/Graduation_Project/ACSAR_ws/src/robot_control/include/robot_control/Hardware_Interface.hpp:11[m[K,
                 from [01m[K/home/ammar/Robotics/Graduation_Project/ACSAR_ws/src/robot_control/src/Hardware_Interface.cpp:1[m[K:
[01m[K/usr/include/c++/11/optional:1197:5:[m[K [01;36m[Knote: [m[Kcandidate: ‘[01m[Ktemplate<class _Tp, class _Up> constexpr std::__optional_lt_t<_Tp, _Up> std::operator<(const std::optional<_Tp>&, const _Up&)[m[K’
 1197 |     [01;36m[Koperator[m[K<(const optional<_Tp>& __lhs, const _Up& __rhs)
      |     [01;36m[K^~~~~~~~[m[K
[01m[K/usr/include/c++/11/optional:1197:5:[m[K [01;36m[Knote: [m[K  template argument deduction/substitution failed:
[01m[K/home/ammar/Robotics/Graduation_Project/ACSAR_ws/src/robot_control/src/Hardware_Interface.cpp:210:39:[m[K [01;36m[Knote: [m[K  mismatched types ‘[01m[Kconst std::optional<_Tp>[m[K’ and ‘[01m[Kint[m[K’
  210 |                         if (0 < info_.[01;36m[Kjoints[m[K,size())
      |                                       [01;36m[K^~~~~~[m[K
In file included from [01m[K/opt/ros/humble/include/rclcpp/rclcpp/client.hpp:23[m[K,
                 from [01m[K/opt/ros/humble/include/rclcpp/rclcpp/callback_group.hpp:24[m[K,
                 from [01m[K/opt/ros/humble/include/rclcpp/rclcpp/any_executable.hpp:20[m[K,
                 from [01m[K/opt/ros/humble/include/rclcpp/rclcpp/memory_strategy.hpp:25[m[K,
                 from [01m[K/opt/ros/humble/include/rclcpp/rclcpp/memory_strategies.hpp:18[m[K,
                 from [01m[K/opt/ros/humble/include/rclcpp/rclcpp/executor_options.hpp:20[m[K,
                 from [01m[K/opt/ros/humble/include/rclcpp/rclcpp/executor.hpp:37[m[K,
                 from [01m[K/opt/ros/humble/include/rclcpp/rclcpp/executors/multi_threaded_executor.hpp:25[m[K,
                 from [01m[K/opt/ros/humble/include/rclcpp/rclcpp/executors.hpp:21[m[K,
                 from [01m[K/opt/ros/humble/include/rclcpp/rclcpp/rclcpp.hpp:155[m[K,
                 from [01m[K/home/ammar/Robotics/Graduation_Project/ACSAR_ws/src/robot_control/include/robot_control/Hardware_Interface.hpp:11[m[K,
                 from [01m[K/home/ammar/Robotics/Graduation_Project/ACSAR_ws/src/robot_control/src/Hardware_Interface.cpp:1[m[K:
[01m[K/usr/include/c++/11/optional:1203:5:[m[K [01;36m[Knote: [m[Kcandidate: ‘[01m[Ktemplate<class _Tp, class _Up> constexpr std::__optional_lt_t<_Up, _Tp> std::operator<(const _Up&, const std::optional<_Tp>&)[m[K’
 1203 |     [01;36m[Koperator[m[K<(const _Up& __lhs, const optional<_Tp>& __rhs)
      |     [01;36m[K^~~~~~~~[m[K
[01m[K/usr/include/c++/11/optional:1203:5:[m[K [01;36m[Knote: [m[K  template argument deduction/substitution failed:
[01m[K/home/ammar/Robotics/Graduation_Project/ACSAR_ws/src/robot_control/src/Hardware_Interface.cpp:210:39:[m[K [01;36m[Knote: [m[K  ‘[01m[Kstd::vector<hardware_interface::ComponentInfo>[m[K’ is not derived from ‘[01m[Kconst std::optional<_Tp>[m[K’
  210 |                         if (0 < info_.[01;36m[Kjoints[m[K,size())
      |                                       [01;36m[K^~~~~~[m[K
In file included from [01m[K/opt/ros/humble/include/rclcpp/rclcpp/client.hpp:28[m[K,
                 from [01m[K/opt/ros/humble/include/rclcpp/rclcpp/callback_group.hpp:24[m[K,
                 from [01m[K/opt/ros/humble/include/rclcpp/rclcpp/any_executable.hpp:20[m[K,
                 from [01m[K/opt/ros/humble/include/rclcpp/rclcpp/memory_strategy.hpp:25[m[K,
                 from [01m[K/opt/ros/humble/include/rclcpp/rclcpp/memory_strategies.hpp:18[m[K,
                 from [01m[K/opt/ros/humble/include/rclcpp/rclcpp/executor_options.hpp:20[m[K,
                 from [01m[K/opt/ros/humble/include/rclcpp/rclcpp/executor.hpp:37[m[K,
                 from [01m[K/opt/ros/humble/include/rclcpp/rclcpp/executors/multi_threaded_executor.hpp:25[m[K,
                 from [01m[K/opt/ros/humble/include/rclcpp/rclcpp/executors.hpp:21[m[K,
                 from [01m[K/opt/ros/humble/include/rclcpp/rclcpp/rclcpp.hpp:155[m[K,
                 from [01m[K/home/ammar/Robotics/Graduation_Project/ACSAR_ws/src/robot_control/include/robot_control/Hardware_Interface.hpp:11[m[K,
                 from [01m[K/home/ammar/Robotics/Graduation_Project/ACSAR_ws/src/robot_control/src/Hardware_Interface.cpp:1[m[K:
[01m[K/usr/include/c++/11/variant:1230:3:[m[K [01;36m[Knote: [m[Kcandidate: ‘[01m[Ktemplate<class ... _Types> constexpr bool std::operator<(const std::variant<_Types ...>&, const std::variant<_Types ...>&)[m[K’
 1230 |   [01;36m[K_VARIANT_RELATION_FUNCTION_TEMPLATE[m[K(<, less)
      |   [01;36m[K^~~~~~~~~~~~~~~~~~~~~~~~~~~~~~~~~~~[m[K
[01m[K/usr/include/c++/11/variant:1230:3:[m[K [01;36m[Knote: [m[K  template argument deduction/substitution failed:
[01m[K/home/ammar/Robotics/Graduation_Project/ACSAR_ws/src/robot_control/src/Hardware_Interface.cpp:210:39:[m[K [01;36m[Knote: [m[K  mismatched types ‘[01m[Kconst std::variant<_Types ...>[m[K’ and ‘[01m[Kint[m[K’
  210 |                         if (0 < info_.[01;36m[Kjoints[m[K,size())
      |                                       [01;36m[K^~~~~~[m[K
In file included from [01m[K/usr/include/c++/11/bits/ios_base.h:46[m[K,
                 from [01m[K/usr/include/c++/11/ios:42[m[K,
                 from [01m[K/usr/include/c++/11/istream:38[m[K,
                 from [01m[K/usr/include/c++/11/sstream:38[m[K,
                 from [01m[K/opt/ros/humble/include/lifecycle_msgs/lifecycle_msgs/msg/detail/state__traits.hpp:10[m[K,
                 from [01m[K/opt/ros/humble/include/lifecycle_msgs/lifecycle_msgs/msg/state.hpp:9[m[K,
                 from [01m[K/opt/ros/humble/include/hardware_interface/system_interface.hpp:26[m[K,
                 from [01m[K/home/ammar/Robotics/Graduation_Project/ACSAR_ws/src/robot_control/include/robot_control/Hardware_Interface.hpp:6[m[K,
                 from [01m[K/home/ammar/Robotics/Graduation_Project/ACSAR_ws/src/robot_control/src/Hardware_Interface.cpp:1[m[K:
[01m[K/usr/include/c++/11/system_error:269:3:[m[K [01;36m[Knote: [m[Kcandidate: ‘[01m[Kbool std::operator<(const std::error_code&, const std::error_code&)[m[K’
  269 |   [01;36m[Koperator[m[K<(const error_code& __lhs, const error_code& __rhs) noexcept
      |   [01;36m[K^~~~~~~~[m[K
[01m[K/usr/include/c++/11/system_error:269:31:[m[K [01;36m[Knote: [m[K  no known conversion for argument 1 from ‘[01m[Kint[m[K’ to ‘[01m[Kconst std::error_code&[m[K’
  269 |   operator<([01;36m[Kconst error_code& __lhs[m[K, const error_code& __rhs) noexcept
      |             [01;36m[K~~~~~~~~~~~~~~~~~~^~~~~[m[K
[01m[K/usr/include/c++/11/system_error:398:3:[m[K [01;36m[Knote: [m[Kcandidate: ‘[01m[Kbool std::operator<(const std::error_condition&, const std::error_condition&)[m[K’
  398 |   [01;36m[Koperator[m[K<(const error_condition& __lhs,
      |   [01;36m[K^~~~~~~~[m[K
[01m[K/usr/include/c++/11/system_error:398:36:[m[K [01;36m[Knote: [m[K  no known conversion for argument 1 from ‘[01m[Kint[m[K’ to ‘[01m[Kconst std::error_condition&[m[K’
  398 |   operator<([01;36m[Kconst error_condition& __lhs[m[K,
      |             [01;36m[K~~~~~~~~~~~~~~~~~~~~~~~^~~~~[m[K
In file included from [01m[K/opt/ros/humble/include/rclcpp/rclcpp/executors/multi_threaded_executor.hpp:22[m[K,
                 from [01m[K/opt/ros/humble/include/rclcpp/rclcpp/executors.hpp:21[m[K,
                 from [01m[K/opt/ros/humble/include/rclcpp/rclcpp/rclcpp.hpp:155[m[K,
                 from [01m[K/home/ammar/Robotics/Graduation_Project/ACSAR_ws/src/robot_control/include/robot_control/Hardware_Interface.hpp:11[m[K,
                 from [01m[K/home/ammar/Robotics/Graduation_Project/ACSAR_ws/src/robot_control/src/Hardware_Interface.cpp:1[m[K:
[01m[K/usr/include/c++/11/thread:70:3:[m[K [01;36m[Knote: [m[Kcandidate: ‘[01m[Kbool std::operator<(std::thread::id, std::thread::id)[m[K’
   70 |   [01;36m[Koperator[m[K<(thread::id __x, thread::id __y) noexcept
      |   [01;36m[K^~~~~~~~[m[K
[01m[K/usr/include/c++/11/thread:70:24:[m[K [01;36m[Knote: [m[K  no known conversion for argument 1 from ‘[01m[Kint[m[K’ to ‘[01m[Kstd::thread::id[m[K’
   70 |   operator<([01;36m[Kthread::id __x[m[K, thread::id __y) noexcept
      |             [01;36m[K~~~~~~~~~~~^~~[m[K
In file included from [01m[K/opt/ros/humble/include/rclcpp/rclcpp/client.hpp:28[m[K,
                 from [01m[K/opt/ros/humble/include/rclcpp/rclcpp/callback_group.hpp:24[m[K,
                 from [01m[K/opt/ros/humble/include/rclcpp/rclcpp/any_executable.hpp:20[m[K,
                 from [01m[K/opt/ros/humble/include/rclcpp/rclcpp/memory_strategy.hpp:25[m[K,
                 from [01m[K/opt/ros/humble/include/rclcpp/rclcpp/memory_strategies.hpp:18[m[K,
                 from [01m[K/opt/ros/humble/include/rclcpp/rclcpp/executor_options.hpp:20[m[K,
                 from [01m[K/opt/ros/humble/include/rclcpp/rclcpp/executor.hpp:37[m[K,
                 from [01m[K/opt/ros/humble/include/rclcpp/rclcpp/executors/multi_threaded_executor.hpp:25[m[K,
                 from [01m[K/opt/ros/humble/include/rclcpp/rclcpp/executors.hpp:21[m[K,
                 from [01m[K/opt/ros/humble/include/rclcpp/rclcpp/rclcpp.hpp:155[m[K,
                 from [01m[K/home/ammar/Robotics/Graduation_Project/ACSAR_ws/src/robot_control/include/robot_control/Hardware_Interface.hpp:11[m[K,
                 from [01m[K/home/ammar/Robotics/Graduation_Project/ACSAR_ws/src/robot_control/src/Hardware_Interface.cpp:1[m[K:
[01m[K/usr/include/c++/11/variant:1272:18:[m[K [01;36m[Knote: [m[Kcandidate: ‘[01m[Kconstexpr bool std::operator<(std::monostate, std::monostate)[m[K’
 1272 |   constexpr bool [01;36m[Koperator[m[K<(monostate, monostate) noexcept { return false; }
      |                  [01;36m[K^~~~~~~~[m[K
[01m[K/usr/include/c++/11/variant:1272:28:[m[K [01;36m[Knote: [m[K  no known conversion for argument 1 from ‘[01m[Kint[m[K’ to ‘[01m[Kstd::monostate[m[K’
 1272 |   constexpr bool operator<([01;36m[Kmonostate[m[K, monostate) noexcept { return false; }
      |                            [01;36m[K^~~~~~~~~[m[K
[01m[K/home/ammar/Robotics/Graduation_Project/ACSAR_ws/src/robot_control/src/Hardware_Interface.cpp:210:46:[m[K [01;31m[Kerror: [m[K‘[01m[Ksize[m[K’ was not declared in this scope; did you mean ‘[01m[Kstd::size[m[K’?
  210 |                         if (0 < info_.joints,[01;31m[Ksize[m[K())
      |                                              [01;31m[K^~~~[m[K
      |                                              [32m[Kstd::size[m[K
In file included from [01m[K/usr/include/c++/11/string:54[m[K,
                 from [01m[K/opt/ros/humble/include/hardware_interface/handle.hpp:18[m[K,
                 from [01m[K/home/ammar/Robotics/Graduation_Project/ACSAR_ws/src/robot_control/include/robot_control/Hardware_Interface.hpp:4[m[K,
                 from [01m[K/home/ammar/Robotics/Graduation_Project/ACSAR_ws/src/robot_control/src/Hardware_Interface.cpp:1[m[K:
[01m[K/usr/include/c++/11/bits/range_access.h:254:5:[m[K [01;36m[Knote: [m[K‘[01m[Kstd::size[m[K’ declared here
  254 |     [01;36m[Ksize[m[K(const _Tp (&)[_Nm]) noexcept
      |     [01;36m[K^~~~[m[K
[01m[K/home/ammar/Robotics/Graduation_Project/ACSAR_ws/src/robot_control/src/Hardware_Interface.cpp:213:29:[m[K [01;31m[Kerror: [m[K‘[01m[Kposition_states__[m[K’ was not declared in this scope; did you mean ‘[01m[Kposition_states_[m[K’?
  213 |                             [01;31m[Kposition_states__[m[K[0] += velocity * dt
      |                             [01;31m[K^~~~~~~~~~~~~~~~~[m[K
      |                             [32m[Kposition_states_[m[K
[01m[K/home/ammar/Robotics/Graduation_Project/ACSAR_ws/src/robot_control/src/Hardware_Interface.cpp:247:53:[m[K [01;31m[Kerror: [m[Kcannot call member function ‘[01m[Krclcpp::Time rclcpp::Clock::now()[m[K’ without object
  247 |                 last_read_time_ = [01;31m[Krclcpp::Clock::now()[m[K;
      |                                   [01;31m[K~~~~~~~~~~~~~~~~~~^~[m[K
[01m[K/home/ammar/Robotics/Graduation_Project/ACSAR_ws/src/robot_control/src/Hardware_Interface.cpp:249:53:[m[K [01;31m[Kerror: [m[Kexpected unqualified-id before ‘[01m[K&[m[K’ token
  249 |             catch (const LibSerial::SerialPortError [01;31m[K&[m[Ke)
      |                                                     [01;31m[K^[m[K
[01m[K/home/ammar/Robotics/Graduation_Project/ACSAR_ws/src/robot_control/src/Hardware_Interface.cpp:249:52:[m[K [01;31m[Kerror: [m[Kexpected ‘[01m[K)[m[K’ before ‘[01m[K&[m[K’ token
  249 |             catch [34m[K([m[Kconst LibSerial::SerialPortError[01;31m[K [m[K[32m[K&[m[Ke)
      |                   [34m[K~[m[K                                [01;31m[K^[m[K[32m[K~[m[K
      |                                                    [32m[K)[m[K
[01m[K/home/ammar/Robotics/Graduation_Project/ACSAR_ws/src/robot_control/src/Hardware_Interface.cpp:249:53:[m[K [01;31m[Kerror: [m[Kexpected ‘[01m[K{[m[K’ before ‘[01m[K&[m[K’ token
  249 |             catch (const LibSerial::SerialPortError [01;31m[K&[m[Ke)
      |                                                     [01;31m[K^[m[K
[01m[K/home/ammar/Robotics/Graduation_Project/ACSAR_ws/src/robot_control/src/Hardware_Interface.cpp:249:54:[m[K [01;31m[Kerror: [m[K‘[01m[Ke[m[K’ was not declared in this scope
  249 |             catch (const LibSerial::SerialPortError &[01;31m[Ke[m[K)
      |                                                      [01;31m[K^[m[K
[01m[K/home/ammar/Robotics/Graduation_Project/ACSAR_ws/src/robot_control/src/Hardware_Interface.cpp:172:78:[m[K [01;35m[Kwarning: [m[Kunused parameter ‘[01m[Ktime[m[K’ [[01;35m[K]8;;https://gcc.gnu.org/onlinedocs/gcc/Warning-Options.html#index-Wunused-parameter-Wunused-parameter]8;;[m[K]
  172 | eturn_type ACSARInterface::read([01;35m[Kconst rclcpp::Time &time[m[K, const rclcpp::Duration &period)
      |                                 [01;35m[K~~~~~~~~~~~~~~~~~~~~^~~~[m[K

[01m[K/home/ammar/Robotics/Graduation_Project/ACSAR_ws/src/robot_control/src/Hardware_Interface.cpp:172:108:[m[K [01;35m[Kwarning: [m[Kunused parameter ‘[01m[Kperiod[m[K’ [[01;35m[K]8;;https://gcc.gnu.org/onlinedocs/gcc/Warning-Options.html#index-Wunused-parameter-Wunused-parameter]8;;[m[K]
  172 | :read(const rclcpp::Time &time, [01;35m[Kconst rclcpp::Duration &period[m[K)
      |                                 [01;35m[K~~~~~~~~~~~~~~~~~~~~~~~~^~~~~~[m[K

[01m[K/home/ammar/Robotics/Graduation_Project/ACSAR_ws/src/robot_control/src/Hardware_Interface.cpp:[m[K In member function ‘[01m[Kvirtual hardware_interface::return_type ACSAR_firmware::ACSARInterface::write(const rclcpp::Time&, const rclcpp::Duration&)[m[K’:
[01m[K/home/ammar/Robotics/Graduation_Project/ACSAR_ws/src/robot_control/src/Hardware_Interface.cpp:265:28:[m[K [01;31m[Kerror: [m[Kexpected ‘[01m[K;[m[K’ before ‘[01m[K<[m[K’ token
  265 |         for (size_t i = 0,i[01;31m[K [m[K[32m[K<[m[K info_.joints.size(); i++)
      |                            [01;31m[K^[m[K[32m[K~[m[K
      |                            [32m[K;[m[K
[01m[K/home/ammar/Robotics/Graduation_Project/ACSAR_ws/src/robot_control/src/Hardware_Interface.cpp:265:29:[m[K [01;31m[Kerror: [m[Kexpected primary-expression before ‘[01m[K<[m[K’ token
  265 |         for (size_t i = 0,i [01;31m[K<[m[K info_.joints.size(); i++)
      |                             [01;31m[K^[m[K
[01m[K/home/ammar/Robotics/Graduation_Project/ACSAR_ws/src/robot_control/src/Hardware_Interface.cpp:285:13:[m[K [01;31m[Kerror: [m[K‘[01m[Karduino_[m[K’ was not declared in this scope
  285 |             [01;31m[Karduino_[m[K.Write(message);
      |             [01;31m[K^~~~~~~~[m[K
[01m[K/home/ammar/Robotics/Graduation_Project/ACSAR_ws/src/robot_control/src/Hardware_Interface.cpp:258:79:[m[K [01;35m[Kwarning: [m[Kunused parameter ‘[01m[Ktime[m[K’ [[01;35m[K]8;;https://gcc.gnu.org/onlinedocs/gcc/Warning-Options.html#index-Wunused-parameter-Wunused-parameter]8;;[m[K]
  258 | turn_type ACSARInterface::write([01;35m[Kconst rclcpp::Time &time[m[K, const rclcpp::Duration &period)
      |                                 [01;35m[K~~~~~~~~~~~~~~~~~~~~^~~~[m[K

[01m[K/home/ammar/Robotics/Graduation_Project/ACSAR_ws/src/robot_control/src/Hardware_Interface.cpp:258:109:[m[K [01;35m[Kwarning: [m[Kunused parameter ‘[01m[Kperiod[m[K’ [[01;35m[K]8;;https://gcc.gnu.org/onlinedocs/gcc/Warning-Options.html#index-Wunused-parameter-Wunused-parameter]8;;[m[K]
  258 | write(const rclcpp::Time &time, [01;35m[Kconst rclcpp::Duration &period[m[K)
      |                                 [01;35m[K~~~~~~~~~~~~~~~~~~~~~~~~^~~~~~[m[K

gmake[2]: *** [CMakeFiles/robot_control.dir/build.make:76: CMakeFiles/robot_control.dir/src/Hardware_Interface.cpp.o] Error 1
gmake[1]: *** [CMakeFiles/Makefile2:137: CMakeFiles/robot_control.dir/all] Error 2
gmake: *** [Makefile:146: all] Error 2
