-- Found ament_cmake: 1.3.11 (/opt/ros/humble/share/ament_cmake/cmake)
-- Found rclcpp: 16.0.11 (/opt/ros/humble/share/rclcpp/cmake)
-- Found rosidl_generator_c: 3.1.6 (/opt/ros/humble/share/rosidl_generator_c/cmake)
-- Found rosidl_adapter: 3.1.6 (/opt/ros/humble/share/rosidl_adapter/cmake)
-- Found rosidl_generator_cpp: 3.1.6 (/opt/ros/humble/share/rosidl_generator_cpp/cmake)
-- Using all available rosidl_typesupport_c: rosidl_typesupport_fastrtps_c;rosidl_typesupport_introspection_c
-- Using all available rosidl_typesupport_cpp: rosidl_typesupport_fastrtps_cpp;rosidl_typesupport_introspection_cpp
-- Found rmw_implementation_cmake: 6.1.2 (/opt/ros/humble/share/rmw_implementation_cmake/cmake)
-- Found rmw_fastrtps_cpp: 6.2.7 (/opt/ros/humble/share/rmw_fastrtps_cpp/cmake)
-- Using RMW implementation 'rmw_fastrtps_cpp' as default
-- Found rclpy: 3.3.15 (/opt/ros/humble/share/rclpy/cmake)
-- Found sensor_msgs: 4.2.4 (/opt/ros/humble/share/sensor_msgs/cmake)
-- Found hardware_interface: 2.48.0 (/opt/ros/humble/share/hardware_interface/cmake)
-- Found ament_lint_auto: 0.12.11 (/opt/ros/humble/share/ament_lint_auto/cmake)
-- Added test 'cppcheck' to perform static code analysis on C / C++ code
-- Configured cppcheck include dirs: /home/ammar/Robotics/Graduation_Project/ACSAR_ws/src/robot_control/include;$<BUILD_INTERFACE:/home/ammar/Robotics/Graduation_Project/ACSAR_ws/src/robot_control/include>
-- Configured cppcheck exclude dirs and/or files: 
-- Added test 'flake8' to check Python code syntax and style conventions
-- Added test 'lint_cmake' to check CMake code style
-- Added test 'pep257' to check Python code against some of the docstring style conventions in PEP 257
-- Added test 'uncrustify' to check C / C++ code style
-- Configured uncrustify additional arguments: 
-- Added test 'xmllint' to check XML markup files
-- Configuring done
-- Generating done
-- Build files have been written to: /home/ammar/Robotics/Graduation_Project/ACSAR_ws/build/robot_control
[35m[1mConsolidate compiler generated dependencies of target robot_control[0m
[100%] Built target robot_control
-- Install configuration: ""
-- Up-to-date: /home/ammar/Robotics/Graduation_Project/ACSAR_ws/install/robot_control/share/robot_control/src/lifecycle_hardware_interface.xml
-- Up-to-date: /home/ammar/Robotics/Graduation_Project/ACSAR_ws/install/robot_control/lib/librobot_control.so
-- Up-to-date: /home/ammar/Robotics/Graduation_Project/ACSAR_ws/install/robot_control/include
-- Up-to-date: /home/ammar/Robotics/Graduation_Project/ACSAR_ws/install/robot_control/include/robot_control
-- Up-to-date: /home/ammar/Robotics/Graduation_Project/ACSAR_ws/install/robot_control/include/robot_control/speed_controller.hpp
-- Up-to-date: /home/ammar/Robotics/Graduation_Project/ACSAR_ws/install/robot_control/include/robot_control/Hardware_Interface.hpp
-- Up-to-date: /home/ammar/Robotics/Graduation_Project/ACSAR_ws/install/robot_control/include/robot_control/noisy_controller.hpp
-- Up-to-date: /home/ammar/Robotics/Graduation_Project/ACSAR_ws/install/robot_control/share/robot_control/config
-- Up-to-date: /home/ammar/Robotics/Graduation_Project/ACSAR_ws/install/robot_control/share/robot_control/config/diff_controller_sim.yaml
-- Up-to-date: /home/ammar/Robotics/Graduation_Project/ACSAR_ws/install/robot_control/share/robot_control/config/robot_controllers.yaml
-- Up-to-date: /home/ammar/Robotics/Graduation_Project/ACSAR_ws/install/robot_control/share/robot_control/config/diff_controller.yaml
-- Up-to-date: /home/ammar/Robotics/Graduation_Project/ACSAR_ws/install/robot_control/share/robot_control/launch
-- Installing: /home/ammar/Robotics/Graduation_Project/ACSAR_ws/install/robot_control/share/robot_control/launch/diff_controller_sim.launch.py
-- Up-to-date: /home/ammar/Robotics/Graduation_Project/ACSAR_ws/install/robot_control/share/robot_control/launch/controller.launch.py
-- Up-to-date: /home/ammar/Robotics/Graduation_Project/ACSAR_ws/install/robot_control/share/robot_control/launch/diff_controller.launch.py
-- Up-to-date: /home/ammar/Robotics/Graduation_Project/ACSAR_ws/install/robot_control/share/robot_control/environment/library_path.sh
-- Installing: /home/ammar/Robotics/Graduation_Project/ACSAR_ws/install/robot_control/share/robot_control/environment/library_path.dsv
-- Installing: /home/ammar/Robotics/Graduation_Project/ACSAR_ws/install/robot_control/share/ament_index/resource_index/package_run_dependencies/robot_control
-- Installing: /home/ammar/Robotics/Graduation_Project/ACSAR_ws/install/robot_control/share/ament_index/resource_index/parent_prefix_path/robot_control
-- Up-to-date: /home/ammar/Robotics/Graduation_Project/ACSAR_ws/install/robot_control/share/robot_control/environment/ament_prefix_path.sh
-- Installing: /home/ammar/Robotics/Graduation_Project/ACSAR_ws/install/robot_control/share/robot_control/environment/ament_prefix_path.dsv
-- Up-to-date: /home/ammar/Robotics/Graduation_Project/ACSAR_ws/install/robot_control/share/robot_control/environment/path.sh
-- Installing: /home/ammar/Robotics/Graduation_Project/ACSAR_ws/install/robot_control/share/robot_control/environment/path.dsv
-- Up-to-date: /home/ammar/Robotics/Graduation_Project/ACSAR_ws/install/robot_control/share/robot_control/local_setup.bash
-- Up-to-date: /home/ammar/Robotics/Graduation_Project/ACSAR_ws/install/robot_control/share/robot_control/local_setup.sh
-- Up-to-date: /home/ammar/Robotics/Graduation_Project/ACSAR_ws/install/robot_control/share/robot_control/local_setup.zsh
-- Installing: /home/ammar/Robotics/Graduation_Project/ACSAR_ws/install/robot_control/share/robot_control/local_setup.dsv
-- Installing: /home/ammar/Robotics/Graduation_Project/ACSAR_ws/install/robot_control/share/robot_control/package.dsv
-- Up-to-date: /home/ammar/Robotics/Graduation_Project/ACSAR_ws/install/robot_control/share/ament_index/resource_index/packages/robot_control
-- Up-to-date: /home/ammar/Robotics/Graduation_Project/ACSAR_ws/install/robot_control/share/ament_index/resource_index/hardware_interface__pluginlib__plugin/robot_control
-- Up-to-date: /home/ammar/Robotics/Graduation_Project/ACSAR_ws/install/robot_control/share/robot_control/cmake/ament_cmake_export_include_directories-extras.cmake
-- Up-to-date: /home/ammar/Robotics/Graduation_Project/ACSAR_ws/install/robot_control/share/robot_control/cmake/ament_cmake_export_libraries-extras.cmake
-- Up-to-date: /home/ammar/Robotics/Graduation_Project/ACSAR_ws/install/robot_control/share/robot_control/cmake/ament_cmake_export_dependencies-extras.cmake
-- Up-to-date: /home/ammar/Robotics/Graduation_Project/ACSAR_ws/install/robot_control/share/robot_control/cmake/robot_controlConfig.cmake
-- Up-to-date: /home/ammar/Robotics/Graduation_Project/ACSAR_ws/install/robot_control/share/robot_control/cmake/robot_controlConfig-version.cmake
-- Installing: /home/ammar/Robotics/Graduation_Project/ACSAR_ws/install/robot_control/share/robot_control/package.xml
