-- The C compiler identification is GNU 11.4.0
-- The CXX compiler identification is GNU 11.4.0
-- Detecting C compiler ABI info
-- Detecting C compiler ABI info - done
-- Check for working C compiler: /usr/bin/cc - skipped
-- Detecting C compile features
-- Detecting C compile features - done
-- Detecting CXX compiler ABI info
-- Detecting CXX compiler ABI info - done
-- Check for working CXX compiler: /usr/bin/c++ - skipped
-- Detecting CXX compile features
-- Detecting CXX compile features - done
-- Found ament_cmake: 1.3.11 (/opt/ros/humble/share/ament_cmake/cmake)
-- Found Python3: /usr/bin/python3 (found version "3.10.12") found components: Interpreter 
-- Found rclpy: 3.3.15 (/opt/ros/humble/share/rclpy/cmake)
-- Found rclcpp: 16.0.11 (/opt/ros/humble/share/rclcpp/cmake)
-- Found rosidl_generator_c: 3.1.6 (/opt/ros/humble/share/rosidl_generator_c/cmake)
-- Found rosidl_adapter: 3.1.6 (/opt/ros/humble/share/rosidl_adapter/cmake)
-- Found rosidl_generator_cpp: 3.1.6 (/opt/ros/humble/share/rosidl_generator_cpp/cmake)
-- Using all available rosidl_typesupport_c: rosidl_typesupport_fastrtps_c;rosidl_typesupport_introspection_c
-- Using all available rosidl_typesupport_cpp: rosidl_typesupport_fastrtps_cpp;rosidl_typesupport_introspection_cpp
-- Found rmw_implementation_cmake: 6.1.2 (/opt/ros/humble/share/rmw_implementation_cmake/cmake)
-- Found rmw_fastrtps_cpp: 6.2.7 (/opt/ros/humble/share/rmw_fastrtps_cpp/cmake)
-- Found OpenSSL: /usr/lib/x86_64-linux-gnu/libcrypto.so (found version "3.0.2")  
-- Found FastRTPS: /opt/ros/humble/include  
-- Using RMW implementation 'rmw_fastrtps_cpp' as default
-- Looking for pthread.h
-- Looking for pthread.h - found
-- Performing Test CMAKE_HAVE_LIBC_PTHREAD
-- Performing Test CMAKE_HAVE_LIBC_PTHREAD - Success
-- Found Threads: TRUE  
-- Found sensor_msgs: 4.2.4 (/opt/ros/humble/share/sensor_msgs/cmake)
-- Found nav_msgs: 4.2.4 (/opt/ros/humble/share/nav_msgs/cmake)
-- Found robot_localization: 3.5.3 (/opt/ros/humble/share/robot_localization/cmake)
-- Found ament_lint_auto: 0.12.11 (/opt/ros/humble/share/ament_lint_auto/cmake)
-- Added test 'cppcheck' to perform static code analysis on C / C++ code
-- Configured cppcheck include dirs: /home/ammar/Robotics/Graduation_Project/ACSAR_ws/src/service_robot_localization/include
-- Configured cppcheck exclude dirs and/or files: 
-- Added test 'flake8' to check Python code syntax and style conventions
-- Added test 'lint_cmake' to check CMake code style
-- Added test 'pep257' to check Python code against some of the docstring style conventions in PEP 257
-- Added test 'uncrustify' to check C / C++ code style
-- Configured uncrustify additional arguments: 
-- Added test 'xmllint' to check XML markup files
-- Configuring done
-- Generating done
-- Build files have been written to: /home/ammar/Robotics/Graduation_Project/ACSAR_ws/build/service_robot_localization
[ 50%] [32mBuilding CXX object CMakeFiles/kalman_filter.dir/src/kalman_filter.cpp.o[0m
[100%] [32m[1mLinking CXX executable kalman_filter[0m
[100%] Built target kalman_filter
-- Install configuration: ""
-- Installing: /home/ammar/Robotics/Graduation_Project/ACSAR_ws/install/service_robot_localization/lib/service_robot_localization/kalman_filter
-- Set runtime path of "/home/ammar/Robotics/Graduation_Project/ACSAR_ws/install/service_robot_localization/lib/service_robot_localization/kalman_filter" to ""
-- Installing: /home/ammar/Robotics/Graduation_Project/ACSAR_ws/install/service_robot_localization/include/include
-- Installing: /home/ammar/Robotics/Graduation_Project/ACSAR_ws/install/service_robot_localization/include/include/service_robot_localization
-- Installing: /home/ammar/Robotics/Graduation_Project/ACSAR_ws/install/service_robot_localization/include/include/service_robot_localization/kalman_filter.hpp
-- Installing: /home/ammar/Robotics/Graduation_Project/ACSAR_ws/install/service_robot_localization/share/service_robot_localization/launch
-- Installing: /home/ammar/Robotics/Graduation_Project/ACSAR_ws/install/service_robot_localization/share/service_robot_localization/launch/local_localization.launch.py
-- Installing: /home/ammar/Robotics/Graduation_Project/ACSAR_ws/install/service_robot_localization/share/service_robot_localization/config
-- Installing: /home/ammar/Robotics/Graduation_Project/ACSAR_ws/install/service_robot_localization/share/service_robot_localization/config/ekf.yaml
-- Installing: /home/ammar/Robotics/Graduation_Project/ACSAR_ws/install/service_robot_localization/share/service_robot_localization/config/mapper_params_online_async.yaml
-- Installing: /home/ammar/Robotics/Graduation_Project/ACSAR_ws/install/service_robot_localization/share/ament_index/resource_index/package_run_dependencies/service_robot_localization
-- Installing: /home/ammar/Robotics/Graduation_Project/ACSAR_ws/install/service_robot_localization/share/ament_index/resource_index/parent_prefix_path/service_robot_localization
-- Installing: /home/ammar/Robotics/Graduation_Project/ACSAR_ws/install/service_robot_localization/share/service_robot_localization/environment/ament_prefix_path.sh
-- Installing: /home/ammar/Robotics/Graduation_Project/ACSAR_ws/install/service_robot_localization/share/service_robot_localization/environment/ament_prefix_path.dsv
-- Installing: /home/ammar/Robotics/Graduation_Project/ACSAR_ws/install/service_robot_localization/share/service_robot_localization/environment/path.sh
-- Installing: /home/ammar/Robotics/Graduation_Project/ACSAR_ws/install/service_robot_localization/share/service_robot_localization/environment/path.dsv
-- Installing: /home/ammar/Robotics/Graduation_Project/ACSAR_ws/install/service_robot_localization/share/service_robot_localization/local_setup.bash
-- Installing: /home/ammar/Robotics/Graduation_Project/ACSAR_ws/install/service_robot_localization/share/service_robot_localization/local_setup.sh
-- Installing: /home/ammar/Robotics/Graduation_Project/ACSAR_ws/install/service_robot_localization/share/service_robot_localization/local_setup.zsh
-- Installing: /home/ammar/Robotics/Graduation_Project/ACSAR_ws/install/service_robot_localization/share/service_robot_localization/local_setup.dsv
-- Installing: /home/ammar/Robotics/Graduation_Project/ACSAR_ws/install/service_robot_localization/share/service_robot_localization/package.dsv
-- Installing: /home/ammar/Robotics/Graduation_Project/ACSAR_ws/install/service_robot_localization/share/ament_index/resource_index/packages/service_robot_localization
-- Installing: /home/ammar/Robotics/Graduation_Project/ACSAR_ws/install/service_robot_localization/share/service_robot_localization/cmake/service_robot_localizationConfig.cmake
-- Installing: /home/ammar/Robotics/Graduation_Project/ACSAR_ws/install/service_robot_localization/share/service_robot_localization/cmake/service_robot_localizationConfig-version.cmake
-- Installing: /home/ammar/Robotics/Graduation_Project/ACSAR_ws/install/service_robot_localization/share/service_robot_localization/package.xml
