[0.022s] Invoking command in '/home/ammar/Robotics/Graduation_Project/ACSAR_ws/build/robot_perception': CMAKE_PREFIX_PATH=${CMAKE_PREFIX_PATH}:/opt/ros/humble /usr/bin/cmake --build /home/ammar/Robotics/Graduation_Project/ACSAR_ws/build/robot_perception -- -j12 -l12
[0.055s] -- Found ament_cmake: 1.3.11 (/opt/ros/humble/share/ament_cmake/cmake)
[0.197s] -- Found rclcpp: 16.0.11 (/opt/ros/humble/share/rclcpp/cmake)
[0.245s] -- Found rosidl_generator_c: 3.1.6 (/opt/ros/humble/share/rosidl_generator_c/cmake)
[0.249s] -- Found rosidl_adapter: 3.1.6 (/opt/ros/humble/share/rosidl_adapter/cmake)
[0.259s] -- Found rosidl_generator_cpp: 3.1.6 (/opt/ros/humble/share/rosidl_generator_cpp/cmake)
[0.275s] -- Using all available rosidl_typesupport_c: rosidl_typesupport_fastrtps_c;rosidl_typesupport_introspection_c
[0.293s] -- Using all available rosidl_typesupport_cpp: rosidl_typesupport_fastrtps_cpp;rosidl_typesupport_introspection_cpp
[0.338s] -- Found rmw_implementation_cmake: 6.1.2 (/opt/ros/humble/share/rmw_implementation_cmake/cmake)
[0.341s] -- Found rmw_fastrtps_cpp: 6.2.7 (/opt/ros/humble/share/rmw_fastrtps_cpp/cmake)
[0.464s] -- Using RMW implementation 'rmw_fastrtps_cpp' as default
[0.532s] -- Found rclpy: 3.3.15 (/opt/ros/humble/share/rclpy/cmake)
[0.533s] -- Found sensor_msgs: 4.2.4 (/opt/ros/humble/share/sensor_msgs/cmake)
[0.577s] -- Found cv_bridge: 3.2.1 (/opt/ros/humble/share/cv_bridge/cmake)
[0.672s] -- Configuring done
[0.677s] -- Generating done
[0.680s] -- Build files have been written to: /home/ammar/Robotics/Graduation_Project/ACSAR_ws/build/robot_perception
[0.708s] Invoked command in '/home/ammar/Robotics/Graduation_Project/ACSAR_ws/build/robot_perception' returned '0': CMAKE_PREFIX_PATH=${CMAKE_PREFIX_PATH}:/opt/ros/humble /usr/bin/cmake --build /home/ammar/Robotics/Graduation_Project/ACSAR_ws/build/robot_perception -- -j12 -l12
[0.709s] Invoking command in '/home/ammar/Robotics/Graduation_Project/ACSAR_ws/build/robot_perception': CMAKE_PREFIX_PATH=${CMAKE_PREFIX_PATH}:/opt/ros/humble /usr/bin/cmake --install /home/ammar/Robotics/Graduation_Project/ACSAR_ws/build/robot_perception
[0.718s] -- Install configuration: ""
[0.718s] -- Up-to-date: /home/ammar/Robotics/Graduation_Project/ACSAR_ws/install/robot_perception/lib/robot_perception/perception.py
[0.718s] -- Installing: /home/ammar/Robotics/Graduation_Project/ACSAR_ws/install/robot_perception/share/robot_perception/config
[0.718s] -- Installing: /home/ammar/Robotics/Graduation_Project/ACSAR_ws/install/robot_perception/share/robot_perception/config/detector_params.yaml
[0.719s] -- Up-to-date: /home/ammar/Robotics/Graduation_Project/ACSAR_ws/install/robot_perception/share/ament_index/resource_index/package_run_dependencies/robot_perception
[0.719s] -- Installing: /home/ammar/Robotics/Graduation_Project/ACSAR_ws/install/robot_perception/share/ament_index/resource_index/parent_prefix_path/robot_perception
[0.719s] -- Up-to-date: /home/ammar/Robotics/Graduation_Project/ACSAR_ws/install/robot_perception/share/robot_perception/environment/ament_prefix_path.sh
[0.719s] -- Installing: /home/ammar/Robotics/Graduation_Project/ACSAR_ws/install/robot_perception/share/robot_perception/environment/ament_prefix_path.dsv
[0.719s] -- Up-to-date: /home/ammar/Robotics/Graduation_Project/ACSAR_ws/install/robot_perception/share/robot_perception/environment/path.sh
[0.719s] -- Installing: /home/ammar/Robotics/Graduation_Project/ACSAR_ws/install/robot_perception/share/robot_perception/environment/path.dsv
[0.720s] -- Up-to-date: /home/ammar/Robotics/Graduation_Project/ACSAR_ws/install/robot_perception/share/robot_perception/local_setup.bash
[0.720s] -- Up-to-date: /home/ammar/Robotics/Graduation_Project/ACSAR_ws/install/robot_perception/share/robot_perception/local_setup.sh
[0.720s] -- Up-to-date: /home/ammar/Robotics/Graduation_Project/ACSAR_ws/install/robot_perception/share/robot_perception/local_setup.zsh
[0.720s] -- Installing: /home/ammar/Robotics/Graduation_Project/ACSAR_ws/install/robot_perception/share/robot_perception/local_setup.dsv
[0.720s] -- Installing: /home/ammar/Robotics/Graduation_Project/ACSAR_ws/install/robot_perception/share/robot_perception/package.dsv
[0.720s] -- Up-to-date: /home/ammar/Robotics/Graduation_Project/ACSAR_ws/install/robot_perception/share/ament_index/resource_index/packages/robot_perception
[0.720s] -- Up-to-date: /home/ammar/Robotics/Graduation_Project/ACSAR_ws/install/robot_perception/share/robot_perception/cmake/robot_perceptionConfig.cmake
[0.720s] -- Up-to-date: /home/ammar/Robotics/Graduation_Project/ACSAR_ws/install/robot_perception/share/robot_perception/cmake/robot_perceptionConfig-version.cmake
[0.720s] -- Up-to-date: /home/ammar/Robotics/Graduation_Project/ACSAR_ws/install/robot_perception/share/robot_perception/package.xml
[0.723s] Invoked command in '/home/ammar/Robotics/Graduation_Project/ACSAR_ws/build/robot_perception' returned '0': CMAKE_PREFIX_PATH=${CMAKE_PREFIX_PATH}:/opt/ros/humble /usr/bin/cmake --install /home/ammar/Robotics/Graduation_Project/ACSAR_ws/build/robot_perception
