[01m[K/home/ammar/Robotics/Graduation_Project/ACSAR_ws/src/robot_control/src/speed_controller.cpp:[m[K In member function ‘[01m[Kvoid SpeedController::jointCallback(const JointState&)[m[K’:
[01m[K/home/ammar/Robotics/Graduation_Project/ACSAR_ws/src/robot_control/src/speed_controller.cpp:93:12:[m[K [01;35m[Kwarning: [m[Kunused variable ‘[01m[Krobot_linear_velocity[m[K’ [[01;35m[K]8;;https://gcc.gnu.org/onlinedocs/gcc/Warning-Options.html#index-Wunused-variable-Wunused-variable]8;;[m[K]
   93 |     double [01;35m[Krobot_linear_velocity[m[K = (wheel_radius_ / 4.0) * (delta_FL_wheel + delta_FR_wheel + delta_BL_wheel + delta_BR_wheel);
      |            [01;35m[K^~~~~~~~~~~~~~~~~~~~~[m[K
[01m[K/home/ammar/Robotics/Graduation_Project/ACSAR_ws/src/robot_control/src/speed_controller.cpp:94:12:[m[K [01;35m[Kwarning: [m[Kunused variable ‘[01m[Krobot_angular_velocity[m[K’ [[01;35m[K]8;;https://gcc.gnu.org/onlinedocs/gcc/Warning-Options.html#index-Wunused-variable-Wunused-variable]8;;[m[K]
   94 |     double [01;35m[Krobot_angular_velocity[m[K = (wheel_radius_ / 2.0 * wheel_width_) * (-delta_FL_wheel + delta_FR_wheel - delta_BL_wheel + delta_BR_wheel);
      |            [01;35m[K^~~~~~~~~~~~~~~~~~~~~~[m[K
In file included from [01m[K/usr/include/eigen3/Eigen/Core:273[m[K,
                 from [01m[K/home/ammar/Robotics/Graduation_Project/ACSAR_ws/src/robot_control/include/robot_control/speed_controller.hpp:8[m[K,
                 from [01m[K/home/ammar/Robotics/Graduation_Project/ACSAR_ws/src/robot_control/src/speed_controller.cpp:1[m[K:
[01m[K/usr/include/eigen3/Eigen/src/Core/MatrixBase.h:[m[K At global scope:
[01m[K/usr/include/eigen3/Eigen/src/Core/MatrixBase.h:332:35:[m[K [01;35m[Kwarning: [m[Kinline function ‘[01m[Kconst Eigen::Inverse<Derived> Eigen::MatrixBase<Derived>::inverse() const [with Derived = Eigen::Product<Eigen::Matrix<double, -1, -1>, Eigen::Transpose<Eigen::Matrix<double, -1, -1> >, 0>][m[K’ used but never defined
  332 | verse<Derived> [01;35m[Kinverse[m[K() const;
      |                [01;35m[K^~~~~~~[m[K

/usr/bin/ld: CMakeFiles/speed_controller.dir/src/speed_controller.cpp.o: in function `SpeedController::SpeedController(std::__cxx11::basic_string<char, std::char_traits<char>, std::allocator<char> > const&)':
speed_controller.cpp:(.text+0xb76): undefined reference to `Eigen::MatrixBase<Eigen::Product<Eigen::Matrix<double, -1, -1, 0, -1, -1>, Eigen::Transpose<Eigen::Matrix<double, -1, -1, 0, -1, -1> >, 0> >::inverse() const'
collect2: error: ld returned 1 exit status
gmake[2]: *** [CMakeFiles/speed_controller.dir/build.make:175: speed_controller] Error 1
gmake[1]: *** [CMakeFiles/Makefile2:137: CMakeFiles/speed_controller.dir/all] Error 2
gmake: *** [Makefile:146: all] Error 2
