[0.058s] Invoking command in '/home/ammar/Robotics/Graduation_Project/ACSAR_ws/build/iot_interface': CMAKE_PREFIX_PATH=${CMAKE_PREFIX_PATH}:/opt/ros/humble /usr/bin/cmake --build /home/ammar/Robotics/Graduation_Project/ACSAR_ws/build/iot_interface -- -j12 -l12
[0.085s] -- Found ament_cmake: 1.3.11 (/opt/ros/humble/share/ament_cmake/cmake)
[0.234s] -- Found rclcpp: 16.0.11 (/opt/ros/humble/share/rclcpp/cmake)
[0.279s] -- Found rosidl_generator_c: 3.1.6 (/opt/ros/humble/share/rosidl_generator_c/cmake)
[0.283s] -- Found rosidl_adapter: 3.1.6 (/opt/ros/humble/share/rosidl_adapter/cmake)
[0.291s] -- Found rosidl_generator_cpp: 3.1.6 (/opt/ros/humble/share/rosidl_generator_cpp/cmake)
[0.304s] -- Using all available rosidl_typesupport_c: rosidl_typesupport_fastrtps_c;rosidl_typesupport_introspection_c
[0.322s] -- Using all available rosidl_typesupport_cpp: rosidl_typesupport_fastrtps_cpp;rosidl_typesupport_introspection_cpp
[0.393s] -- Found rmw_implementation_cmake: 6.1.2 (/opt/ros/humble/share/rmw_implementation_cmake/cmake)
[0.396s] -- Found rmw_fastrtps_cpp: 6.2.7 (/opt/ros/humble/share/rmw_fastrtps_cpp/cmake)
[0.508s] -- Using RMW implementation 'rmw_fastrtps_cpp' as default
[0.577s] -- Found nav_msgs: 4.2.4 (/opt/ros/humble/share/nav_msgs/cmake)
[0.679s] -- Configuring done
[0.813s] -- Generating done
[0.825s] -- Build files have been written to: /home/ammar/Robotics/Graduation_Project/ACSAR_ws/build/iot_interface
[0.867s] [ 50%] [32mBuilding CXX object CMakeFiles/mqtt_interface.dir/src/mqtt_interface.cpp.o[0m
[1.055s] In file included from [01m[K/home/ammar/Robotics/Graduation_Project/ACSAR_ws/src/iot_interface/src/mqtt_interface.cpp:1[m[K:
[1.055s] [01m[K/home/ammar/Robotics/Graduation_Project/ACSAR_ws/src/iot_interface/include/iot_interface/mqtt_interface.hpp:7:10:[m[K [01;31m[Kfatal error: [m[Kmqtt/async_client.h: No such file or directory
[1.055s]     7 | #include [01;31m[K<mqtt/async_client.h>[m[K
[1.056s]       |          [01;31m[K^~~~~~~~~~~~~~~~~~~~~[m[K
[1.056s] compilation terminated.
[1.060s] gmake[2]: *** [CMakeFiles/mqtt_interface.dir/build.make:76: CMakeFiles/mqtt_interface.dir/src/mqtt_interface.cpp.o] Error 1
[1.061s] gmake[1]: *** [CMakeFiles/Makefile2:137: CMakeFiles/mqtt_interface.dir/all] Error 2
[1.061s] gmake: *** [Makefile:146: all] Error 2
[1.063s] Invoked command in '/home/ammar/Robotics/Graduation_Project/ACSAR_ws/build/iot_interface' returned '2': CMAKE_PREFIX_PATH=${CMAKE_PREFIX_PATH}:/opt/ros/humble /usr/bin/cmake --build /home/ammar/Robotics/Graduation_Project/ACSAR_ws/build/iot_interface -- -j12 -l12
