[0.026s] Invoking command in '/home/ammar/Robotics/Graduation_Project/ACSAR_ws/src/build/robot_control': CMAKE_PREFIX_PATH=${CMAKE_PREFIX_PATH}:/opt/ros/humble /usr/bin/cmake /home/ammar/Robotics/Graduation_Project/ACSAR_ws/src/robot_control -DCMAKE_INSTALL_PREFIX=/home/ammar/Robotics/Graduation_Project/ACSAR_ws/src/install/robot_control
[0.079s] -- The C compiler identification is GNU 11.4.0
[0.131s] -- The CXX compiler identification is GNU 11.4.0
[0.139s] -- Detecting C compiler ABI info
[0.196s] -- Detecting C compiler ABI info - done
[0.203s] -- Check for working C compiler: /usr/bin/cc - skipped
[0.204s] -- Detecting C compile features
[0.204s] -- Detecting C compile features - done
[0.207s] -- Detecting CXX compiler ABI info
[0.276s] -- Detecting CXX compiler ABI info - done
[0.290s] -- Check for working CXX compiler: /usr/bin/c++ - skipped
[0.290s] -- Detecting CXX compile features
[0.291s] -- Detecting CXX compile features - done
[0.294s] -- Found ament_cmake: 1.3.11 (/opt/ros/humble/share/ament_cmake/cmake)
[0.477s] -- Found Python3: /usr/bin/python3 (found version "3.10.12") found components: Interpreter 
[0.589s] -- Found rclcpp: 16.0.11 (/opt/ros/humble/share/rclcpp/cmake)
[0.632s] -- Found rosidl_generator_c: 3.1.6 (/opt/ros/humble/share/rosidl_generator_c/cmake)
[0.637s] -- Found rosidl_adapter: 3.1.6 (/opt/ros/humble/share/rosidl_adapter/cmake)
[0.645s] -- Found rosidl_generator_cpp: 3.1.6 (/opt/ros/humble/share/rosidl_generator_cpp/cmake)
[0.657s] -- Using all available rosidl_typesupport_c: rosidl_typesupport_fastrtps_c;rosidl_typesupport_introspection_c
[0.673s] -- Using all available rosidl_typesupport_cpp: rosidl_typesupport_fastrtps_cpp;rosidl_typesupport_introspection_cpp
[0.716s] -- Found rmw_implementation_cmake: 6.1.2 (/opt/ros/humble/share/rmw_implementation_cmake/cmake)
[0.718s] -- Found rmw_fastrtps_cpp: 6.2.7 (/opt/ros/humble/share/rmw_fastrtps_cpp/cmake)
[0.802s] -- Found OpenSSL: /usr/lib/x86_64-linux-gnu/libcrypto.so (found version "3.0.2")  
[0.840s] -- Found FastRTPS: /opt/ros/humble/include  
[0.881s] -- Using RMW implementation 'rmw_fastrtps_cpp' as default
[0.890s] -- Looking for pthread.h
[0.948s] -- Looking for pthread.h - found
[0.948s] -- Performing Test CMAKE_HAVE_LIBC_PTHREAD
[1.009s] -- Performing Test CMAKE_HAVE_LIBC_PTHREAD - Success
[1.010s] -- Found Threads: TRUE  
[1.063s] -- Found rclpy: 3.3.15 (/opt/ros/humble/share/rclpy/cmake)
[1.065s] -- Found sensor_msgs: 4.2.4 (/opt/ros/humble/share/sensor_msgs/cmake)
[1.096s] -- Found hardware_interface: 2.46.0 (/opt/ros/humble/share/hardware_interface/cmake)
[1.255s] -- Found PkgConfig: /usr/bin/pkg-config (found version "0.29.2") 
[1.256s] -- Checking for module 'libserial'
[1.268s] --   Found libserial, version 1.0.0
[1.307s] [31mCMake Error at /opt/ros/humble/share/ament_cmake_target_dependencies/cmake/ament_target_dependencies.cmake:77 (message):
[1.307s]   ament_target_dependencies() the passed package name 'serial' was not found
[1.307s]   before
[1.308s] Call Stack (most recent call first):
[1.308s]   CMakeLists.txt:49 (ament_target_dependencies)
[1.308s] 
[1.308s] [0m
[1.308s] -- Configuring incomplete, errors occurred!
[1.308s] See also "/home/ammar/Robotics/Graduation_Project/ACSAR_ws/src/build/robot_control/CMakeFiles/CMakeOutput.log".
[1.323s] Invoked command in '/home/ammar/Robotics/Graduation_Project/ACSAR_ws/src/build/robot_control' returned '1': CMAKE_PREFIX_PATH=${CMAKE_PREFIX_PATH}:/opt/ros/humble /usr/bin/cmake /home/ammar/Robotics/Graduation_Project/ACSAR_ws/src/robot_control -DCMAKE_INSTALL_PREFIX=/home/ammar/Robotics/Graduation_Project/ACSAR_ws/src/install/robot_control
