-- Found ament_cmake: 1.3.11 (/opt/ros/humble/share/ament_cmake/cmake)
-- Found rclcpp: 16.0.11 (/opt/ros/humble/share/rclcpp/cmake)
-- Found rosidl_generator_c: 3.1.6 (/opt/ros/humble/share/rosidl_generator_c/cmake)
-- Found rosidl_adapter: 3.1.6 (/opt/ros/humble/share/rosidl_adapter/cmake)
-- Found rosidl_generator_cpp: 3.1.6 (/opt/ros/humble/share/rosidl_generator_cpp/cmake)
-- Using all available rosidl_typesupport_c: rosidl_typesupport_fastrtps_c;rosidl_typesupport_introspection_c
-- Using all available rosidl_typesupport_cpp: rosidl_typesupport_fastrtps_cpp;rosidl_typesupport_introspection_cpp
-- Found rmw_implementation_cmake: 6.1.2 (/opt/ros/humble/share/rmw_implementation_cmake/cmake)
-- Found rmw_fastrtps_cpp: 6.2.7 (/opt/ros/humble/share/rmw_fastrtps_cpp/cmake)
-- Using RMW implementation 'rmw_fastrtps_cpp' as default
-- Found nav_msgs: 4.2.4 (/opt/ros/humble/share/nav_msgs/cmake)
-- Configuring done
-- Generating done
-- Build files have been written to: /home/ammar/Robotics/Graduation_Project/ACSAR_ws/build/iot_interface
[ 50%] [32mBuilding CXX object CMakeFiles/mqtt_interface.dir/src/mqtt_interface.cpp.o[0m
In file included from [01m[K/home/ammar/Robotics/Graduation_Project/ACSAR_ws/src/iot_interface/src/mqtt_interface.cpp:1[m[K:
[01m[K/home/ammar/Robotics/Graduation_Project/ACSAR_ws/src/iot_interface/include/iot_interface/mqtt_interface.hpp:32:34:[m[K [01;35m[Kwarning: [m[Kmulti-character character constant [[01;35m[K]8;;https://gcc.gnu.org/onlinedocs/gcc/Warning-Options.html#index-Wmultichar-Wmultichar]8;;[m[K]
   32 |          std::string order_id_ = [01;35m[K'777'[m[K;
      |                                  [01;35m[K^~~~~[m[K
[01m[K/home/ammar/Robotics/Graduation_Project/ACSAR_ws/src/iot_interface/include/iot_interface/mqtt_interface.hpp:36:10:[m[K [01;31m[Kerror: [m[K‘[01m[KMQTTClient[m[K’ does not name a type
   36 |          [01;31m[KMQTTClient[m[K mqtt_client_;
      |          [01;31m[K^~~~~~~~~~[m[K
[01m[K/home/ammar/Robotics/Graduation_Project/ACSAR_ws/src/iot_interface/include/iot_interface/mqtt_interface.hpp:32:34:[m[K [01;31m[Kerror: [m[Kcould not convert ‘[01m[K3618615[m[K’ from ‘[01m[Kint[m[K’ to ‘[01m[Kstd::string[m[K’ {aka ‘[01m[Kstd::__cxx11::basic_string<char>[m[K’}
   32 |          std::string order_id_ = [01;31m[K'777'[m[K;
      |                                  [01;31m[K^~~~~[m[K
      |                                  [01;31m[K|[m[K
      |                                  [01;31m[Kint[m[K
[01m[K/home/ammar/Robotics/Graduation_Project/ACSAR_ws/src/iot_interface/src/mqtt_interface.cpp:[m[K In constructor ‘[01m[KMQTTInterface::MQTTInterface()[m[K’:
[01m[K/home/ammar/Robotics/Graduation_Project/ACSAR_ws/src/iot_interface/src/mqtt_interface.cpp:8:24:[m[K [01;31m[Kerror: [m[K‘[01m[Kmqtt_client_[m[K’ was not declared in this scope
    8 |     MQTTClient_create(&[01;31m[Kmqtt_client_[m[K, "localhost", "ros2_client", MQTTCLIENT_PERSISTENCE_NONE, NULL);
      |                        [01;31m[K^~~~~~~~~~~~[m[K
[01m[K/home/ammar/Robotics/Graduation_Project/ACSAR_ws/src/iot_interface/src/mqtt_interface.cpp:8:5:[m[K [01;31m[Kerror: [m[K‘[01m[KMQTTClient_create[m[K’ was not declared in this scope; did you mean ‘[01m[KMQTTAsync_create[m[K’?
    8 |     [01;31m[KMQTTClient_create[m[K(&mqtt_client_, "localhost", "ros2_client", MQTTCLIENT_PERSISTENCE_NONE, NULL);
      |     [01;31m[K^~~~~~~~~~~~~~~~~[m[K
      |     [32m[KMQTTAsync_create[m[K
[01m[K/home/ammar/Robotics/Graduation_Project/ACSAR_ws/src/iot_interface/src/mqtt_interface.cpp:11:5:[m[K [01;31m[Kerror: [m[K‘[01m[Kodom_subscriber[m[K’ was not declared in this scope; did you mean ‘[01m[Kodom_subscriber_[m[K’?
   11 |     [01;31m[Kodom_subscriber[m[K = this->create_subscription<nav_msgs::msg::Odometry>(
      |     [01;31m[K^~~~~~~~~~~~~~~[m[K
      |     [32m[Kodom_subscriber_[m[K
[01m[K/home/ammar/Robotics/Graduation_Project/ACSAR_ws/src/iot_interface/src/mqtt_interface.cpp:14:5:[m[K [01;31m[Kerror: [m[K‘[01m[Kcustomer_subscriber[m[K’ was not declared in this scope; did you mean ‘[01m[Kcustomer_subscriber_[m[K’?
   14 |     [01;31m[Kcustomer_subscriber[m[K = this->create_subscription<geometry_msgs::msg::PoseStamped>(
      |     [01;31m[K^~~~~~~~~~~~~~~~~~~[m[K
      |     [32m[Kcustomer_subscriber_[m[K
[01m[K/home/ammar/Robotics/Graduation_Project/ACSAR_ws/src/iot_interface/src/mqtt_interface.cpp:[m[K At global scope:
[01m[K/home/ammar/Robotics/Graduation_Project/ACSAR_ws/src/iot_interface/src/mqtt_interface.cpp:24:1:[m[K [01;31m[Kerror: [m[K‘[01m[KMQTTBridge[m[K’ does not name a type
   24 | [01;31m[KMQTTBridge[m[K::~MQTTBridge() {
      | [01;31m[K^~~~~~~~~~[m[K
[01m[K/home/ammar/Robotics/Graduation_Project/ACSAR_ws/src/iot_interface/src/mqtt_interface.cpp:29:6:[m[K [01;31m[Kerror: [m[K‘[01m[KMQTTINterface[m[K’ has not been declared
   29 | void [01;31m[KMQTTINterface[m[K::mqtt_connect() {
      |      [01;31m[K^~~~~~~~~~~~~[m[K
[01m[K/home/ammar/Robotics/Graduation_Project/ACSAR_ws/src/iot_interface/src/mqtt_interface.cpp:[m[K In function ‘[01m[Kvoid mqtt_connect()[m[K’:
[01m[K/home/ammar/Robotics/Graduation_Project/ACSAR_ws/src/iot_interface/src/mqtt_interface.cpp:30:5:[m[K [01;31m[Kerror: [m[K‘[01m[KMQTTClient_connectOptions[m[K’ was not declared in this scope; did you mean ‘[01m[KMQTTAsync_connectOptions[m[K’?
   30 |     [01;31m[KMQTTClient_connectOptions[m[K conn_opts = MQTTClient_connectOptions_initializer;
      |     [01;31m[K^~~~~~~~~~~~~~~~~~~~~~~~~[m[K
      |     [32m[KMQTTAsync_connectOptions[m[K
[01m[K/home/ammar/Robotics/Graduation_Project/ACSAR_ws/src/iot_interface/src/mqtt_interface.cpp:31:5:[m[K [01;31m[Kerror: [m[K‘[01m[Kconn_opts[m[K’ was not declared in this scope
   31 |     [01;31m[Kconn_opts[m[K.keepAliveInterval = 20;
      |     [01;31m[K^~~~~~~~~[m[K
[01m[K/home/ammar/Robotics/Graduation_Project/ACSAR_ws/src/iot_interface/src/mqtt_interface.cpp:35:34:[m[K [01;31m[Kerror: [m[K‘[01m[Kmqtt_client_[m[K’ was not declared in this scope
   35 |     if ((rc = MQTTClient_connect([01;31m[Kmqtt_client_[m[K, &conn_opts)) != MQTTCLIENT_SUCCESS) {
      |                                  [01;31m[K^~~~~~~~~~~~[m[K
[01m[K/home/ammar/Robotics/Graduation_Project/ACSAR_ws/src/iot_interface/src/mqtt_interface.cpp:35:15:[m[K [01;31m[Kerror: [m[K‘[01m[KMQTTClient_connect[m[K’ was not declared in this scope; did you mean ‘[01m[KMQTTAsync_connect[m[K’?
   35 |     if ((rc = [01;31m[KMQTTClient_connect[m[K(mqtt_client_, &conn_opts)) != MQTTCLIENT_SUCCESS) {
      |               [01;31m[K^~~~~~~~~~~~~~~~~~[m[K
      |               [32m[KMQTTAsync_connect[m[K
[01m[K/home/ammar/Robotics/Graduation_Project/ACSAR_ws/src/iot_interface/src/mqtt_interface.cpp:35:64:[m[K [01;31m[Kerror: [m[K‘[01m[KMQTTCLIENT_SUCCESS[m[K’ was not declared in this scope; did you mean ‘[01m[KMQTTASYNC_SUCCESS[m[K’?
   35 |     if ((rc = MQTTClient_connect(mqtt_client_, &conn_opts)) != [01;31m[KMQTTCLIENT_SUCCESS[m[K) {
      |                                                                [01;31m[K^~~~~~~~~~~~~~~~~~[m[K
      |                                                                [32m[KMQTTASYNC_SUCCESS[m[K
In file included from [01m[K/opt/ros/humble/include/rclcpp/rclcpp/client.hpp:40[m[K,
                 from [01m[K/opt/ros/humble/include/rclcpp/rclcpp/callback_group.hpp:24[m[K,
                 from [01m[K/opt/ros/humble/include/rclcpp/rclcpp/any_executable.hpp:20[m[K,
                 from [01m[K/opt/ros/humble/include/rclcpp/rclcpp/memory_strategy.hpp:25[m[K,
                 from [01m[K/opt/ros/humble/include/rclcpp/rclcpp/memory_strategies.hpp:18[m[K,
                 from [01m[K/opt/ros/humble/include/rclcpp/rclcpp/executor_options.hpp:20[m[K,
                 from [01m[K/opt/ros/humble/include/rclcpp/rclcpp/executor.hpp:37[m[K,
                 from [01m[K/opt/ros/humble/include/rclcpp/rclcpp/executors/multi_threaded_executor.hpp:25[m[K,
                 from [01m[K/opt/ros/humble/include/rclcpp/rclcpp/executors.hpp:21[m[K,
                 from [01m[K/opt/ros/humble/include/rclcpp/rclcpp/rclcpp.hpp:155[m[K,
                 from [01m[K/home/ammar/Robotics/Graduation_Project/ACSAR_ws/src/iot_interface/include/iot_interface/mqtt_interface.hpp:4[m[K,
                 from [01m[K/home/ammar/Robotics/Graduation_Project/ACSAR_ws/src/iot_interface/src/mqtt_interface.cpp:1[m[K:
[01m[K/home/ammar/Robotics/Graduation_Project/ACSAR_ws/src/iot_interface/src/mqtt_interface.cpp:36:22:[m[K [01;31m[Kerror: [m[Kinvalid use of ‘[01m[Kthis[m[K’ in non-member function
   36 |         RCLCPP_ERROR([01;31m[Kthis[m[K->get_logger(), "Failed to connect to MQTT broker, return code: %d", rc);
      |                      [01;31m[K^~~~[m[K
[01m[K/home/ammar/Robotics/Graduation_Project/ACSAR_ws/src/iot_interface/src/mqtt_interface.cpp:36:22:[m[K [01;31m[Kerror: [m[Kinvalid use of ‘[01m[Kthis[m[K’ in non-member function
[01m[K/home/ammar/Robotics/Graduation_Project/ACSAR_ws/src/iot_interface/src/mqtt_interface.cpp:36:9:[m[K [01;31m[Kerror: [m[Ktemplate argument 1 is invalid
   36 |         [01;31m[KRCLCPP_ERROR[m[K(this->get_logger(), "Failed to connect to MQTT broker, return code: %d", rc);
      |         [01;31m[K^~~~~~~~~~~~[m[K
[01m[K/home/ammar/Robotics/Graduation_Project/ACSAR_ws/src/iot_interface/src/mqtt_interface.cpp:36:9:[m[K [01;31m[Kerror: [m[Ktemplate argument 1 is invalid
   36 |         [01;31m[KRCLCPP_ERROR[m[K(this->get_logger(), "Failed to connect to MQTT broker, return code: %d", rc);
      |         [01;31m[K^~~~~~~~~~~~[m[K
[01m[K/home/ammar/Robotics/Graduation_Project/ACSAR_ws/src/iot_interface/src/mqtt_interface.cpp:36:9:[m[K [01;31m[Kerror: [m[Ktemplate argument 1 is invalid
   36 |         [01;31m[KRCLCPP_ERROR[m[K(this->get_logger(), "Failed to connect to MQTT broker, return code: %d", rc);
      |         [01;31m[K^~~~~~~~~~~~[m[K
In file included from [01m[K/opt/ros/humble/include/rclcpp/rclcpp/logging.hpp:24[m[K,
                 from [01m[K/opt/ros/humble/include/rclcpp/rclcpp/client.hpp:40[m[K,
                 from [01m[K/opt/ros/humble/include/rclcpp/rclcpp/callback_group.hpp:24[m[K,
                 from [01m[K/opt/ros/humble/include/rclcpp/rclcpp/any_executable.hpp:20[m[K,
                 from [01m[K/opt/ros/humble/include/rclcpp/rclcpp/memory_strategy.hpp:25[m[K,
                 from [01m[K/opt/ros/humble/include/rclcpp/rclcpp/memory_strategies.hpp:18[m[K,
                 from [01m[K/opt/ros/humble/include/rclcpp/rclcpp/executor_options.hpp:20[m[K,
                 from [01m[K/opt/ros/humble/include/rclcpp/rclcpp/executor.hpp:37[m[K,
                 from [01m[K/opt/ros/humble/include/rclcpp/rclcpp/executors/multi_threaded_executor.hpp:25[m[K,
                 from [01m[K/opt/ros/humble/include/rclcpp/rclcpp/executors.hpp:21[m[K,
                 from [01m[K/opt/ros/humble/include/rclcpp/rclcpp/rclcpp.hpp:155[m[K,
                 from [01m[K/home/ammar/Robotics/Graduation_Project/ACSAR_ws/src/iot_interface/include/iot_interface/mqtt_interface.hpp:4[m[K,
                 from [01m[K/home/ammar/Robotics/Graduation_Project/ACSAR_ws/src/iot_interface/src/mqtt_interface.cpp:1[m[K:
[01m[K/home/ammar/Robotics/Graduation_Project/ACSAR_ws/src/iot_interface/src/mqtt_interface.cpp:36:22:[m[K [01;31m[Kerror: [m[Kinvalid use of ‘[01m[Kthis[m[K’ in non-member function
   36 |         RCLCPP_ERROR([01;31m[Kthis[m[K->get_logger(), "Failed to connect to MQTT broker, return code: %d", rc);
      |                      [01;31m[K^~~~[m[K
[01m[K/home/ammar/Robotics/Graduation_Project/ACSAR_ws/src/iot_interface/src/mqtt_interface.cpp:36:22:[m[K [01;31m[Kerror: [m[Kinvalid use of ‘[01m[Kthis[m[K’ in non-member function
   36 |         RCLCPP_ERROR([01;31m[Kthis[m[K->get_logger(), "Failed to connect to MQTT broker, return code: %d", rc);
      |                      [01;31m[K^~~~[m[K
In file included from [01m[K/opt/ros/humble/include/rclcpp/rclcpp/client.hpp:40[m[K,
                 from [01m[K/opt/ros/humble/include/rclcpp/rclcpp/callback_group.hpp:24[m[K,
                 from [01m[K/opt/ros/humble/include/rclcpp/rclcpp/any_executable.hpp:20[m[K,
                 from [01m[K/opt/ros/humble/include/rclcpp/rclcpp/memory_strategy.hpp:25[m[K,
                 from [01m[K/opt/ros/humble/include/rclcpp/rclcpp/memory_strategies.hpp:18[m[K,
                 from [01m[K/opt/ros/humble/include/rclcpp/rclcpp/executor_options.hpp:20[m[K,
                 from [01m[K/opt/ros/humble/include/rclcpp/rclcpp/executor.hpp:37[m[K,
                 from [01m[K/opt/ros/humble/include/rclcpp/rclcpp/executors/multi_threaded_executor.hpp:25[m[K,
                 from [01m[K/opt/ros/humble/include/rclcpp/rclcpp/executors.hpp:21[m[K,
                 from [01m[K/opt/ros/humble/include/rclcpp/rclcpp/rclcpp.hpp:155[m[K,
                 from [01m[K/home/ammar/Robotics/Graduation_Project/ACSAR_ws/src/iot_interface/include/iot_interface/mqtt_interface.hpp:4[m[K,
                 from [01m[K/home/ammar/Robotics/Graduation_Project/ACSAR_ws/src/iot_interface/src/mqtt_interface.cpp:1[m[K:
[01m[K/home/ammar/Robotics/Graduation_Project/ACSAR_ws/src/iot_interface/src/mqtt_interface.cpp:39:17:[m[K [01;31m[Kerror: [m[Kinvalid use of ‘[01m[Kthis[m[K’ in non-member function
   39 |     RCLCPP_INFO([01;31m[Kthis[m[K->get_logger(), "Connected to MQTT broker");
      |                 [01;31m[K^~~~[m[K
[01m[K/home/ammar/Robotics/Graduation_Project/ACSAR_ws/src/iot_interface/src/mqtt_interface.cpp:39:17:[m[K [01;31m[Kerror: [m[Kinvalid use of ‘[01m[Kthis[m[K’ in non-member function
[01m[K/home/ammar/Robotics/Graduation_Project/ACSAR_ws/src/iot_interface/src/mqtt_interface.cpp:39:5:[m[K [01;31m[Kerror: [m[Ktemplate argument 1 is invalid
   39 |     [01;31m[KRCLCPP_INFO[m[K(this->get_logger(), "Connected to MQTT broker");
      |     [01;31m[K^~~~~~~~~~~[m[K
[01m[K/home/ammar/Robotics/Graduation_Project/ACSAR_ws/src/iot_interface/src/mqtt_interface.cpp:39:5:[m[K [01;31m[Kerror: [m[Ktemplate argument 1 is invalid
   39 |     [01;31m[KRCLCPP_INFO[m[K(this->get_logger(), "Connected to MQTT broker");
      |     [01;31m[K^~~~~~~~~~~[m[K
[01m[K/home/ammar/Robotics/Graduation_Project/ACSAR_ws/src/iot_interface/src/mqtt_interface.cpp:39:5:[m[K [01;31m[Kerror: [m[Ktemplate argument 1 is invalid
   39 |     [01;31m[KRCLCPP_INFO[m[K(this->get_logger(), "Connected to MQTT broker");
      |     [01;31m[K^~~~~~~~~~~[m[K
In file included from [01m[K/opt/ros/humble/include/rclcpp/rclcpp/logging.hpp:24[m[K,
                 from [01m[K/opt/ros/humble/include/rclcpp/rclcpp/client.hpp:40[m[K,
                 from [01m[K/opt/ros/humble/include/rclcpp/rclcpp/callback_group.hpp:24[m[K,
                 from [01m[K/opt/ros/humble/include/rclcpp/rclcpp/any_executable.hpp:20[m[K,
                 from [01m[K/opt/ros/humble/include/rclcpp/rclcpp/memory_strategy.hpp:25[m[K,
                 from [01m[K/opt/ros/humble/include/rclcpp/rclcpp/memory_strategies.hpp:18[m[K,
                 from [01m[K/opt/ros/humble/include/rclcpp/rclcpp/executor_options.hpp:20[m[K,
                 from [01m[K/opt/ros/humble/include/rclcpp/rclcpp/executor.hpp:37[m[K,
                 from [01m[K/opt/ros/humble/include/rclcpp/rclcpp/executors/multi_threaded_executor.hpp:25[m[K,
                 from [01m[K/opt/ros/humble/include/rclcpp/rclcpp/executors.hpp:21[m[K,
                 from [01m[K/opt/ros/humble/include/rclcpp/rclcpp/rclcpp.hpp:155[m[K,
                 from [01m[K/home/ammar/Robotics/Graduation_Project/ACSAR_ws/src/iot_interface/include/iot_interface/mqtt_interface.hpp:4[m[K,
                 from [01m[K/home/ammar/Robotics/Graduation_Project/ACSAR_ws/src/iot_interface/src/mqtt_interface.cpp:1[m[K:
[01m[K/home/ammar/Robotics/Graduation_Project/ACSAR_ws/src/iot_interface/src/mqtt_interface.cpp:39:17:[m[K [01;31m[Kerror: [m[Kinvalid use of ‘[01m[Kthis[m[K’ in non-member function
   39 |     RCLCPP_INFO([01;31m[Kthis[m[K->get_logger(), "Connected to MQTT broker");
      |                 [01;31m[K^~~~[m[K
[01m[K/home/ammar/Robotics/Graduation_Project/ACSAR_ws/src/iot_interface/src/mqtt_interface.cpp:39:17:[m[K [01;31m[Kerror: [m[Kinvalid use of ‘[01m[Kthis[m[K’ in non-member function
   39 |     RCLCPP_INFO([01;31m[Kthis[m[K->get_logger(), "Connected to MQTT broker");
      |                 [01;31m[K^~~~[m[K
[01m[K/home/ammar/Robotics/Graduation_Project/ACSAR_ws/src/iot_interface/src/mqtt_interface.cpp:[m[K At global scope:
[01m[K/home/ammar/Robotics/Graduation_Project/ACSAR_ws/src/iot_interface/src/mqtt_interface.cpp:41:6:[m[K [01;31m[Kerror: [m[K‘[01m[KMQTTBridge[m[K’ has not been declared
   41 | void [01;31m[KMQTTBridge[m[K::mqtt_publish(const std::string& topic, const std::string& payload) {
      |      [01;31m[K^~~~~~~~~~[m[K
[01m[K/home/ammar/Robotics/Graduation_Project/ACSAR_ws/src/iot_interface/src/mqtt_interface.cpp:[m[K In function ‘[01m[Kvoid mqtt_publish(const string&, const string&)[m[K’:
[01m[K/home/ammar/Robotics/Graduation_Project/ACSAR_ws/src/iot_interface/src/mqtt_interface.cpp:42:5:[m[K [01;31m[Kerror: [m[K‘[01m[KMQTTClient_message[m[K’ was not declared in this scope; did you mean ‘[01m[KMQTTAsync_message[m[K’?
   42 |     [01;31m[KMQTTClient_message[m[K pubmsg = MQTTClient_message_initializer;
      |     [01;31m[K^~~~~~~~~~~~~~~~~~[m[K
      |     [32m[KMQTTAsync_message[m[K
[01m[K/home/ammar/Robotics/Graduation_Project/ACSAR_ws/src/iot_interface/src/mqtt_interface.cpp:43:5:[m[K [01;31m[Kerror: [m[K‘[01m[Kpubmsg[m[K’ was not declared in this scope
   43 |     [01;31m[Kpubmsg[m[K.payload = (void*)payload.c_str();
      |     [01;31m[K^~~~~~[m[K
[01m[K/home/ammar/Robotics/Graduation_Project/ACSAR_ws/src/iot_interface/src/mqtt_interface.cpp:48:5:[m[K [01;31m[Kerror: [m[K‘[01m[KMQTTClient_deliveryToken[m[K’ was not declared in this scope
   48 |     [01;31m[KMQTTClient_deliveryToken[m[K token;
      |     [01;31m[K^~~~~~~~~~~~~~~~~~~~~~~~[m[K
[01m[K/home/ammar/Robotics/Graduation_Project/ACSAR_ws/src/iot_interface/src/mqtt_interface.cpp:49:31:[m[K [01;31m[Kerror: [m[K‘[01m[Kmqtt_client_[m[K’ was not declared in this scope
   49 |     MQTTClient_publishMessage([01;31m[Kmqtt_client_[m[K, topic.c_str(), &pubmsg, &token);
      |                               [01;31m[K^~~~~~~~~~~~[m[K
[01m[K/home/ammar/Robotics/Graduation_Project/ACSAR_ws/src/iot_interface/src/mqtt_interface.cpp:49:70:[m[K [01;31m[Kerror: [m[K‘[01m[Ktoken[m[K’ was not declared in this scope; did you mean ‘[01m[Kmqtt::token[m[K’?
   49 |     MQTTClient_publishMessage(mqtt_client_, topic.c_str(), &pubmsg, &[01;31m[Ktoken[m[K);
      |                                                                      [01;31m[K^~~~~[m[K
      |                                                                      [32m[Kmqtt::token[m[K
In file included from [01m[K/usr/local/include/mqtt/delivery_token.h:31[m[K,
                 from [01m[K/usr/local/include/mqtt/callback.h:31[m[K,
                 from [01m[K/usr/local/include/mqtt/async_client.h:45[m[K,
                 from [01m[K/home/ammar/Robotics/Graduation_Project/ACSAR_ws/src/iot_interface/include/iot_interface/mqtt_interface.hpp:7[m[K,
                 from [01m[K/home/ammar/Robotics/Graduation_Project/ACSAR_ws/src/iot_interface/src/mqtt_interface.cpp:1[m[K:
[01m[K/usr/local/include/mqtt/token.h:53:7:[m[K [01;36m[Knote: [m[K‘[01m[Kmqtt::token[m[K’ declared here
   53 | class [01;36m[Ktoken[m[K
      |       [01;36m[K^~~~~[m[K
[01m[K/home/ammar/Robotics/Graduation_Project/ACSAR_ws/src/iot_interface/src/mqtt_interface.cpp:49:5:[m[K [01;31m[Kerror: [m[K‘[01m[KMQTTClient_publishMessage[m[K’ was not declared in this scope; did you mean ‘[01m[KMQTTClient_persistence[m[K’?
   49 |     [01;31m[KMQTTClient_publishMessage[m[K(mqtt_client_, topic.c_str(), &pubmsg, &token);
      |     [01;31m[K^~~~~~~~~~~~~~~~~~~~~~~~~[m[K
      |     [32m[KMQTTClient_persistence[m[K
[01m[K/home/ammar/Robotics/Graduation_Project/ACSAR_ws/src/iot_interface/src/mqtt_interface.cpp:50:5:[m[K [01;31m[Kerror: [m[K‘[01m[KMQTTClient_waitForCompletion[m[K’ was not declared in this scope; did you mean ‘[01m[KMQTTAsync_waitForCompletion[m[K’?
   50 |     [01;31m[KMQTTClient_waitForCompletion[m[K(mqtt_client_, token, 1000);
      |     [01;31m[K^~~~~~~~~~~~~~~~~~~~~~~~~~~~[m[K
      |     [32m[KMQTTAsync_waitForCompletion[m[K
[01m[K/home/ammar/Robotics/Graduation_Project/ACSAR_ws/src/iot_interface/src/mqtt_interface.cpp:[m[K At global scope:
[01m[K/home/ammar/Robotics/Graduation_Project/ACSAR_ws/src/iot_interface/src/mqtt_interface.cpp:53:8:[m[K [01;31m[Kerror: [m[K‘[01m[KMQTTBridge[m[K’ has not been declared
   53 |   void [01;31m[KMQTTBridge[m[K::odom_callback(const nav_msgs::msg::Odometry::SharedPtr msg) {
      |        [01;31m[K^~~~~~~~~~[m[K
[01m[K/home/ammar/Robotics/Graduation_Project/ACSAR_ws/src/iot_interface/src/mqtt_interface.cpp:[m[K In function ‘[01m[Kvoid odom_callback(nav_msgs::msg::Odometry_<std::allocator<void> >::SharedPtr)[m[K’:
[01m[K/home/ammar/Robotics/Graduation_Project/ACSAR_ws/src/iot_interface/src/mqtt_interface.cpp:54:5:[m[K [01;31m[Kerror: [m[K‘[01m[Kx_[m[K’ was not declared in this scope
   54 |     [01;31m[Kx_[m[K = msg->pose.pose.position.x;
      |     [01;31m[K^~[m[K
[01m[K/home/ammar/Robotics/Graduation_Project/ACSAR_ws/src/iot_interface/src/mqtt_interface.cpp:55:5:[m[K [01;31m[Kerror: [m[K‘[01m[Ky_[m[K’ was not declared in this scope; did you mean ‘[01m[Kyn[m[K’?
   55 |     [01;31m[Ky_[m[K = msg->pose.pose.position.y;
      |     [01;31m[K^~[m[K
      |     [32m[Kyn[m[K
[01m[K/home/ammar/Robotics/Graduation_Project/ACSAR_ws/src/iot_interface/src/mqtt_interface.cpp:56:5:[m[K [01;31m[Kerror: [m[K‘[01m[Ktheta_[m[K’ was not declared in this scope
   56 |     [01;31m[Ktheta_[m[K = msg->pose.pose.orientation.z;
      |     [01;31m[K^~~~~~[m[K
[01m[K/home/ammar/Robotics/Graduation_Project/ACSAR_ws/src/iot_interface/src/mqtt_interface.cpp:58:61:[m[K [01;31m[Kerror: [m[Kcould not convert ‘[01m[K{{"x", x_}, {"y", y_}, {"theta", theta_}}[m[K’ from ‘[01m[K<brace-enclosed initializer list>[m[K’ to ‘[01m[Kjson[m[K’ {aka ‘[01m[Knlohmann::json_abi_v3_11_3::basic_json<>[m[K’}
   58 |     json position = {{"x", x_}, {"y", y_}, {"theta", theta_}[01;31m[K}[m[K;
      |                                                             [01;31m[K^[m[K
      |                                                             [01;31m[K|[m[K
      |                                                             [01;31m[K<brace-enclosed initializer list>[m[K
In file included from [01m[K/opt/ros/humble/include/rclcpp/rclcpp/client.hpp:40[m[K,
                 from [01m[K/opt/ros/humble/include/rclcpp/rclcpp/callback_group.hpp:24[m[K,
                 from [01m[K/opt/ros/humble/include/rclcpp/rclcpp/any_executable.hpp:20[m[K,
                 from [01m[K/opt/ros/humble/include/rclcpp/rclcpp/memory_strategy.hpp:25[m[K,
                 from [01m[K/opt/ros/humble/include/rclcpp/rclcpp/memory_strategies.hpp:18[m[K,
                 from [01m[K/opt/ros/humble/include/rclcpp/rclcpp/executor_options.hpp:20[m[K,
                 from [01m[K/opt/ros/humble/include/rclcpp/rclcpp/executor.hpp:37[m[K,
                 from [01m[K/opt/ros/humble/include/rclcpp/rclcpp/executors/multi_threaded_executor.hpp:25[m[K,
                 from [01m[K/opt/ros/humble/include/rclcpp/rclcpp/executors.hpp:21[m[K,
                 from [01m[K/opt/ros/humble/include/rclcpp/rclcpp/rclcpp.hpp:155[m[K,
                 from [01m[K/home/ammar/Robotics/Graduation_Project/ACSAR_ws/src/iot_interface/include/iot_interface/mqtt_interface.hpp:4[m[K,
                 from [01m[K/home/ammar/Robotics/Graduation_Project/ACSAR_ws/src/iot_interface/src/mqtt_interface.cpp:1[m[K:
[01m[K/home/ammar/Robotics/Graduation_Project/ACSAR_ws/src/iot_interface/src/mqtt_interface.cpp:60:17:[m[K [01;31m[Kerror: [m[Kinvalid use of ‘[01m[Kthis[m[K’ in non-member function
   60 |     RCLCPP_INFO([01;31m[Kthis[m[K->get_logger(), "Published position: %s", position.dump().c_str());
      |                 [01;31m[K^~~~[m[K
[01m[K/home/ammar/Robotics/Graduation_Project/ACSAR_ws/src/iot_interface/src/mqtt_interface.cpp:60:17:[m[K [01;31m[Kerror: [m[Kinvalid use of ‘[01m[Kthis[m[K’ in non-member function
[01m[K/home/ammar/Robotics/Graduation_Project/ACSAR_ws/src/iot_interface/src/mqtt_interface.cpp:60:5:[m[K [01;31m[Kerror: [m[Ktemplate argument 1 is invalid
   60 |     [01;31m[KRCLCPP_INFO[m[K(this->get_logger(), "Published position: %s", position.dump().c_str());
      |     [01;31m[K^~~~~~~~~~~[m[K
[01m[K/home/ammar/Robotics/Graduation_Project/ACSAR_ws/src/iot_interface/src/mqtt_interface.cpp:60:5:[m[K [01;31m[Kerror: [m[Ktemplate argument 1 is invalid
   60 |     [01;31m[KRCLCPP_INFO[m[K(this->get_logger(), "Published position: %s", position.dump().c_str());
      |     [01;31m[K^~~~~~~~~~~[m[K
[01m[K/home/ammar/Robotics/Graduation_Project/ACSAR_ws/src/iot_interface/src/mqtt_interface.cpp:60:5:[m[K [01;31m[Kerror: [m[Ktemplate argument 1 is invalid
   60 |     [01;31m[KRCLCPP_INFO[m[K(this->get_logger(), "Published position: %s", position.dump().c_str());
      |     [01;31m[K^~~~~~~~~~~[m[K
In file included from [01m[K/opt/ros/humble/include/rclcpp/rclcpp/logging.hpp:24[m[K,
                 from [01m[K/opt/ros/humble/include/rclcpp/rclcpp/client.hpp:40[m[K,
                 from [01m[K/opt/ros/humble/include/rclcpp/rclcpp/callback_group.hpp:24[m[K,
                 from [01m[K/opt/ros/humble/include/rclcpp/rclcpp/any_executable.hpp:20[m[K,
                 from [01m[K/opt/ros/humble/include/rclcpp/rclcpp/memory_strategy.hpp:25[m[K,
                 from [01m[K/opt/ros/humble/include/rclcpp/rclcpp/memory_strategies.hpp:18[m[K,
                 from [01m[K/opt/ros/humble/include/rclcpp/rclcpp/executor_options.hpp:20[m[K,
                 from [01m[K/opt/ros/humble/include/rclcpp/rclcpp/executor.hpp:37[m[K,
                 from [01m[K/opt/ros/humble/include/rclcpp/rclcpp/executors/multi_threaded_executor.hpp:25[m[K,
                 from [01m[K/opt/ros/humble/include/rclcpp/rclcpp/executors.hpp:21[m[K,
                 from [01m[K/opt/ros/humble/include/rclcpp/rclcpp/rclcpp.hpp:155[m[K,
                 from [01m[K/home/ammar/Robotics/Graduation_Project/ACSAR_ws/src/iot_interface/include/iot_interface/mqtt_interface.hpp:4[m[K,
                 from [01m[K/home/ammar/Robotics/Graduation_Project/ACSAR_ws/src/iot_interface/src/mqtt_interface.cpp:1[m[K:
[01m[K/home/ammar/Robotics/Graduation_Project/ACSAR_ws/src/iot_interface/src/mqtt_interface.cpp:60:17:[m[K [01;31m[Kerror: [m[Kinvalid use of ‘[01m[Kthis[m[K’ in non-member function
   60 |     RCLCPP_INFO([01;31m[Kthis[m[K->get_logger(), "Published position: %s", position.dump().c_str());
      |                 [01;31m[K^~~~[m[K
[01m[K/home/ammar/Robotics/Graduation_Project/ACSAR_ws/src/iot_interface/src/mqtt_interface.cpp:60:17:[m[K [01;31m[Kerror: [m[Kinvalid use of ‘[01m[Kthis[m[K’ in non-member function
   60 |     RCLCPP_INFO([01;31m[Kthis[m[K->get_logger(), "Published position: %s", position.dump().c_str());
      |                 [01;31m[K^~~~[m[K
[01m[K/home/ammar/Robotics/Graduation_Project/ACSAR_ws/src/iot_interface/src/mqtt_interface.cpp:[m[K At global scope:
[01m[K/home/ammar/Robotics/Graduation_Project/ACSAR_ws/src/iot_interface/src/mqtt_interface.cpp:63:8:[m[K [01;31m[Kerror: [m[K‘[01m[KMQTTBridge[m[K’ has not been declared
   63 |   void [01;31m[KMQTTBridge[m[K::customer_callback(const geometry_msgs::msg::PoseStamped::SharedPtr msg) {
      |        [01;31m[K^~~~~~~~~~[m[K
[01m[K/home/ammar/Robotics/Graduation_Project/ACSAR_ws/src/iot_interface/src/mqtt_interface.cpp:[m[K In function ‘[01m[Kvoid customer_callback(geometry_msgs::msg::PoseStamped_<std::allocator<void> >::SharedPtr)[m[K’:
[01m[K/home/ammar/Robotics/Graduation_Project/ACSAR_ws/src/iot_interface/src/mqtt_interface.cpp:64:5:[m[K [01;31m[Kerror: [m[K‘[01m[Kcustomer_detected_[m[K’ was not declared in this scope
   64 |     [01;31m[Kcustomer_detected_[m[K = true;
      |     [01;31m[K^~~~~~~~~~~~~~~~~~[m[K
[01m[K/home/ammar/Robotics/Graduation_Project/ACSAR_ws/src/iot_interface/src/mqtt_interface.cpp:65:5:[m[K [01;31m[Kerror: [m[K‘[01m[Kdelivered_[m[K’ was not declared in this scope
   65 |     [01;31m[Kdelivered_[m[K = true;
      |     [01;31m[K^~~~~~~~~~[m[K
In file included from [01m[K/opt/ros/humble/include/rclcpp/rclcpp/client.hpp:40[m[K,
                 from [01m[K/opt/ros/humble/include/rclcpp/rclcpp/callback_group.hpp:24[m[K,
                 from [01m[K/opt/ros/humble/include/rclcpp/rclcpp/any_executable.hpp:20[m[K,
                 from [01m[K/opt/ros/humble/include/rclcpp/rclcpp/memory_strategy.hpp:25[m[K,
                 from [01m[K/opt/ros/humble/include/rclcpp/rclcpp/memory_strategies.hpp:18[m[K,
                 from [01m[K/opt/ros/humble/include/rclcpp/rclcpp/executor_options.hpp:20[m[K,
                 from [01m[K/opt/ros/humble/include/rclcpp/rclcpp/executor.hpp:37[m[K,
                 from [01m[K/opt/ros/humble/include/rclcpp/rclcpp/executors/multi_threaded_executor.hpp:25[m[K,
                 from [01m[K/opt/ros/humble/include/rclcpp/rclcpp/executors.hpp:21[m[K,
                 from [01m[K/opt/ros/humble/include/rclcpp/rclcpp/rclcpp.hpp:155[m[K,
                 from [01m[K/home/ammar/Robotics/Graduation_Project/ACSAR_ws/src/iot_interface/include/iot_interface/mqtt_interface.hpp:4[m[K,
                 from [01m[K/home/ammar/Robotics/Graduation_Project/ACSAR_ws/src/iot_interface/src/mqtt_interface.cpp:1[m[K:
[01m[K/home/ammar/Robotics/Graduation_Project/ACSAR_ws/src/iot_interface/src/mqtt_interface.cpp:66:17:[m[K [01;31m[Kerror: [m[Kinvalid use of ‘[01m[Kthis[m[K’ in non-member function
   66 |     RCLCPP_INFO([01;31m[Kthis[m[K->get_logger(), "Customer detected, marking order as delivered");
      |                 [01;31m[K^~~~[m[K
[01m[K/home/ammar/Robotics/Graduation_Project/ACSAR_ws/src/iot_interface/src/mqtt_interface.cpp:66:17:[m[K [01;31m[Kerror: [m[Kinvalid use of ‘[01m[Kthis[m[K’ in non-member function
[01m[K/home/ammar/Robotics/Graduation_Project/ACSAR_ws/src/iot_interface/src/mqtt_interface.cpp:66:5:[m[K [01;31m[Kerror: [m[Ktemplate argument 1 is invalid
   66 |     [01;31m[KRCLCPP_INFO[m[K(this->get_logger(), "Customer detected, marking order as delivered");
      |     [01;31m[K^~~~~~~~~~~[m[K
[01m[K/home/ammar/Robotics/Graduation_Project/ACSAR_ws/src/iot_interface/src/mqtt_interface.cpp:66:5:[m[K [01;31m[Kerror: [m[Ktemplate argument 1 is invalid
   66 |     [01;31m[KRCLCPP_INFO[m[K(this->get_logger(), "Customer detected, marking order as delivered");
      |     [01;31m[K^~~~~~~~~~~[m[K
[01m[K/home/ammar/Robotics/Graduation_Project/ACSAR_ws/src/iot_interface/src/mqtt_interface.cpp:66:5:[m[K [01;31m[Kerror: [m[Ktemplate argument 1 is invalid
   66 |     [01;31m[KRCLCPP_INFO[m[K(this->get_logger(), "Customer detected, marking order as delivered");
      |     [01;31m[K^~~~~~~~~~~[m[K
In file included from [01m[K/opt/ros/humble/include/rclcpp/rclcpp/logging.hpp:24[m[K,
                 from [01m[K/opt/ros/humble/include/rclcpp/rclcpp/client.hpp:40[m[K,
                 from [01m[K/opt/ros/humble/include/rclcpp/rclcpp/callback_group.hpp:24[m[K,
                 from [01m[K/opt/ros/humble/include/rclcpp/rclcpp/any_executable.hpp:20[m[K,
                 from [01m[K/opt/ros/humble/include/rclcpp/rclcpp/memory_strategy.hpp:25[m[K,
                 from [01m[K/opt/ros/humble/include/rclcpp/rclcpp/memory_strategies.hpp:18[m[K,
                 from [01m[K/opt/ros/humble/include/rclcpp/rclcpp/executor_options.hpp:20[m[K,
                 from [01m[K/opt/ros/humble/include/rclcpp/rclcpp/executor.hpp:37[m[K,
                 from [01m[K/opt/ros/humble/include/rclcpp/rclcpp/executors/multi_threaded_executor.hpp:25[m[K,
                 from [01m[K/opt/ros/humble/include/rclcpp/rclcpp/executors.hpp:21[m[K,
                 from [01m[K/opt/ros/humble/include/rclcpp/rclcpp/rclcpp.hpp:155[m[K,
                 from [01m[K/home/ammar/Robotics/Graduation_Project/ACSAR_ws/src/iot_interface/include/iot_interface/mqtt_interface.hpp:4[m[K,
                 from [01m[K/home/ammar/Robotics/Graduation_Project/ACSAR_ws/src/iot_interface/src/mqtt_interface.cpp:1[m[K:
[01m[K/home/ammar/Robotics/Graduation_Project/ACSAR_ws/src/iot_interface/src/mqtt_interface.cpp:66:17:[m[K [01;31m[Kerror: [m[Kinvalid use of ‘[01m[Kthis[m[K’ in non-member function
   66 |     RCLCPP_INFO([01;31m[Kthis[m[K->get_logger(), "Customer detected, marking order as delivered");
      |                 [01;31m[K^~~~[m[K
[01m[K/home/ammar/Robotics/Graduation_Project/ACSAR_ws/src/iot_interface/src/mqtt_interface.cpp:66:17:[m[K [01;31m[Kerror: [m[Kinvalid use of ‘[01m[Kthis[m[K’ in non-member function
   66 |     RCLCPP_INFO([01;31m[Kthis[m[K->get_logger(), "Customer detected, marking order as delivered");
      |                 [01;31m[K^~~~[m[K
[01m[K/home/ammar/Robotics/Graduation_Project/ACSAR_ws/src/iot_interface/src/mqtt_interface.cpp:63:87:[m[K [01;35m[Kwarning: [m[Kunused parameter ‘[01m[Kmsg[m[K’ [[01;35m[K]8;;https://gcc.gnu.org/onlinedocs/gcc/Warning-Options.html#index-Wunused-parameter-Wunused-parameter]8;;[m[K]
   63 |   void MQTTBridge::customer_callback([01;35m[Kconst geometry_msgs::msg::PoseStamped::SharedPtr msg[m[K) {
      |                                      [01;35m[K~~~~~~~~~~~~~~~~~~~~~~~~~~~~~~~~~~~~~~~~~~~~~~~~~^~~[m[K
[01m[K/home/ammar/Robotics/Graduation_Project/ACSAR_ws/src/iot_interface/src/mqtt_interface.cpp:[m[K At global scope:
[01m[K/home/ammar/Robotics/Graduation_Project/ACSAR_ws/src/iot_interface/src/mqtt_interface.cpp:69:8:[m[K [01;31m[Kerror: [m[K‘[01m[KMQTTBridge[m[K’ has not been declared
   69 |   void [01;31m[KMQTTBridge[m[K::timer_callback() {
      |        [01;31m[K^~~~~~~~~~[m[K
[01m[K/home/ammar/Robotics/Graduation_Project/ACSAR_ws/src/iot_interface/src/mqtt_interface.cpp:[m[K In function ‘[01m[Kvoid timer_callback()[m[K’:
[01m[K/home/ammar/Robotics/Graduation_Project/ACSAR_ws/src/iot_interface/src/mqtt_interface.cpp:70:10:[m[K [01;31m[Kerror: [m[K‘[01m[Kcustomer_detected_[m[K’ was not declared in this scope
   70 |     if (![01;31m[Kcustomer_detected_[m[K) {
      |          [01;31m[K^~~~~~~~~~~~~~~~~~[m[K
[01m[K/home/ammar/Robotics/Graduation_Project/ACSAR_ws/src/iot_interface/src/mqtt_interface.cpp:71:7:[m[K [01;31m[Kerror: [m[K‘[01m[Kdelivered_[m[K’ was not declared in this scope
   71 |       [01;31m[Kdelivered_[m[K = false;
      |       [01;31m[K^~~~~~~~~~[m[K
[01m[K/home/ammar/Robotics/Graduation_Project/ACSAR_ws/src/iot_interface/src/mqtt_interface.cpp:73:33:[m[K [01;31m[Kerror: [m[K‘[01m[Korder_id_[m[K’ was not declared in this scope
   73 |     json status = {{"order_id", [01;31m[Korder_id_[m[K}, {"delivered", delivered_}};
      |                                 [01;31m[K^~~~~~~~~[m[K
[01m[K/home/ammar/Robotics/Graduation_Project/ACSAR_ws/src/iot_interface/src/mqtt_interface.cpp:73:59:[m[K [01;31m[Kerror: [m[K‘[01m[Kdelivered_[m[K’ was not declared in this scope
   73 |     json status = {{"order_id", order_id_}, {"delivered", [01;31m[Kdelivered_[m[K}};
      |                                                           [01;31m[K^~~~~~~~~~[m[K
[01m[K/home/ammar/Robotics/Graduation_Project/ACSAR_ws/src/iot_interface/src/mqtt_interface.cpp:73:70:[m[K [01;31m[Kerror: [m[Kcould not convert ‘[01m[K{{"order_id", <expression error>}, {"delivered", <expression error>}}[m[K’ from ‘[01m[K<brace-enclosed initializer list>[m[K’ to ‘[01m[Kjson[m[K’ {aka ‘[01m[Knlohmann::json_abi_v3_11_3::basic_json<>[m[K’}
   73 |     json status = {{"order_id", order_id_}, {"delivered", delivered_}[01;31m[K}[m[K;
      |                                                                      [01;31m[K^[m[K
      |                                                                      [01;31m[K|[m[K
      |                                                                      [01;31m[K<brace-enclosed initializer list>[m[K
In file included from [01m[K/opt/ros/humble/include/rclcpp/rclcpp/client.hpp:40[m[K,
                 from [01m[K/opt/ros/humble/include/rclcpp/rclcpp/callback_group.hpp:24[m[K,
                 from [01m[K/opt/ros/humble/include/rclcpp/rclcpp/any_executable.hpp:20[m[K,
                 from [01m[K/opt/ros/humble/include/rclcpp/rclcpp/memory_strategy.hpp:25[m[K,
                 from [01m[K/opt/ros/humble/include/rclcpp/rclcpp/memory_strategies.hpp:18[m[K,
                 from [01m[K/opt/ros/humble/include/rclcpp/rclcpp/executor_options.hpp:20[m[K,
                 from [01m[K/opt/ros/humble/include/rclcpp/rclcpp/executor.hpp:37[m[K,
                 from [01m[K/opt/ros/humble/include/rclcpp/rclcpp/executors/multi_threaded_executor.hpp:25[m[K,
                 from [01m[K/opt/ros/humble/include/rclcpp/rclcpp/executors.hpp:21[m[K,
                 from [01m[K/opt/ros/humble/include/rclcpp/rclcpp/rclcpp.hpp:155[m[K,
                 from [01m[K/home/ammar/Robotics/Graduation_Project/ACSAR_ws/src/iot_interface/include/iot_interface/mqtt_interface.hpp:4[m[K,
                 from [01m[K/home/ammar/Robotics/Graduation_Project/ACSAR_ws/src/iot_interface/src/mqtt_interface.cpp:1[m[K:
[01m[K/home/ammar/Robotics/Graduation_Project/ACSAR_ws/src/iot_interface/src/mqtt_interface.cpp:75:17:[m[K [01;31m[Kerror: [m[Kinvalid use of ‘[01m[Kthis[m[K’ in non-member function
   75 |     RCLCPP_INFO([01;31m[Kthis[m[K->get_logger(), "Published order status: %s", status.dump().c_str());
      |                 [01;31m[K^~~~[m[K
[01m[K/home/ammar/Robotics/Graduation_Project/ACSAR_ws/src/iot_interface/src/mqtt_interface.cpp:75:17:[m[K [01;31m[Kerror: [m[Kinvalid use of ‘[01m[Kthis[m[K’ in non-member function
[01m[K/home/ammar/Robotics/Graduation_Project/ACSAR_ws/src/iot_interface/src/mqtt_interface.cpp:75:5:[m[K [01;31m[Kerror: [m[Ktemplate argument 1 is invalid
   75 |     [01;31m[KRCLCPP_INFO[m[K(this->get_logger(), "Published order status: %s", status.dump().c_str());
      |     [01;31m[K^~~~~~~~~~~[m[K
[01m[K/home/ammar/Robotics/Graduation_Project/ACSAR_ws/src/iot_interface/src/mqtt_interface.cpp:75:5:[m[K [01;31m[Kerror: [m[Ktemplate argument 1 is invalid
   75 |     [01;31m[KRCLCPP_INFO[m[K(this->get_logger(), "Published order status: %s", status.dump().c_str());
      |     [01;31m[K^~~~~~~~~~~[m[K
[01m[K/home/ammar/Robotics/Graduation_Project/ACSAR_ws/src/iot_interface/src/mqtt_interface.cpp:75:5:[m[K [01;31m[Kerror: [m[Ktemplate argument 1 is invalid
   75 |     [01;31m[KRCLCPP_INFO[m[K(this->get_logger(), "Published order status: %s", status.dump().c_str());
      |     [01;31m[K^~~~~~~~~~~[m[K
In file included from [01m[K/opt/ros/humble/include/rclcpp/rclcpp/logging.hpp:24[m[K,
                 from [01m[K/opt/ros/humble/include/rclcpp/rclcpp/client.hpp:40[m[K,
                 from [01m[K/opt/ros/humble/include/rclcpp/rclcpp/callback_group.hpp:24[m[K,
                 from [01m[K/opt/ros/humble/include/rclcpp/rclcpp/any_executable.hpp:20[m[K,
                 from [01m[K/opt/ros/humble/include/rclcpp/rclcpp/memory_strategy.hpp:25[m[K,
                 from [01m[K/opt/ros/humble/include/rclcpp/rclcpp/memory_strategies.hpp:18[m[K,
                 from [01m[K/opt/ros/humble/include/rclcpp/rclcpp/executor_options.hpp:20[m[K,
                 from [01m[K/opt/ros/humble/include/rclcpp/rclcpp/executor.hpp:37[m[K,
                 from [01m[K/opt/ros/humble/include/rclcpp/rclcpp/executors/multi_threaded_executor.hpp:25[m[K,
                 from [01m[K/opt/ros/humble/include/rclcpp/rclcpp/executors.hpp:21[m[K,
                 from [01m[K/opt/ros/humble/include/rclcpp/rclcpp/rclcpp.hpp:155[m[K,
                 from [01m[K/home/ammar/Robotics/Graduation_Project/ACSAR_ws/src/iot_interface/include/iot_interface/mqtt_interface.hpp:4[m[K,
                 from [01m[K/home/ammar/Robotics/Graduation_Project/ACSAR_ws/src/iot_interface/src/mqtt_interface.cpp:1[m[K:
[01m[K/home/ammar/Robotics/Graduation_Project/ACSAR_ws/src/iot_interface/src/mqtt_interface.cpp:75:17:[m[K [01;31m[Kerror: [m[Kinvalid use of ‘[01m[Kthis[m[K’ in non-member function
   75 |     RCLCPP_INFO([01;31m[Kthis[m[K->get_logger(), "Published order status: %s", status.dump().c_str());
      |                 [01;31m[K^~~~[m[K
[01m[K/home/ammar/Robotics/Graduation_Project/ACSAR_ws/src/iot_interface/src/mqtt_interface.cpp:75:17:[m[K [01;31m[Kerror: [m[Kinvalid use of ‘[01m[Kthis[m[K’ in non-member function
   75 |     RCLCPP_INFO([01;31m[Kthis[m[K->get_logger(), "Published order status: %s", status.dump().c_str());
      |                 [01;31m[K^~~~[m[K
[01m[K/home/ammar/Robotics/Graduation_Project/ACSAR_ws/src/iot_interface/src/mqtt_interface.cpp:76:5:[m[K [01;31m[Kerror: [m[K‘[01m[Kcustomer_detected_[m[K’ was not declared in this scope
   76 |     [01;31m[Kcustomer_detected_[m[K = false;
      |     [01;31m[K^~~~~~~~~~~~~~~~~~[m[K
[01m[K/home/ammar/Robotics/Graduation_Project/ACSAR_ws/src/iot_interface/src/mqtt_interface.cpp:[m[K In function ‘[01m[Kint main(int, char**)[m[K’:
[01m[K/home/ammar/Robotics/Graduation_Project/ACSAR_ws/src/iot_interface/src/mqtt_interface.cpp:81:34:[m[K [01;31m[Kerror: [m[K‘[01m[KMQTTBridge[m[K’ was not declared in this scope
   81 |     auto node = std::make_shared<[01;31m[KMQTTBridge[m[K>();
      |                                  [01;31m[K^~~~~~~~~~[m[K
[01m[K/home/ammar/Robotics/Graduation_Project/ACSAR_ws/src/iot_interface/src/mqtt_interface.cpp:81:45:[m[K [01;31m[Kerror: [m[Kno matching function for call to ‘[01m[Kmake_shared<<expression error> >()[m[K’
   81 |     auto node = [01;31m[Kstd::make_shared<MQTTBridge>()[m[K;
      |                 [01;31m[K~~~~~~~~~~~~~~~~~~~~~~~~~~~~^~[m[K
In file included from [01m[K/usr/include/c++/11/memory:77[m[K,
                 from [01m[K/opt/ros/humble/include/rclcpp/rclcpp/rclcpp.hpp:153[m[K,
                 from [01m[K/home/ammar/Robotics/Graduation_Project/ACSAR_ws/src/iot_interface/include/iot_interface/mqtt_interface.hpp:4[m[K,
                 from [01m[K/home/ammar/Robotics/Graduation_Project/ACSAR_ws/src/iot_interface/src/mqtt_interface.cpp:1[m[K:
[01m[K/usr/include/c++/11/bits/shared_ptr.h:875:5:[m[K [01;36m[Knote: [m[Kcandidate: ‘[01m[Ktemplate<class _Tp, class ... _Args> std::shared_ptr<_Tp> std::make_shared(_Args&& ...)[m[K’
  875 |     [01;36m[Kmake_shared[m[K(_Args&&... __args)
      |     [01;36m[K^~~~~~~~~~~[m[K
[01m[K/usr/include/c++/11/bits/shared_ptr.h:875:5:[m[K [01;36m[Knote: [m[K  template argument deduction/substitution failed:
[01m[K/home/ammar/Robotics/Graduation_Project/ACSAR_ws/src/iot_interface/src/mqtt_interface.cpp:81:45:[m[K [01;31m[Kerror: [m[Ktemplate argument 1 is invalid
   81 |     auto node = [01;31m[Kstd::make_shared<MQTTBridge>()[m[K;
      |                 [01;31m[K~~~~~~~~~~~~~~~~~~~~~~~~~~~~^~[m[K
gmake[2]: *** [CMakeFiles/mqtt_interface.dir/build.make:76: CMakeFiles/mqtt_interface.dir/src/mqtt_interface.cpp.o] Error 1
gmake[1]: *** [CMakeFiles/Makefile2:137: CMakeFiles/mqtt_interface.dir/all] Error 2
gmake: *** [Makefile:146: all] Error 2
