[0.010s] Invoking command in '/home/ammar/Robotics/Graduation_Project/ACSAR_ws/build/iot_interface': CMAKE_PREFIX_PATH=${CMAKE_PREFIX_PATH}:/opt/ros/humble /usr/bin/cmake --build /home/ammar/Robotics/Graduation_Project/ACSAR_ws/build/iot_interface -- -j12 -l12
[0.030s] -- Found ament_cmake: 1.3.11 (/opt/ros/humble/share/ament_cmake/cmake)
[0.142s] -- Found rclcpp: 16.0.11 (/opt/ros/humble/share/rclcpp/cmake)
[0.184s] -- Found rosidl_generator_c: 3.1.6 (/opt/ros/humble/share/rosidl_generator_c/cmake)
[0.187s] -- Found rosidl_adapter: 3.1.6 (/opt/ros/humble/share/rosidl_adapter/cmake)
[0.192s] -- Found rosidl_generator_cpp: 3.1.6 (/opt/ros/humble/share/rosidl_generator_cpp/cmake)
[0.202s] -- Using all available rosidl_typesupport_c: rosidl_typesupport_fastrtps_c;rosidl_typesupport_introspection_c
[0.215s] -- Using all available rosidl_typesupport_cpp: rosidl_typesupport_fastrtps_cpp;rosidl_typesupport_introspection_cpp
[0.248s] -- Found rmw_implementation_cmake: 6.1.2 (/opt/ros/humble/share/rmw_implementation_cmake/cmake)
[0.250s] -- Found rmw_fastrtps_cpp: 6.2.7 (/opt/ros/humble/share/rmw_fastrtps_cpp/cmake)
[0.357s] -- Using RMW implementation 'rmw_fastrtps_cpp' as default
[0.405s] -- Found nav_msgs: 4.2.4 (/opt/ros/humble/share/nav_msgs/cmake)
[0.445s] [31mCMake Error at CMakeLists.txt:13 (find_package):
[0.445s]   By not providing "FindPahoMqttC.cmake" in CMAKE_MODULE_PATH this project
[0.445s]   has asked CMake to find a package configuration file provided by
[0.445s]   "PahoMqttC", but CMake did not find one.
[0.445s] 
[0.445s]   Could not find a package configuration file provided by "PahoMqttC" with
[0.445s]   any of the following names:
[0.445s] 
[0.445s]     PahoMqttCConfig.cmake
[0.445s]     pahomqttc-config.cmake
[0.446s] 
[0.446s]   Add the installation prefix of "PahoMqttC" to CMAKE_PREFIX_PATH or set
[0.446s]   "PahoMqttC_DIR" to a directory containing one of the above files.  If
[0.446s]   "PahoMqttC" provides a separate development package or SDK, be sure it has
[0.446s]   been installed.
[0.446s] 
[0.446s] [0m
[0.446s] -- Configuring incomplete, errors occurred!
[0.446s] See also "/home/ammar/Robotics/Graduation_Project/ACSAR_ws/build/iot_interface/CMakeFiles/CMakeOutput.log".
[0.451s] gmake: *** [Makefile:226: cmake_check_build_system] Error 1
[0.453s] Invoked command in '/home/ammar/Robotics/Graduation_Project/ACSAR_ws/build/iot_interface' returned '2': CMAKE_PREFIX_PATH=${CMAKE_PREFIX_PATH}:/opt/ros/humble /usr/bin/cmake --build /home/ammar/Robotics/Graduation_Project/ACSAR_ws/build/iot_interface -- -j12 -l12
