[0.031s] Invoking command in '/home/ammar/Robotics/Graduation_Project/ACSAR_ws/build/service_robot_localization': CMAKE_PREFIX_PATH=${CMAKE_PREFIX_PATH}:/opt/ros/humble /usr/bin/cmake --build /home/ammar/Robotics/Graduation_Project/ACSAR_ws/build/service_robot_localization -- -j12 -l12
[0.073s] -- Found ament_cmake: 1.3.11 (/opt/ros/humble/share/ament_cmake/cmake)
[0.210s] -- Found rclpy: 3.3.15 (/opt/ros/humble/share/rclpy/cmake)
[0.210s] -- Found rclcpp: 16.0.11 (/opt/ros/humble/share/rclcpp/cmake)
[0.249s] -- Found rosidl_generator_c: 3.1.6 (/opt/ros/humble/share/rosidl_generator_c/cmake)
[0.252s] -- Found rosidl_adapter: 3.1.6 (/opt/ros/humble/share/rosidl_adapter/cmake)
[0.260s] -- Found rosidl_generator_cpp: 3.1.6 (/opt/ros/humble/share/rosidl_generator_cpp/cmake)
[0.273s] -- Using all available rosidl_typesupport_c: rosidl_typesupport_fastrtps_c;rosidl_typesupport_introspection_c
[0.288s] -- Using all available rosidl_typesupport_cpp: rosidl_typesupport_fastrtps_cpp;rosidl_typesupport_introspection_cpp
[0.333s] -- Found rmw_implementation_cmake: 6.1.2 (/opt/ros/humble/share/rmw_implementation_cmake/cmake)
[0.336s] -- Found rmw_fastrtps_cpp: 6.2.7 (/opt/ros/humble/share/rmw_fastrtps_cpp/cmake)
[0.451s] -- Using RMW implementation 'rmw_fastrtps_cpp' as default
[0.528s] -- Found sensor_msgs: 4.2.4 (/opt/ros/humble/share/sensor_msgs/cmake)
[0.561s] -- Found nav_msgs: 4.2.4 (/opt/ros/humble/share/nav_msgs/cmake)
[0.580s] -- Found robot_localization: 3.5.3 (/opt/ros/humble/share/robot_localization/cmake)
[0.652s] -- Found ament_lint_auto: 0.12.11 (/opt/ros/humble/share/ament_lint_auto/cmake)
[0.722s] -- Added test 'cppcheck' to perform static code analysis on C / C++ code
[0.722s] -- Configured cppcheck include dirs: /home/ammar/Robotics/Graduation_Project/ACSAR_ws/src/service_robot_localization/include
[0.722s] -- Configured cppcheck exclude dirs and/or files: 
[0.723s] -- Added test 'flake8' to check Python code syntax and style conventions
[0.723s] -- Added test 'lint_cmake' to check CMake code style
[0.724s] -- Added test 'pep257' to check Python code against some of the docstring style conventions in PEP 257
[0.725s] -- Added test 'uncrustify' to check C / C++ code style
[0.725s] -- Configured uncrustify additional arguments: 
[0.725s] -- Added test 'xmllint' to check XML markup files
[0.726s] -- Configuring done
[0.738s] -- Generating done
[0.742s] -- Build files have been written to: /home/ammar/Robotics/Graduation_Project/ACSAR_ws/build/service_robot_localization
[0.764s] [35m[1mConsolidate compiler generated dependencies of target kalman_filter[0m
[0.778s] [100%] Built target kalman_filter
[0.788s] Invoked command in '/home/ammar/Robotics/Graduation_Project/ACSAR_ws/build/service_robot_localization' returned '0': CMAKE_PREFIX_PATH=${CMAKE_PREFIX_PATH}:/opt/ros/humble /usr/bin/cmake --build /home/ammar/Robotics/Graduation_Project/ACSAR_ws/build/service_robot_localization -- -j12 -l12
[0.790s] Invoking command in '/home/ammar/Robotics/Graduation_Project/ACSAR_ws/build/service_robot_localization': CMAKE_PREFIX_PATH=${CMAKE_PREFIX_PATH}:/opt/ros/humble /usr/bin/cmake --install /home/ammar/Robotics/Graduation_Project/ACSAR_ws/build/service_robot_localization
[0.796s] -- Install configuration: ""
[0.796s] -- Up-to-date: /home/ammar/Robotics/Graduation_Project/ACSAR_ws/install/service_robot_localization/lib/service_robot_localization/kalman_filter
[0.797s] -- Up-to-date: /home/ammar/Robotics/Graduation_Project/ACSAR_ws/install/service_robot_localization/include/include
[0.797s] -- Up-to-date: /home/ammar/Robotics/Graduation_Project/ACSAR_ws/install/service_robot_localization/include/include/service_robot_localization
[0.797s] -- Up-to-date: /home/ammar/Robotics/Graduation_Project/ACSAR_ws/install/service_robot_localization/include/include/service_robot_localization/kalman_filter.hpp
[0.797s] -- Up-to-date: /home/ammar/Robotics/Graduation_Project/ACSAR_ws/install/service_robot_localization/share/service_robot_localization/launch
[0.797s] -- Up-to-date: /home/ammar/Robotics/Graduation_Project/ACSAR_ws/install/service_robot_localization/share/service_robot_localization/launch/local_localization.launch.py
[0.797s] -- Up-to-date: /home/ammar/Robotics/Graduation_Project/ACSAR_ws/install/service_robot_localization/share/service_robot_localization/config
[0.797s] -- Up-to-date: /home/ammar/Robotics/Graduation_Project/ACSAR_ws/install/service_robot_localization/share/service_robot_localization/config/ekf.yaml
[0.797s] -- Up-to-date: /home/ammar/Robotics/Graduation_Project/ACSAR_ws/install/service_robot_localization/share/service_robot_localization/config/mapper_params_online_async.yaml
[0.798s] -- Up-to-date: /home/ammar/Robotics/Graduation_Project/ACSAR_ws/install/service_robot_localization/share/ament_index/resource_index/package_run_dependencies/service_robot_localization
[0.798s] -- Installing: /home/ammar/Robotics/Graduation_Project/ACSAR_ws/install/service_robot_localization/share/ament_index/resource_index/parent_prefix_path/service_robot_localization
[0.798s] -- Up-to-date: /home/ammar/Robotics/Graduation_Project/ACSAR_ws/install/service_robot_localization/share/service_robot_localization/environment/ament_prefix_path.sh
[0.798s] -- Installing: /home/ammar/Robotics/Graduation_Project/ACSAR_ws/install/service_robot_localization/share/service_robot_localization/environment/ament_prefix_path.dsv
[0.798s] -- Up-to-date: /home/ammar/Robotics/Graduation_Project/ACSAR_ws/install/service_robot_localization/share/service_robot_localization/environment/path.sh
[0.798s] -- Installing: /home/ammar/Robotics/Graduation_Project/ACSAR_ws/install/service_robot_localization/share/service_robot_localization/environment/path.dsv
[0.798s] -- Up-to-date: /home/ammar/Robotics/Graduation_Project/ACSAR_ws/install/service_robot_localization/share/service_robot_localization/local_setup.bash
[0.798s] -- Up-to-date: /home/ammar/Robotics/Graduation_Project/ACSAR_ws/install/service_robot_localization/share/service_robot_localization/local_setup.sh
[0.799s] -- Up-to-date: /home/ammar/Robotics/Graduation_Project/ACSAR_ws/install/service_robot_localization/share/service_robot_localization/local_setup.zsh
[0.799s] -- Installing: /home/ammar/Robotics/Graduation_Project/ACSAR_ws/install/service_robot_localization/share/service_robot_localization/local_setup.dsv
[0.800s] -- Installing: /home/ammar/Robotics/Graduation_Project/ACSAR_ws/install/service_robot_localization/share/service_robot_localization/package.dsv
[0.800s] -- Up-to-date: /home/ammar/Robotics/Graduation_Project/ACSAR_ws/install/service_robot_localization/share/ament_index/resource_index/packages/service_robot_localization
[0.800s] -- Up-to-date: /home/ammar/Robotics/Graduation_Project/ACSAR_ws/install/service_robot_localization/share/service_robot_localization/cmake/service_robot_localizationConfig.cmake
[0.800s] -- Up-to-date: /home/ammar/Robotics/Graduation_Project/ACSAR_ws/install/service_robot_localization/share/service_robot_localization/cmake/service_robot_localizationConfig-version.cmake
[0.801s] -- Up-to-date: /home/ammar/Robotics/Graduation_Project/ACSAR_ws/install/service_robot_localization/share/service_robot_localization/package.xml
[0.801s] Invoked command in '/home/ammar/Robotics/Graduation_Project/ACSAR_ws/build/service_robot_localization' returned '0': CMAKE_PREFIX_PATH=${CMAKE_PREFIX_PATH}:/opt/ros/humble /usr/bin/cmake --install /home/ammar/Robotics/Graduation_Project/ACSAR_ws/build/service_robot_localization
