[0.010s] Invoking command in '/home/ammar/Robotics/Graduation_Project/ACSAR_ws/build/iot_interface': CMAKE_PREFIX_PATH=${CMAKE_PREFIX_PATH}:/opt/ros/humble /usr/bin/cmake --build /home/ammar/Robotics/Graduation_Project/ACSAR_ws/build/iot_interface -- -j12 -l12
[0.048s] [35m[1mConsolidate compiler generated dependencies of target mqtt_interface[0m
[0.069s] [ 50%] [32mBuilding CXX object CMakeFiles/mqtt_interface.dir/src/mqtt_interface.cpp.o[0m
[0.271s] In file included from [01m[K/home/ammar/Robotics/Graduation_Project/ACSAR_ws/src/iot_interface/src/mqtt_interface.cpp:1[m[K:
[0.271s] [01m[K/home/ammar/Robotics/Graduation_Project/ACSAR_ws/src/iot_interface/include/iot_interface/mqtt_interface.hpp:32:34:[m[K [01;35m[Kwarning: [m[Kmulti-character character constant [[01;35m[K]8;;https://gcc.gnu.org/onlinedocs/gcc/Warning-Options.html#index-Wmultichar-Wmultichar]8;;[m[K]
[0.271s]    32 |          std::string order_id_ = [01;35m[K'777'[m[K;
[0.272s]       |                                  [01;35m[K^~~~~[m[K
[2.637s] [01m[K/home/ammar/Robotics/Graduation_Project/ACSAR_ws/src/iot_interface/include/iot_interface/mqtt_interface.hpp:32:34:[m[K [01;31m[Kerror: [m[Kcould not convert ‘[01m[K3618615[m[K’ from ‘[01m[Kint[m[K’ to ‘[01m[Kstd::string[m[K’ {aka ‘[01m[Kstd::__cxx11::basic_string<char>[m[K’}
[2.637s]    32 |          std::string order_id_ = [01;31m[K'777'[m[K;
[2.637s]       |                                  [01;31m[K^~~~~[m[K
[2.637s]       |                                  [01;31m[K|[m[K
[2.638s]       |                                  [01;31m[Kint[m[K
[2.841s] [01m[K/home/ammar/Robotics/Graduation_Project/ACSAR_ws/src/iot_interface/src/mqtt_interface.cpp:[m[K In constructor ‘[01m[KMQTTInterface::MQTTInterface()[m[K’:
[2.841s] [01m[K/home/ammar/Robotics/Graduation_Project/ACSAR_ws/src/iot_interface/src/mqtt_interface.cpp:11:5:[m[K [01;31m[Kerror: [m[K‘[01m[Kodom_subscriber[m[K’ was not declared in this scope; did you mean ‘[01m[Kodom_subscriber_[m[K’?
[2.841s]    11 |     [01;31m[Kodom_subscriber[m[K = this->create_subscription<nav_msgs::msg::Odometry>(
[2.841s]       |     [01;31m[K^~~~~~~~~~~~~~~[m[K
[2.841s]       |     [32m[Kodom_subscriber_[m[K
[2.854s] [01m[K/home/ammar/Robotics/Graduation_Project/ACSAR_ws/src/iot_interface/src/mqtt_interface.cpp:14:5:[m[K [01;31m[Kerror: [m[K‘[01m[Kcustomer_subscriber[m[K’ was not declared in this scope; did you mean ‘[01m[Kcustomer_subscriber_[m[K’?
[2.854s]    14 |     [01;31m[Kcustomer_subscriber[m[K = this->create_subscription<geometry_msgs::msg::PoseStamped>(
[2.854s]       |     [01;31m[K^~~~~~~~~~~~~~~~~~~[m[K
[2.854s]       |     [32m[Kcustomer_subscriber_[m[K
[2.865s] [01m[K/home/ammar/Robotics/Graduation_Project/ACSAR_ws/src/iot_interface/src/mqtt_interface.cpp:[m[K At global scope:
[2.866s] [01m[K/home/ammar/Robotics/Graduation_Project/ACSAR_ws/src/iot_interface/src/mqtt_interface.cpp:24:1:[m[K [01;31m[Kerror: [m[K‘[01m[KMQTTBridge[m[K’ does not name a type
[2.866s]    24 | [01;31m[KMQTTBridge[m[K::~MQTTBridge() {
[2.866s]       | [01;31m[K^~~~~~~~~~[m[K
[2.866s] [01m[K/home/ammar/Robotics/Graduation_Project/ACSAR_ws/src/iot_interface/src/mqtt_interface.cpp:29:6:[m[K [01;31m[Kerror: [m[K‘[01m[KMQTTINterface[m[K’ has not been declared
[2.866s]    29 | void [01;31m[KMQTTINterface[m[K::mqtt_connect() {
[2.866s]       |      [01;31m[K^~~~~~~~~~~~~[m[K
[2.870s] [01m[K/home/ammar/Robotics/Graduation_Project/ACSAR_ws/src/iot_interface/src/mqtt_interface.cpp:[m[K In function ‘[01m[Kvoid mqtt_connect()[m[K’:
[2.870s] [01m[K/home/ammar/Robotics/Graduation_Project/ACSAR_ws/src/iot_interface/src/mqtt_interface.cpp:35:34:[m[K [01;31m[Kerror: [m[K‘[01m[Kmqtt_client_[m[K’ was not declared in this scope; did you mean ‘[01m[KMQTTClient[m[K’?
[2.870s]    35 |     if ((rc = MQTTClient_connect([01;31m[Kmqtt_client_[m[K, &conn_opts)) != MQTTCLIENT_SUCCESS) {
[2.870s]       |                                  [01;31m[K^~~~~~~~~~~~[m[K
[2.870s]       |                                  [32m[KMQTTClient[m[K
[2.870s] In file included from [01m[K/opt/ros/humble/include/rclcpp/rclcpp/client.hpp:40[m[K,
[2.870s]                  from [01m[K/opt/ros/humble/include/rclcpp/rclcpp/callback_group.hpp:24[m[K,
[2.870s]                  from [01m[K/opt/ros/humble/include/rclcpp/rclcpp/any_executable.hpp:20[m[K,
[2.870s]                  from [01m[K/opt/ros/humble/include/rclcpp/rclcpp/memory_strategy.hpp:25[m[K,
[2.871s]                  from [01m[K/opt/ros/humble/include/rclcpp/rclcpp/memory_strategies.hpp:18[m[K,
[2.871s]                  from [01m[K/opt/ros/humble/include/rclcpp/rclcpp/executor_options.hpp:20[m[K,
[2.871s]                  from [01m[K/opt/ros/humble/include/rclcpp/rclcpp/executor.hpp:37[m[K,
[2.871s]                  from [01m[K/opt/ros/humble/include/rclcpp/rclcpp/executors/multi_threaded_executor.hpp:25[m[K,
[2.871s]                  from [01m[K/opt/ros/humble/include/rclcpp/rclcpp/executors.hpp:21[m[K,
[2.871s]                  from [01m[K/opt/ros/humble/include/rclcpp/rclcpp/rclcpp.hpp:155[m[K,
[2.871s]                  from [01m[K/home/ammar/Robotics/Graduation_Project/ACSAR_ws/src/iot_interface/include/iot_interface/mqtt_interface.hpp:4[m[K,
[2.871s]                  from [01m[K/home/ammar/Robotics/Graduation_Project/ACSAR_ws/src/iot_interface/src/mqtt_interface.cpp:1[m[K:
[2.871s] [01m[K/home/ammar/Robotics/Graduation_Project/ACSAR_ws/src/iot_interface/src/mqtt_interface.cpp:36:22:[m[K [01;31m[Kerror: [m[Kinvalid use of ‘[01m[Kthis[m[K’ in non-member function
[2.871s]    36 |         RCLCPP_ERROR([01;31m[Kthis[m[K->get_logger(), "Failed to connect to MQTT broker, return code: %d", rc);
[2.871s]       |                      [01;31m[K^~~~[m[K
[2.871s] [01m[K/home/ammar/Robotics/Graduation_Project/ACSAR_ws/src/iot_interface/src/mqtt_interface.cpp:36:22:[m[K [01;31m[Kerror: [m[Kinvalid use of ‘[01m[Kthis[m[K’ in non-member function
[2.871s] [01m[K/home/ammar/Robotics/Graduation_Project/ACSAR_ws/src/iot_interface/src/mqtt_interface.cpp:36:9:[m[K [01;31m[Kerror: [m[Ktemplate argument 1 is invalid
[2.871s]    36 |         [01;31m[KRCLCPP_ERROR[m[K(this->get_logger(), "Failed to connect to MQTT broker, return code: %d", rc);
[2.871s]       |         [01;31m[K^~~~~~~~~~~~[m[K
[2.871s] [01m[K/home/ammar/Robotics/Graduation_Project/ACSAR_ws/src/iot_interface/src/mqtt_interface.cpp:36:9:[m[K [01;31m[Kerror: [m[Ktemplate argument 1 is invalid
[2.871s]    36 |         [01;31m[KRCLCPP_ERROR[m[K(this->get_logger(), "Failed to connect to MQTT broker, return code: %d", rc);
[2.872s]       |         [01;31m[K^~~~~~~~~~~~[m[K
[2.872s] [01m[K/home/ammar/Robotics/Graduation_Project/ACSAR_ws/src/iot_interface/src/mqtt_interface.cpp:36:9:[m[K [01;31m[Kerror: [m[Ktemplate argument 1 is invalid
[2.872s]    36 |         [01;31m[KRCLCPP_ERROR[m[K(this->get_logger(), "Failed to connect to MQTT broker, return code: %d", rc);
[2.872s]       |         [01;31m[K^~~~~~~~~~~~[m[K
[2.872s] In file included from [01m[K/opt/ros/humble/include/rclcpp/rclcpp/logging.hpp:24[m[K,
[2.872s]                  from [01m[K/opt/ros/humble/include/rclcpp/rclcpp/client.hpp:40[m[K,
[2.872s]                  from [01m[K/opt/ros/humble/include/rclcpp/rclcpp/callback_group.hpp:24[m[K,
[2.872s]                  from [01m[K/opt/ros/humble/include/rclcpp/rclcpp/any_executable.hpp:20[m[K,
[2.872s]                  from [01m[K/opt/ros/humble/include/rclcpp/rclcpp/memory_strategy.hpp:25[m[K,
[2.872s]                  from [01m[K/opt/ros/humble/include/rclcpp/rclcpp/memory_strategies.hpp:18[m[K,
[2.872s]                  from [01m[K/opt/ros/humble/include/rclcpp/rclcpp/executor_options.hpp:20[m[K,
[2.872s]                  from [01m[K/opt/ros/humble/include/rclcpp/rclcpp/executor.hpp:37[m[K,
[2.872s]                  from [01m[K/opt/ros/humble/include/rclcpp/rclcpp/executors/multi_threaded_executor.hpp:25[m[K,
[2.872s]                  from [01m[K/opt/ros/humble/include/rclcpp/rclcpp/executors.hpp:21[m[K,
[2.872s]                  from [01m[K/opt/ros/humble/include/rclcpp/rclcpp/rclcpp.hpp:155[m[K,
[2.872s]                  from [01m[K/home/ammar/Robotics/Graduation_Project/ACSAR_ws/src/iot_interface/include/iot_interface/mqtt_interface.hpp:4[m[K,
[2.872s]                  from [01m[K/home/ammar/Robotics/Graduation_Project/ACSAR_ws/src/iot_interface/src/mqtt_interface.cpp:1[m[K:
[2.873s] [01m[K/home/ammar/Robotics/Graduation_Project/ACSAR_ws/src/iot_interface/src/mqtt_interface.cpp:36:22:[m[K [01;31m[Kerror: [m[Kinvalid use of ‘[01m[Kthis[m[K’ in non-member function
[2.873s]    36 |         RCLCPP_ERROR([01;31m[Kthis[m[K->get_logger(), "Failed to connect to MQTT broker, return code: %d", rc);
[2.873s]       |                      [01;31m[K^~~~[m[K
[2.873s] [01m[K/home/ammar/Robotics/Graduation_Project/ACSAR_ws/src/iot_interface/src/mqtt_interface.cpp:36:22:[m[K [01;31m[Kerror: [m[Kinvalid use of ‘[01m[Kthis[m[K’ in non-member function
[2.873s]    36 |         RCLCPP_ERROR([01;31m[Kthis[m[K->get_logger(), "Failed to connect to MQTT broker, return code: %d", rc);
[2.873s]       |                      [01;31m[K^~~~[m[K
[2.873s] In file included from [01m[K/opt/ros/humble/include/rclcpp/rclcpp/client.hpp:40[m[K,
[2.873s]                  from [01m[K/opt/ros/humble/include/rclcpp/rclcpp/callback_group.hpp:24[m[K,
[2.873s]                  from [01m[K/opt/ros/humble/include/rclcpp/rclcpp/any_executable.hpp:20[m[K,
[2.873s]                  from [01m[K/opt/ros/humble/include/rclcpp/rclcpp/memory_strategy.hpp:25[m[K,
[2.873s]                  from [01m[K/opt/ros/humble/include/rclcpp/rclcpp/memory_strategies.hpp:18[m[K,
[2.873s]                  from [01m[K/opt/ros/humble/include/rclcpp/rclcpp/executor_options.hpp:20[m[K,
[2.873s]                  from [01m[K/opt/ros/humble/include/rclcpp/rclcpp/executor.hpp:37[m[K,
[2.873s]                  from [01m[K/opt/ros/humble/include/rclcpp/rclcpp/executors/multi_threaded_executor.hpp:25[m[K,
[2.873s]                  from [01m[K/opt/ros/humble/include/rclcpp/rclcpp/executors.hpp:21[m[K,
[2.873s]                  from [01m[K/opt/ros/humble/include/rclcpp/rclcpp/rclcpp.hpp:155[m[K,
[2.874s]                  from [01m[K/home/ammar/Robotics/Graduation_Project/ACSAR_ws/src/iot_interface/include/iot_interface/mqtt_interface.hpp:4[m[K,
[2.874s]                  from [01m[K/home/ammar/Robotics/Graduation_Project/ACSAR_ws/src/iot_interface/src/mqtt_interface.cpp:1[m[K:
[2.874s] [01m[K/home/ammar/Robotics/Graduation_Project/ACSAR_ws/src/iot_interface/src/mqtt_interface.cpp:39:17:[m[K [01;31m[Kerror: [m[Kinvalid use of ‘[01m[Kthis[m[K’ in non-member function
[2.874s]    39 |     RCLCPP_INFO([01;31m[Kthis[m[K->get_logger(), "Connected to MQTT broker");
[2.874s]       |                 [01;31m[K^~~~[m[K
[2.874s] [01m[K/home/ammar/Robotics/Graduation_Project/ACSAR_ws/src/iot_interface/src/mqtt_interface.cpp:39:17:[m[K [01;31m[Kerror: [m[Kinvalid use of ‘[01m[Kthis[m[K’ in non-member function
[2.874s] [01m[K/home/ammar/Robotics/Graduation_Project/ACSAR_ws/src/iot_interface/src/mqtt_interface.cpp:39:5:[m[K [01;31m[Kerror: [m[Ktemplate argument 1 is invalid
[2.874s]    39 |     [01;31m[KRCLCPP_INFO[m[K(this->get_logger(), "Connected to MQTT broker");
[2.874s]       |     [01;31m[K^~~~~~~~~~~[m[K
[2.874s] [01m[K/home/ammar/Robotics/Graduation_Project/ACSAR_ws/src/iot_interface/src/mqtt_interface.cpp:39:5:[m[K [01;31m[Kerror: [m[Ktemplate argument 1 is invalid
[2.874s]    39 |     [01;31m[KRCLCPP_INFO[m[K(this->get_logger(), "Connected to MQTT broker");
[2.874s]       |     [01;31m[K^~~~~~~~~~~[m[K
[2.874s] [01m[K/home/ammar/Robotics/Graduation_Project/ACSAR_ws/src/iot_interface/src/mqtt_interface.cpp:39:5:[m[K [01;31m[Kerror: [m[Ktemplate argument 1 is invalid
[2.874s]    39 |     [01;31m[KRCLCPP_INFO[m[K(this->get_logger(), "Connected to MQTT broker");
[2.874s]       |     [01;31m[K^~~~~~~~~~~[m[K
[2.874s] In file included from [01m[K/opt/ros/humble/include/rclcpp/rclcpp/logging.hpp:24[m[K,
[2.875s]                  from [01m[K/opt/ros/humble/include/rclcpp/rclcpp/client.hpp:40[m[K,
[2.875s]                  from [01m[K/opt/ros/humble/include/rclcpp/rclcpp/callback_group.hpp:24[m[K,
[2.875s]                  from [01m[K/opt/ros/humble/include/rclcpp/rclcpp/any_executable.hpp:20[m[K,
[2.875s]                  from [01m[K/opt/ros/humble/include/rclcpp/rclcpp/memory_strategy.hpp:25[m[K,
[2.875s]                  from [01m[K/opt/ros/humble/include/rclcpp/rclcpp/memory_strategies.hpp:18[m[K,
[2.875s]                  from [01m[K/opt/ros/humble/include/rclcpp/rclcpp/executor_options.hpp:20[m[K,
[2.875s]                  from [01m[K/opt/ros/humble/include/rclcpp/rclcpp/executor.hpp:37[m[K,
[2.875s]                  from [01m[K/opt/ros/humble/include/rclcpp/rclcpp/executors/multi_threaded_executor.hpp:25[m[K,
[2.875s]                  from [01m[K/opt/ros/humble/include/rclcpp/rclcpp/executors.hpp:21[m[K,
[2.875s]                  from [01m[K/opt/ros/humble/include/rclcpp/rclcpp/rclcpp.hpp:155[m[K,
[2.875s]                  from [01m[K/home/ammar/Robotics/Graduation_Project/ACSAR_ws/src/iot_interface/include/iot_interface/mqtt_interface.hpp:4[m[K,
[2.875s]                  from [01m[K/home/ammar/Robotics/Graduation_Project/ACSAR_ws/src/iot_interface/src/mqtt_interface.cpp:1[m[K:
[2.876s] [01m[K/home/ammar/Robotics/Graduation_Project/ACSAR_ws/src/iot_interface/src/mqtt_interface.cpp:39:17:[m[K [01;31m[Kerror: [m[Kinvalid use of ‘[01m[Kthis[m[K’ in non-member function
[2.876s]    39 |     RCLCPP_INFO([01;31m[Kthis[m[K->get_logger(), "Connected to MQTT broker");
[2.876s]       |                 [01;31m[K^~~~[m[K
[2.876s] [01m[K/home/ammar/Robotics/Graduation_Project/ACSAR_ws/src/iot_interface/src/mqtt_interface.cpp:39:17:[m[K [01;31m[Kerror: [m[Kinvalid use of ‘[01m[Kthis[m[K’ in non-member function
[2.876s]    39 |     RCLCPP_INFO([01;31m[Kthis[m[K->get_logger(), "Connected to MQTT broker");
[2.876s]       |                 [01;31m[K^~~~[m[K
[2.876s] [01m[K/home/ammar/Robotics/Graduation_Project/ACSAR_ws/src/iot_interface/src/mqtt_interface.cpp:[m[K At global scope:
[2.876s] [01m[K/home/ammar/Robotics/Graduation_Project/ACSAR_ws/src/iot_interface/src/mqtt_interface.cpp:41:6:[m[K [01;31m[Kerror: [m[K‘[01m[KMQTTBridge[m[K’ has not been declared
[2.876s]    41 | void [01;31m[KMQTTBridge[m[K::mqtt_publish(const std::string& topic, const std::string& payload) {
[2.876s]       |      [01;31m[K^~~~~~~~~~[m[K
[2.876s] [01m[K/home/ammar/Robotics/Graduation_Project/ACSAR_ws/src/iot_interface/src/mqtt_interface.cpp:[m[K In function ‘[01m[Kvoid mqtt_publish(const string&, const string&)[m[K’:
[2.876s] [01m[K/home/ammar/Robotics/Graduation_Project/ACSAR_ws/src/iot_interface/src/mqtt_interface.cpp:49:31:[m[K [01;31m[Kerror: [m[K‘[01m[Kmqtt_client_[m[K’ was not declared in this scope; did you mean ‘[01m[KMQTTClient[m[K’?
[2.876s]    49 |     MQTTClient_publishMessage([01;31m[Kmqtt_client_[m[K, topic.c_str(), &pubmsg, &token);
[2.876s]       |                               [01;31m[K^~~~~~~~~~~~[m[K
[2.876s]       |                               [32m[KMQTTClient[m[K
[2.876s] [01m[K/home/ammar/Robotics/Graduation_Project/ACSAR_ws/src/iot_interface/src/mqtt_interface.cpp:[m[K At global scope:
[2.876s] [01m[K/home/ammar/Robotics/Graduation_Project/ACSAR_ws/src/iot_interface/src/mqtt_interface.cpp:53:8:[m[K [01;31m[Kerror: [m[K‘[01m[KMQTTBridge[m[K’ has not been declared
[2.876s]    53 |   void [01;31m[KMQTTBridge[m[K::odom_callback(const nav_msgs::msg::Odometry::SharedPtr msg) {
[2.877s]       |        [01;31m[K^~~~~~~~~~[m[K
[2.879s] [01m[K/home/ammar/Robotics/Graduation_Project/ACSAR_ws/src/iot_interface/src/mqtt_interface.cpp:[m[K In function ‘[01m[Kvoid odom_callback(nav_msgs::msg::Odometry_<std::allocator<void> >::SharedPtr)[m[K’:
[2.879s] [01m[K/home/ammar/Robotics/Graduation_Project/ACSAR_ws/src/iot_interface/src/mqtt_interface.cpp:54:5:[m[K [01;31m[Kerror: [m[K‘[01m[Kx_[m[K’ was not declared in this scope
[2.879s]    54 |     [01;31m[Kx_[m[K = msg->pose.pose.position.x;
[2.879s]       |     [01;31m[K^~[m[K
[2.881s] [01m[K/home/ammar/Robotics/Graduation_Project/ACSAR_ws/src/iot_interface/src/mqtt_interface.cpp:55:5:[m[K [01;31m[Kerror: [m[K‘[01m[Ky_[m[K’ was not declared in this scope; did you mean ‘[01m[Kyn[m[K’?
[2.881s]    55 |     [01;31m[Ky_[m[K = msg->pose.pose.position.y;
[2.881s]       |     [01;31m[K^~[m[K
[2.881s]       |     [32m[Kyn[m[K
[2.884s] [01m[K/home/ammar/Robotics/Graduation_Project/ACSAR_ws/src/iot_interface/src/mqtt_interface.cpp:56:5:[m[K [01;31m[Kerror: [m[K‘[01m[Ktheta_[m[K’ was not declared in this scope
[2.884s]    56 |     [01;31m[Ktheta_[m[K = msg->pose.pose.orientation.z;
[2.884s]       |     [01;31m[K^~~~~~[m[K
[2.892s] [01m[K/home/ammar/Robotics/Graduation_Project/ACSAR_ws/src/iot_interface/src/mqtt_interface.cpp:58:61:[m[K [01;31m[Kerror: [m[Kcould not convert ‘[01m[K{{"x", x_}, {"y", y_}, {"theta", theta_}}[m[K’ from ‘[01m[K<brace-enclosed initializer list>[m[K’ to ‘[01m[Kjson[m[K’ {aka ‘[01m[Knlohmann::json_abi_v3_11_3::basic_json<>[m[K’}
[2.892s]    58 |     json position = {{"x", x_}, {"y", y_}, {"theta", theta_}[01;31m[K}[m[K;
[2.892s]       |                                                             [01;31m[K^[m[K
[2.892s]       |                                                             [01;31m[K|[m[K
[2.892s]       |                                                             [01;31m[K<brace-enclosed initializer list>[m[K
[2.892s] In file included from [01m[K/opt/ros/humble/include/rclcpp/rclcpp/client.hpp:40[m[K,
[2.893s]                  from [01m[K/opt/ros/humble/include/rclcpp/rclcpp/callback_group.hpp:24[m[K,
[2.893s]                  from [01m[K/opt/ros/humble/include/rclcpp/rclcpp/any_executable.hpp:20[m[K,
[2.893s]                  from [01m[K/opt/ros/humble/include/rclcpp/rclcpp/memory_strategy.hpp:25[m[K,
[2.893s]                  from [01m[K/opt/ros/humble/include/rclcpp/rclcpp/memory_strategies.hpp:18[m[K,
[2.893s]                  from [01m[K/opt/ros/humble/include/rclcpp/rclcpp/executor_options.hpp:20[m[K,
[2.893s]                  from [01m[K/opt/ros/humble/include/rclcpp/rclcpp/executor.hpp:37[m[K,
[2.893s]                  from [01m[K/opt/ros/humble/include/rclcpp/rclcpp/executors/multi_threaded_executor.hpp:25[m[K,
[2.893s]                  from [01m[K/opt/ros/humble/include/rclcpp/rclcpp/executors.hpp:21[m[K,
[2.893s]                  from [01m[K/opt/ros/humble/include/rclcpp/rclcpp/rclcpp.hpp:155[m[K,
[2.893s]                  from [01m[K/home/ammar/Robotics/Graduation_Project/ACSAR_ws/src/iot_interface/include/iot_interface/mqtt_interface.hpp:4[m[K,
[2.893s]                  from [01m[K/home/ammar/Robotics/Graduation_Project/ACSAR_ws/src/iot_interface/src/mqtt_interface.cpp:1[m[K:
[2.893s] [01m[K/home/ammar/Robotics/Graduation_Project/ACSAR_ws/src/iot_interface/src/mqtt_interface.cpp:60:17:[m[K [01;31m[Kerror: [m[Kinvalid use of ‘[01m[Kthis[m[K’ in non-member function
[2.893s]    60 |     RCLCPP_INFO([01;31m[Kthis[m[K->get_logger(), "Published position: %s", position.dump().c_str());
[2.893s]       |                 [01;31m[K^~~~[m[K
[2.893s] [01m[K/home/ammar/Robotics/Graduation_Project/ACSAR_ws/src/iot_interface/src/mqtt_interface.cpp:60:17:[m[K [01;31m[Kerror: [m[Kinvalid use of ‘[01m[Kthis[m[K’ in non-member function
[2.893s] [01m[K/home/ammar/Robotics/Graduation_Project/ACSAR_ws/src/iot_interface/src/mqtt_interface.cpp:60:5:[m[K [01;31m[Kerror: [m[Ktemplate argument 1 is invalid
[2.893s]    60 |     [01;31m[KRCLCPP_INFO[m[K(this->get_logger(), "Published position: %s", position.dump().c_str());
[2.894s]       |     [01;31m[K^~~~~~~~~~~[m[K
[2.894s] [01m[K/home/ammar/Robotics/Graduation_Project/ACSAR_ws/src/iot_interface/src/mqtt_interface.cpp:60:5:[m[K [01;31m[Kerror: [m[Ktemplate argument 1 is invalid
[2.894s]    60 |     [01;31m[KRCLCPP_INFO[m[K(this->get_logger(), "Published position: %s", position.dump().c_str());
[2.894s]       |     [01;31m[K^~~~~~~~~~~[m[K
[2.894s] [01m[K/home/ammar/Robotics/Graduation_Project/ACSAR_ws/src/iot_interface/src/mqtt_interface.cpp:60:5:[m[K [01;31m[Kerror: [m[Ktemplate argument 1 is invalid
[2.894s]    60 |     [01;31m[KRCLCPP_INFO[m[K(this->get_logger(), "Published position: %s", position.dump().c_str());
[2.894s]       |     [01;31m[K^~~~~~~~~~~[m[K
[2.894s] In file included from [01m[K/opt/ros/humble/include/rclcpp/rclcpp/logging.hpp:24[m[K,
[2.894s]                  from [01m[K/opt/ros/humble/include/rclcpp/rclcpp/client.hpp:40[m[K,
[2.894s]                  from [01m[K/opt/ros/humble/include/rclcpp/rclcpp/callback_group.hpp:24[m[K,
[2.894s]                  from [01m[K/opt/ros/humble/include/rclcpp/rclcpp/any_executable.hpp:20[m[K,
[2.894s]                  from [01m[K/opt/ros/humble/include/rclcpp/rclcpp/memory_strategy.hpp:25[m[K,
[2.894s]                  from [01m[K/opt/ros/humble/include/rclcpp/rclcpp/memory_strategies.hpp:18[m[K,
[2.894s]                  from [01m[K/opt/ros/humble/include/rclcpp/rclcpp/executor_options.hpp:20[m[K,
[2.894s]                  from [01m[K/opt/ros/humble/include/rclcpp/rclcpp/executor.hpp:37[m[K,
[2.894s]                  from [01m[K/opt/ros/humble/include/rclcpp/rclcpp/executors/multi_threaded_executor.hpp:25[m[K,
[2.894s]                  from [01m[K/opt/ros/humble/include/rclcpp/rclcpp/executors.hpp:21[m[K,
[2.895s]                  from [01m[K/opt/ros/humble/include/rclcpp/rclcpp/rclcpp.hpp:155[m[K,
[2.895s]                  from [01m[K/home/ammar/Robotics/Graduation_Project/ACSAR_ws/src/iot_interface/include/iot_interface/mqtt_interface.hpp:4[m[K,
[2.895s]                  from [01m[K/home/ammar/Robotics/Graduation_Project/ACSAR_ws/src/iot_interface/src/mqtt_interface.cpp:1[m[K:
[2.895s] [01m[K/home/ammar/Robotics/Graduation_Project/ACSAR_ws/src/iot_interface/src/mqtt_interface.cpp:60:17:[m[K [01;31m[Kerror: [m[Kinvalid use of ‘[01m[Kthis[m[K’ in non-member function
[2.895s]    60 |     RCLCPP_INFO([01;31m[Kthis[m[K->get_logger(), "Published position: %s", position.dump().c_str());
[2.895s]       |                 [01;31m[K^~~~[m[K
[2.895s] [01m[K/home/ammar/Robotics/Graduation_Project/ACSAR_ws/src/iot_interface/src/mqtt_interface.cpp:60:17:[m[K [01;31m[Kerror: [m[Kinvalid use of ‘[01m[Kthis[m[K’ in non-member function
[2.895s]    60 |     RCLCPP_INFO([01;31m[Kthis[m[K->get_logger(), "Published position: %s", position.dump().c_str());
[2.895s]       |                 [01;31m[K^~~~[m[K
[2.895s] [01m[K/home/ammar/Robotics/Graduation_Project/ACSAR_ws/src/iot_interface/src/mqtt_interface.cpp:[m[K At global scope:
[2.895s] [01m[K/home/ammar/Robotics/Graduation_Project/ACSAR_ws/src/iot_interface/src/mqtt_interface.cpp:63:8:[m[K [01;31m[Kerror: [m[K‘[01m[KMQTTBridge[m[K’ has not been declared
[2.895s]    63 |   void [01;31m[KMQTTBridge[m[K::customer_callback(const geometry_msgs::msg::PoseStamped::SharedPtr msg) {
[2.895s]       |        [01;31m[K^~~~~~~~~~[m[K
[2.900s] [01m[K/home/ammar/Robotics/Graduation_Project/ACSAR_ws/src/iot_interface/src/mqtt_interface.cpp:[m[K In function ‘[01m[Kvoid customer_callback(geometry_msgs::msg::PoseStamped_<std::allocator<void> >::SharedPtr)[m[K’:
[2.900s] [01m[K/home/ammar/Robotics/Graduation_Project/ACSAR_ws/src/iot_interface/src/mqtt_interface.cpp:64:5:[m[K [01;31m[Kerror: [m[K‘[01m[Kcustomer_detected_[m[K’ was not declared in this scope
[2.900s]    64 |     [01;31m[Kcustomer_detected_[m[K = true;
[2.900s]       |     [01;31m[K^~~~~~~~~~~~~~~~~~[m[K
[2.904s] [01m[K/home/ammar/Robotics/Graduation_Project/ACSAR_ws/src/iot_interface/src/mqtt_interface.cpp:65:5:[m[K [01;31m[Kerror: [m[K‘[01m[Kdelivered_[m[K’ was not declared in this scope
[2.904s]    65 |     [01;31m[Kdelivered_[m[K = true;
[2.904s]       |     [01;31m[K^~~~~~~~~~[m[K
[2.904s] In file included from [01m[K/opt/ros/humble/include/rclcpp/rclcpp/client.hpp:40[m[K,
[2.904s]                  from [01m[K/opt/ros/humble/include/rclcpp/rclcpp/callback_group.hpp:24[m[K,
[2.904s]                  from [01m[K/opt/ros/humble/include/rclcpp/rclcpp/any_executable.hpp:20[m[K,
[2.904s]                  from [01m[K/opt/ros/humble/include/rclcpp/rclcpp/memory_strategy.hpp:25[m[K,
[2.904s]                  from [01m[K/opt/ros/humble/include/rclcpp/rclcpp/memory_strategies.hpp:18[m[K,
[2.905s]                  from [01m[K/opt/ros/humble/include/rclcpp/rclcpp/executor_options.hpp:20[m[K,
[2.905s]                  from [01m[K/opt/ros/humble/include/rclcpp/rclcpp/executor.hpp:37[m[K,
[2.905s]                  from [01m[K/opt/ros/humble/include/rclcpp/rclcpp/executors/multi_threaded_executor.hpp:25[m[K,
[2.905s]                  from [01m[K/opt/ros/humble/include/rclcpp/rclcpp/executors.hpp:21[m[K,
[2.905s]                  from [01m[K/opt/ros/humble/include/rclcpp/rclcpp/rclcpp.hpp:155[m[K,
[2.905s]                  from [01m[K/home/ammar/Robotics/Graduation_Project/ACSAR_ws/src/iot_interface/include/iot_interface/mqtt_interface.hpp:4[m[K,
[2.905s]                  from [01m[K/home/ammar/Robotics/Graduation_Project/ACSAR_ws/src/iot_interface/src/mqtt_interface.cpp:1[m[K:
[2.905s] [01m[K/home/ammar/Robotics/Graduation_Project/ACSAR_ws/src/iot_interface/src/mqtt_interface.cpp:66:17:[m[K [01;31m[Kerror: [m[Kinvalid use of ‘[01m[Kthis[m[K’ in non-member function
[2.905s]    66 |     RCLCPP_INFO([01;31m[Kthis[m[K->get_logger(), "Customer detected, marking order as delivered");
[2.905s]       |                 [01;31m[K^~~~[m[K
[2.905s] [01m[K/home/ammar/Robotics/Graduation_Project/ACSAR_ws/src/iot_interface/src/mqtt_interface.cpp:66:17:[m[K [01;31m[Kerror: [m[Kinvalid use of ‘[01m[Kthis[m[K’ in non-member function
[2.905s] [01m[K/home/ammar/Robotics/Graduation_Project/ACSAR_ws/src/iot_interface/src/mqtt_interface.cpp:66:5:[m[K [01;31m[Kerror: [m[Ktemplate argument 1 is invalid
[2.905s]    66 |     [01;31m[KRCLCPP_INFO[m[K(this->get_logger(), "Customer detected, marking order as delivered");
[2.905s]       |     [01;31m[K^~~~~~~~~~~[m[K
[2.905s] [01m[K/home/ammar/Robotics/Graduation_Project/ACSAR_ws/src/iot_interface/src/mqtt_interface.cpp:66:5:[m[K [01;31m[Kerror: [m[Ktemplate argument 1 is invalid
[2.906s]    66 |     [01;31m[KRCLCPP_INFO[m[K(this->get_logger(), "Customer detected, marking order as delivered");
[2.906s]       |     [01;31m[K^~~~~~~~~~~[m[K
[2.906s] [01m[K/home/ammar/Robotics/Graduation_Project/ACSAR_ws/src/iot_interface/src/mqtt_interface.cpp:66:5:[m[K [01;31m[Kerror: [m[Ktemplate argument 1 is invalid
[2.906s]    66 |     [01;31m[KRCLCPP_INFO[m[K(this->get_logger(), "Customer detected, marking order as delivered");
[2.906s]       |     [01;31m[K^~~~~~~~~~~[m[K
[2.906s] In file included from [01m[K/opt/ros/humble/include/rclcpp/rclcpp/logging.hpp:24[m[K,
[2.906s]                  from [01m[K/opt/ros/humble/include/rclcpp/rclcpp/client.hpp:40[m[K,
[2.906s]                  from [01m[K/opt/ros/humble/include/rclcpp/rclcpp/callback_group.hpp:24[m[K,
[2.906s]                  from [01m[K/opt/ros/humble/include/rclcpp/rclcpp/any_executable.hpp:20[m[K,
[2.906s]                  from [01m[K/opt/ros/humble/include/rclcpp/rclcpp/memory_strategy.hpp:25[m[K,
[2.906s]                  from [01m[K/opt/ros/humble/include/rclcpp/rclcpp/memory_strategies.hpp:18[m[K,
[2.906s]                  from [01m[K/opt/ros/humble/include/rclcpp/rclcpp/executor_options.hpp:20[m[K,
[2.906s]                  from [01m[K/opt/ros/humble/include/rclcpp/rclcpp/executor.hpp:37[m[K,
[2.906s]                  from [01m[K/opt/ros/humble/include/rclcpp/rclcpp/executors/multi_threaded_executor.hpp:25[m[K,
[2.906s]                  from [01m[K/opt/ros/humble/include/rclcpp/rclcpp/executors.hpp:21[m[K,
[2.906s]                  from [01m[K/opt/ros/humble/include/rclcpp/rclcpp/rclcpp.hpp:155[m[K,
[2.906s]                  from [01m[K/home/ammar/Robotics/Graduation_Project/ACSAR_ws/src/iot_interface/include/iot_interface/mqtt_interface.hpp:4[m[K,
[2.906s]                  from [01m[K/home/ammar/Robotics/Graduation_Project/ACSAR_ws/src/iot_interface/src/mqtt_interface.cpp:1[m[K:
[2.906s] [01m[K/home/ammar/Robotics/Graduation_Project/ACSAR_ws/src/iot_interface/src/mqtt_interface.cpp:66:17:[m[K [01;31m[Kerror: [m[Kinvalid use of ‘[01m[Kthis[m[K’ in non-member function
[2.907s]    66 |     RCLCPP_INFO([01;31m[Kthis[m[K->get_logger(), "Customer detected, marking order as delivered");
[2.907s]       |                 [01;31m[K^~~~[m[K
[2.907s] [01m[K/home/ammar/Robotics/Graduation_Project/ACSAR_ws/src/iot_interface/src/mqtt_interface.cpp:66:17:[m[K [01;31m[Kerror: [m[Kinvalid use of ‘[01m[Kthis[m[K’ in non-member function
[2.907s]    66 |     RCLCPP_INFO([01;31m[Kthis[m[K->get_logger(), "Customer detected, marking order as delivered");
[2.907s]       |                 [01;31m[K^~~~[m[K
[2.907s] [01m[K/home/ammar/Robotics/Graduation_Project/ACSAR_ws/src/iot_interface/src/mqtt_interface.cpp:63:87:[m[K [01;35m[Kwarning: [m[Kunused parameter ‘[01m[Kmsg[m[K’ [[01;35m[K]8;;https://gcc.gnu.org/onlinedocs/gcc/Warning-Options.html#index-Wunused-parameter-Wunused-parameter]8;;[m[K]
[2.907s]    63 |   void MQTTBridge::customer_callback([01;35m[Kconst geometry_msgs::msg::PoseStamped::SharedPtr msg[m[K) {
[2.907s]       |                                      [01;35m[K~~~~~~~~~~~~~~~~~~~~~~~~~~~~~~~~~~~~~~~~~~~~~~~~~^~~[m[K
[2.907s] [01m[K/home/ammar/Robotics/Graduation_Project/ACSAR_ws/src/iot_interface/src/mqtt_interface.cpp:[m[K At global scope:
[2.907s] [01m[K/home/ammar/Robotics/Graduation_Project/ACSAR_ws/src/iot_interface/src/mqtt_interface.cpp:69:8:[m[K [01;31m[Kerror: [m[K‘[01m[KMQTTBridge[m[K’ has not been declared
[2.907s]    69 |   void [01;31m[KMQTTBridge[m[K::timer_callback() {
[2.907s]       |        [01;31m[K^~~~~~~~~~[m[K
[2.910s] [01m[K/home/ammar/Robotics/Graduation_Project/ACSAR_ws/src/iot_interface/src/mqtt_interface.cpp:[m[K In function ‘[01m[Kvoid timer_callback()[m[K’:
[2.910s] [01m[K/home/ammar/Robotics/Graduation_Project/ACSAR_ws/src/iot_interface/src/mqtt_interface.cpp:70:10:[m[K [01;31m[Kerror: [m[K‘[01m[Kcustomer_detected_[m[K’ was not declared in this scope
[2.910s]    70 |     if (![01;31m[Kcustomer_detected_[m[K) {
[2.910s]       |          [01;31m[K^~~~~~~~~~~~~~~~~~[m[K
[2.913s] [01m[K/home/ammar/Robotics/Graduation_Project/ACSAR_ws/src/iot_interface/src/mqtt_interface.cpp:71:7:[m[K [01;31m[Kerror: [m[K‘[01m[Kdelivered_[m[K’ was not declared in this scope
[2.913s]    71 |       [01;31m[Kdelivered_[m[K = false;
[2.913s]       |       [01;31m[K^~~~~~~~~~[m[K
[2.916s] [01m[K/home/ammar/Robotics/Graduation_Project/ACSAR_ws/src/iot_interface/src/mqtt_interface.cpp:73:33:[m[K [01;31m[Kerror: [m[K‘[01m[Korder_id_[m[K’ was not declared in this scope
[2.916s]    73 |     json status = {{"order_id", [01;31m[Korder_id_[m[K}, {"delivered", delivered_}};
[2.916s]       |                                 [01;31m[K^~~~~~~~~[m[K
[2.920s] [01m[K/home/ammar/Robotics/Graduation_Project/ACSAR_ws/src/iot_interface/src/mqtt_interface.cpp:73:59:[m[K [01;31m[Kerror: [m[K‘[01m[Kdelivered_[m[K’ was not declared in this scope
[2.920s]    73 |     json status = {{"order_id", order_id_}, {"delivered", [01;31m[Kdelivered_[m[K}};
[2.920s]       |                                                           [01;31m[K^~~~~~~~~~[m[K
[2.924s] [01m[K/home/ammar/Robotics/Graduation_Project/ACSAR_ws/src/iot_interface/src/mqtt_interface.cpp:73:70:[m[K [01;31m[Kerror: [m[Kcould not convert ‘[01m[K{{"order_id", <expression error>}, {"delivered", <expression error>}}[m[K’ from ‘[01m[K<brace-enclosed initializer list>[m[K’ to ‘[01m[Kjson[m[K’ {aka ‘[01m[Knlohmann::json_abi_v3_11_3::basic_json<>[m[K’}
[2.924s]    73 |     json status = {{"order_id", order_id_}, {"delivered", delivered_}[01;31m[K}[m[K;
[2.924s]       |                                                                      [01;31m[K^[m[K
[2.924s]       |                                                                      [01;31m[K|[m[K
[2.924s]       |                                                                      [01;31m[K<brace-enclosed initializer list>[m[K
[2.924s] In file included from [01m[K/opt/ros/humble/include/rclcpp/rclcpp/client.hpp:40[m[K,
[2.924s]                  from [01m[K/opt/ros/humble/include/rclcpp/rclcpp/callback_group.hpp:24[m[K,
[2.924s]                  from [01m[K/opt/ros/humble/include/rclcpp/rclcpp/any_executable.hpp:20[m[K,
[2.924s]                  from [01m[K/opt/ros/humble/include/rclcpp/rclcpp/memory_strategy.hpp:25[m[K,
[2.924s]                  from [01m[K/opt/ros/humble/include/rclcpp/rclcpp/memory_strategies.hpp:18[m[K,
[2.925s]                  from [01m[K/opt/ros/humble/include/rclcpp/rclcpp/executor_options.hpp:20[m[K,
[2.925s]                  from [01m[K/opt/ros/humble/include/rclcpp/rclcpp/executor.hpp:37[m[K,
[2.925s]                  from [01m[K/opt/ros/humble/include/rclcpp/rclcpp/executors/multi_threaded_executor.hpp:25[m[K,
[2.925s]                  from [01m[K/opt/ros/humble/include/rclcpp/rclcpp/executors.hpp:21[m[K,
[2.925s]                  from [01m[K/opt/ros/humble/include/rclcpp/rclcpp/rclcpp.hpp:155[m[K,
[2.925s]                  from [01m[K/home/ammar/Robotics/Graduation_Project/ACSAR_ws/src/iot_interface/include/iot_interface/mqtt_interface.hpp:4[m[K,
[2.925s]                  from [01m[K/home/ammar/Robotics/Graduation_Project/ACSAR_ws/src/iot_interface/src/mqtt_interface.cpp:1[m[K:
[2.925s] [01m[K/home/ammar/Robotics/Graduation_Project/ACSAR_ws/src/iot_interface/src/mqtt_interface.cpp:75:17:[m[K [01;31m[Kerror: [m[Kinvalid use of ‘[01m[Kthis[m[K’ in non-member function
[2.925s]    75 |     RCLCPP_INFO([01;31m[Kthis[m[K->get_logger(), "Published order status: %s", status.dump().c_str());
[2.925s]       |                 [01;31m[K^~~~[m[K
[2.925s] [01m[K/home/ammar/Robotics/Graduation_Project/ACSAR_ws/src/iot_interface/src/mqtt_interface.cpp:75:17:[m[K [01;31m[Kerror: [m[Kinvalid use of ‘[01m[Kthis[m[K’ in non-member function
[2.925s] [01m[K/home/ammar/Robotics/Graduation_Project/ACSAR_ws/src/iot_interface/src/mqtt_interface.cpp:75:5:[m[K [01;31m[Kerror: [m[Ktemplate argument 1 is invalid
[2.925s]    75 |     [01;31m[KRCLCPP_INFO[m[K(this->get_logger(), "Published order status: %s", status.dump().c_str());
[2.925s]       |     [01;31m[K^~~~~~~~~~~[m[K
[2.925s] [01m[K/home/ammar/Robotics/Graduation_Project/ACSAR_ws/src/iot_interface/src/mqtt_interface.cpp:75:5:[m[K [01;31m[Kerror: [m[Ktemplate argument 1 is invalid
[2.925s]    75 |     [01;31m[KRCLCPP_INFO[m[K(this->get_logger(), "Published order status: %s", status.dump().c_str());
[2.925s]       |     [01;31m[K^~~~~~~~~~~[m[K
[2.925s] [01m[K/home/ammar/Robotics/Graduation_Project/ACSAR_ws/src/iot_interface/src/mqtt_interface.cpp:75:5:[m[K [01;31m[Kerror: [m[Ktemplate argument 1 is invalid
[2.926s]    75 |     [01;31m[KRCLCPP_INFO[m[K(this->get_logger(), "Published order status: %s", status.dump().c_str());
[2.926s]       |     [01;31m[K^~~~~~~~~~~[m[K
[2.926s] In file included from [01m[K/opt/ros/humble/include/rclcpp/rclcpp/logging.hpp:24[m[K,
[2.926s]                  from [01m[K/opt/ros/humble/include/rclcpp/rclcpp/client.hpp:40[m[K,
[2.926s]                  from [01m[K/opt/ros/humble/include/rclcpp/rclcpp/callback_group.hpp:24[m[K,
[2.926s]                  from [01m[K/opt/ros/humble/include/rclcpp/rclcpp/any_executable.hpp:20[m[K,
[2.926s]                  from [01m[K/opt/ros/humble/include/rclcpp/rclcpp/memory_strategy.hpp:25[m[K,
[2.926s]                  from [01m[K/opt/ros/humble/include/rclcpp/rclcpp/memory_strategies.hpp:18[m[K,
[2.926s]                  from [01m[K/opt/ros/humble/include/rclcpp/rclcpp/executor_options.hpp:20[m[K,
[2.926s]                  from [01m[K/opt/ros/humble/include/rclcpp/rclcpp/executor.hpp:37[m[K,
[2.926s]                  from [01m[K/opt/ros/humble/include/rclcpp/rclcpp/executors/multi_threaded_executor.hpp:25[m[K,
[2.926s]                  from [01m[K/opt/ros/humble/include/rclcpp/rclcpp/executors.hpp:21[m[K,
[2.926s]                  from [01m[K/opt/ros/humble/include/rclcpp/rclcpp/rclcpp.hpp:155[m[K,
[2.926s]                  from [01m[K/home/ammar/Robotics/Graduation_Project/ACSAR_ws/src/iot_interface/include/iot_interface/mqtt_interface.hpp:4[m[K,
[2.926s]                  from [01m[K/home/ammar/Robotics/Graduation_Project/ACSAR_ws/src/iot_interface/src/mqtt_interface.cpp:1[m[K:
[2.926s] [01m[K/home/ammar/Robotics/Graduation_Project/ACSAR_ws/src/iot_interface/src/mqtt_interface.cpp:75:17:[m[K [01;31m[Kerror: [m[Kinvalid use of ‘[01m[Kthis[m[K’ in non-member function
[2.926s]    75 |     RCLCPP_INFO([01;31m[Kthis[m[K->get_logger(), "Published order status: %s", status.dump().c_str());
[2.926s]       |                 [01;31m[K^~~~[m[K
[2.926s] [01m[K/home/ammar/Robotics/Graduation_Project/ACSAR_ws/src/iot_interface/src/mqtt_interface.cpp:75:17:[m[K [01;31m[Kerror: [m[Kinvalid use of ‘[01m[Kthis[m[K’ in non-member function
[2.927s]    75 |     RCLCPP_INFO([01;31m[Kthis[m[K->get_logger(), "Published order status: %s", status.dump().c_str());
[2.927s]       |                 [01;31m[K^~~~[m[K
[2.930s] [01m[K/home/ammar/Robotics/Graduation_Project/ACSAR_ws/src/iot_interface/src/mqtt_interface.cpp:76:5:[m[K [01;31m[Kerror: [m[K‘[01m[Kcustomer_detected_[m[K’ was not declared in this scope
[2.930s]    76 |     [01;31m[Kcustomer_detected_[m[K = false;
[2.930s]       |     [01;31m[K^~~~~~~~~~~~~~~~~~[m[K
[2.933s] [01m[K/home/ammar/Robotics/Graduation_Project/ACSAR_ws/src/iot_interface/src/mqtt_interface.cpp:[m[K In function ‘[01m[Kint main(int, char**)[m[K’:
[2.933s] [01m[K/home/ammar/Robotics/Graduation_Project/ACSAR_ws/src/iot_interface/src/mqtt_interface.cpp:81:34:[m[K [01;31m[Kerror: [m[K‘[01m[KMQTTBridge[m[K’ was not declared in this scope
[2.933s]    81 |     auto node = std::make_shared<[01;31m[KMQTTBridge[m[K>();
[2.933s]       |                                  [01;31m[K^~~~~~~~~~[m[K
[2.933s] [01m[K/home/ammar/Robotics/Graduation_Project/ACSAR_ws/src/iot_interface/src/mqtt_interface.cpp:81:45:[m[K [01;31m[Kerror: [m[Kno matching function for call to ‘[01m[Kmake_shared<<expression error> >()[m[K’
[2.934s]    81 |     auto node = [01;31m[Kstd::make_shared<MQTTBridge>()[m[K;
[2.934s]       |                 [01;31m[K~~~~~~~~~~~~~~~~~~~~~~~~~~~~^~[m[K
[2.934s] In file included from [01m[K/usr/include/c++/11/memory:77[m[K,
[2.934s]                  from [01m[K/opt/ros/humble/include/rclcpp/rclcpp/rclcpp.hpp:153[m[K,
[2.934s]                  from [01m[K/home/ammar/Robotics/Graduation_Project/ACSAR_ws/src/iot_interface/include/iot_interface/mqtt_interface.hpp:4[m[K,
[2.934s]                  from [01m[K/home/ammar/Robotics/Graduation_Project/ACSAR_ws/src/iot_interface/src/mqtt_interface.cpp:1[m[K:
[2.934s] [01m[K/usr/include/c++/11/bits/shared_ptr.h:875:5:[m[K [01;36m[Knote: [m[Kcandidate: ‘[01m[Ktemplate<class _Tp, class ... _Args> std::shared_ptr<_Tp> std::make_shared(_Args&& ...)[m[K’
[2.934s]   875 |     [01;36m[Kmake_shared[m[K(_Args&&... __args)
[2.934s]       |     [01;36m[K^~~~~~~~~~~[m[K
[2.934s] [01m[K/usr/include/c++/11/bits/shared_ptr.h:875:5:[m[K [01;36m[Knote: [m[K  template argument deduction/substitution failed:
[2.934s] [01m[K/home/ammar/Robotics/Graduation_Project/ACSAR_ws/src/iot_interface/src/mqtt_interface.cpp:81:45:[m[K [01;31m[Kerror: [m[Ktemplate argument 1 is invalid
[2.934s]    81 |     auto node = [01;31m[Kstd::make_shared<MQTTBridge>()[m[K;
[2.934s]       |                 [01;31m[K~~~~~~~~~~~~~~~~~~~~~~~~~~~~^~[m[K
[7.580s] gmake[2]: *** [CMakeFiles/mqtt_interface.dir/build.make:76: CMakeFiles/mqtt_interface.dir/src/mqtt_interface.cpp.o] Error 1
[7.581s] gmake[1]: *** [CMakeFiles/Makefile2:137: CMakeFiles/mqtt_interface.dir/all] Error 2
[7.581s] gmake: *** [Makefile:146: all] Error 2
[7.587s] Invoked command in '/home/ammar/Robotics/Graduation_Project/ACSAR_ws/build/iot_interface' returned '2': CMAKE_PREFIX_PATH=${CMAKE_PREFIX_PATH}:/opt/ros/humble /usr/bin/cmake --build /home/ammar/Robotics/Graduation_Project/ACSAR_ws/build/iot_interface -- -j12 -l12
