[0.113s] DEBUG:colcon:Command line arguments: ['/usr/bin/colcon', 'build', '--packages-select', 'robot_control']
[0.113s] DEBUG:colcon:Parsed command line arguments: Namespace(log_base=None, log_level=None, verb_name='build', build_base='build', install_base='install', merge_install=False, symlink_install=False, test_result_base=None, continue_on_error=False, executor='parallel', parallel_workers=12, event_handlers=None, ignore_user_meta=False, metas=['./colcon.meta'], base_paths=['.'], packages_ignore=None, packages_ignore_regex=None, paths=None, packages_up_to=None, packages_up_to_regex=None, packages_above=None, packages_above_and_dependencies=None, packages_above_depth=None, packages_select_by_dep=None, packages_skip_by_dep=None, packages_skip_up_to=None, packages_select_build_failed=False, packages_skip_build_finished=False, packages_select_test_failures=False, packages_skip_test_passed=False, packages_select=['robot_control'], packages_skip=None, packages_select_regex=None, packages_skip_regex=None, packages_start=None, packages_end=None, allow_overriding=[], cmake_args=None, cmake_target=None, cmake_target_skip_unavailable=False, cmake_clean_cache=False, cmake_clean_first=False, cmake_force_configure=False, ament_cmake_args=None, catkin_cmake_args=None, catkin_skip_building_tests=False, mixin_files=None, mixin=None, verb_parser=<colcon_mixin.mixin.mixin_argument.MixinArgumentDecorator object at 0x727e9a74ece0>, verb_extension=<colcon_core.verb.build.BuildVerb object at 0x727e9a843c70>, main=<bound method BuildVerb.main of <colcon_core.verb.build.BuildVerb object at 0x727e9a843c70>>, mixin_verb=('build',))
[0.316s] Level 1:colcon.colcon_core.package_discovery:discover_packages(colcon_meta) check parameters
[0.317s] Level 1:colcon.colcon_core.package_discovery:discover_packages(recursive) check parameters
[0.317s] Level 1:colcon.colcon_core.package_discovery:discover_packages(ignore) check parameters
[0.317s] Level 1:colcon.colcon_core.package_discovery:discover_packages(path) check parameters
[0.317s] Level 1:colcon.colcon_core.package_discovery:discover_packages(colcon_meta) discover
[0.317s] Level 1:colcon.colcon_core.package_discovery:discover_packages(recursive) discover
[0.317s] INFO:colcon.colcon_core.package_discovery:Crawling recursively for packages in '/home/ammar/Robotics/Graduation_Project/ACSAR_ws'
[0.317s] Level 1:colcon.colcon_core.package_identification:_identify(.) by extensions ['ignore', 'ignore_ament_install']
[0.317s] Level 1:colcon.colcon_core.package_identification:_identify(.) by extension 'ignore'
[0.317s] Level 1:colcon.colcon_core.package_identification:_identify(.) by extension 'ignore_ament_install'
[0.317s] Level 1:colcon.colcon_core.package_identification:_identify(.) by extensions ['colcon_pkg']
[0.317s] Level 1:colcon.colcon_core.package_identification:_identify(.) by extension 'colcon_pkg'
[0.317s] Level 1:colcon.colcon_core.package_identification:_identify(.) by extensions ['colcon_meta']
[0.317s] Level 1:colcon.colcon_core.package_identification:_identify(.) by extension 'colcon_meta'
[0.317s] Level 1:colcon.colcon_core.package_identification:_identify(.) by extensions ['ros']
[0.317s] Level 1:colcon.colcon_core.package_identification:_identify(.) by extension 'ros'
[0.327s] Level 1:colcon.colcon_core.package_identification:_identify(.) by extensions ['cmake', 'python']
[0.327s] Level 1:colcon.colcon_core.package_identification:_identify(.) by extension 'cmake'
[0.328s] Level 1:colcon.colcon_core.package_identification:_identify(.) by extension 'python'
[0.328s] Level 1:colcon.colcon_core.package_identification:_identify(.) by extensions ['python_setup_py']
[0.328s] Level 1:colcon.colcon_core.package_identification:_identify(.) by extension 'python_setup_py'
[0.328s] Level 1:colcon.colcon_core.package_identification:_identify(build) by extensions ['ignore', 'ignore_ament_install']
[0.328s] Level 1:colcon.colcon_core.package_identification:_identify(build) by extension 'ignore'
[0.328s] Level 1:colcon.colcon_core.package_identification:_identify(build) ignored
[0.328s] Level 1:colcon.colcon_core.package_identification:_identify(customer_recordings) by extensions ['ignore', 'ignore_ament_install']
[0.328s] Level 1:colcon.colcon_core.package_identification:_identify(customer_recordings) by extension 'ignore'
[0.328s] Level 1:colcon.colcon_core.package_identification:_identify(customer_recordings) by extension 'ignore_ament_install'
[0.328s] Level 1:colcon.colcon_core.package_identification:_identify(customer_recordings) by extensions ['colcon_pkg']
[0.328s] Level 1:colcon.colcon_core.package_identification:_identify(customer_recordings) by extension 'colcon_pkg'
[0.328s] Level 1:colcon.colcon_core.package_identification:_identify(customer_recordings) by extensions ['colcon_meta']
[0.328s] Level 1:colcon.colcon_core.package_identification:_identify(customer_recordings) by extension 'colcon_meta'
[0.328s] Level 1:colcon.colcon_core.package_identification:_identify(customer_recordings) by extensions ['ros']
[0.328s] Level 1:colcon.colcon_core.package_identification:_identify(customer_recordings) by extension 'ros'
[0.328s] Level 1:colcon.colcon_core.package_identification:_identify(customer_recordings) by extensions ['cmake', 'python']
[0.328s] Level 1:colcon.colcon_core.package_identification:_identify(customer_recordings) by extension 'cmake'
[0.328s] Level 1:colcon.colcon_core.package_identification:_identify(customer_recordings) by extension 'python'
[0.329s] Level 1:colcon.colcon_core.package_identification:_identify(customer_recordings) by extensions ['python_setup_py']
[0.329s] Level 1:colcon.colcon_core.package_identification:_identify(customer_recordings) by extension 'python_setup_py'
[0.329s] Level 1:colcon.colcon_core.package_identification:_identify(install) by extensions ['ignore', 'ignore_ament_install']
[0.329s] Level 1:colcon.colcon_core.package_identification:_identify(install) by extension 'ignore'
[0.329s] Level 1:colcon.colcon_core.package_identification:_identify(install) ignored
[0.329s] Level 1:colcon.colcon_core.package_identification:_identify(log) by extensions ['ignore', 'ignore_ament_install']
[0.329s] Level 1:colcon.colcon_core.package_identification:_identify(log) by extension 'ignore'
[0.329s] Level 1:colcon.colcon_core.package_identification:_identify(log) ignored
[0.329s] Level 1:colcon.colcon_core.package_identification:_identify(src) by extensions ['ignore', 'ignore_ament_install']
[0.329s] Level 1:colcon.colcon_core.package_identification:_identify(src) by extension 'ignore'
[0.329s] Level 1:colcon.colcon_core.package_identification:_identify(src) by extension 'ignore_ament_install'
[0.329s] Level 1:colcon.colcon_core.package_identification:_identify(src) by extensions ['colcon_pkg']
[0.329s] Level 1:colcon.colcon_core.package_identification:_identify(src) by extension 'colcon_pkg'
[0.329s] Level 1:colcon.colcon_core.package_identification:_identify(src) by extensions ['colcon_meta']
[0.329s] Level 1:colcon.colcon_core.package_identification:_identify(src) by extension 'colcon_meta'
[0.329s] Level 1:colcon.colcon_core.package_identification:_identify(src) by extensions ['ros']
[0.329s] Level 1:colcon.colcon_core.package_identification:_identify(src) by extension 'ros'
[0.330s] Level 1:colcon.colcon_core.package_identification:_identify(src) by extensions ['cmake', 'python']
[0.330s] Level 1:colcon.colcon_core.package_identification:_identify(src) by extension 'cmake'
[0.330s] Level 1:colcon.colcon_core.package_identification:_identify(src) by extension 'python'
[0.330s] Level 1:colcon.colcon_core.package_identification:_identify(src) by extensions ['python_setup_py']
[0.330s] Level 1:colcon.colcon_core.package_identification:_identify(src) by extension 'python_setup_py'
[0.330s] Level 1:colcon.colcon_core.package_identification:_identify(src/build) by extensions ['ignore', 'ignore_ament_install']
[0.330s] Level 1:colcon.colcon_core.package_identification:_identify(src/build) by extension 'ignore'
[0.330s] Level 1:colcon.colcon_core.package_identification:_identify(src/build) ignored
[0.330s] Level 1:colcon.colcon_core.package_identification:_identify(src/install) by extensions ['ignore', 'ignore_ament_install']
[0.330s] Level 1:colcon.colcon_core.package_identification:_identify(src/install) by extension 'ignore'
[0.330s] Level 1:colcon.colcon_core.package_identification:_identify(src/install) ignored
[0.330s] Level 1:colcon.colcon_core.package_identification:_identify(src/log) by extensions ['ignore', 'ignore_ament_install']
[0.330s] Level 1:colcon.colcon_core.package_identification:_identify(src/log) by extension 'ignore'
[0.330s] Level 1:colcon.colcon_core.package_identification:_identify(src/log) ignored
[0.330s] Level 1:colcon.colcon_core.package_identification:_identify(src/robot_control) by extensions ['ignore', 'ignore_ament_install']
[0.331s] Level 1:colcon.colcon_core.package_identification:_identify(src/robot_control) by extension 'ignore'
[0.331s] Level 1:colcon.colcon_core.package_identification:_identify(src/robot_control) by extension 'ignore_ament_install'
[0.331s] Level 1:colcon.colcon_core.package_identification:_identify(src/robot_control) by extensions ['colcon_pkg']
[0.331s] Level 1:colcon.colcon_core.package_identification:_identify(src/robot_control) by extension 'colcon_pkg'
[0.331s] Level 1:colcon.colcon_core.package_identification:_identify(src/robot_control) by extensions ['colcon_meta']
[0.331s] Level 1:colcon.colcon_core.package_identification:_identify(src/robot_control) by extension 'colcon_meta'
[0.331s] Level 1:colcon.colcon_core.package_identification:_identify(src/robot_control) by extensions ['ros']
[0.331s] Level 1:colcon.colcon_core.package_identification:_identify(src/robot_control) by extension 'ros'
[0.335s] DEBUG:colcon.colcon_core.package_identification:Package 'src/robot_control' with type 'ros.ament_cmake' and name 'robot_control'
[0.336s] Level 1:colcon.colcon_core.package_identification:_identify(src/robot_model) by extensions ['ignore', 'ignore_ament_install']
[0.336s] Level 1:colcon.colcon_core.package_identification:_identify(src/robot_model) by extension 'ignore'
[0.336s] Level 1:colcon.colcon_core.package_identification:_identify(src/robot_model) by extension 'ignore_ament_install'
[0.336s] Level 1:colcon.colcon_core.package_identification:_identify(src/robot_model) by extensions ['colcon_pkg']
[0.336s] Level 1:colcon.colcon_core.package_identification:_identify(src/robot_model) by extension 'colcon_pkg'
[0.336s] Level 1:colcon.colcon_core.package_identification:_identify(src/robot_model) by extensions ['colcon_meta']
[0.336s] Level 1:colcon.colcon_core.package_identification:_identify(src/robot_model) by extension 'colcon_meta'
[0.336s] Level 1:colcon.colcon_core.package_identification:_identify(src/robot_model) by extensions ['ros']
[0.336s] Level 1:colcon.colcon_core.package_identification:_identify(src/robot_model) by extension 'ros'
[0.337s] DEBUG:colcon.colcon_core.package_identification:Package 'src/robot_model' with type 'ros.ament_cmake' and name 'robot_model'
[0.337s] Level 1:colcon.colcon_core.package_identification:_identify(src/robot_nav) by extensions ['ignore', 'ignore_ament_install']
[0.337s] Level 1:colcon.colcon_core.package_identification:_identify(src/robot_nav) by extension 'ignore'
[0.337s] Level 1:colcon.colcon_core.package_identification:_identify(src/robot_nav) by extension 'ignore_ament_install'
[0.337s] Level 1:colcon.colcon_core.package_identification:_identify(src/robot_nav) by extensions ['colcon_pkg']
[0.337s] Level 1:colcon.colcon_core.package_identification:_identify(src/robot_nav) by extension 'colcon_pkg'
[0.337s] Level 1:colcon.colcon_core.package_identification:_identify(src/robot_nav) by extensions ['colcon_meta']
[0.337s] Level 1:colcon.colcon_core.package_identification:_identify(src/robot_nav) by extension 'colcon_meta'
[0.337s] Level 1:colcon.colcon_core.package_identification:_identify(src/robot_nav) by extensions ['ros']
[0.337s] Level 1:colcon.colcon_core.package_identification:_identify(src/robot_nav) by extension 'ros'
[0.339s] DEBUG:colcon.colcon_core.package_identification:Package 'src/robot_nav' with type 'ros.ament_cmake' and name 'robot_nav'
[0.339s] Level 1:colcon.colcon_core.package_identification:_identify(src/robot_perception) by extensions ['ignore', 'ignore_ament_install']
[0.339s] Level 1:colcon.colcon_core.package_identification:_identify(src/robot_perception) by extension 'ignore'
[0.339s] Level 1:colcon.colcon_core.package_identification:_identify(src/robot_perception) by extension 'ignore_ament_install'
[0.339s] Level 1:colcon.colcon_core.package_identification:_identify(src/robot_perception) by extensions ['colcon_pkg']
[0.339s] Level 1:colcon.colcon_core.package_identification:_identify(src/robot_perception) by extension 'colcon_pkg'
[0.339s] Level 1:colcon.colcon_core.package_identification:_identify(src/robot_perception) by extensions ['colcon_meta']
[0.339s] Level 1:colcon.colcon_core.package_identification:_identify(src/robot_perception) by extension 'colcon_meta'
[0.339s] Level 1:colcon.colcon_core.package_identification:_identify(src/robot_perception) by extensions ['ros']
[0.339s] Level 1:colcon.colcon_core.package_identification:_identify(src/robot_perception) by extension 'ros'
[0.340s] DEBUG:colcon.colcon_core.package_identification:Package 'src/robot_perception' with type 'ros.ament_cmake' and name 'robot_perception'
[0.340s] Level 1:colcon.colcon_core.package_identification:_identify(src/rplidar_ros2) by extensions ['ignore', 'ignore_ament_install']
[0.340s] Level 1:colcon.colcon_core.package_identification:_identify(src/rplidar_ros2) by extension 'ignore'
[0.341s] Level 1:colcon.colcon_core.package_identification:_identify(src/rplidar_ros2) by extension 'ignore_ament_install'
[0.341s] Level 1:colcon.colcon_core.package_identification:_identify(src/rplidar_ros2) by extensions ['colcon_pkg']
[0.341s] Level 1:colcon.colcon_core.package_identification:_identify(src/rplidar_ros2) by extension 'colcon_pkg'
[0.341s] Level 1:colcon.colcon_core.package_identification:_identify(src/rplidar_ros2) by extensions ['colcon_meta']
[0.341s] Level 1:colcon.colcon_core.package_identification:_identify(src/rplidar_ros2) by extension 'colcon_meta'
[0.341s] Level 1:colcon.colcon_core.package_identification:_identify(src/rplidar_ros2) by extensions ['ros']
[0.341s] Level 1:colcon.colcon_core.package_identification:_identify(src/rplidar_ros2) by extension 'ros'
[0.349s] DEBUG:colcon.colcon_core.package_identification:Package 'src/rplidar_ros2' with type 'ros.ament_cmake' and name 'rplidar_ros'
[0.349s] Level 1:colcon.colcon_core.package_identification:_identify(src/service_robot_localization) by extensions ['ignore', 'ignore_ament_install']
[0.349s] Level 1:colcon.colcon_core.package_identification:_identify(src/service_robot_localization) by extension 'ignore'
[0.349s] Level 1:colcon.colcon_core.package_identification:_identify(src/service_robot_localization) by extension 'ignore_ament_install'
[0.349s] Level 1:colcon.colcon_core.package_identification:_identify(src/service_robot_localization) by extensions ['colcon_pkg']
[0.349s] Level 1:colcon.colcon_core.package_identification:_identify(src/service_robot_localization) by extension 'colcon_pkg'
[0.349s] Level 1:colcon.colcon_core.package_identification:_identify(src/service_robot_localization) by extensions ['colcon_meta']
[0.349s] Level 1:colcon.colcon_core.package_identification:_identify(src/service_robot_localization) by extension 'colcon_meta'
[0.349s] Level 1:colcon.colcon_core.package_identification:_identify(src/service_robot_localization) by extensions ['ros']
[0.349s] Level 1:colcon.colcon_core.package_identification:_identify(src/service_robot_localization) by extension 'ros'
[0.350s] DEBUG:colcon.colcon_core.package_identification:Package 'src/service_robot_localization' with type 'ros.ament_cmake' and name 'service_robot_localization'
[0.350s] Level 1:colcon.colcon_core.package_identification:_identify(vosk-model-small-en-us) by extensions ['ignore', 'ignore_ament_install']
[0.350s] Level 1:colcon.colcon_core.package_identification:_identify(vosk-model-small-en-us) by extension 'ignore'
[0.350s] Level 1:colcon.colcon_core.package_identification:_identify(vosk-model-small-en-us) by extension 'ignore_ament_install'
[0.350s] Level 1:colcon.colcon_core.package_identification:_identify(vosk-model-small-en-us) by extensions ['colcon_pkg']
[0.350s] Level 1:colcon.colcon_core.package_identification:_identify(vosk-model-small-en-us) by extension 'colcon_pkg'
[0.351s] Level 1:colcon.colcon_core.package_identification:_identify(vosk-model-small-en-us) by extensions ['colcon_meta']
[0.351s] Level 1:colcon.colcon_core.package_identification:_identify(vosk-model-small-en-us) by extension 'colcon_meta'
[0.351s] Level 1:colcon.colcon_core.package_identification:_identify(vosk-model-small-en-us) by extensions ['ros']
[0.351s] Level 1:colcon.colcon_core.package_identification:_identify(vosk-model-small-en-us) by extension 'ros'
[0.351s] Level 1:colcon.colcon_core.package_identification:_identify(vosk-model-small-en-us) by extensions ['cmake', 'python']
[0.351s] Level 1:colcon.colcon_core.package_identification:_identify(vosk-model-small-en-us) by extension 'cmake'
[0.351s] Level 1:colcon.colcon_core.package_identification:_identify(vosk-model-small-en-us) by extension 'python'
[0.351s] Level 1:colcon.colcon_core.package_identification:_identify(vosk-model-small-en-us) by extensions ['python_setup_py']
[0.351s] Level 1:colcon.colcon_core.package_identification:_identify(vosk-model-small-en-us) by extension 'python_setup_py'
[0.351s] Level 1:colcon.colcon_core.package_identification:_identify(vosk-model-small-en-us/am) by extensions ['ignore', 'ignore_ament_install']
[0.351s] Level 1:colcon.colcon_core.package_identification:_identify(vosk-model-small-en-us/am) by extension 'ignore'
[0.351s] Level 1:colcon.colcon_core.package_identification:_identify(vosk-model-small-en-us/am) by extension 'ignore_ament_install'
[0.351s] Level 1:colcon.colcon_core.package_identification:_identify(vosk-model-small-en-us/am) by extensions ['colcon_pkg']
[0.351s] Level 1:colcon.colcon_core.package_identification:_identify(vosk-model-small-en-us/am) by extension 'colcon_pkg'
[0.351s] Level 1:colcon.colcon_core.package_identification:_identify(vosk-model-small-en-us/am) by extensions ['colcon_meta']
[0.351s] Level 1:colcon.colcon_core.package_identification:_identify(vosk-model-small-en-us/am) by extension 'colcon_meta'
[0.351s] Level 1:colcon.colcon_core.package_identification:_identify(vosk-model-small-en-us/am) by extensions ['ros']
[0.351s] Level 1:colcon.colcon_core.package_identification:_identify(vosk-model-small-en-us/am) by extension 'ros'
[0.351s] Level 1:colcon.colcon_core.package_identification:_identify(vosk-model-small-en-us/am) by extensions ['cmake', 'python']
[0.351s] Level 1:colcon.colcon_core.package_identification:_identify(vosk-model-small-en-us/am) by extension 'cmake'
[0.352s] Level 1:colcon.colcon_core.package_identification:_identify(vosk-model-small-en-us/am) by extension 'python'
[0.352s] Level 1:colcon.colcon_core.package_identification:_identify(vosk-model-small-en-us/am) by extensions ['python_setup_py']
[0.352s] Level 1:colcon.colcon_core.package_identification:_identify(vosk-model-small-en-us/am) by extension 'python_setup_py'
[0.352s] Level 1:colcon.colcon_core.package_identification:_identify(vosk-model-small-en-us/conf) by extensions ['ignore', 'ignore_ament_install']
[0.352s] Level 1:colcon.colcon_core.package_identification:_identify(vosk-model-small-en-us/conf) by extension 'ignore'
[0.352s] Level 1:colcon.colcon_core.package_identification:_identify(vosk-model-small-en-us/conf) by extension 'ignore_ament_install'
[0.352s] Level 1:colcon.colcon_core.package_identification:_identify(vosk-model-small-en-us/conf) by extensions ['colcon_pkg']
[0.352s] Level 1:colcon.colcon_core.package_identification:_identify(vosk-model-small-en-us/conf) by extension 'colcon_pkg'
[0.352s] Level 1:colcon.colcon_core.package_identification:_identify(vosk-model-small-en-us/conf) by extensions ['colcon_meta']
[0.352s] Level 1:colcon.colcon_core.package_identification:_identify(vosk-model-small-en-us/conf) by extension 'colcon_meta'
[0.352s] Level 1:colcon.colcon_core.package_identification:_identify(vosk-model-small-en-us/conf) by extensions ['ros']
[0.352s] Level 1:colcon.colcon_core.package_identification:_identify(vosk-model-small-en-us/conf) by extension 'ros'
[0.352s] Level 1:colcon.colcon_core.package_identification:_identify(vosk-model-small-en-us/conf) by extensions ['cmake', 'python']
[0.352s] Level 1:colcon.colcon_core.package_identification:_identify(vosk-model-small-en-us/conf) by extension 'cmake'
[0.352s] Level 1:colcon.colcon_core.package_identification:_identify(vosk-model-small-en-us/conf) by extension 'python'
[0.352s] Level 1:colcon.colcon_core.package_identification:_identify(vosk-model-small-en-us/conf) by extensions ['python_setup_py']
[0.352s] Level 1:colcon.colcon_core.package_identification:_identify(vosk-model-small-en-us/conf) by extension 'python_setup_py'
[0.352s] Level 1:colcon.colcon_core.package_identification:_identify(vosk-model-small-en-us/graph) by extensions ['ignore', 'ignore_ament_install']
[0.353s] Level 1:colcon.colcon_core.package_identification:_identify(vosk-model-small-en-us/graph) by extension 'ignore'
[0.353s] Level 1:colcon.colcon_core.package_identification:_identify(vosk-model-small-en-us/graph) by extension 'ignore_ament_install'
[0.353s] Level 1:colcon.colcon_core.package_identification:_identify(vosk-model-small-en-us/graph) by extensions ['colcon_pkg']
[0.353s] Level 1:colcon.colcon_core.package_identification:_identify(vosk-model-small-en-us/graph) by extension 'colcon_pkg'
[0.353s] Level 1:colcon.colcon_core.package_identification:_identify(vosk-model-small-en-us/graph) by extensions ['colcon_meta']
[0.353s] Level 1:colcon.colcon_core.package_identification:_identify(vosk-model-small-en-us/graph) by extension 'colcon_meta'
[0.353s] Level 1:colcon.colcon_core.package_identification:_identify(vosk-model-small-en-us/graph) by extensions ['ros']
[0.353s] Level 1:colcon.colcon_core.package_identification:_identify(vosk-model-small-en-us/graph) by extension 'ros'
[0.353s] Level 1:colcon.colcon_core.package_identification:_identify(vosk-model-small-en-us/graph) by extensions ['cmake', 'python']
[0.353s] Level 1:colcon.colcon_core.package_identification:_identify(vosk-model-small-en-us/graph) by extension 'cmake'
[0.353s] Level 1:colcon.colcon_core.package_identification:_identify(vosk-model-small-en-us/graph) by extension 'python'
[0.353s] Level 1:colcon.colcon_core.package_identification:_identify(vosk-model-small-en-us/graph) by extensions ['python_setup_py']
[0.353s] Level 1:colcon.colcon_core.package_identification:_identify(vosk-model-small-en-us/graph) by extension 'python_setup_py'
[0.353s] Level 1:colcon.colcon_core.package_identification:_identify(vosk-model-small-en-us/graph/phones) by extensions ['ignore', 'ignore_ament_install']
[0.353s] Level 1:colcon.colcon_core.package_identification:_identify(vosk-model-small-en-us/graph/phones) by extension 'ignore'
[0.353s] Level 1:colcon.colcon_core.package_identification:_identify(vosk-model-small-en-us/graph/phones) by extension 'ignore_ament_install'
[0.353s] Level 1:colcon.colcon_core.package_identification:_identify(vosk-model-small-en-us/graph/phones) by extensions ['colcon_pkg']
[0.353s] Level 1:colcon.colcon_core.package_identification:_identify(vosk-model-small-en-us/graph/phones) by extension 'colcon_pkg'
[0.353s] Level 1:colcon.colcon_core.package_identification:_identify(vosk-model-small-en-us/graph/phones) by extensions ['colcon_meta']
[0.353s] Level 1:colcon.colcon_core.package_identification:_identify(vosk-model-small-en-us/graph/phones) by extension 'colcon_meta'
[0.354s] Level 1:colcon.colcon_core.package_identification:_identify(vosk-model-small-en-us/graph/phones) by extensions ['ros']
[0.354s] Level 1:colcon.colcon_core.package_identification:_identify(vosk-model-small-en-us/graph/phones) by extension 'ros'
[0.354s] Level 1:colcon.colcon_core.package_identification:_identify(vosk-model-small-en-us/graph/phones) by extensions ['cmake', 'python']
[0.354s] Level 1:colcon.colcon_core.package_identification:_identify(vosk-model-small-en-us/graph/phones) by extension 'cmake'
[0.354s] Level 1:colcon.colcon_core.package_identification:_identify(vosk-model-small-en-us/graph/phones) by extension 'python'
[0.354s] Level 1:colcon.colcon_core.package_identification:_identify(vosk-model-small-en-us/graph/phones) by extensions ['python_setup_py']
[0.354s] Level 1:colcon.colcon_core.package_identification:_identify(vosk-model-small-en-us/graph/phones) by extension 'python_setup_py'
[0.354s] Level 1:colcon.colcon_core.package_identification:_identify(vosk-model-small-en-us/ivector) by extensions ['ignore', 'ignore_ament_install']
[0.354s] Level 1:colcon.colcon_core.package_identification:_identify(vosk-model-small-en-us/ivector) by extension 'ignore'
[0.354s] Level 1:colcon.colcon_core.package_identification:_identify(vosk-model-small-en-us/ivector) by extension 'ignore_ament_install'
[0.354s] Level 1:colcon.colcon_core.package_identification:_identify(vosk-model-small-en-us/ivector) by extensions ['colcon_pkg']
[0.354s] Level 1:colcon.colcon_core.package_identification:_identify(vosk-model-small-en-us/ivector) by extension 'colcon_pkg'
[0.354s] Level 1:colcon.colcon_core.package_identification:_identify(vosk-model-small-en-us/ivector) by extensions ['colcon_meta']
[0.354s] Level 1:colcon.colcon_core.package_identification:_identify(vosk-model-small-en-us/ivector) by extension 'colcon_meta'
[0.354s] Level 1:colcon.colcon_core.package_identification:_identify(vosk-model-small-en-us/ivector) by extensions ['ros']
[0.354s] Level 1:colcon.colcon_core.package_identification:_identify(vosk-model-small-en-us/ivector) by extension 'ros'
[0.354s] Level 1:colcon.colcon_core.package_identification:_identify(vosk-model-small-en-us/ivector) by extensions ['cmake', 'python']
[0.354s] Level 1:colcon.colcon_core.package_identification:_identify(vosk-model-small-en-us/ivector) by extension 'cmake'
[0.354s] Level 1:colcon.colcon_core.package_identification:_identify(vosk-model-small-en-us/ivector) by extension 'python'
[0.354s] Level 1:colcon.colcon_core.package_identification:_identify(vosk-model-small-en-us/ivector) by extensions ['python_setup_py']
[0.355s] Level 1:colcon.colcon_core.package_identification:_identify(vosk-model-small-en-us/ivector) by extension 'python_setup_py'
[0.355s] Level 1:colcon.colcon_core.package_discovery:discover_packages(recursive) using defaults
[0.355s] Level 1:colcon.colcon_core.package_discovery:discover_packages(ignore) discover
[0.355s] Level 1:colcon.colcon_core.package_discovery:discover_packages(ignore) using defaults
[0.355s] Level 1:colcon.colcon_core.package_discovery:discover_packages(path) discover
[0.355s] Level 1:colcon.colcon_core.package_discovery:discover_packages(path) using defaults
[0.374s] INFO:colcon.colcon_core.package_selection:Skipping not selected package 'robot_model' in 'src/robot_model'
[0.374s] INFO:colcon.colcon_core.package_selection:Skipping not selected package 'robot_nav' in 'src/robot_nav'
[0.374s] INFO:colcon.colcon_core.package_selection:Skipping not selected package 'robot_perception' in 'src/robot_perception'
[0.374s] INFO:colcon.colcon_core.package_selection:Skipping not selected package 'rplidar_ros' in 'src/rplidar_ros2'
[0.374s] INFO:colcon.colcon_core.package_selection:Skipping not selected package 'service_robot_localization' in 'src/service_robot_localization'
[0.375s] Level 1:colcon.colcon_core.package_discovery:discover_packages(prefix_path) check parameters
[0.375s] Level 1:colcon.colcon_core.package_discovery:discover_packages(prefix_path) discover
[0.377s] DEBUG:colcon.colcon_installed_package_information.package_discovery:Found 6 installed packages in /home/ammar/Robotics/Graduation_Project/ACSAR_ws/install
[0.378s] DEBUG:colcon.colcon_installed_package_information.package_discovery:Found 336 installed packages in /opt/ros/humble
[0.380s] Level 1:colcon.colcon_core.package_discovery:discover_packages(prefix_path) using defaults
[0.419s] Level 5:colcon.colcon_core.verb:set package 'robot_control' build argument 'cmake_args' from command line to 'None'
[0.419s] Level 5:colcon.colcon_core.verb:set package 'robot_control' build argument 'cmake_target' from command line to 'None'
[0.419s] Level 5:colcon.colcon_core.verb:set package 'robot_control' build argument 'cmake_target_skip_unavailable' from command line to 'False'
[0.419s] Level 5:colcon.colcon_core.verb:set package 'robot_control' build argument 'cmake_clean_cache' from command line to 'False'
[0.419s] Level 5:colcon.colcon_core.verb:set package 'robot_control' build argument 'cmake_clean_first' from command line to 'False'
[0.419s] Level 5:colcon.colcon_core.verb:set package 'robot_control' build argument 'cmake_force_configure' from command line to 'False'
[0.419s] Level 5:colcon.colcon_core.verb:set package 'robot_control' build argument 'ament_cmake_args' from command line to 'None'
[0.419s] Level 5:colcon.colcon_core.verb:set package 'robot_control' build argument 'catkin_cmake_args' from command line to 'None'
[0.419s] Level 5:colcon.colcon_core.verb:set package 'robot_control' build argument 'catkin_skip_building_tests' from command line to 'False'
[0.420s] DEBUG:colcon.colcon_core.verb:Building package 'robot_control' with the following arguments: {'ament_cmake_args': None, 'build_base': '/home/ammar/Robotics/Graduation_Project/ACSAR_ws/build/robot_control', 'catkin_cmake_args': None, 'catkin_skip_building_tests': False, 'cmake_args': None, 'cmake_clean_cache': False, 'cmake_clean_first': False, 'cmake_force_configure': False, 'cmake_target': None, 'cmake_target_skip_unavailable': False, 'install_base': '/home/ammar/Robotics/Graduation_Project/ACSAR_ws/install/robot_control', 'merge_install': False, 'path': '/home/ammar/Robotics/Graduation_Project/ACSAR_ws/src/robot_control', 'symlink_install': False, 'test_result_base': None}
[0.420s] INFO:colcon.colcon_core.executor:Executing jobs using 'parallel' executor
[0.421s] DEBUG:colcon.colcon_parallel_executor.executor.parallel:run_until_complete
[0.421s] INFO:colcon.colcon_ros.task.ament_cmake.build:Building ROS package in '/home/ammar/Robotics/Graduation_Project/ACSAR_ws/src/robot_control' with build type 'ament_cmake'
[0.421s] INFO:colcon.colcon_cmake.task.cmake.build:Building CMake package in '/home/ammar/Robotics/Graduation_Project/ACSAR_ws/src/robot_control'
[0.423s] INFO:colcon.colcon_core.plugin_system:Skipping extension 'colcon_core.shell.bat': Not used on non-Windows systems
[0.423s] INFO:colcon.colcon_core.shell:Skip shell extension 'powershell' for command environment: Not usable outside of PowerShell
[0.423s] DEBUG:colcon.colcon_core.shell:Skip shell extension 'dsv' for command environment
[0.431s] DEBUG:colcon.colcon_core.event_handler.log_command:Invoking command in '/home/ammar/Robotics/Graduation_Project/ACSAR_ws/build/robot_control': CMAKE_PREFIX_PATH=${CMAKE_PREFIX_PATH}:/opt/ros/humble /usr/bin/cmake --build /home/ammar/Robotics/Graduation_Project/ACSAR_ws/build/robot_control -- -j12 -l12
[1.074s] Level 1:colcon.colcon_core.environment:create_environment_scripts_only(robot_control)
[1.074s] DEBUG:colcon.colcon_core.event_handler.log_command:Invoked command in '/home/ammar/Robotics/Graduation_Project/ACSAR_ws/build/robot_control' returned '2': CMAKE_PREFIX_PATH=${CMAKE_PREFIX_PATH}:/opt/ros/humble /usr/bin/cmake --build /home/ammar/Robotics/Graduation_Project/ACSAR_ws/build/robot_control -- -j12 -l12
[1.076s] Level 1:colcon.colcon_core.environment:checking '/home/ammar/Robotics/Graduation_Project/ACSAR_ws/install/robot_control' for CMake module files
[1.077s] Level 1:colcon.colcon_core.environment:checking '/home/ammar/Robotics/Graduation_Project/ACSAR_ws/install/robot_control' for CMake config files
[1.077s] Level 1:colcon.colcon_core.shell:create_environment_hook('robot_control', 'cmake_prefix_path')
[1.077s] INFO:colcon.colcon_core.shell:Creating environment hook '/home/ammar/Robotics/Graduation_Project/ACSAR_ws/install/robot_control/share/robot_control/hook/cmake_prefix_path.ps1'
[1.078s] INFO:colcon.colcon_core.shell:Creating environment descriptor '/home/ammar/Robotics/Graduation_Project/ACSAR_ws/install/robot_control/share/robot_control/hook/cmake_prefix_path.dsv'
[1.078s] INFO:colcon.colcon_core.shell:Creating environment hook '/home/ammar/Robotics/Graduation_Project/ACSAR_ws/install/robot_control/share/robot_control/hook/cmake_prefix_path.sh'
[1.079s] Level 1:colcon.colcon_core.environment:checking '/home/ammar/Robotics/Graduation_Project/ACSAR_ws/install/robot_control/lib'
[1.079s] Level 1:colcon.colcon_core.shell:create_environment_hook('robot_control', 'ld_library_path_lib')
[1.080s] INFO:colcon.colcon_core.shell:Creating environment hook '/home/ammar/Robotics/Graduation_Project/ACSAR_ws/install/robot_control/share/robot_control/hook/ld_library_path_lib.ps1'
[1.080s] INFO:colcon.colcon_core.shell:Creating environment descriptor '/home/ammar/Robotics/Graduation_Project/ACSAR_ws/install/robot_control/share/robot_control/hook/ld_library_path_lib.dsv'
[1.080s] INFO:colcon.colcon_core.shell:Creating environment hook '/home/ammar/Robotics/Graduation_Project/ACSAR_ws/install/robot_control/share/robot_control/hook/ld_library_path_lib.sh'
[1.081s] Level 1:colcon.colcon_core.environment:checking '/home/ammar/Robotics/Graduation_Project/ACSAR_ws/install/robot_control/bin'
[1.081s] Level 1:colcon.colcon_core.environment:checking '/home/ammar/Robotics/Graduation_Project/ACSAR_ws/install/robot_control/lib/pkgconfig/robot_control.pc'
[1.081s] Level 1:colcon.colcon_core.environment:checking '/home/ammar/Robotics/Graduation_Project/ACSAR_ws/install/robot_control/lib/python3.10/site-packages'
[1.082s] Level 1:colcon.colcon_core.environment:checking '/home/ammar/Robotics/Graduation_Project/ACSAR_ws/install/robot_control/bin'
[1.082s] INFO:colcon.colcon_core.shell:Creating package script '/home/ammar/Robotics/Graduation_Project/ACSAR_ws/install/robot_control/share/robot_control/package.ps1'
[1.083s] INFO:colcon.colcon_core.shell:Creating package descriptor '/home/ammar/Robotics/Graduation_Project/ACSAR_ws/install/robot_control/share/robot_control/package.dsv'
[1.084s] INFO:colcon.colcon_core.shell:Creating package script '/home/ammar/Robotics/Graduation_Project/ACSAR_ws/install/robot_control/share/robot_control/package.sh'
[1.084s] INFO:colcon.colcon_core.shell:Creating package script '/home/ammar/Robotics/Graduation_Project/ACSAR_ws/install/robot_control/share/robot_control/package.bash'
[1.085s] INFO:colcon.colcon_core.shell:Creating package script '/home/ammar/Robotics/Graduation_Project/ACSAR_ws/install/robot_control/share/robot_control/package.zsh'
[1.086s] Level 1:colcon.colcon_core.environment:create_file_with_runtime_dependencies(/home/ammar/Robotics/Graduation_Project/ACSAR_ws/install/robot_control/share/colcon-core/packages/robot_control)
[1.097s] DEBUG:colcon.colcon_parallel_executor.executor.parallel:closing loop
[1.097s] DEBUG:colcon.colcon_parallel_executor.executor.parallel:loop closed
[1.097s] DEBUG:colcon.colcon_parallel_executor.executor.parallel:run_until_complete finished with '2'
[1.098s] DEBUG:colcon.colcon_core.event_reactor:joining thread
[1.119s] INFO:colcon.colcon_core.plugin_system:Skipping extension 'colcon_notification.desktop_notification.terminal_notifier': Not used on non-Darwin systems
[1.119s] INFO:colcon.colcon_core.plugin_system:Skipping extension 'colcon_notification.desktop_notification.win32': Not used on non-Windows systems
[1.120s] INFO:colcon.colcon_notification.desktop_notification:Sending desktop notification using 'notify2'
[1.138s] DEBUG:colcon.colcon_core.event_reactor:joined thread
[1.139s] INFO:colcon.colcon_core.shell:Creating prefix script '/home/ammar/Robotics/Graduation_Project/ACSAR_ws/install/local_setup.ps1'
[1.140s] INFO:colcon.colcon_core.shell:Creating prefix util module '/home/ammar/Robotics/Graduation_Project/ACSAR_ws/install/_local_setup_util_ps1.py'
[1.142s] INFO:colcon.colcon_core.shell:Creating prefix chain script '/home/ammar/Robotics/Graduation_Project/ACSAR_ws/install/setup.ps1'
[1.143s] INFO:colcon.colcon_core.shell:Creating prefix script '/home/ammar/Robotics/Graduation_Project/ACSAR_ws/install/local_setup.sh'
[1.143s] INFO:colcon.colcon_core.shell:Creating prefix util module '/home/ammar/Robotics/Graduation_Project/ACSAR_ws/install/_local_setup_util_sh.py'
[1.144s] INFO:colcon.colcon_core.shell:Creating prefix chain script '/home/ammar/Robotics/Graduation_Project/ACSAR_ws/install/setup.sh'
[1.145s] INFO:colcon.colcon_core.shell:Creating prefix script '/home/ammar/Robotics/Graduation_Project/ACSAR_ws/install/local_setup.bash'
[1.146s] INFO:colcon.colcon_core.shell:Creating prefix chain script '/home/ammar/Robotics/Graduation_Project/ACSAR_ws/install/setup.bash'
[1.147s] INFO:colcon.colcon_core.shell:Creating prefix script '/home/ammar/Robotics/Graduation_Project/ACSAR_ws/install/local_setup.zsh'
[1.147s] INFO:colcon.colcon_core.shell:Creating prefix chain script '/home/ammar/Robotics/Graduation_Project/ACSAR_ws/install/setup.zsh'
