[0.014s] Invoking command in '/home/ammar/Robotics/Graduation_Project/ACSAR_ws/build/robot_control': CMAKE_PREFIX_PATH=${CMAKE_PREFIX_PATH}:/opt/ros/humble /usr/bin/cmake --build /home/ammar/Robotics/Graduation_Project/ACSAR_ws/build/robot_control -- -j12 -l12
[0.055s] [ 50%] [32mBuilding CXX object CMakeFiles/speed_controller.dir/src/speed_controller.cpp.o[0m
[2.852s] [01m[K/home/ammar/Robotics/Graduation_Project/ACSAR_ws/src/robot_control/src/speed_controller.cpp:[m[K In member function ‘[01m[Kvoid SpeedController::jointCallback(const JointState&)[m[K’:
[2.852s] [01m[K/home/ammar/Robotics/Graduation_Project/ACSAR_ws/src/robot_control/src/speed_controller.cpp:96:12:[m[K [01;35m[Kwarning: [m[Kunused variable ‘[01m[Krobot_linear_velocity[m[K’ [[01;35m[K]8;;https://gcc.gnu.org/onlinedocs/gcc/Warning-Options.html#index-Wunused-variable-Wunused-variable]8;;[m[K]
[2.852s]    96 |     double [01;35m[Krobot_linear_velocity[m[K = (wheel_radius_ / 4.0) * (delta_FL_wheel + delta_FR_wheel + delta_BL_wheel + delta_BR_wheel);
[2.852s]       |            [01;35m[K^~~~~~~~~~~~~~~~~~~~~[m[K
[2.852s] [01m[K/home/ammar/Robotics/Graduation_Project/ACSAR_ws/src/robot_control/src/speed_controller.cpp:97:12:[m[K [01;35m[Kwarning: [m[Kunused variable ‘[01m[Krobot_angular_velocity[m[K’ [[01;35m[K]8;;https://gcc.gnu.org/onlinedocs/gcc/Warning-Options.html#index-Wunused-variable-Wunused-variable]8;;[m[K]
[2.852s]    97 |     double [01;35m[Krobot_angular_velocity[m[K = (wheel_radius_ / 2.0 * wheel_width_) * (-delta_FL_wheel + delta_FR_wheel - delta_BL_wheel + delta_BR_wheel);
[2.852s]       |            [01;35m[K^~~~~~~~~~~~~~~~~~~~~~[m[K
[12.547s] [100%] [32m[1mLinking CXX executable speed_controller[0m
[13.090s] [100%] Built target speed_controller
[13.099s] Invoked command in '/home/ammar/Robotics/Graduation_Project/ACSAR_ws/build/robot_control' returned '0': CMAKE_PREFIX_PATH=${CMAKE_PREFIX_PATH}:/opt/ros/humble /usr/bin/cmake --build /home/ammar/Robotics/Graduation_Project/ACSAR_ws/build/robot_control -- -j12 -l12
[13.116s] Invoking command in '/home/ammar/Robotics/Graduation_Project/ACSAR_ws/build/robot_control': CMAKE_PREFIX_PATH=${CMAKE_PREFIX_PATH}:/opt/ros/humble /usr/bin/cmake --install /home/ammar/Robotics/Graduation_Project/ACSAR_ws/build/robot_control
[13.121s] -- Install configuration: ""
[13.121s] -- Installing: /home/ammar/Robotics/Graduation_Project/ACSAR_ws/install/robot_control/lib/robot_control/speed_controller
[13.126s] -- Set runtime path of "/home/ammar/Robotics/Graduation_Project/ACSAR_ws/install/robot_control/lib/robot_control/speed_controller" to ""
[13.126s] -- Up-to-date: /home/ammar/Robotics/Graduation_Project/ACSAR_ws/install/robot_control/include/include
[13.127s] -- Up-to-date: /home/ammar/Robotics/Graduation_Project/ACSAR_ws/install/robot_control/include/include/robot_control
[13.127s] -- Installing: /home/ammar/Robotics/Graduation_Project/ACSAR_ws/install/robot_control/include/include/robot_control/speed_controller.hpp
[13.127s] -- Up-to-date: /home/ammar/Robotics/Graduation_Project/ACSAR_ws/install/robot_control/share/robot_control/config
[13.127s] -- Installing: /home/ammar/Robotics/Graduation_Project/ACSAR_ws/install/robot_control/share/robot_control/config/robot_controllers.yaml
[13.127s] -- Up-to-date: /home/ammar/Robotics/Graduation_Project/ACSAR_ws/install/robot_control/share/robot_control/launch
[13.127s] -- Up-to-date: /home/ammar/Robotics/Graduation_Project/ACSAR_ws/install/robot_control/share/robot_control/launch/controller.launch.py
[13.127s] -- Installing: /home/ammar/Robotics/Graduation_Project/ACSAR_ws/install/robot_control/share/ament_index/resource_index/package_run_dependencies/robot_control
[13.127s] -- Up-to-date: /home/ammar/Robotics/Graduation_Project/ACSAR_ws/install/robot_control/share/ament_index/resource_index/parent_prefix_path/robot_control
[13.127s] -- Up-to-date: /home/ammar/Robotics/Graduation_Project/ACSAR_ws/install/robot_control/share/robot_control/environment/ament_prefix_path.sh
[13.127s] -- Installing: /home/ammar/Robotics/Graduation_Project/ACSAR_ws/install/robot_control/share/robot_control/environment/ament_prefix_path.dsv
[13.127s] -- Up-to-date: /home/ammar/Robotics/Graduation_Project/ACSAR_ws/install/robot_control/share/robot_control/environment/path.sh
[13.127s] -- Installing: /home/ammar/Robotics/Graduation_Project/ACSAR_ws/install/robot_control/share/robot_control/environment/path.dsv
[13.128s] -- Up-to-date: /home/ammar/Robotics/Graduation_Project/ACSAR_ws/install/robot_control/share/robot_control/local_setup.bash
[13.128s] -- Up-to-date: /home/ammar/Robotics/Graduation_Project/ACSAR_ws/install/robot_control/share/robot_control/local_setup.sh
[13.128s] -- Up-to-date: /home/ammar/Robotics/Graduation_Project/ACSAR_ws/install/robot_control/share/robot_control/local_setup.zsh
[13.128s] -- Installing: /home/ammar/Robotics/Graduation_Project/ACSAR_ws/install/robot_control/share/robot_control/local_setup.dsv
[13.128s] -- Up-to-date: /home/ammar/Robotics/Graduation_Project/ACSAR_ws/install/robot_control/share/robot_control/package.dsv
[13.128s] -- Up-to-date: /home/ammar/Robotics/Graduation_Project/ACSAR_ws/install/robot_control/share/ament_index/resource_index/packages/robot_control
[13.128s] -- Up-to-date: /home/ammar/Robotics/Graduation_Project/ACSAR_ws/install/robot_control/share/robot_control/cmake/robot_controlConfig.cmake
[13.128s] -- Up-to-date: /home/ammar/Robotics/Graduation_Project/ACSAR_ws/install/robot_control/share/robot_control/cmake/robot_controlConfig-version.cmake
[13.128s] -- Installing: /home/ammar/Robotics/Graduation_Project/ACSAR_ws/install/robot_control/share/robot_control/package.xml
[13.130s] Invoked command in '/home/ammar/Robotics/Graduation_Project/ACSAR_ws/build/robot_control' returned '0': CMAKE_PREFIX_PATH=${CMAKE_PREFIX_PATH}:/opt/ros/humble /usr/bin/cmake --install /home/ammar/Robotics/Graduation_Project/ACSAR_ws/build/robot_control
