[0.027s] Invoking command in '/home/ammar/Robotics/Graduation_Project/ACSAR_ws/build/robot_model': CMAKE_PREFIX_PATH=${CMAKE_PREFIX_PATH}:/opt/ros/humble /usr/bin/cmake --build /home/ammar/Robotics/Graduation_Project/ACSAR_ws/build/robot_model -- -j12 -l12
[0.089s] -- Found ament_cmake: 1.3.11 (/opt/ros/humble/share/ament_cmake/cmake)
[0.261s] -- Found ament_lint_auto: 0.12.11 (/opt/ros/humble/share/ament_lint_auto/cmake)
[0.346s] -- Added test 'flake8' to check Python code syntax and style conventions
[0.347s] -- Added test 'lint_cmake' to check CMake code style
[0.348s] -- Added test 'pep257' to check Python code against some of the docstring style conventions in PEP 257
[0.349s] -- Added test 'xmllint' to check XML markup files
[0.351s] -- Configuring done
[0.355s] -- Generating done
[0.358s] -- Build files have been written to: /home/ammar/Robotics/Graduation_Project/ACSAR_ws/build/robot_model
[0.379s] Invoked command in '/home/ammar/Robotics/Graduation_Project/ACSAR_ws/build/robot_model' returned '0': CMAKE_PREFIX_PATH=${CMAKE_PREFIX_PATH}:/opt/ros/humble /usr/bin/cmake --build /home/ammar/Robotics/Graduation_Project/ACSAR_ws/build/robot_model -- -j12 -l12
[0.381s] Invoking command in '/home/ammar/Robotics/Graduation_Project/ACSAR_ws/build/robot_model': CMAKE_PREFIX_PATH=${CMAKE_PREFIX_PATH}:/opt/ros/humble /usr/bin/cmake --install /home/ammar/Robotics/Graduation_Project/ACSAR_ws/build/robot_model
[0.387s] -- Install configuration: ""
[0.387s] -- Up-to-date: /home/ammar/Robotics/Graduation_Project/ACSAR_ws/install/robot_model/share/robot_model/urdf
[0.388s] -- Installing: /home/ammar/Robotics/Graduation_Project/ACSAR_ws/install/robot_model/share/robot_model/urdf/service_robot_real.urdf.xml
[0.388s] -- Up-to-date: /home/ammar/Robotics/Graduation_Project/ACSAR_ws/install/robot_model/share/robot_model/urdf/service_robot.urdf.xml
[0.388s] -- Up-to-date: /home/ammar/Robotics/Graduation_Project/ACSAR_ws/install/robot_model/share/robot_model/launch
[0.388s] -- Up-to-date: /home/ammar/Robotics/Graduation_Project/ACSAR_ws/install/robot_model/share/robot_model/launch/real_robot.launch.py
[0.388s] -- Up-to-date: /home/ammar/Robotics/Graduation_Project/ACSAR_ws/install/robot_model/share/robot_model/launch/simulation.launch.py
[0.388s] -- Up-to-date: /home/ammar/Robotics/Graduation_Project/ACSAR_ws/install/robot_model/share/robot_model/launch/gazebo.launch.py
[0.388s] -- Up-to-date: /home/ammar/Robotics/Graduation_Project/ACSAR_ws/install/robot_model/share/ament_index/resource_index/package_run_dependencies/robot_model
[0.388s] -- Up-to-date: /home/ammar/Robotics/Graduation_Project/ACSAR_ws/install/robot_model/share/ament_index/resource_index/parent_prefix_path/robot_model
[0.389s] -- Up-to-date: /home/ammar/Robotics/Graduation_Project/ACSAR_ws/install/robot_model/share/robot_model/environment/ament_prefix_path.sh
[0.389s] -- Installing: /home/ammar/Robotics/Graduation_Project/ACSAR_ws/install/robot_model/share/robot_model/environment/ament_prefix_path.dsv
[0.389s] -- Up-to-date: /home/ammar/Robotics/Graduation_Project/ACSAR_ws/install/robot_model/share/robot_model/environment/path.sh
[0.389s] -- Installing: /home/ammar/Robotics/Graduation_Project/ACSAR_ws/install/robot_model/share/robot_model/environment/path.dsv
[0.389s] -- Up-to-date: /home/ammar/Robotics/Graduation_Project/ACSAR_ws/install/robot_model/share/robot_model/local_setup.bash
[0.389s] -- Up-to-date: /home/ammar/Robotics/Graduation_Project/ACSAR_ws/install/robot_model/share/robot_model/local_setup.sh
[0.389s] -- Up-to-date: /home/ammar/Robotics/Graduation_Project/ACSAR_ws/install/robot_model/share/robot_model/local_setup.zsh
[0.389s] -- Installing: /home/ammar/Robotics/Graduation_Project/ACSAR_ws/install/robot_model/share/robot_model/local_setup.dsv
[0.389s] -- Installing: /home/ammar/Robotics/Graduation_Project/ACSAR_ws/install/robot_model/share/robot_model/package.dsv
[0.389s] -- Up-to-date: /home/ammar/Robotics/Graduation_Project/ACSAR_ws/install/robot_model/share/ament_index/resource_index/packages/robot_model
[0.389s] -- Up-to-date: /home/ammar/Robotics/Graduation_Project/ACSAR_ws/install/robot_model/share/robot_model/cmake/robot_modelConfig.cmake
[0.389s] -- Up-to-date: /home/ammar/Robotics/Graduation_Project/ACSAR_ws/install/robot_model/share/robot_model/cmake/robot_modelConfig-version.cmake
[0.390s] -- Installing: /home/ammar/Robotics/Graduation_Project/ACSAR_ws/install/robot_model/share/robot_model/package.xml
[0.391s] Invoked command in '/home/ammar/Robotics/Graduation_Project/ACSAR_ws/build/robot_model' returned '0': CMAKE_PREFIX_PATH=${CMAKE_PREFIX_PATH}:/opt/ros/humble /usr/bin/cmake --install /home/ammar/Robotics/Graduation_Project/ACSAR_ws/build/robot_model
