[0.022s] Invoking command in '/home/ammar/Robotics/Graduation_Project/ACSAR_ws/build/robot_model': /usr/bin/cmake /home/ammar/Robotics/Graduation_Project/ACSAR_ws/src/robot_model -DCMAKE_INSTALL_PREFIX=/home/ammar/Robotics/Graduation_Project/ACSAR_ws/install/robot_model
[0.133s] -- The C compiler identification is GNU 11.4.0
[0.231s] -- The CXX compiler identification is GNU 11.4.0
[0.240s] -- Detecting C compiler ABI info
[0.299s] -- Detecting C compiler ABI info - done
[0.308s] -- Check for working C compiler: /usr/bin/cc - skipped
[0.309s] -- Detecting C compile features
[0.309s] -- Detecting C compile features - done
[0.313s] -- Detecting CXX compiler ABI info
[0.382s] -- Detecting CXX compiler ABI info - done
[0.389s] -- Check for working CXX compiler: /usr/bin/c++ - skipped
[0.389s] -- Detecting CXX compile features
[0.390s] -- Detecting CXX compile features - done
[0.391s] -- Found ament_cmake: 1.3.10 (/opt/ros/humble/share/ament_cmake/cmake)
[0.584s] -- Found Python3: /usr/bin/python3 (found version "3.10.12") found components: Interpreter 
[0.663s] -- Found ament_lint_auto: 0.12.11 (/opt/ros/humble/share/ament_lint_auto/cmake)
[0.732s] -- Added test 'lint_cmake' to check CMake code style
[0.732s] -- Added test 'xmllint' to check XML markup files
[0.733s] -- Configuring done
[0.736s] -- Generating done
[0.737s] -- Build files have been written to: /home/ammar/Robotics/Graduation_Project/ACSAR_ws/build/robot_model
[0.742s] Invoked command in '/home/ammar/Robotics/Graduation_Project/ACSAR_ws/build/robot_model' returned '0': /usr/bin/cmake /home/ammar/Robotics/Graduation_Project/ACSAR_ws/src/robot_model -DCMAKE_INSTALL_PREFIX=/home/ammar/Robotics/Graduation_Project/ACSAR_ws/install/robot_model
[0.742s] Invoking command in '/home/ammar/Robotics/Graduation_Project/ACSAR_ws/build/robot_model': /usr/bin/cmake --build /home/ammar/Robotics/Graduation_Project/ACSAR_ws/build/robot_model -- -j12 -l12
[0.770s] Invoked command in '/home/ammar/Robotics/Graduation_Project/ACSAR_ws/build/robot_model' returned '0': /usr/bin/cmake --build /home/ammar/Robotics/Graduation_Project/ACSAR_ws/build/robot_model -- -j12 -l12
[0.790s] Invoking command in '/home/ammar/Robotics/Graduation_Project/ACSAR_ws/build/robot_model': /usr/bin/cmake --install /home/ammar/Robotics/Graduation_Project/ACSAR_ws/build/robot_model
[0.797s] -- Install configuration: ""
[0.797s] -- Installing: /home/ammar/Robotics/Graduation_Project/ACSAR_ws/install/robot_model/share/ament_index/resource_index/package_run_dependencies/robot_model
[0.797s] -- Installing: /home/ammar/Robotics/Graduation_Project/ACSAR_ws/install/robot_model/share/ament_index/resource_index/parent_prefix_path/robot_model
[0.797s] -- Installing: /home/ammar/Robotics/Graduation_Project/ACSAR_ws/install/robot_model/share/robot_model/environment/ament_prefix_path.sh
[0.797s] -- Installing: /home/ammar/Robotics/Graduation_Project/ACSAR_ws/install/robot_model/share/robot_model/environment/ament_prefix_path.dsv
[0.797s] -- Installing: /home/ammar/Robotics/Graduation_Project/ACSAR_ws/install/robot_model/share/robot_model/environment/path.sh
[0.798s] -- Installing: /home/ammar/Robotics/Graduation_Project/ACSAR_ws/install/robot_model/share/robot_model/environment/path.dsv
[0.798s] -- Installing: /home/ammar/Robotics/Graduation_Project/ACSAR_ws/install/robot_model/share/robot_model/local_setup.bash
[0.798s] -- Installing: /home/ammar/Robotics/Graduation_Project/ACSAR_ws/install/robot_model/share/robot_model/local_setup.sh
[0.798s] -- Installing: /home/ammar/Robotics/Graduation_Project/ACSAR_ws/install/robot_model/share/robot_model/local_setup.zsh
[0.798s] -- Installing: /home/ammar/Robotics/Graduation_Project/ACSAR_ws/install/robot_model/share/robot_model/local_setup.dsv
[0.798s] -- Installing: /home/ammar/Robotics/Graduation_Project/ACSAR_ws/install/robot_model/share/robot_model/package.dsv
[0.798s] -- Installing: /home/ammar/Robotics/Graduation_Project/ACSAR_ws/install/robot_model/share/ament_index/resource_index/packages/robot_model
[0.798s] -- Installing: /home/ammar/Robotics/Graduation_Project/ACSAR_ws/install/robot_model/share/robot_model/cmake/robot_modelConfig.cmake
[0.798s] -- Installing: /home/ammar/Robotics/Graduation_Project/ACSAR_ws/install/robot_model/share/robot_model/cmake/robot_modelConfig-version.cmake
[0.798s] -- Installing: /home/ammar/Robotics/Graduation_Project/ACSAR_ws/install/robot_model/share/robot_model/package.xml
[0.800s] Invoked command in '/home/ammar/Robotics/Graduation_Project/ACSAR_ws/build/robot_model' returned '0': /usr/bin/cmake --install /home/ammar/Robotics/Graduation_Project/ACSAR_ws/build/robot_model
