[01m[K/home/ammar/Robotics/Graduation_Project/ACSAR_ws/src/iot_interface/src/mqtt_interface.cpp:[m[K In member function ‘[01m[Kvoid MQTTInterface::customer_callback(geometry_msgs::msg::PoseStamped_<std::allocator<void> >::SharedPtr)[m[K’:
[01m[K/home/ammar/Robotics/Graduation_Project/ACSAR_ws/src/iot_interface/src/mqtt_interface.cpp:63:90:[m[K [01;35m[Kwarning: [m[Kunused parameter ‘[01m[Kmsg[m[K’ [[01;35m[K]8;;https://gcc.gnu.org/onlinedocs/gcc/Warning-Options.html#index-Wunused-parameter-Wunused-parameter]8;;[m[K]
   63 |   void MQTTInterface::customer_callback([01;35m[Kconst geometry_msgs::msg::PoseStamped::SharedPtr msg[m[K) {
      |                                         [01;35m[K~~~~~~~~~~~~~~~~~~~~~~~~~~~~~~~~~~~~~~~~~~~~~~~~~^~~[m[K
[01m[K/home/ammar/Robotics/Graduation_Project/ACSAR_ws/src/iot_interface/src/mqtt_interface.cpp:[m[K In function ‘[01m[Kint main(int, char**)[m[K’:
[01m[K/home/ammar/Robotics/Graduation_Project/ACSAR_ws/src/iot_interface/src/mqtt_interface.cpp:81:34:[m[K [01;31m[Kerror: [m[K‘[01m[KMQTTBridge[m[K’ was not declared in this scope
   81 |     auto node = std::make_shared<[01;31m[KMQTTBridge[m[K>();
      |                                  [01;31m[K^~~~~~~~~~[m[K
[01m[K/home/ammar/Robotics/Graduation_Project/ACSAR_ws/src/iot_interface/src/mqtt_interface.cpp:81:45:[m[K [01;31m[Kerror: [m[Kno matching function for call to ‘[01m[Kmake_shared<<expression error> >()[m[K’
   81 |     auto node = [01;31m[Kstd::make_shared<MQTTBridge>()[m[K;
      |                 [01;31m[K~~~~~~~~~~~~~~~~~~~~~~~~~~~~^~[m[K
In file included from [01m[K/usr/include/c++/11/memory:77[m[K,
                 from [01m[K/opt/ros/humble/include/rclcpp/rclcpp/rclcpp.hpp:153[m[K,
                 from [01m[K/home/ammar/Robotics/Graduation_Project/ACSAR_ws/src/iot_interface/include/iot_interface/mqtt_interface.hpp:4[m[K,
                 from [01m[K/home/ammar/Robotics/Graduation_Project/ACSAR_ws/src/iot_interface/src/mqtt_interface.cpp:1[m[K:
[01m[K/usr/include/c++/11/bits/shared_ptr.h:875:5:[m[K [01;36m[Knote: [m[Kcandidate: ‘[01m[Ktemplate<class _Tp, class ... _Args> std::shared_ptr<_Tp> std::make_shared(_Args&& ...)[m[K’
  875 |     [01;36m[Kmake_shared[m[K(_Args&&... __args)
      |     [01;36m[K^~~~~~~~~~~[m[K
[01m[K/usr/include/c++/11/bits/shared_ptr.h:875:5:[m[K [01;36m[Knote: [m[K  template argument deduction/substitution failed:
[01m[K/home/ammar/Robotics/Graduation_Project/ACSAR_ws/src/iot_interface/src/mqtt_interface.cpp:81:45:[m[K [01;31m[Kerror: [m[Ktemplate argument 1 is invalid
   81 |     auto node = [01;31m[Kstd::make_shared<MQTTBridge>()[m[K;
      |                 [01;31m[K~~~~~~~~~~~~~~~~~~~~~~~~~~~~^~[m[K
gmake[2]: *** [CMakeFiles/mqtt_interface.dir/build.make:76: CMakeFiles/mqtt_interface.dir/src/mqtt_interface.cpp.o] Error 1
gmake[1]: *** [CMakeFiles/Makefile2:137: CMakeFiles/mqtt_interface.dir/all] Error 2
gmake: *** [Makefile:146: all] Error 2
