[0.026s] Invoking command in '/home/ammar/Robotics/Graduation_Project/ACSAR_ws/build/rplidar_ros': CMAKE_PREFIX_PATH=${CMAKE_PREFIX_PATH}:/opt/ros/humble /usr/bin/cmake --build /home/ammar/Robotics/Graduation_Project/ACSAR_ws/build/rplidar_ros -- -j12 -l12
[0.106s] [ 77%] Built target rplidar_composition_node
[0.151s] [100%] Built target rplidar_composition
[0.615s] Invoked command in '/home/ammar/Robotics/Graduation_Project/ACSAR_ws/build/rplidar_ros' returned '0': CMAKE_PREFIX_PATH=${CMAKE_PREFIX_PATH}:/opt/ros/humble /usr/bin/cmake --build /home/ammar/Robotics/Graduation_Project/ACSAR_ws/build/rplidar_ros -- -j12 -l12
[0.631s] Invoking command in '/home/ammar/Robotics/Graduation_Project/ACSAR_ws/build/rplidar_ros': CMAKE_PREFIX_PATH=${CMAKE_PREFIX_PATH}:/opt/ros/humble /usr/bin/cmake --install /home/ammar/Robotics/Graduation_Project/ACSAR_ws/build/rplidar_ros
[0.661s] -- Install configuration: ""
[0.693s] -- Up-to-date: /home/ammar/Robotics/Graduation_Project/ACSAR_ws/install/rplidar_ros/lib/rplidar_ros/rplidar_composition
[0.693s] -- Up-to-date: /home/ammar/Robotics/Graduation_Project/ACSAR_ws/install/rplidar_ros/share/rplidar_ros/launch
[0.694s] -- Up-to-date: /home/ammar/Robotics/Graduation_Project/ACSAR_ws/install/rplidar_ros/share/rplidar_ros/launch/view_rplidar_s1_tcp.launch.py
[0.694s] -- Up-to-date: /home/ammar/Robotics/Graduation_Project/ACSAR_ws/install/rplidar_ros/share/rplidar_ros/launch/view_rplidar_a3.launch.py
[0.694s] -- Up-to-date: /home/ammar/Robotics/Graduation_Project/ACSAR_ws/install/rplidar_ros/share/rplidar_ros/launch/rplidar_s1_tcp.launch.py
[0.695s] -- Up-to-date: /home/ammar/Robotics/Graduation_Project/ACSAR_ws/install/rplidar_ros/share/rplidar_ros/launch/rplidar_a3.launch.py
[0.696s] -- Up-to-date: /home/ammar/Robotics/Graduation_Project/ACSAR_ws/install/rplidar_ros/share/rplidar_ros/launch/test_rplidar_a3.launch.py
[0.696s] -- Up-to-date: /home/ammar/Robotics/Graduation_Project/ACSAR_ws/install/rplidar_ros/share/rplidar_ros/launch/view_rplidar_s1.launch.py
[0.697s] -- Up-to-date: /home/ammar/Robotics/Graduation_Project/ACSAR_ws/install/rplidar_ros/share/rplidar_ros/launch/rplidar_s1.launch.py
[0.697s] -- Up-to-date: /home/ammar/Robotics/Graduation_Project/ACSAR_ws/install/rplidar_ros/share/rplidar_ros/launch/rplidar.launch.py
[0.697s] -- Up-to-date: /home/ammar/Robotics/Graduation_Project/ACSAR_ws/install/rplidar_ros/share/rplidar_ros/launch/view_rplidar.launch.py
[0.697s] -- Up-to-date: /home/ammar/Robotics/Graduation_Project/ACSAR_ws/install/rplidar_ros/share/rplidar_ros/rviz
[0.697s] -- Up-to-date: /home/ammar/Robotics/Graduation_Project/ACSAR_ws/install/rplidar_ros/share/rplidar_ros/rviz/rplidar.rviz
[0.724s] -- Up-to-date: /home/ammar/Robotics/Graduation_Project/ACSAR_ws/install/rplidar_ros/lib/librplidar_composition_node.so
[0.724s] -- Up-to-date: /home/ammar/Robotics/Graduation_Project/ACSAR_ws/install/rplidar_ros/include
[0.724s] -- Up-to-date: /home/ammar/Robotics/Graduation_Project/ACSAR_ws/install/rplidar_ros/include/visibility.h
[0.725s] -- Up-to-date: /home/ammar/Robotics/Graduation_Project/ACSAR_ws/install/rplidar_ros/include/rplidar_node.hpp
[0.725s] -- Up-to-date: /home/ammar/Robotics/Graduation_Project/ACSAR_ws/install/rplidar_ros/lib/rplidar_ros/rplidar_composition
[0.725s] -- Up-to-date: /home/ammar/Robotics/Graduation_Project/ACSAR_ws/install/rplidar_ros/share/ament_index/resource_index/package_run_dependencies/rplidar_ros
[0.725s] -- Up-to-date: /home/ammar/Robotics/Graduation_Project/ACSAR_ws/install/rplidar_ros/share/ament_index/resource_index/parent_prefix_path/rplidar_ros
[0.725s] -- Up-to-date: /home/ammar/Robotics/Graduation_Project/ACSAR_ws/install/rplidar_ros/share/rplidar_ros/environment/ament_prefix_path.sh
[0.725s] -- Up-to-date: /home/ammar/Robotics/Graduation_Project/ACSAR_ws/install/rplidar_ros/share/rplidar_ros/environment/ament_prefix_path.dsv
[0.725s] -- Up-to-date: /home/ammar/Robotics/Graduation_Project/ACSAR_ws/install/rplidar_ros/share/rplidar_ros/environment/path.sh
[0.725s] -- Up-to-date: /home/ammar/Robotics/Graduation_Project/ACSAR_ws/install/rplidar_ros/share/rplidar_ros/environment/path.dsv
[0.725s] -- Up-to-date: /home/ammar/Robotics/Graduation_Project/ACSAR_ws/install/rplidar_ros/share/rplidar_ros/local_setup.bash
[0.725s] -- Up-to-date: /home/ammar/Robotics/Graduation_Project/ACSAR_ws/install/rplidar_ros/share/rplidar_ros/local_setup.sh
[0.725s] -- Up-to-date: /home/ammar/Robotics/Graduation_Project/ACSAR_ws/install/rplidar_ros/share/rplidar_ros/local_setup.zsh
[0.725s] -- Up-to-date: /home/ammar/Robotics/Graduation_Project/ACSAR_ws/install/rplidar_ros/share/rplidar_ros/local_setup.dsv
[0.725s] -- Installing: /home/ammar/Robotics/Graduation_Project/ACSAR_ws/install/rplidar_ros/share/rplidar_ros/package.dsv
[0.745s] -- Up-to-date: /home/ammar/Robotics/Graduation_Project/ACSAR_ws/install/rplidar_ros/share/ament_index/resource_index/packages/rplidar_ros
[0.746s] -- Up-to-date: /home/ammar/Robotics/Graduation_Project/ACSAR_ws/install/rplidar_ros/share/ament_index/resource_index/rclcpp_components/rplidar_ros
[0.747s] -- Up-to-date: /home/ammar/Robotics/Graduation_Project/ACSAR_ws/install/rplidar_ros/share/rplidar_ros/cmake/ament_cmake_export_dependencies-extras.cmake
[0.747s] -- Up-to-date: /home/ammar/Robotics/Graduation_Project/ACSAR_ws/install/rplidar_ros/share/rplidar_ros/cmake/ament_cmake_export_include_directories-extras.cmake
[0.747s] -- Up-to-date: /home/ammar/Robotics/Graduation_Project/ACSAR_ws/install/rplidar_ros/share/rplidar_ros/cmake/rplidar_rosConfig.cmake
[0.747s] -- Up-to-date: /home/ammar/Robotics/Graduation_Project/ACSAR_ws/install/rplidar_ros/share/rplidar_ros/cmake/rplidar_rosConfig-version.cmake
[0.747s] -- Up-to-date: /home/ammar/Robotics/Graduation_Project/ACSAR_ws/install/rplidar_ros/share/rplidar_ros/package.xml
[1.090s] Invoked command in '/home/ammar/Robotics/Graduation_Project/ACSAR_ws/build/rplidar_ros' returned '0': CMAKE_PREFIX_PATH=${CMAKE_PREFIX_PATH}:/opt/ros/humble /usr/bin/cmake --install /home/ammar/Robotics/Graduation_Project/ACSAR_ws/build/rplidar_ros
