[0.027s] Invoking command in '/home/ammar/Robotics/Graduation_Project/ACSAR_ws/build/iot_interface': CMAKE_PREFIX_PATH=/opt/ros/humble /usr/bin/cmake /home/ammar/Robotics/Graduation_Project/ACSAR_ws/src/iot_interface -DCMAKE_INSTALL_PREFIX=/home/ammar/Robotics/Graduation_Project/ACSAR_ws/install/iot_interface
[0.204s] -- The C compiler identification is GNU 11.4.0
[0.299s] -- The CXX compiler identification is GNU 11.4.0
[0.310s] -- Detecting C compiler ABI info
[0.371s] -- Detecting C compiler ABI info - done
[0.379s] -- Check for working C compiler: /usr/bin/cc - skipped
[0.381s] -- Detecting C compile features
[0.382s] -- Detecting C compile features - done
[0.386s] -- Detecting CXX compiler ABI info
[0.466s] -- Detecting CXX compiler ABI info - done
[0.473s] -- Check for working CXX compiler: /usr/bin/c++ - skipped
[0.474s] -- Detecting CXX compile features
[0.474s] -- Detecting CXX compile features - done
[0.477s] -- Found ament_cmake: 1.3.11 (/opt/ros/humble/share/ament_cmake/cmake)
[0.615s] -- Found Python3: /usr/bin/python3 (found version "3.10.12") found components: Interpreter 
[0.702s] -- Found rclcpp: 16.0.11 (/opt/ros/humble/share/rclcpp/cmake)
[0.750s] -- Found rosidl_generator_c: 3.1.6 (/opt/ros/humble/share/rosidl_generator_c/cmake)
[0.756s] -- Found rosidl_adapter: 3.1.6 (/opt/ros/humble/share/rosidl_adapter/cmake)
[0.765s] -- Found rosidl_generator_cpp: 3.1.6 (/opt/ros/humble/share/rosidl_generator_cpp/cmake)
[0.780s] -- Using all available rosidl_typesupport_c: rosidl_typesupport_fastrtps_c;rosidl_typesupport_introspection_c
[0.797s] -- Using all available rosidl_typesupport_cpp: rosidl_typesupport_fastrtps_cpp;rosidl_typesupport_introspection_cpp
[0.850s] -- Found rmw_implementation_cmake: 6.1.2 (/opt/ros/humble/share/rmw_implementation_cmake/cmake)
[0.854s] -- Found rmw_fastrtps_cpp: 6.2.7 (/opt/ros/humble/share/rmw_fastrtps_cpp/cmake)
[0.943s] -- Found OpenSSL: /usr/lib/x86_64-linux-gnu/libcrypto.so (found version "3.0.2")  
[0.970s] -- Found FastRTPS: /opt/ros/humble/include  
[1.007s] -- Using RMW implementation 'rmw_fastrtps_cpp' as default
[1.028s] -- Looking for pthread.h
[1.110s] -- Looking for pthread.h - found
[1.110s] -- Performing Test CMAKE_HAVE_LIBC_PTHREAD
[1.190s] -- Performing Test CMAKE_HAVE_LIBC_PTHREAD - Success
[1.192s] -- Found Threads: TRUE  
[1.273s] -- Found nav_msgs: 4.2.4 (/opt/ros/humble/share/nav_msgs/cmake)
[1.319s] -- Found ament_lint_auto: 0.12.11 (/opt/ros/humble/share/ament_lint_auto/cmake)
[1.409s] -- Added test 'lint_cmake' to check CMake code style
[1.413s] -- Added test 'xmllint' to check XML markup files
[1.416s] -- Configuring done
[1.423s] -- Generating done
[1.426s] -- Build files have been written to: /home/ammar/Robotics/Graduation_Project/ACSAR_ws/build/iot_interface
[1.437s] Invoked command in '/home/ammar/Robotics/Graduation_Project/ACSAR_ws/build/iot_interface' returned '0': CMAKE_PREFIX_PATH=/opt/ros/humble /usr/bin/cmake /home/ammar/Robotics/Graduation_Project/ACSAR_ws/src/iot_interface -DCMAKE_INSTALL_PREFIX=/home/ammar/Robotics/Graduation_Project/ACSAR_ws/install/iot_interface
[1.438s] Invoking command in '/home/ammar/Robotics/Graduation_Project/ACSAR_ws/build/iot_interface': CMAKE_PREFIX_PATH=/opt/ros/humble /usr/bin/cmake --build /home/ammar/Robotics/Graduation_Project/ACSAR_ws/build/iot_interface -- -j12 -l12
[1.469s] Invoked command in '/home/ammar/Robotics/Graduation_Project/ACSAR_ws/build/iot_interface' returned '0': CMAKE_PREFIX_PATH=/opt/ros/humble /usr/bin/cmake --build /home/ammar/Robotics/Graduation_Project/ACSAR_ws/build/iot_interface -- -j12 -l12
[1.470s] Invoking command in '/home/ammar/Robotics/Graduation_Project/ACSAR_ws/build/iot_interface': CMAKE_PREFIX_PATH=/opt/ros/humble /usr/bin/cmake --install /home/ammar/Robotics/Graduation_Project/ACSAR_ws/build/iot_interface
[1.475s] -- Install configuration: ""
[1.475s] -- Installing: /home/ammar/Robotics/Graduation_Project/ACSAR_ws/install/iot_interface/share/ament_index/resource_index/package_run_dependencies/iot_interface
[1.476s] -- Installing: /home/ammar/Robotics/Graduation_Project/ACSAR_ws/install/iot_interface/share/ament_index/resource_index/parent_prefix_path/iot_interface
[1.476s] -- Installing: /home/ammar/Robotics/Graduation_Project/ACSAR_ws/install/iot_interface/share/iot_interface/environment/ament_prefix_path.sh
[1.476s] -- Installing: /home/ammar/Robotics/Graduation_Project/ACSAR_ws/install/iot_interface/share/iot_interface/environment/ament_prefix_path.dsv
[1.476s] -- Installing: /home/ammar/Robotics/Graduation_Project/ACSAR_ws/install/iot_interface/share/iot_interface/environment/path.sh
[1.476s] -- Installing: /home/ammar/Robotics/Graduation_Project/ACSAR_ws/install/iot_interface/share/iot_interface/environment/path.dsv
[1.476s] -- Installing: /home/ammar/Robotics/Graduation_Project/ACSAR_ws/install/iot_interface/share/iot_interface/local_setup.bash
[1.477s] -- Installing: /home/ammar/Robotics/Graduation_Project/ACSAR_ws/install/iot_interface/share/iot_interface/local_setup.sh
[1.477s] -- Installing: /home/ammar/Robotics/Graduation_Project/ACSAR_ws/install/iot_interface/share/iot_interface/local_setup.zsh
[1.477s] -- Installing: /home/ammar/Robotics/Graduation_Project/ACSAR_ws/install/iot_interface/share/iot_interface/local_setup.dsv
[1.477s] -- Installing: /home/ammar/Robotics/Graduation_Project/ACSAR_ws/install/iot_interface/share/iot_interface/package.dsv
[1.477s] -- Installing: /home/ammar/Robotics/Graduation_Project/ACSAR_ws/install/iot_interface/share/ament_index/resource_index/packages/iot_interface
[1.477s] -- Installing: /home/ammar/Robotics/Graduation_Project/ACSAR_ws/install/iot_interface/share/iot_interface/cmake/iot_interfaceConfig.cmake
[1.477s] -- Installing: /home/ammar/Robotics/Graduation_Project/ACSAR_ws/install/iot_interface/share/iot_interface/cmake/iot_interfaceConfig-version.cmake
[1.477s] -- Installing: /home/ammar/Robotics/Graduation_Project/ACSAR_ws/install/iot_interface/share/iot_interface/package.xml
[1.479s] Invoked command in '/home/ammar/Robotics/Graduation_Project/ACSAR_ws/build/iot_interface' returned '0': CMAKE_PREFIX_PATH=/opt/ros/humble /usr/bin/cmake --install /home/ammar/Robotics/Graduation_Project/ACSAR_ws/build/iot_interface
